{'actor_lr': 0.0001,
 'buffer_size': 1000000,
 'critic_lr': 0.001,
 'gamma': 0,
 'max_episode_len': 500,
 'max_episodes': 1000,
 'minibatch_size': 64,
 'random_seed': 42,
 'summary_dir': './results/tf_ddpg',
 'tau': 0.001}
tot_coverage =  167
DUT[0]:  [30 15 26 17]
COMB[(0,  30 )] =  4
COMB[(0,  15 )] =  5
COMB[(0,  26 )] =  3
COMB[(0,  17 )] =  0
DUT[30]:  [23]
COMB[(30,  23 )] =  7
DUT[15]:  [27  7 11]
COMB[(15,  27 )] =  0
COMB[(15,  7 )] =  1
COMB[(15,  11 )] =  3
DUT[26]:  [ 8 12 21  7  3]
COMB[(26,  8 )] =  6
COMB[(26,  12 )] =  1
COMB[(26,  21 )] =  0
COMB[(26,  7 )] =  4
COMB[(26,  3 )] =  5
DUT[17]:  [26 25  5 31  1 14]
COMB[(17,  26 )] =  1
COMB[(17,  25 )] =  7
COMB[(17,  5 )] =  6
COMB[(17,  31 )] =  5
COMB[(17,  1 )] =  0
COMB[(17,  14 )] =  4
| Coverage: 0.5629 (94/167) | Reward: -290.0 | Episode: 0 | Qmax: 0.9280
| Coverage: 0.1377 (23/167) | Reward: -474.0 | Episode: 1 | Qmax: 1.1465
| Coverage: 0.5449 (91/167) | Reward: -108.0 | Episode: 2 | Qmax: 1.1150
| Coverage: 0.5928 (99/167) | Reward: -126.0 | Episode: 3 | Qmax: 1.1746
| Coverage: 0.5868 (98/167) | Reward: -154.0 | Episode: 4 | Qmax: 1.1992
| Coverage: 0.5629 (94/167) | Reward: -98.0 | Episode: 5 | Qmax: 1.1641
| Coverage: 0.6766 (113/167) | Reward: 78.0 | Episode: 6 | Qmax: 1.1803
| Coverage: 0.7006 (117/167) | Reward: 206.0 | Episode: 7 | Qmax: 1.1839
| Coverage: 0.5749 (96/167) | Reward: -142.0 | Episode: 8 | Qmax: 1.2120
| Coverage: 0.7605 (127/167) | Reward: 162.0 | Episode: 9 | Qmax: 1.2344
| Coverage: 0.7545 (125/167) | Reward: 256.0 | Episode: 10 | Qmax: 1.2241
| Coverage: 0.7725 (129/167) | Reward: 322.0 | Episode: 11 | Qmax: 1.2372
| Coverage: 0.7006 (117/167) | Reward: 312.0 | Episode: 12 | Qmax: 1.2414
| Coverage: 0.7545 (125/167) | Reward: 342.0 | Episode: 13 | Qmax: 1.2574
| Coverage: 0.7784 (130/167) | Reward: 344.0 | Episode: 14 | Qmax: 1.2535
| Coverage: 0.7844 (131/167) | Reward: 328.0 | Episode: 15 | Qmax: 1.2362
| Coverage: 0.7545 (125/167) | Reward: 344.0 | Episode: 16 | Qmax: 1.2337
| Coverage: 0.7246 (121/167) | Reward: 374.0 | Episode: 17 | Qmax: 1.2396
| Coverage: 0.7006 (117/167) | Reward: 348.0 | Episode: 18 | Qmax: 1.2261
| Coverage: 0.7066 (118/167) | Reward: 338.0 | Episode: 19 | Qmax: 1.2219
| Coverage: 0.7305 (122/167) | Reward: 364.0 | Episode: 20 | Qmax: 1.2262
| Coverage: 0.6707 (112/167) | Reward: 348.0 | Episode: 21 | Qmax: 1.2182
| Coverage: 0.6886 (115/167) | Reward: 348.0 | Episode: 22 | Qmax: 1.2296
| Coverage: 0.7126 (118/167) | Reward: 320.0 | Episode: 23 | Qmax: 1.2096
| Coverage: 0.7126 (118/167) | Reward: 276.0 | Episode: 24 | Qmax: 1.2212
| Coverage: 0.7006 (117/167) | Reward: 284.0 | Episode: 25 | Qmax: 1.2153
| Coverage: 0.7126 (118/167) | Reward: 254.0 | Episode: 26 | Qmax: 1.2207
| Coverage: 0.7844 (131/167) | Reward: 242.0 | Episode: 27 | Qmax: 1.2011
| Coverage: 0.7485 (125/167) | Reward: 250.0 | Episode: 28 | Qmax: 1.2011
| Coverage: 0.7246 (121/167) | Reward: 296.0 | Episode: 29 | Qmax: 1.2062
| Coverage: 0.7305 (122/167) | Reward: 334.0 | Episode: 30 | Qmax: 1.2122
| Coverage: 0.7305 (122/167) | Reward: 314.0 | Episode: 31 | Qmax: 1.1996
| Coverage: 0.7425 (124/167) | Reward: 336.0 | Episode: 32 | Qmax: 1.2107
| Coverage: 0.6946 (116/167) | Reward: 306.0 | Episode: 33 | Qmax: 1.2055
| Coverage: 0.6587 (110/167) | Reward: 378.0 | Episode: 34 | Qmax: 1.2092
| Coverage: 0.6886 (115/167) | Reward: 390.0 | Episode: 35 | Qmax: 1.2004
| Coverage: 0.7246 (121/167) | Reward: 374.0 | Episode: 36 | Qmax: 1.2069
| Coverage: 0.7066 (118/167) | Reward: 360.0 | Episode: 37 | Qmax: 1.2038
| Coverage: 0.6587 (110/167) | Reward: 368.0 | Episode: 38 | Qmax: 1.2019
| Coverage: 0.7006 (117/167) | Reward: 390.0 | Episode: 39 | Qmax: 1.1996
| Coverage: 0.7725 (129/167) | Reward: 330.0 | Episode: 40 | Qmax: 1.1913
| Coverage: 0.7186 (120/167) | Reward: 340.0 | Episode: 41 | Qmax: 1.1907
| Coverage: 0.7126 (118/167) | Reward: 370.0 | Episode: 42 | Qmax: 1.2006
| Coverage: 0.7246 (121/167) | Reward: 368.0 | Episode: 43 | Qmax: 1.1944
| Coverage: 0.6347 (106/167) | Reward: 406.0 | Episode: 44 | Qmax: 1.1987
| Coverage: 0.6527 (109/167) | Reward: 384.0 | Episode: 45 | Qmax: 1.1912
| Coverage: 0.6946 (116/167) | Reward: 364.0 | Episode: 46 | Qmax: 1.1853
| Coverage: 0.6467 (108/167) | Reward: 394.0 | Episode: 47 | Qmax: 1.1857
| Coverage: 0.6766 (113/167) | Reward: 362.0 | Episode: 48 | Qmax: 1.1900
| Coverage: 0.6647 (111/167) | Reward: 384.0 | Episode: 49 | Qmax: 1.1960
| Coverage: 0.6467 (108/167) | Reward: 398.0 | Episode: 50 | Qmax: 1.1920
| Coverage: 0.7126 (118/167) | Reward: 374.0 | Episode: 51 | Qmax: 1.1943
| Coverage: 0.6287 (105/167) | Reward: 378.0 | Episode: 52 | Qmax: 1.2091
| Coverage: 0.6467 (108/167) | Reward: 370.0 | Episode: 53 | Qmax: 1.1996
| Coverage: 0.6766 (113/167) | Reward: 350.0 | Episode: 54 | Qmax: 1.1997
| Coverage: 0.6228 (104/167) | Reward: 396.0 | Episode: 55 | Qmax: 1.1831
| Coverage: 0.6766 (113/167) | Reward: 360.0 | Episode: 56 | Qmax: 1.1868
| Coverage: 0.6527 (109/167) | Reward: 382.0 | Episode: 57 | Qmax: 1.1989
| Coverage: 0.6527 (109/167) | Reward: 386.0 | Episode: 58 | Qmax: 1.1952
| Coverage: 0.6886 (115/167) | Reward: 386.0 | Episode: 59 | Qmax: 1.1939
| Coverage: 0.6108 (102/167) | Reward: 326.0 | Episode: 60 | Qmax: 1.1888
| Coverage: 0.6946 (116/167) | Reward: 352.0 | Episode: 61 | Qmax: 1.1976
| Coverage: 0.5868 (98/167) | Reward: 322.0 | Episode: 62 | Qmax: 1.1720
| Coverage: 0.6766 (113/167) | Reward: 352.0 | Episode: 63 | Qmax: 1.1862
| Coverage: 0.6287 (105/167) | Reward: 364.0 | Episode: 64 | Qmax: 1.1858
| Coverage: 0.5988 (99/167) | Reward: 318.0 | Episode: 65 | Qmax: 1.1853
| Coverage: 0.6647 (111/167) | Reward: 366.0 | Episode: 66 | Qmax: 1.1843
| Coverage: 0.6766 (113/167) | Reward: 362.0 | Episode: 67 | Qmax: 1.1769
| Coverage: 0.6647 (111/167) | Reward: 372.0 | Episode: 68 | Qmax: 1.1879
| Coverage: 0.6707 (112/167) | Reward: 336.0 | Episode: 69 | Qmax: 1.1840
| Coverage: 0.6886 (115/167) | Reward: 364.0 | Episode: 70 | Qmax: 1.1799
| Coverage: 0.7126 (118/167) | Reward: 312.0 | Episode: 71 | Qmax: 1.1792
| Coverage: 0.6766 (113/167) | Reward: 334.0 | Episode: 72 | Qmax: 1.1832
| Coverage: 0.6886 (115/167) | Reward: 326.0 | Episode: 73 | Qmax: 1.1872
| Coverage: 0.7365 (123/167) | Reward: 308.0 | Episode: 74 | Qmax: 1.1767
| Coverage: 0.6886 (115/167) | Reward: 310.0 | Episode: 75 | Qmax: 1.1725
| Coverage: 0.6766 (113/167) | Reward: 320.0 | Episode: 76 | Qmax: 1.1844
| Coverage: 0.6527 (109/167) | Reward: 296.0 | Episode: 77 | Qmax: 1.1761
| Coverage: 0.6946 (116/167) | Reward: 320.0 | Episode: 78 | Qmax: 1.1723
| Coverage: 0.6707 (112/167) | Reward: 334.0 | Episode: 79 | Qmax: 1.1805
| Coverage: 0.7425 (124/167) | Reward: 340.0 | Episode: 80 | Qmax: 1.1807
| Coverage: 0.7186 (120/167) | Reward: 306.0 | Episode: 81 | Qmax: 1.1624
| Coverage: 0.6886 (115/167) | Reward: 318.0 | Episode: 82 | Qmax: 1.1646
| Coverage: 0.7186 (120/167) | Reward: 290.0 | Episode: 83 | Qmax: 1.1718
| Coverage: 0.7126 (118/167) | Reward: 308.0 | Episode: 84 | Qmax: 1.1724
| Coverage: 0.7126 (118/167) | Reward: 322.0 | Episode: 85 | Qmax: 1.1798
| Coverage: 0.7066 (118/167) | Reward: 332.0 | Episode: 86 | Qmax: 1.1739
| Coverage: 0.7126 (118/167) | Reward: 286.0 | Episode: 87 | Qmax: 1.1768
| Coverage: 0.7305 (122/167) | Reward: 282.0 | Episode: 88 | Qmax: 1.1702
| Coverage: 0.7305 (122/167) | Reward: 354.0 | Episode: 89 | Qmax: 1.1607
| Coverage: 0.6707 (112/167) | Reward: 338.0 | Episode: 90 | Qmax: 1.1667
| Coverage: 0.7066 (118/167) | Reward: 352.0 | Episode: 91 | Qmax: 1.1736
| Coverage: 0.6527 (109/167) | Reward: 358.0 | Episode: 92 | Qmax: 1.1671
| Coverage: 0.7006 (117/167) | Reward: 350.0 | Episode: 93 | Qmax: 1.1654
| Coverage: 0.6826 (114/167) | Reward: 324.0 | Episode: 94 | Qmax: 1.1659
| Coverage: 0.7186 (120/167) | Reward: 392.0 | Episode: 95 | Qmax: 1.1605
| Coverage: 0.6886 (115/167) | Reward: 354.0 | Episode: 96 | Qmax: 1.1618
| Coverage: 0.6826 (114/167) | Reward: 360.0 | Episode: 97 | Qmax: 1.1655
| Coverage: 0.7006 (117/167) | Reward: 372.0 | Episode: 98 | Qmax: 1.1573
| Coverage: 0.6467 (108/167) | Reward: 376.0 | Episode: 99 | Qmax: 1.1636
| Coverage: 0.7006 (117/167) | Reward: 368.0 | Episode: 100 | Qmax: 1.1568
| Coverage: 0.6467 (108/167) | Reward: 352.0 | Episode: 101 | Qmax: 1.1522
| Coverage: 0.7126 (118/167) | Reward: 352.0 | Episode: 102 | Qmax: 1.1537
| Coverage: 0.6826 (114/167) | Reward: 378.0 | Episode: 103 | Qmax: 1.1580
| Coverage: 0.6707 (112/167) | Reward: 356.0 | Episode: 104 | Qmax: 1.1550
| Coverage: 0.6826 (114/167) | Reward: 382.0 | Episode: 105 | Qmax: 1.1525
| Coverage: 0.6946 (116/167) | Reward: 378.0 | Episode: 106 | Qmax: 1.1656
| Coverage: 0.6467 (108/167) | Reward: 350.0 | Episode: 107 | Qmax: 1.1612
| Coverage: 0.6707 (112/167) | Reward: 388.0 | Episode: 108 | Qmax: 1.1529
| Coverage: 0.6826 (114/167) | Reward: 372.0 | Episode: 109 | Qmax: 1.1520
| Coverage: 0.7006 (117/167) | Reward: 410.0 | Episode: 110 | Qmax: 1.1519
| Coverage: 0.6587 (110/167) | Reward: 370.0 | Episode: 111 | Qmax: 1.1619
| Coverage: 0.6587 (110/167) | Reward: 400.0 | Episode: 112 | Qmax: 1.1508
| Coverage: 0.6647 (111/167) | Reward: 400.0 | Episode: 113 | Qmax: 1.1506
| Coverage: 0.6886 (115/167) | Reward: 378.0 | Episode: 114 | Qmax: 1.1507
| Coverage: 0.6647 (111/167) | Reward: 384.0 | Episode: 115 | Qmax: 1.1575
| Coverage: 0.6886 (115/167) | Reward: 390.0 | Episode: 116 | Qmax: 1.1580
| Coverage: 0.6766 (113/167) | Reward: 402.0 | Episode: 117 | Qmax: 1.1522
| Coverage: 0.6587 (110/167) | Reward: 392.0 | Episode: 118 | Qmax: 1.1505
| Coverage: 0.6407 (107/167) | Reward: 370.0 | Episode: 119 | Qmax: 1.1620
| Coverage: 0.6647 (111/167) | Reward: 376.0 | Episode: 120 | Qmax: 1.1597
| Coverage: 0.6287 (105/167) | Reward: 404.0 | Episode: 121 | Qmax: 1.1549
| Coverage: 0.6707 (112/167) | Reward: 376.0 | Episode: 122 | Qmax: 1.1536
| Coverage: 0.7126 (118/167) | Reward: 374.0 | Episode: 123 | Qmax: 1.1589
| Coverage: 0.6467 (108/167) | Reward: 386.0 | Episode: 124 | Qmax: 1.1599
| Coverage: 0.7006 (117/167) | Reward: 404.0 | Episode: 125 | Qmax: 1.1624
| Coverage: 0.7186 (120/167) | Reward: 392.0 | Episode: 126 | Qmax: 1.1589
| Coverage: 0.6826 (114/167) | Reward: 390.0 | Episode: 127 | Qmax: 1.1531
| Coverage: 0.6946 (116/167) | Reward: 360.0 | Episode: 128 | Qmax: 1.1566
| Coverage: 0.6347 (106/167) | Reward: 360.0 | Episode: 129 | Qmax: 1.1557
| Coverage: 0.5988 (99/167) | Reward: 374.0 | Episode: 130 | Qmax: 1.1561
| Coverage: 0.6826 (114/167) | Reward: 380.0 | Episode: 131 | Qmax: 1.1501
| Coverage: 0.6347 (106/167) | Reward: 410.0 | Episode: 132 | Qmax: 1.1486
| Coverage: 0.6347 (106/167) | Reward: 380.0 | Episode: 133 | Qmax: 1.1445
| Coverage: 0.6168 (103/167) | Reward: 374.0 | Episode: 134 | Qmax: 1.1478
| Coverage: 0.6766 (113/167) | Reward: 396.0 | Episode: 135 | Qmax: 1.1485
| Coverage: 0.6228 (104/167) | Reward: 388.0 | Episode: 136 | Qmax: 1.1526
| Coverage: 0.6886 (115/167) | Reward: 420.0 | Episode: 137 | Qmax: 1.1466
| Coverage: 0.6826 (114/167) | Reward: 420.0 | Episode: 138 | Qmax: 1.1475
| Coverage: 0.6707 (112/167) | Reward: 402.0 | Episode: 139 | Qmax: 1.1447
| Coverage: 0.6707 (112/167) | Reward: 372.0 | Episode: 140 | Qmax: 1.1483
| Coverage: 0.6168 (103/167) | Reward: 396.0 | Episode: 141 | Qmax: 1.1431
| Coverage: 0.6347 (106/167) | Reward: 430.0 | Episode: 142 | Qmax: 1.1517
| Coverage: 0.6587 (110/167) | Reward: 420.0 | Episode: 143 | Qmax: 1.1436
| Coverage: 0.6886 (115/167) | Reward: 406.0 | Episode: 144 | Qmax: 1.1410
| Coverage: 0.6587 (110/167) | Reward: 412.0 | Episode: 145 | Qmax: 1.1426
| Coverage: 0.6347 (106/167) | Reward: 418.0 | Episode: 146 | Qmax: 1.1525
| Coverage: 0.6407 (107/167) | Reward: 364.0 | Episode: 147 | Qmax: 1.1386
| Coverage: 0.7006 (117/167) | Reward: 396.0 | Episode: 148 | Qmax: 1.1379
| Coverage: 0.6467 (108/167) | Reward: 380.0 | Episode: 149 | Qmax: 1.1469
| Coverage: 0.6407 (107/167) | Reward: 374.0 | Episode: 150 | Qmax: 1.1430
| Coverage: 0.6587 (110/167) | Reward: 386.0 | Episode: 151 | Qmax: 1.1452
| Coverage: 0.6347 (106/167) | Reward: 372.0 | Episode: 152 | Qmax: 1.1479
| Coverage: 0.6946 (116/167) | Reward: 358.0 | Episode: 153 | Qmax: 1.1473
| Coverage: 0.6587 (110/167) | Reward: 370.0 | Episode: 154 | Qmax: 1.1459
| Coverage: 0.6527 (109/167) | Reward: 374.0 | Episode: 155 | Qmax: 1.1463
| Coverage: 0.5689 (95/167) | Reward: 378.0 | Episode: 156 | Qmax: 1.1497
| Coverage: 0.6228 (104/167) | Reward: 360.0 | Episode: 157 | Qmax: 1.1451
| Coverage: 0.5749 (96/167) | Reward: 394.0 | Episode: 158 | Qmax: 1.1466
| Coverage: 0.6707 (112/167) | Reward: 396.0 | Episode: 159 | Qmax: 1.1481
| Coverage: 0.6347 (106/167) | Reward: 410.0 | Episode: 160 | Qmax: 1.1448
| Coverage: 0.6407 (107/167) | Reward: 408.0 | Episode: 161 | Qmax: 1.1420
| Coverage: 0.6467 (108/167) | Reward: 366.0 | Episode: 162 | Qmax: 1.1424
| Coverage: 0.5689 (95/167) | Reward: 406.0 | Episode: 163 | Qmax: 1.1454
| Coverage: 0.6347 (106/167) | Reward: 394.0 | Episode: 164 | Qmax: 1.1316
| Coverage: 0.6647 (111/167) | Reward: 396.0 | Episode: 165 | Qmax: 1.1373
| Coverage: 0.6467 (108/167) | Reward: 392.0 | Episode: 166 | Qmax: 1.1380
| Coverage: 0.5808 (97/167) | Reward: 390.0 | Episode: 167 | Qmax: 1.1388
| Coverage: 0.6228 (104/167) | Reward: 378.0 | Episode: 168 | Qmax: 1.1412
| Coverage: 0.6287 (105/167) | Reward: 374.0 | Episode: 169 | Qmax: 1.1398
| Coverage: 0.5988 (99/167) | Reward: 396.0 | Episode: 170 | Qmax: 1.1432
| Coverage: 0.6228 (104/167) | Reward: 392.0 | Episode: 171 | Qmax: 1.1420
| Coverage: 0.6048 (101/167) | Reward: 410.0 | Episode: 172 | Qmax: 1.1458
| Coverage: 0.6168 (103/167) | Reward: 390.0 | Episode: 173 | Qmax: 1.1469
| Coverage: 0.6347 (106/167) | Reward: 384.0 | Episode: 174 | Qmax: 1.1415
| Coverage: 0.6347 (106/167) | Reward: 392.0 | Episode: 175 | Qmax: 1.1395
| Coverage: 0.5988 (99/167) | Reward: 376.0 | Episode: 176 | Qmax: 1.1346
| Coverage: 0.6108 (102/167) | Reward: 386.0 | Episode: 177 | Qmax: 1.1378
| Coverage: 0.5868 (98/167) | Reward: 402.0 | Episode: 178 | Qmax: 1.1301
| Coverage: 0.6407 (107/167) | Reward: 382.0 | Episode: 179 | Qmax: 1.1423
| Coverage: 0.6587 (110/167) | Reward: 406.0 | Episode: 180 | Qmax: 1.1420
| Coverage: 0.6707 (112/167) | Reward: 404.0 | Episode: 181 | Qmax: 1.1349
| Coverage: 0.6826 (114/167) | Reward: 408.0 | Episode: 182 | Qmax: 1.1374
| Coverage: 0.6587 (110/167) | Reward: 422.0 | Episode: 183 | Qmax: 1.1321
| Coverage: 0.6287 (105/167) | Reward: 406.0 | Episode: 184 | Qmax: 1.1426
| Coverage: 0.6467 (108/167) | Reward: 418.0 | Episode: 185 | Qmax: 1.1332
| Coverage: 0.6587 (110/167) | Reward: 386.0 | Episode: 186 | Qmax: 1.1372
| Coverage: 0.6407 (107/167) | Reward: 424.0 | Episode: 187 | Qmax: 1.1338
| Coverage: 0.6347 (106/167) | Reward: 392.0 | Episode: 188 | Qmax: 1.1298
| Coverage: 0.6347 (106/167) | Reward: 396.0 | Episode: 189 | Qmax: 1.1378
| Coverage: 0.6407 (107/167) | Reward: 390.0 | Episode: 190 | Qmax: 1.1415
| Coverage: 0.5868 (98/167) | Reward: 386.0 | Episode: 191 | Qmax: 1.1357
| Coverage: 0.6108 (102/167) | Reward: 426.0 | Episode: 192 | Qmax: 1.1419
| Coverage: 0.6228 (104/167) | Reward: 416.0 | Episode: 193 | Qmax: 1.1404
| Coverage: 0.6647 (111/167) | Reward: 408.0 | Episode: 194 | Qmax: 1.1373
| Coverage: 0.6287 (105/167) | Reward: 400.0 | Episode: 195 | Qmax: 1.1351
| Coverage: 0.6766 (113/167) | Reward: 436.0 | Episode: 196 | Qmax: 1.1355
| Coverage: 0.6766 (113/167) | Reward: 416.0 | Episode: 197 | Qmax: 1.1375
| Coverage: 0.6228 (104/167) | Reward: 418.0 | Episode: 198 | Qmax: 1.1302
| Coverage: 0.6647 (111/167) | Reward: 396.0 | Episode: 199 | Qmax: 1.1359
| Coverage: 0.5808 (97/167) | Reward: 396.0 | Episode: 200 | Qmax: 1.1336
| Coverage: 0.6108 (102/167) | Reward: 404.0 | Episode: 201 | Qmax: 1.1362
| Coverage: 0.5868 (98/167) | Reward: 402.0 | Episode: 202 | Qmax: 1.1422
| Coverage: 0.5988 (99/167) | Reward: 336.0 | Episode: 203 | Qmax: 1.1351
| Coverage: 0.5988 (99/167) | Reward: 402.0 | Episode: 204 | Qmax: 1.1344
| Coverage: 0.5928 (99/167) | Reward: 394.0 | Episode: 205 | Qmax: 1.1342
| Coverage: 0.5868 (98/167) | Reward: 392.0 | Episode: 206 | Qmax: 1.1389
| Coverage: 0.5868 (98/167) | Reward: 382.0 | Episode: 207 | Qmax: 1.1409
| Coverage: 0.5689 (95/167) | Reward: 372.0 | Episode: 208 | Qmax: 1.1355
| Coverage: 0.6108 (102/167) | Reward: 398.0 | Episode: 209 | Qmax: 1.1278
| Coverage: 0.6347 (106/167) | Reward: 364.0 | Episode: 210 | Qmax: 1.1323
| Coverage: 0.5928 (99/167) | Reward: 414.0 | Episode: 211 | Qmax: 1.1255
| Coverage: 0.5808 (97/167) | Reward: 388.0 | Episode: 212 | Qmax: 1.1255
| Coverage: 0.5629 (94/167) | Reward: 332.0 | Episode: 213 | Qmax: 1.1294
| Coverage: 0.5988 (99/167) | Reward: 342.0 | Episode: 214 | Qmax: 1.1380
| Coverage: 0.5928 (99/167) | Reward: 366.0 | Episode: 215 | Qmax: 1.1288
| Coverage: 0.5749 (96/167) | Reward: 394.0 | Episode: 216 | Qmax: 1.1358
| Coverage: 0.6048 (101/167) | Reward: 374.0 | Episode: 217 | Qmax: 1.1383
| Coverage: 0.6347 (106/167) | Reward: 374.0 | Episode: 218 | Qmax: 1.1325
| Coverage: 0.6048 (101/167) | Reward: 378.0 | Episode: 219 | Qmax: 1.1242
| Coverage: 0.5749 (96/167) | Reward: 360.0 | Episode: 220 | Qmax: 1.1275
| Coverage: 0.6287 (105/167) | Reward: 370.0 | Episode: 221 | Qmax: 1.1341
| Coverage: 0.5808 (97/167) | Reward: 396.0 | Episode: 222 | Qmax: 1.1253
| Coverage: 0.6347 (106/167) | Reward: 376.0 | Episode: 223 | Qmax: 1.1272
| Coverage: 0.6347 (106/167) | Reward: 380.0 | Episode: 224 | Qmax: 1.1310
| Coverage: 0.6228 (104/167) | Reward: 386.0 | Episode: 225 | Qmax: 1.1285
| Coverage: 0.6587 (110/167) | Reward: 356.0 | Episode: 226 | Qmax: 1.1277
| Coverage: 0.6168 (103/167) | Reward: 388.0 | Episode: 227 | Qmax: 1.1295
| Coverage: 0.6527 (109/167) | Reward: 378.0 | Episode: 228 | Qmax: 1.1294
| Coverage: 0.6228 (104/167) | Reward: 376.0 | Episode: 229 | Qmax: 1.1336
| Coverage: 0.6467 (108/167) | Reward: 376.0 | Episode: 230 | Qmax: 1.1281
| Coverage: 0.6228 (104/167) | Reward: 394.0 | Episode: 231 | Qmax: 1.1285
| Coverage: 0.6407 (107/167) | Reward: 366.0 | Episode: 232 | Qmax: 1.1349
| Coverage: 0.6048 (101/167) | Reward: 340.0 | Episode: 233 | Qmax: 1.1308
| Coverage: 0.6347 (106/167) | Reward: 350.0 | Episode: 234 | Qmax: 1.1317
| Coverage: 0.6168 (103/167) | Reward: 364.0 | Episode: 235 | Qmax: 1.1297
| Coverage: 0.6168 (103/167) | Reward: 354.0 | Episode: 236 | Qmax: 1.1269
| Coverage: 0.5868 (98/167) | Reward: 388.0 | Episode: 237 | Qmax: 1.1245
| Coverage: 0.6048 (101/167) | Reward: 364.0 | Episode: 238 | Qmax: 1.1241
| Coverage: 0.6048 (101/167) | Reward: 396.0 | Episode: 239 | Qmax: 1.1247
| Coverage: 0.6168 (103/167) | Reward: 386.0 | Episode: 240 | Qmax: 1.1243
| Coverage: 0.5749 (96/167) | Reward: 386.0 | Episode: 241 | Qmax: 1.1234
| Coverage: 0.6467 (108/167) | Reward: 392.0 | Episode: 242 | Qmax: 1.1211
| Coverage: 0.6287 (105/167) | Reward: 352.0 | Episode: 243 | Qmax: 1.1237
| Coverage: 0.5988 (99/167) | Reward: 328.0 | Episode: 244 | Qmax: 1.1299
| Coverage: 0.5808 (97/167) | Reward: 326.0 | Episode: 245 | Qmax: 1.1220
| Coverage: 0.6587 (110/167) | Reward: 376.0 | Episode: 246 | Qmax: 1.1279
| Coverage: 0.6467 (108/167) | Reward: 362.0 | Episode: 247 | Qmax: 1.1204
| Coverage: 0.6647 (111/167) | Reward: 384.0 | Episode: 248 | Qmax: 1.1260
| Coverage: 0.6407 (107/167) | Reward: 378.0 | Episode: 249 | Qmax: 1.1227
| Coverage: 0.6228 (104/167) | Reward: 364.0 | Episode: 250 | Qmax: 1.1214
| Coverage: 0.6766 (113/167) | Reward: 368.0 | Episode: 251 | Qmax: 1.1251
| Coverage: 0.6168 (103/167) | Reward: 364.0 | Episode: 252 | Qmax: 1.1200
| Coverage: 0.6287 (105/167) | Reward: 354.0 | Episode: 253 | Qmax: 1.1179
| Coverage: 0.6467 (108/167) | Reward: 412.0 | Episode: 254 | Qmax: 1.1199
| Coverage: 0.6527 (109/167) | Reward: 388.0 | Episode: 255 | Qmax: 1.1218
| Coverage: 0.6826 (114/167) | Reward: 394.0 | Episode: 256 | Qmax: 1.1226
| Coverage: 0.6587 (110/167) | Reward: 362.0 | Episode: 257 | Qmax: 1.1190
| Coverage: 0.6826 (114/167) | Reward: 350.0 | Episode: 258 | Qmax: 1.1255
| Coverage: 0.6407 (107/167) | Reward: 360.0 | Episode: 259 | Qmax: 1.1138
| Coverage: 0.6108 (102/167) | Reward: 366.0 | Episode: 260 | Qmax: 1.1215
| Coverage: 0.6287 (105/167) | Reward: 392.0 | Episode: 261 | Qmax: 1.1173
| Coverage: 0.5868 (98/167) | Reward: 406.0 | Episode: 262 | Qmax: 1.1177
| Coverage: 0.6228 (104/167) | Reward: 398.0 | Episode: 263 | Qmax: 1.1210
| Coverage: 0.6287 (105/167) | Reward: 396.0 | Episode: 264 | Qmax: 1.1202
| Coverage: 0.6347 (106/167) | Reward: 402.0 | Episode: 265 | Qmax: 1.1228
| Coverage: 0.6228 (104/167) | Reward: 416.0 | Episode: 266 | Qmax: 1.1135
| Coverage: 0.6168 (103/167) | Reward: 400.0 | Episode: 267 | Qmax: 1.1188
| Coverage: 0.5988 (99/167) | Reward: 412.0 | Episode: 268 | Qmax: 1.1144
| Coverage: 0.6407 (107/167) | Reward: 376.0 | Episode: 269 | Qmax: 1.1181
| Coverage: 0.6108 (102/167) | Reward: 378.0 | Episode: 270 | Qmax: 1.1140
| Coverage: 0.5988 (99/167) | Reward: 374.0 | Episode: 271 | Qmax: 1.1164
| Coverage: 0.6407 (107/167) | Reward: 394.0 | Episode: 272 | Qmax: 1.1168
| Coverage: 0.5689 (95/167) | Reward: 384.0 | Episode: 273 | Qmax: 1.1184
| Coverage: 0.6168 (103/167) | Reward: 366.0 | Episode: 274 | Qmax: 1.1249
| Coverage: 0.6228 (104/167) | Reward: 402.0 | Episode: 275 | Qmax: 1.1237
| Coverage: 0.6407 (107/167) | Reward: 406.0 | Episode: 276 | Qmax: 1.1176
| Coverage: 0.6467 (108/167) | Reward: 396.0 | Episode: 277 | Qmax: 1.1159
| Coverage: 0.6407 (107/167) | Reward: 378.0 | Episode: 278 | Qmax: 1.1173
| Coverage: 0.6407 (107/167) | Reward: 404.0 | Episode: 279 | Qmax: 1.1179
| Coverage: 0.6287 (105/167) | Reward: 382.0 | Episode: 280 | Qmax: 1.1195
| Coverage: 0.6108 (102/167) | Reward: 390.0 | Episode: 281 | Qmax: 1.1144
| Coverage: 0.5988 (99/167) | Reward: 358.0 | Episode: 282 | Qmax: 1.1128
| Coverage: 0.6108 (102/167) | Reward: 366.0 | Episode: 283 | Qmax: 1.1184
| Coverage: 0.6168 (103/167) | Reward: 336.0 | Episode: 284 | Qmax: 1.1188
| Coverage: 0.5988 (99/167) | Reward: 378.0 | Episode: 285 | Qmax: 1.1146
| Coverage: 0.6347 (106/167) | Reward: 364.0 | Episode: 286 | Qmax: 1.1189
| Coverage: 0.6228 (104/167) | Reward: 384.0 | Episode: 287 | Qmax: 1.1169
| Coverage: 0.6228 (104/167) | Reward: 372.0 | Episode: 288 | Qmax: 1.1189
| Coverage: 0.6108 (102/167) | Reward: 364.0 | Episode: 289 | Qmax: 1.1137
| Coverage: 0.6228 (104/167) | Reward: 390.0 | Episode: 290 | Qmax: 1.1113
| Coverage: 0.6048 (101/167) | Reward: 376.0 | Episode: 291 | Qmax: 1.1159
| Coverage: 0.5749 (96/167) | Reward: 324.0 | Episode: 292 | Qmax: 1.1241
| Coverage: 0.5569 (92/167) | Reward: 306.0 | Episode: 293 | Qmax: 1.1184
| Coverage: 0.6048 (101/167) | Reward: 344.0 | Episode: 294 | Qmax: 1.1206
| Coverage: 0.6527 (109/167) | Reward: 352.0 | Episode: 295 | Qmax: 1.1217
| Coverage: 0.6347 (106/167) | Reward: 356.0 | Episode: 296 | Qmax: 1.1156
| Coverage: 0.6527 (109/167) | Reward: 366.0 | Episode: 297 | Qmax: 1.1122
| Coverage: 0.5928 (99/167) | Reward: 356.0 | Episode: 298 | Qmax: 1.1171
| Coverage: 0.6527 (109/167) | Reward: 388.0 | Episode: 299 | Qmax: 1.1137
| Coverage: 0.6707 (112/167) | Reward: 384.0 | Episode: 300 | Qmax: 1.1177
| Coverage: 0.6347 (106/167) | Reward: 366.0 | Episode: 301 | Qmax: 1.1149
| Coverage: 0.6228 (104/167) | Reward: 344.0 | Episode: 302 | Qmax: 1.1193
| Coverage: 0.6527 (109/167) | Reward: 354.0 | Episode: 303 | Qmax: 1.1147
| Coverage: 0.6467 (108/167) | Reward: 324.0 | Episode: 304 | Qmax: 1.1148
| Coverage: 0.6228 (104/167) | Reward: 344.0 | Episode: 305 | Qmax: 1.1181
| Coverage: 0.5988 (99/167) | Reward: 340.0 | Episode: 306 | Qmax: 1.1167
| Coverage: 0.6048 (101/167) | Reward: 342.0 | Episode: 307 | Qmax: 1.1129
| Coverage: 0.6228 (104/167) | Reward: 382.0 | Episode: 308 | Qmax: 1.1161
| Coverage: 0.6287 (105/167) | Reward: 360.0 | Episode: 309 | Qmax: 1.1104
| Coverage: 0.6168 (103/167) | Reward: 386.0 | Episode: 310 | Qmax: 1.1130
| Coverage: 0.6108 (102/167) | Reward: 306.0 | Episode: 311 | Qmax: 1.1093
| Coverage: 0.6168 (103/167) | Reward: 326.0 | Episode: 312 | Qmax: 1.1121
| Coverage: 0.5988 (99/167) | Reward: 284.0 | Episode: 313 | Qmax: 1.1059
| Coverage: 0.5808 (97/167) | Reward: 330.0 | Episode: 314 | Qmax: 1.1112
| Coverage: 0.6228 (104/167) | Reward: 372.0 | Episode: 315 | Qmax: 1.1142
| Coverage: 0.6228 (104/167) | Reward: 374.0 | Episode: 316 | Qmax: 1.1155
| Coverage: 0.6287 (105/167) | Reward: 386.0 | Episode: 317 | Qmax: 1.1100
| Coverage: 0.5808 (97/167) | Reward: 344.0 | Episode: 318 | Qmax: 1.1182
| Coverage: 0.5749 (96/167) | Reward: 398.0 | Episode: 319 | Qmax: 1.1116
| Coverage: 0.6168 (103/167) | Reward: 352.0 | Episode: 320 | Qmax: 1.1140
| Coverage: 0.5808 (97/167) | Reward: 382.0 | Episode: 321 | Qmax: 1.1128
| Coverage: 0.5868 (98/167) | Reward: 342.0 | Episode: 322 | Qmax: 1.1074
| Coverage: 0.6168 (103/167) | Reward: 340.0 | Episode: 323 | Qmax: 1.1094
| Coverage: 0.6108 (102/167) | Reward: 380.0 | Episode: 324 | Qmax: 1.1102
| Coverage: 0.6527 (109/167) | Reward: 366.0 | Episode: 325 | Qmax: 1.1146
| Coverage: 0.6168 (103/167) | Reward: 384.0 | Episode: 326 | Qmax: 1.1088
| Coverage: 0.6228 (104/167) | Reward: 402.0 | Episode: 327 | Qmax: 1.1162
| Coverage: 0.6048 (101/167) | Reward: 364.0 | Episode: 328 | Qmax: 1.1141
| Coverage: 0.5988 (99/167) | Reward: 372.0 | Episode: 329 | Qmax: 1.1092
| Coverage: 0.5868 (98/167) | Reward: 368.0 | Episode: 330 | Qmax: 1.1076
| Coverage: 0.6347 (106/167) | Reward: 380.0 | Episode: 331 | Qmax: 1.1100
| Coverage: 0.6168 (103/167) | Reward: 354.0 | Episode: 332 | Qmax: 1.1131
| Coverage: 0.6168 (103/167) | Reward: 382.0 | Episode: 333 | Qmax: 1.1084
| Coverage: 0.6108 (102/167) | Reward: 364.0 | Episode: 334 | Qmax: 1.1101
| Coverage: 0.5928 (99/167) | Reward: 378.0 | Episode: 335 | Qmax: 1.1101
| Coverage: 0.6467 (108/167) | Reward: 370.0 | Episode: 336 | Qmax: 1.1096
| Coverage: 0.6168 (103/167) | Reward: 392.0 | Episode: 337 | Qmax: 1.1163
| Coverage: 0.6287 (105/167) | Reward: 380.0 | Episode: 338 | Qmax: 1.1145
| Coverage: 0.5868 (98/167) | Reward: 346.0 | Episode: 339 | Qmax: 1.1100
| Coverage: 0.6108 (102/167) | Reward: 364.0 | Episode: 340 | Qmax: 1.1038
| Coverage: 0.6467 (108/167) | Reward: 378.0 | Episode: 341 | Qmax: 1.1110
| Coverage: 0.6287 (105/167) | Reward: 360.0 | Episode: 342 | Qmax: 1.1060
| Coverage: 0.6347 (106/167) | Reward: 380.0 | Episode: 343 | Qmax: 1.1140
| Coverage: 0.6527 (109/167) | Reward: 340.0 | Episode: 344 | Qmax: 1.1096
| Coverage: 0.6108 (102/167) | Reward: 350.0 | Episode: 345 | Qmax: 1.1041
| Coverage: 0.6168 (103/167) | Reward: 380.0 | Episode: 346 | Qmax: 1.1072
| Coverage: 0.6228 (104/167) | Reward: 368.0 | Episode: 347 | Qmax: 1.1071
| Coverage: 0.6647 (111/167) | Reward: 400.0 | Episode: 348 | Qmax: 1.1105
| Coverage: 0.6587 (110/167) | Reward: 382.0 | Episode: 349 | Qmax: 1.1079
| Coverage: 0.6647 (111/167) | Reward: 386.0 | Episode: 350 | Qmax: 1.1094
| Coverage: 0.6287 (105/167) | Reward: 392.0 | Episode: 351 | Qmax: 1.1129
| Coverage: 0.6527 (109/167) | Reward: 408.0 | Episode: 352 | Qmax: 1.1061
| Coverage: 0.5988 (99/167) | Reward: 348.0 | Episode: 353 | Qmax: 1.1059
| Coverage: 0.6108 (102/167) | Reward: 390.0 | Episode: 354 | Qmax: 1.1043
| Coverage: 0.5808 (97/167) | Reward: 396.0 | Episode: 355 | Qmax: 1.1071
| Coverage: 0.6287 (105/167) | Reward: 394.0 | Episode: 356 | Qmax: 1.1100
| Coverage: 0.6287 (105/167) | Reward: 390.0 | Episode: 357 | Qmax: 1.1129
| Coverage: 0.6228 (104/167) | Reward: 378.0 | Episode: 358 | Qmax: 1.1104
| Coverage: 0.5928 (99/167) | Reward: 366.0 | Episode: 359 | Qmax: 1.1091
| Coverage: 0.6886 (115/167) | Reward: 358.0 | Episode: 360 | Qmax: 1.1075
| Coverage: 0.6228 (104/167) | Reward: 382.0 | Episode: 361 | Qmax: 1.1065
| Coverage: 0.6347 (106/167) | Reward: 386.0 | Episode: 362 | Qmax: 1.1065
| Coverage: 0.6647 (111/167) | Reward: 376.0 | Episode: 363 | Qmax: 1.1096
| Coverage: 0.6647 (111/167) | Reward: 378.0 | Episode: 364 | Qmax: 1.1116
| Coverage: 0.6347 (106/167) | Reward: 362.0 | Episode: 365 | Qmax: 1.1064
| Coverage: 0.6407 (107/167) | Reward: 370.0 | Episode: 366 | Qmax: 1.1102
| Coverage: 0.6048 (101/167) | Reward: 392.0 | Episode: 367 | Qmax: 1.1053
| Coverage: 0.5988 (99/167) | Reward: 408.0 | Episode: 368 | Qmax: 1.1091
| Coverage: 0.6587 (110/167) | Reward: 394.0 | Episode: 369 | Qmax: 1.1077
| Coverage: 0.6587 (110/167) | Reward: 370.0 | Episode: 370 | Qmax: 1.1095
| Coverage: 0.6228 (104/167) | Reward: 424.0 | Episode: 371 | Qmax: 1.1060
| Coverage: 0.6467 (108/167) | Reward: 406.0 | Episode: 372 | Qmax: 1.1089
| Coverage: 0.5749 (96/167) | Reward: 390.0 | Episode: 373 | Qmax: 1.1080
| Coverage: 0.6407 (107/167) | Reward: 416.0 | Episode: 374 | Qmax: 1.1017
| Coverage: 0.6048 (101/167) | Reward: 380.0 | Episode: 375 | Qmax: 1.1006
| Coverage: 0.6766 (113/167) | Reward: 454.0 | Episode: 376 | Qmax: 1.1087
| Coverage: 0.6467 (108/167) | Reward: 410.0 | Episode: 377 | Qmax: 1.0991
| Coverage: 0.6527 (109/167) | Reward: 374.0 | Episode: 378 | Qmax: 1.1061
| Coverage: 0.6287 (105/167) | Reward: 408.0 | Episode: 379 | Qmax: 1.1021
| Coverage: 0.6108 (102/167) | Reward: 394.0 | Episode: 380 | Qmax: 1.1073
| Coverage: 0.6527 (109/167) | Reward: 392.0 | Episode: 381 | Qmax: 1.0993
| Coverage: 0.6467 (108/167) | Reward: 352.0 | Episode: 382 | Qmax: 1.1085
| Coverage: 0.5928 (99/167) | Reward: 380.0 | Episode: 383 | Qmax: 1.1075
| Coverage: 0.6228 (104/167) | Reward: 374.0 | Episode: 384 | Qmax: 1.1021
| Coverage: 0.5988 (99/167) | Reward: 332.0 | Episode: 385 | Qmax: 1.1029
| Coverage: 0.5928 (99/167) | Reward: 368.0 | Episode: 386 | Qmax: 1.1073
| Coverage: 0.5988 (99/167) | Reward: 396.0 | Episode: 387 | Qmax: 1.1040
| Coverage: 0.6048 (101/167) | Reward: 396.0 | Episode: 388 | Qmax: 1.1041
| Coverage: 0.5868 (98/167) | Reward: 422.0 | Episode: 389 | Qmax: 1.1022
| Coverage: 0.6168 (103/167) | Reward: 390.0 | Episode: 390 | Qmax: 1.1110
| Coverage: 0.6168 (103/167) | Reward: 406.0 | Episode: 391 | Qmax: 1.1089
| Coverage: 0.5868 (98/167) | Reward: 368.0 | Episode: 392 | Qmax: 1.1040
| Coverage: 0.6168 (103/167) | Reward: 390.0 | Episode: 393 | Qmax: 1.1041
| Coverage: 0.6168 (103/167) | Reward: 400.0 | Episode: 394 | Qmax: 1.1050
| Coverage: 0.6168 (103/167) | Reward: 362.0 | Episode: 395 | Qmax: 1.1049
| Coverage: 0.6347 (106/167) | Reward: 386.0 | Episode: 396 | Qmax: 1.1013
| Coverage: 0.5928 (99/167) | Reward: 406.0 | Episode: 397 | Qmax: 1.1024
| Coverage: 0.5868 (98/167) | Reward: 426.0 | Episode: 398 | Qmax: 1.1023
| Coverage: 0.6347 (106/167) | Reward: 352.0 | Episode: 399 | Qmax: 1.1079
| Coverage: 0.6287 (105/167) | Reward: 402.0 | Episode: 400 | Qmax: 1.1047
| Coverage: 0.6347 (106/167) | Reward: 358.0 | Episode: 401 | Qmax: 1.0976
| Coverage: 0.6048 (101/167) | Reward: 396.0 | Episode: 402 | Qmax: 1.1001
| Coverage: 0.6287 (105/167) | Reward: 404.0 | Episode: 403 | Qmax: 1.1046
| Coverage: 0.6108 (102/167) | Reward: 344.0 | Episode: 404 | Qmax: 1.0975
| Coverage: 0.6228 (104/167) | Reward: 374.0 | Episode: 405 | Qmax: 1.1012
| Coverage: 0.6467 (108/167) | Reward: 388.0 | Episode: 406 | Qmax: 1.1033
| Coverage: 0.6347 (106/167) | Reward: 378.0 | Episode: 407 | Qmax: 1.1043
| Coverage: 0.6168 (103/167) | Reward: 384.0 | Episode: 408 | Qmax: 1.1025
| Coverage: 0.6347 (106/167) | Reward: 376.0 | Episode: 409 | Qmax: 1.1044
| Coverage: 0.6228 (104/167) | Reward: 388.0 | Episode: 410 | Qmax: 1.1050
| Coverage: 0.6108 (102/167) | Reward: 370.0 | Episode: 411 | Qmax: 1.0998
| Coverage: 0.6048 (101/167) | Reward: 366.0 | Episode: 412 | Qmax: 1.0999
| Coverage: 0.6467 (108/167) | Reward: 356.0 | Episode: 413 | Qmax: 1.0989
| Coverage: 0.6527 (109/167) | Reward: 364.0 | Episode: 414 | Qmax: 1.1007
| Coverage: 0.6407 (107/167) | Reward: 342.0 | Episode: 415 | Qmax: 1.1018
| Coverage: 0.6168 (103/167) | Reward: 364.0 | Episode: 416 | Qmax: 1.1006
| Coverage: 0.6407 (107/167) | Reward: 342.0 | Episode: 417 | Qmax: 1.1028
| Coverage: 0.6168 (103/167) | Reward: 330.0 | Episode: 418 | Qmax: 1.0974
| Coverage: 0.5928 (99/167) | Reward: 398.0 | Episode: 419 | Qmax: 1.1016
| Coverage: 0.6587 (110/167) | Reward: 388.0 | Episode: 420 | Qmax: 1.1039
| Coverage: 0.5808 (97/167) | Reward: 372.0 | Episode: 421 | Qmax: 1.0972
| Coverage: 0.5928 (99/167) | Reward: 382.0 | Episode: 422 | Qmax: 1.1000
| Coverage: 0.6287 (105/167) | Reward: 340.0 | Episode: 423 | Qmax: 1.1052
| Coverage: 0.6108 (102/167) | Reward: 376.0 | Episode: 424 | Qmax: 1.0975
| Coverage: 0.6527 (109/167) | Reward: 386.0 | Episode: 425 | Qmax: 1.0996
| Coverage: 0.5988 (99/167) | Reward: 376.0 | Episode: 426 | Qmax: 1.0997
| Coverage: 0.6347 (106/167) | Reward: 364.0 | Episode: 427 | Qmax: 1.0963
| Coverage: 0.5988 (99/167) | Reward: 352.0 | Episode: 428 | Qmax: 1.0989
| Coverage: 0.5749 (96/167) | Reward: 402.0 | Episode: 429 | Qmax: 1.0976
| Coverage: 0.5689 (95/167) | Reward: 368.0 | Episode: 430 | Qmax: 1.1012
| Coverage: 0.5808 (97/167) | Reward: 388.0 | Episode: 431 | Qmax: 1.0928
| Coverage: 0.6168 (103/167) | Reward: 394.0 | Episode: 432 | Qmax: 1.1032
| Coverage: 0.5928 (99/167) | Reward: 370.0 | Episode: 433 | Qmax: 1.1051
| Coverage: 0.5569 (92/167) | Reward: 338.0 | Episode: 434 | Qmax: 1.0993
| Coverage: 0.5868 (98/167) | Reward: 398.0 | Episode: 435 | Qmax: 1.0939
| Coverage: 0.5928 (99/167) | Reward: 358.0 | Episode: 436 | Qmax: 1.1016
| Coverage: 0.6287 (105/167) | Reward: 370.0 | Episode: 437 | Qmax: 1.1024
| Coverage: 0.5868 (98/167) | Reward: 400.0 | Episode: 438 | Qmax: 1.0981
| Coverage: 0.5808 (97/167) | Reward: 388.0 | Episode: 439 | Qmax: 1.1004
| Coverage: 0.5868 (98/167) | Reward: 356.0 | Episode: 440 | Qmax: 1.0957
| Coverage: 0.5988 (99/167) | Reward: 396.0 | Episode: 441 | Qmax: 1.0958
| Coverage: 0.5928 (99/167) | Reward: 384.0 | Episode: 442 | Qmax: 1.0996
| Coverage: 0.5868 (98/167) | Reward: 356.0 | Episode: 443 | Qmax: 1.1007
| Coverage: 0.5749 (96/167) | Reward: 382.0 | Episode: 444 | Qmax: 1.0993
| Coverage: 0.6048 (101/167) | Reward: 382.0 | Episode: 445 | Qmax: 1.0981
| Coverage: 0.5629 (94/167) | Reward: 348.0 | Episode: 446 | Qmax: 1.0992
| Coverage: 0.5868 (98/167) | Reward: 370.0 | Episode: 447 | Qmax: 1.0964
| Coverage: 0.6168 (103/167) | Reward: 364.0 | Episode: 448 | Qmax: 1.0992
| Coverage: 0.5928 (99/167) | Reward: 322.0 | Episode: 449 | Qmax: 1.0986
| Coverage: 0.5928 (99/167) | Reward: 372.0 | Episode: 450 | Qmax: 1.1000
| Coverage: 0.6228 (104/167) | Reward: 336.0 | Episode: 451 | Qmax: 1.0965
| Coverage: 0.6048 (101/167) | Reward: 378.0 | Episode: 452 | Qmax: 1.0938
| Coverage: 0.5988 (99/167) | Reward: 356.0 | Episode: 453 | Qmax: 1.1020
| Coverage: 0.5808 (97/167) | Reward: 384.0 | Episode: 454 | Qmax: 1.1040
| Coverage: 0.5808 (97/167) | Reward: 382.0 | Episode: 455 | Qmax: 1.0982
| Coverage: 0.5569 (92/167) | Reward: 328.0 | Episode: 456 | Qmax: 1.0952
| Coverage: 0.5808 (97/167) | Reward: 334.0 | Episode: 457 | Qmax: 1.0950
| Coverage: 0.5749 (96/167) | Reward: 386.0 | Episode: 458 | Qmax: 1.0968
| Coverage: 0.5808 (97/167) | Reward: 328.0 | Episode: 459 | Qmax: 1.0967
| Coverage: 0.5868 (98/167) | Reward: 340.0 | Episode: 460 | Qmax: 1.0949
| Coverage: 0.6228 (104/167) | Reward: 348.0 | Episode: 461 | Qmax: 1.1013
| Coverage: 0.5150 (85/167) | Reward: 376.0 | Episode: 462 | Qmax: 1.0985
| Coverage: 0.5749 (96/167) | Reward: 312.0 | Episode: 463 | Qmax: 1.0988
| Coverage: 0.5449 (91/167) | Reward: 368.0 | Episode: 464 | Qmax: 1.0966
| Coverage: 0.5449 (91/167) | Reward: 336.0 | Episode: 465 | Qmax: 1.0963
| Coverage: 0.5449 (91/167) | Reward: 348.0 | Episode: 466 | Qmax: 1.0990
| Coverage: 0.5629 (94/167) | Reward: 358.0 | Episode: 467 | Qmax: 1.0999
| Coverage: 0.5329 (89/167) | Reward: 352.0 | Episode: 468 | Qmax: 1.0968
| Coverage: 0.5569 (92/167) | Reward: 358.0 | Episode: 469 | Qmax: 1.0967
| Coverage: 0.5269 (88/167) | Reward: 324.0 | Episode: 470 | Qmax: 1.0925
| Coverage: 0.5629 (94/167) | Reward: 372.0 | Episode: 471 | Qmax: 1.0929
| Coverage: 0.5329 (89/167) | Reward: 366.0 | Episode: 472 | Qmax: 1.0950
| Coverage: 0.5629 (94/167) | Reward: 372.0 | Episode: 473 | Qmax: 1.0999
| Coverage: 0.5210 (87/167) | Reward: 334.0 | Episode: 474 | Qmax: 1.0959
| Coverage: 0.5329 (89/167) | Reward: 342.0 | Episode: 475 | Qmax: 1.0961
| Coverage: 0.5210 (87/167) | Reward: 324.0 | Episode: 476 | Qmax: 1.0938
| Coverage: 0.5210 (87/167) | Reward: 346.0 | Episode: 477 | Qmax: 1.0967
| Coverage: 0.5449 (91/167) | Reward: 380.0 | Episode: 478 | Qmax: 1.0945
| Coverage: 0.5749 (96/167) | Reward: 308.0 | Episode: 479 | Qmax: 1.0916
| Coverage: 0.5988 (99/167) | Reward: 316.0 | Episode: 480 | Qmax: 1.0941
| Coverage: 0.5808 (97/167) | Reward: 322.0 | Episode: 481 | Qmax: 1.0956
| Coverage: 0.5749 (96/167) | Reward: 400.0 | Episode: 482 | Qmax: 1.0955
| Coverage: 0.5329 (89/167) | Reward: 354.0 | Episode: 483 | Qmax: 1.0980
| Coverage: 0.5030 (84/167) | Reward: 422.0 | Episode: 484 | Qmax: 1.0930
| Coverage: 0.5389 (90/167) | Reward: 356.0 | Episode: 485 | Qmax: 1.0957
| Coverage: 0.5090 (85/167) | Reward: 378.0 | Episode: 486 | Qmax: 1.0928
| Coverage: 0.5210 (87/167) | Reward: 380.0 | Episode: 487 | Qmax: 1.0893
| Coverage: 0.5030 (84/167) | Reward: 392.0 | Episode: 488 | Qmax: 1.0953
| Coverage: 0.5389 (90/167) | Reward: 374.0 | Episode: 489 | Qmax: 1.0979
| Coverage: 0.5449 (91/167) | Reward: 340.0 | Episode: 490 | Qmax: 1.0905
| Coverage: 0.4251 (71/167) | Reward: 440.0 | Episode: 491 | Qmax: 1.0925
| Coverage: 0.5269 (88/167) | Reward: 422.0 | Episode: 492 | Qmax: 1.0939
| Coverage: 0.4970 (83/167) | Reward: 424.0 | Episode: 493 | Qmax: 1.0937
| Coverage: 0.4192 (70/167) | Reward: 474.0 | Episode: 494 | Qmax: 1.0926
| Coverage: 0.5030 (84/167) | Reward: 360.0 | Episode: 495 | Qmax: 1.0927
| Coverage: 0.4731 (79/167) | Reward: 328.0 | Episode: 496 | Qmax: 1.0955
| Coverage: 0.4431 (74/167) | Reward: 318.0 | Episode: 497 | Qmax: 1.1003
| Coverage: 0.2754 (46/167) | Reward: 346.0 | Episode: 498 | Qmax: 1.0918
| Coverage: 0.3832 (64/167) | Reward: 306.0 | Episode: 499 | Qmax: 1.0974
| Coverage: 0.1677 (28/167) | Reward: 316.0 | Episode: 500 | Qmax: 1.0940
| Coverage: 0.4072 (68/167) | Reward: 366.0 | Episode: 501 | Qmax: 1.0914
| Coverage: 0.1377 (23/167) | Reward: 316.0 | Episode: 502 | Qmax: 1.0958
| Coverage: 0.3293 (55/167) | Reward: 340.0 | Episode: 503 | Qmax: 1.0967
| Coverage: 0.1916 (32/167) | Reward: 324.0 | Episode: 504 | Qmax: 1.0929
| Coverage: 0.3533 (59/167) | Reward: 324.0 | Episode: 505 | Qmax: 1.0954
| Coverage: 0.2275 (38/167) | Reward: 292.0 | Episode: 506 | Qmax: 1.0943
| Coverage: 0.0898 (15/167) | Reward: 332.0 | Episode: 507 | Qmax: 1.0909
| Coverage: 0.2036 (34/167) | Reward: 306.0 | Episode: 508 | Qmax: 1.0913
| Coverage: 0.1018 (17/167) | Reward: 306.0 | Episode: 509 | Qmax: 1.0915
| Coverage: 0.1018 (17/167) | Reward: 346.0 | Episode: 510 | Qmax: 1.0989
| Coverage: 0.3473 (58/167) | Reward: 304.0 | Episode: 511 | Qmax: 1.0992
| Coverage: 0.2575 (42/167) | Reward: 326.0 | Episode: 512 | Qmax: 1.1021
| Coverage: 0.3054 (51/167) | Reward: 308.0 | Episode: 513 | Qmax: 1.0910
| Coverage: 0.1737 (29/167) | Reward: 278.0 | Episode: 514 | Qmax: 1.0881
| Coverage: 0.1856 (31/167) | Reward: 298.0 | Episode: 515 | Qmax: 1.0912
| Coverage: 0.3952 (66/167) | Reward: 330.0 | Episode: 516 | Qmax: 1.0941
| Coverage: 0.2994 (49/167) | Reward: 290.0 | Episode: 517 | Qmax: 1.0916
| Coverage: 0.3533 (59/167) | Reward: 300.0 | Episode: 518 | Qmax: 1.0926
| Coverage: 0.4491 (75/167) | Reward: 330.0 | Episode: 519 | Qmax: 1.0973
| Coverage: 0.3713 (62/167) | Reward: 288.0 | Episode: 520 | Qmax: 1.0945
| Coverage: 0.1257 (21/167) | Reward: 320.0 | Episode: 521 | Qmax: 1.0912
| Coverage: 0.0778 (13/167) | Reward: 260.0 | Episode: 522 | Qmax: 1.0889
| Coverage: 0.0659 (11/167) | Reward: 278.0 | Episode: 523 | Qmax: 1.0883
| Coverage: 0.0659 (11/167) | Reward: 326.0 | Episode: 524 | Qmax: 1.0958
| Coverage: 0.0838 (14/167) | Reward: 304.0 | Episode: 525 | Qmax: 1.0908
| Coverage: 0.2455 (41/167) | Reward: 304.0 | Episode: 526 | Qmax: 1.0946
| Coverage: 0.2036 (34/167) | Reward: 300.0 | Episode: 527 | Qmax: 1.0930
| Coverage: 0.1617 (27/167) | Reward: 282.0 | Episode: 528 | Qmax: 1.0877
| Coverage: 0.2515 (42/167) | Reward: 282.0 | Episode: 529 | Qmax: 1.0905
| Coverage: 0.2934 (49/167) | Reward: 270.0 | Episode: 530 | Qmax: 1.0931
| Coverage: 0.2036 (34/167) | Reward: 318.0 | Episode: 531 | Qmax: 1.0942
| Coverage: 0.2275 (38/167) | Reward: 256.0 | Episode: 532 | Qmax: 1.0972
| Coverage: 0.1916 (32/167) | Reward: 272.0 | Episode: 533 | Qmax: 1.0912
| Coverage: 0.2455 (41/167) | Reward: 258.0 | Episode: 534 | Qmax: 1.0912
| Coverage: 0.2395 (40/167) | Reward: 250.0 | Episode: 535 | Qmax: 1.0919
| Coverage: 0.1976 (33/167) | Reward: 242.0 | Episode: 536 | Qmax: 1.0879
| Coverage: 0.4790 (80/167) | Reward: 260.0 | Episode: 537 | Qmax: 1.0923
| Coverage: 0.2455 (41/167) | Reward: 254.0 | Episode: 538 | Qmax: 1.0907
| Coverage: 0.1138 (19/167) | Reward: 250.0 | Episode: 539 | Qmax: 1.0903
| Coverage: 0.1916 (32/167) | Reward: 218.0 | Episode: 540 | Qmax: 1.0941
| Coverage: 0.2934 (49/167) | Reward: 270.0 | Episode: 541 | Qmax: 1.0989
| Coverage: 0.0659 (11/167) | Reward: 260.0 | Episode: 542 | Qmax: 1.0931
| Coverage: 0.1018 (17/167) | Reward: 232.0 | Episode: 543 | Qmax: 1.0894
| Coverage: 0.1737 (29/167) | Reward: 230.0 | Episode: 544 | Qmax: 1.0900
| Coverage: 0.1018 (17/167) | Reward: 228.0 | Episode: 545 | Qmax: 1.0950
| Coverage: 0.0778 (13/167) | Reward: 244.0 | Episode: 546 | Qmax: 1.0899
| Coverage: 0.2455 (41/167) | Reward: 252.0 | Episode: 547 | Qmax: 1.0894
| Coverage: 0.1437 (24/167) | Reward: 248.0 | Episode: 548 | Qmax: 1.0916
| Coverage: 0.2635 (44/167) | Reward: 272.0 | Episode: 549 | Qmax: 1.0955
| Coverage: 0.3353 (56/167) | Reward: 248.0 | Episode: 550 | Qmax: 1.0882
| Coverage: 0.4790 (80/167) | Reward: 282.0 | Episode: 551 | Qmax: 1.0910
| Coverage: 0.5210 (87/167) | Reward: 254.0 | Episode: 552 | Qmax: 1.0924
| Coverage: 0.5509 (92/167) | Reward: 304.0 | Episode: 553 | Qmax: 1.0934
| Coverage: 0.5329 (89/167) | Reward: 266.0 | Episode: 554 | Qmax: 1.0951
| Coverage: 0.4671 (78/167) | Reward: 248.0 | Episode: 555 | Qmax: 1.0898
| Coverage: 0.3713 (62/167) | Reward: 254.0 | Episode: 556 | Qmax: 1.0924
| Coverage: 0.2096 (35/167) | Reward: 272.0 | Episode: 557 | Qmax: 1.0906
| Coverage: 0.2814 (47/167) | Reward: 234.0 | Episode: 558 | Qmax: 1.0911
| Coverage: 0.1018 (17/167) | Reward: 234.0 | Episode: 559 | Qmax: 1.0939
| Coverage: 0.1916 (32/167) | Reward: 262.0 | Episode: 560 | Qmax: 1.0915
| Coverage: 0.1257 (21/167) | Reward: 250.0 | Episode: 561 | Qmax: 1.0928
| Coverage: 0.2096 (35/167) | Reward: 246.0 | Episode: 562 | Qmax: 1.0893
| Coverage: 0.0838 (14/167) | Reward: 240.0 | Episode: 563 | Qmax: 1.0882
| Coverage: 0.3054 (51/167) | Reward: 274.0 | Episode: 564 | Qmax: 1.0887
| Coverage: 0.2635 (44/167) | Reward: 244.0 | Episode: 565 | Qmax: 1.0899
| Coverage: 0.1497 (24/167) | Reward: 282.0 | Episode: 566 | Qmax: 1.0868
| Coverage: 0.2874 (48/167) | Reward: 246.0 | Episode: 567 | Qmax: 1.0862
| Coverage: 0.3234 (54/167) | Reward: 264.0 | Episode: 568 | Qmax: 1.0963
| Coverage: 0.2455 (41/167) | Reward: 286.0 | Episode: 569 | Qmax: 1.0857
| Coverage: 0.0659 (11/167) | Reward: 254.0 | Episode: 570 | Qmax: 1.0882
| Coverage: 0.1018 (17/167) | Reward: 250.0 | Episode: 571 | Qmax: 1.0927
| Coverage: 0.0898 (15/167) | Reward: 260.0 | Episode: 572 | Qmax: 1.0906
| Coverage: 0.2934 (49/167) | Reward: 244.0 | Episode: 573 | Qmax: 1.0922
| Coverage: 0.2455 (41/167) | Reward: 216.0 | Episode: 574 | Qmax: 1.0850
| Coverage: 0.2635 (44/167) | Reward: 222.0 | Episode: 575 | Qmax: 1.0878
| Coverage: 0.1257 (21/167) | Reward: 266.0 | Episode: 576 | Qmax: 1.0984
| Coverage: 0.2754 (46/167) | Reward: 254.0 | Episode: 577 | Qmax: 1.0882
| Coverage: 0.3653 (61/167) | Reward: 258.0 | Episode: 578 | Qmax: 1.0901
| Coverage: 0.1796 (30/167) | Reward: 266.0 | Episode: 579 | Qmax: 1.0917
| Coverage: 0.3054 (51/167) | Reward: 262.0 | Episode: 580 | Qmax: 1.0849
| Coverage: 0.4012 (67/167) | Reward: 270.0 | Episode: 581 | Qmax: 1.0906
| Coverage: 0.1138 (19/167) | Reward: 260.0 | Episode: 582 | Qmax: 1.0913
| Coverage: 0.1078 (18/167) | Reward: 264.0 | Episode: 583 | Qmax: 1.0891
| Coverage: 0.0659 (11/167) | Reward: 276.0 | Episode: 584 | Qmax: 1.0902
| Coverage: 0.1078 (18/167) | Reward: 254.0 | Episode: 585 | Qmax: 1.0868
| Coverage: 0.2156 (36/167) | Reward: 356.0 | Episode: 586 | Qmax: 1.0963
| Coverage: 0.2515 (42/167) | Reward: 350.0 | Episode: 587 | Qmax: 1.0900
| Coverage: 0.2036 (34/167) | Reward: 346.0 | Episode: 588 | Qmax: 1.0872
| Coverage: 0.1018 (17/167) | Reward: 358.0 | Episode: 589 | Qmax: 1.0859
| Coverage: 0.2036 (34/167) | Reward: 342.0 | Episode: 590 | Qmax: 1.0896
| Coverage: 0.1437 (24/167) | Reward: 340.0 | Episode: 591 | Qmax: 1.0918
| Coverage: 0.0898 (15/167) | Reward: 312.0 | Episode: 592 | Qmax: 1.0881
| Coverage: 0.1018 (17/167) | Reward: 356.0 | Episode: 593 | Qmax: 1.0921
| Coverage: 0.1976 (33/167) | Reward: 376.0 | Episode: 594 | Qmax: 1.0920
| Coverage: 0.2575 (42/167) | Reward: 394.0 | Episode: 595 | Qmax: 1.0873
| Coverage: 0.4072 (68/167) | Reward: 340.0 | Episode: 596 | Qmax: 1.0979
| Coverage: 0.3174 (53/167) | Reward: 370.0 | Episode: 597 | Qmax: 1.0932
| Coverage: 0.0778 (13/167) | Reward: 348.0 | Episode: 598 | Qmax: 1.0891
| Coverage: 0.1078 (18/167) | Reward: 340.0 | Episode: 599 | Qmax: 1.0898
| Coverage: 0.0778 (13/167) | Reward: 334.0 | Episode: 600 | Qmax: 1.0918
| Coverage: 0.3234 (54/167) | Reward: 340.0 | Episode: 601 | Qmax: 1.0839
| Coverage: 0.3234 (54/167) | Reward: 368.0 | Episode: 602 | Qmax: 1.0884
| Coverage: 0.1916 (32/167) | Reward: 348.0 | Episode: 603 | Qmax: 1.0869
| Coverage: 0.2754 (46/167) | Reward: 342.0 | Episode: 604 | Qmax: 1.0852
| Coverage: 0.0778 (13/167) | Reward: 382.0 | Episode: 605 | Qmax: 1.0911
| Coverage: 0.1437 (24/167) | Reward: 336.0 | Episode: 606 | Qmax: 1.0865
| Coverage: 0.0659 (11/167) | Reward: 346.0 | Episode: 607 | Qmax: 1.0914
| Coverage: 0.0659 (11/167) | Reward: 384.0 | Episode: 608 | Qmax: 1.0948
| Coverage: 0.1677 (28/167) | Reward: 362.0 | Episode: 609 | Qmax: 1.0897
| Coverage: 0.1856 (31/167) | Reward: 388.0 | Episode: 610 | Qmax: 1.0806
| Coverage: 0.0898 (15/167) | Reward: 330.0 | Episode: 611 | Qmax: 1.0870
| Coverage: 0.4431 (74/167) | Reward: 348.0 | Episode: 612 | Qmax: 1.0925
| Coverage: 0.2455 (41/167) | Reward: 364.0 | Episode: 613 | Qmax: 1.0899
| Coverage: 0.0778 (13/167) | Reward: 394.0 | Episode: 614 | Qmax: 1.0849
| Coverage: 0.1198 (20/167) | Reward: 316.0 | Episode: 615 | Qmax: 1.0915
| Coverage: 0.2754 (46/167) | Reward: 338.0 | Episode: 616 | Qmax: 1.0978
| Coverage: 0.0659 (11/167) | Reward: 372.0 | Episode: 617 | Qmax: 1.0954
| Coverage: 0.0898 (15/167) | Reward: 374.0 | Episode: 618 | Qmax: 1.0829
| Coverage: 0.1677 (28/167) | Reward: 362.0 | Episode: 619 | Qmax: 1.0883
| Coverage: 0.1198 (20/167) | Reward: 360.0 | Episode: 620 | Qmax: 1.0916
| Coverage: 0.3713 (62/167) | Reward: 388.0 | Episode: 621 | Qmax: 1.0875
| Coverage: 0.2455 (41/167) | Reward: 386.0 | Episode: 622 | Qmax: 1.0906
| Coverage: 0.3174 (53/167) | Reward: 356.0 | Episode: 623 | Qmax: 1.0887
| Coverage: 0.2874 (48/167) | Reward: 330.0 | Episode: 624 | Qmax: 1.0860
| Coverage: 0.0778 (13/167) | Reward: 362.0 | Episode: 625 | Qmax: 1.0910
| Coverage: 0.0659 (11/167) | Reward: 382.0 | Episode: 626 | Qmax: 1.0899
| Coverage: 0.0659 (11/167) | Reward: 378.0 | Episode: 627 | Qmax: 1.0861
| Coverage: 0.1916 (32/167) | Reward: 376.0 | Episode: 628 | Qmax: 1.0889
| Coverage: 0.1257 (21/167) | Reward: 392.0 | Episode: 629 | Qmax: 1.0885
| Coverage: 0.1796 (30/167) | Reward: 362.0 | Episode: 630 | Qmax: 1.0913
| Coverage: 0.1018 (17/167) | Reward: 378.0 | Episode: 631 | Qmax: 1.0879
| Coverage: 0.0659 (11/167) | Reward: 386.0 | Episode: 632 | Qmax: 1.0873
| Coverage: 0.2695 (45/167) | Reward: 348.0 | Episode: 633 | Qmax: 1.0856
| Coverage: 0.1497 (24/167) | Reward: 382.0 | Episode: 634 | Qmax: 1.0857
| Coverage: 0.1018 (17/167) | Reward: 382.0 | Episode: 635 | Qmax: 1.0882
| Coverage: 0.3054 (51/167) | Reward: 400.0 | Episode: 636 | Qmax: 1.0818
| Coverage: 0.2216 (37/167) | Reward: 370.0 | Episode: 637 | Qmax: 1.0871
| Coverage: 0.3413 (57/167) | Reward: 378.0 | Episode: 638 | Qmax: 1.0841
| Coverage: 0.3293 (55/167) | Reward: 362.0 | Episode: 639 | Qmax: 1.0833
| Coverage: 0.1737 (29/167) | Reward: 356.0 | Episode: 640 | Qmax: 1.0921
| Coverage: 0.2096 (35/167) | Reward: 346.0 | Episode: 641 | Qmax: 1.0928
| Coverage: 0.0838 (14/167) | Reward: 396.0 | Episode: 642 | Qmax: 1.0857
| Coverage: 0.1377 (23/167) | Reward: 386.0 | Episode: 643 | Qmax: 1.0891
| Coverage: 0.0778 (13/167) | Reward: 388.0 | Episode: 644 | Qmax: 1.0901
| Coverage: 0.1557 (26/167) | Reward: 362.0 | Episode: 645 | Qmax: 1.0943
| Coverage: 0.2275 (38/167) | Reward: 362.0 | Episode: 646 | Qmax: 1.0891
| Coverage: 0.1796 (30/167) | Reward: 386.0 | Episode: 647 | Qmax: 1.0876
| Coverage: 0.1737 (29/167) | Reward: 392.0 | Episode: 648 | Qmax: 1.0857
| Coverage: 0.1018 (17/167) | Reward: 382.0 | Episode: 649 | Qmax: 1.0841
| Coverage: 0.2455 (41/167) | Reward: 398.0 | Episode: 650 | Qmax: 1.0866
| Coverage: 0.1377 (23/167) | Reward: 370.0 | Episode: 651 | Qmax: 1.0894
| Coverage: 0.1557 (26/167) | Reward: 394.0 | Episode: 652 | Qmax: 1.0901
| Coverage: 0.1976 (33/167) | Reward: 366.0 | Episode: 653 | Qmax: 1.0892
| Coverage: 0.1317 (22/167) | Reward: 394.0 | Episode: 654 | Qmax: 1.0904
| Coverage: 0.1617 (27/167) | Reward: 374.0 | Episode: 655 | Qmax: 1.0849
| Coverage: 0.0898 (15/167) | Reward: 418.0 | Episode: 656 | Qmax: 1.0851
| Coverage: 0.2635 (44/167) | Reward: 384.0 | Episode: 657 | Qmax: 1.0901
| Coverage: 0.0659 (11/167) | Reward: 374.0 | Episode: 658 | Qmax: 1.0900
| Coverage: 0.2994 (49/167) | Reward: 358.0 | Episode: 659 | Qmax: 1.0885
| Coverage: 0.1078 (18/167) | Reward: 362.0 | Episode: 660 | Qmax: 1.0877
| Coverage: 0.0898 (15/167) | Reward: 382.0 | Episode: 661 | Qmax: 1.0852
| Coverage: 0.1617 (27/167) | Reward: 398.0 | Episode: 662 | Qmax: 1.0860
| Coverage: 0.0659 (11/167) | Reward: 370.0 | Episode: 663 | Qmax: 1.0851
| Coverage: 0.2994 (49/167) | Reward: 402.0 | Episode: 664 | Qmax: 1.0904
| Coverage: 0.2695 (45/167) | Reward: 386.0 | Episode: 665 | Qmax: 1.0929
| Coverage: 0.1796 (30/167) | Reward: 402.0 | Episode: 666 | Qmax: 1.0825
| Coverage: 0.0778 (13/167) | Reward: 374.0 | Episode: 667 | Qmax: 1.0894
| Coverage: 0.1677 (28/167) | Reward: 392.0 | Episode: 668 | Qmax: 1.0860
| Coverage: 0.0778 (13/167) | Reward: 388.0 | Episode: 669 | Qmax: 1.0855
| Coverage: 0.3533 (59/167) | Reward: 410.0 | Episode: 670 | Qmax: 1.0829
| Coverage: 0.0659 (11/167) | Reward: 398.0 | Episode: 671 | Qmax: 1.0811
| Coverage: 0.1916 (32/167) | Reward: 372.0 | Episode: 672 | Qmax: 1.0870
| Coverage: 0.0778 (13/167) | Reward: 390.0 | Episode: 673 | Qmax: 1.0877
| Coverage: 0.1018 (17/167) | Reward: 396.0 | Episode: 674 | Qmax: 1.0851
| Coverage: 0.3114 (52/167) | Reward: 368.0 | Episode: 675 | Qmax: 1.0873
| Coverage: 0.0778 (13/167) | Reward: 386.0 | Episode: 676 | Qmax: 1.0901
| Coverage: 0.2575 (42/167) | Reward: 400.0 | Episode: 677 | Qmax: 1.0862
| Coverage: 0.1078 (18/167) | Reward: 390.0 | Episode: 678 | Qmax: 1.0847
| Coverage: 0.1138 (19/167) | Reward: 388.0 | Episode: 679 | Qmax: 1.0885
| Coverage: 0.2395 (40/167) | Reward: 396.0 | Episode: 680 | Qmax: 1.0804
| Coverage: 0.1018 (17/167) | Reward: 396.0 | Episode: 681 | Qmax: 1.0855
| Coverage: 0.1856 (31/167) | Reward: 384.0 | Episode: 682 | Qmax: 1.0883
| Coverage: 0.2036 (34/167) | Reward: 380.0 | Episode: 683 | Qmax: 1.0864
| Coverage: 0.1138 (19/167) | Reward: 408.0 | Episode: 684 | Qmax: 1.0835
| Coverage: 0.1377 (23/167) | Reward: 398.0 | Episode: 685 | Qmax: 1.0870
| Coverage: 0.0659 (11/167) | Reward: 374.0 | Episode: 686 | Qmax: 1.0872
| Coverage: 0.0778 (13/167) | Reward: 388.0 | Episode: 687 | Qmax: 1.0834
| Coverage: 0.0778 (13/167) | Reward: 398.0 | Episode: 688 | Qmax: 1.0898
| Coverage: 0.1377 (23/167) | Reward: 408.0 | Episode: 689 | Qmax: 1.0860
| Coverage: 0.1198 (20/167) | Reward: 406.0 | Episode: 690 | Qmax: 1.0816
| Coverage: 0.3114 (52/167) | Reward: 368.0 | Episode: 691 | Qmax: 1.0868
| Coverage: 0.1437 (24/167) | Reward: 378.0 | Episode: 692 | Qmax: 1.0904
| Coverage: 0.1677 (28/167) | Reward: 374.0 | Episode: 693 | Qmax: 1.0868
| Coverage: 0.2695 (45/167) | Reward: 370.0 | Episode: 694 | Qmax: 1.0879
| Coverage: 0.1138 (19/167) | Reward: 412.0 | Episode: 695 | Qmax: 1.0879
| Coverage: 0.0778 (13/167) | Reward: 378.0 | Episode: 696 | Qmax: 1.0818
| Coverage: 0.3653 (61/167) | Reward: 372.0 | Episode: 697 | Qmax: 1.0868
| Coverage: 0.1497 (24/167) | Reward: 370.0 | Episode: 698 | Qmax: 1.0808
| Coverage: 0.1078 (18/167) | Reward: 400.0 | Episode: 699 | Qmax: 1.0838
| Coverage: 0.1617 (27/167) | Reward: 402.0 | Episode: 700 | Qmax: 1.0825
| Coverage: 0.0659 (11/167) | Reward: 364.0 | Episode: 701 | Qmax: 1.0859
| Coverage: 0.0659 (11/167) | Reward: 374.0 | Episode: 702 | Qmax: 1.0855
| Coverage: 0.1198 (20/167) | Reward: 410.0 | Episode: 703 | Qmax: 1.0871
| Coverage: 0.2515 (42/167) | Reward: 406.0 | Episode: 704 | Qmax: 1.0903
| Coverage: 0.2275 (38/167) | Reward: 396.0 | Episode: 705 | Qmax: 1.0865
| Coverage: 0.2575 (42/167) | Reward: 368.0 | Episode: 706 | Qmax: 1.0852
| Coverage: 0.1078 (18/167) | Reward: 392.0 | Episode: 707 | Qmax: 1.0859
| Coverage: 0.0958 (16/167) | Reward: 410.0 | Episode: 708 | Qmax: 1.0848
| Coverage: 0.0659 (11/167) | Reward: 384.0 | Episode: 709 | Qmax: 1.0847
| Coverage: 0.1617 (27/167) | Reward: 390.0 | Episode: 710 | Qmax: 1.0828
| Coverage: 0.0778 (13/167) | Reward: 404.0 | Episode: 711 | Qmax: 1.0863
| Coverage: 0.1677 (28/167) | Reward: 360.0 | Episode: 712 | Qmax: 1.0860
| Coverage: 0.2635 (44/167) | Reward: 372.0 | Episode: 713 | Qmax: 1.0881
| Coverage: 0.1257 (21/167) | Reward: 402.0 | Episode: 714 | Qmax: 1.0815
| Coverage: 0.1856 (31/167) | Reward: 376.0 | Episode: 715 | Qmax: 1.0877
| Coverage: 0.2335 (39/167) | Reward: 386.0 | Episode: 716 | Qmax: 1.0824
| Coverage: 0.1377 (23/167) | Reward: 382.0 | Episode: 717 | Qmax: 1.0825
| Coverage: 0.0958 (16/167) | Reward: 370.0 | Episode: 718 | Qmax: 1.0856
| Coverage: 0.1018 (17/167) | Reward: 400.0 | Episode: 719 | Qmax: 1.0883
| Coverage: 0.0838 (14/167) | Reward: 362.0 | Episode: 720 | Qmax: 1.0827
| Coverage: 0.0659 (11/167) | Reward: 386.0 | Episode: 721 | Qmax: 1.0880
| Coverage: 0.3174 (53/167) | Reward: 378.0 | Episode: 722 | Qmax: 1.0862
| Coverage: 0.2275 (38/167) | Reward: 356.0 | Episode: 723 | Qmax: 1.0869
| Coverage: 0.2635 (44/167) | Reward: 374.0 | Episode: 724 | Qmax: 1.0855
| Coverage: 0.1437 (24/167) | Reward: 406.0 | Episode: 725 | Qmax: 1.0835
| Coverage: 0.1198 (20/167) | Reward: 396.0 | Episode: 726 | Qmax: 1.0881
| Coverage: 0.1018 (17/167) | Reward: 386.0 | Episode: 727 | Qmax: 1.0875
| Coverage: 0.1437 (24/167) | Reward: 370.0 | Episode: 728 | Qmax: 1.0861
| Coverage: 0.1018 (17/167) | Reward: 382.0 | Episode: 729 | Qmax: 1.0807
| Coverage: 0.1257 (21/167) | Reward: 390.0 | Episode: 730 | Qmax: 1.0870
| Coverage: 0.1018 (17/167) | Reward: 400.0 | Episode: 731 | Qmax: 1.0803
| Coverage: 0.2275 (38/167) | Reward: 394.0 | Episode: 732 | Qmax: 1.0889
| Coverage: 0.1377 (23/167) | Reward: 402.0 | Episode: 733 | Qmax: 1.0800
| Coverage: 0.1078 (18/167) | Reward: 402.0 | Episode: 734 | Qmax: 1.0890
| Coverage: 0.1257 (21/167) | Reward: 380.0 | Episode: 735 | Qmax: 1.0889
| Coverage: 0.2934 (49/167) | Reward: 392.0 | Episode: 736 | Qmax: 1.0862
| Coverage: 0.3713 (62/167) | Reward: 392.0 | Episode: 737 | Qmax: 1.0853
| Coverage: 0.1018 (17/167) | Reward: 392.0 | Episode: 738 | Qmax: 1.0852
| Coverage: 0.0659 (11/167) | Reward: 360.0 | Episode: 739 | Qmax: 1.0828
| Coverage: 0.0778 (13/167) | Reward: 364.0 | Episode: 740 | Qmax: 1.0783
| Coverage: 0.1257 (21/167) | Reward: 406.0 | Episode: 741 | Qmax: 1.0772
| Coverage: 0.1916 (32/167) | Reward: 362.0 | Episode: 742 | Qmax: 1.0833
| Coverage: 0.0778 (13/167) | Reward: 388.0 | Episode: 743 | Qmax: 1.0888
| Coverage: 0.1437 (24/167) | Reward: 364.0 | Episode: 744 | Qmax: 1.0805
| Coverage: 0.0659 (11/167) | Reward: 330.0 | Episode: 745 | Qmax: 1.0853
| Coverage: 0.1198 (20/167) | Reward: 342.0 | Episode: 746 | Qmax: 1.0837
| Coverage: 0.0659 (11/167) | Reward: 352.0 | Episode: 747 | Qmax: 1.0856
| Coverage: 0.1557 (26/167) | Reward: 400.0 | Episode: 748 | Qmax: 1.0838
| Coverage: 0.2395 (40/167) | Reward: 332.0 | Episode: 749 | Qmax: 1.0897
| Coverage: 0.1737 (29/167) | Reward: 402.0 | Episode: 750 | Qmax: 1.0782
| Coverage: 0.2814 (47/167) | Reward: 386.0 | Episode: 751 | Qmax: 1.0899
| Coverage: 0.1257 (21/167) | Reward: 384.0 | Episode: 752 | Qmax: 1.0797
| Coverage: 0.0659 (11/167) | Reward: 396.0 | Episode: 753 | Qmax: 1.0809
| Coverage: 0.1617 (27/167) | Reward: 380.0 | Episode: 754 | Qmax: 1.0888
| Coverage: 0.2515 (42/167) | Reward: 384.0 | Episode: 755 | Qmax: 1.0843
| Coverage: 0.2335 (39/167) | Reward: 348.0 | Episode: 756 | Qmax: 1.0840
| Coverage: 0.1377 (23/167) | Reward: 394.0 | Episode: 757 | Qmax: 1.0910
| Coverage: 0.1617 (27/167) | Reward: 338.0 | Episode: 758 | Qmax: 1.0839
| Coverage: 0.0659 (11/167) | Reward: 366.0 | Episode: 759 | Qmax: 1.0866
| Coverage: 0.0659 (11/167) | Reward: 394.0 | Episode: 760 | Qmax: 1.0852
| Coverage: 0.0419 (7/167) | Reward: 374.0 | Episode: 761 | Qmax: 1.0805
| Coverage: 0.1018 (17/167) | Reward: 354.0 | Episode: 762 | Qmax: 1.0858
| Coverage: 0.0659 (11/167) | Reward: 380.0 | Episode: 763 | Qmax: 1.0823
| Coverage: 0.0659 (11/167) | Reward: 378.0 | Episode: 764 | Qmax: 1.0790
| Coverage: 0.0778 (13/167) | Reward: 334.0 | Episode: 765 | Qmax: 1.0854
| Coverage: 0.2335 (39/167) | Reward: 328.0 | Episode: 766 | Qmax: 1.0811
| Coverage: 0.1018 (17/167) | Reward: 370.0 | Episode: 767 | Qmax: 1.0829
| Coverage: 0.1018 (17/167) | Reward: 352.0 | Episode: 768 | Qmax: 1.0888
| Coverage: 0.2036 (34/167) | Reward: 350.0 | Episode: 769 | Qmax: 1.0869
| Coverage: 0.2754 (46/167) | Reward: 356.0 | Episode: 770 | Qmax: 1.0845
| Coverage: 0.1317 (22/167) | Reward: 410.0 | Episode: 771 | Qmax: 1.0861
| Coverage: 0.1737 (29/167) | Reward: 370.0 | Episode: 772 | Qmax: 1.0834
| Coverage: 0.0898 (15/167) | Reward: 388.0 | Episode: 773 | Qmax: 1.0797
| Coverage: 0.0659 (11/167) | Reward: 422.0 | Episode: 774 | Qmax: 1.0863
| Coverage: 0.1916 (32/167) | Reward: 386.0 | Episode: 775 | Qmax: 1.0813
| Coverage: 0.1976 (33/167) | Reward: 410.0 | Episode: 776 | Qmax: 1.0885
| Coverage: 0.1856 (31/167) | Reward: 370.0 | Episode: 777 | Qmax: 1.0820
| Coverage: 0.1916 (32/167) | Reward: 404.0 | Episode: 778 | Qmax: 1.0861
| Coverage: 0.0778 (13/167) | Reward: 422.0 | Episode: 779 | Qmax: 1.0824
| Coverage: 0.0778 (13/167) | Reward: 398.0 | Episode: 780 | Qmax: 1.0857
| Coverage: 0.0719 (12/167) | Reward: 364.0 | Episode: 781 | Qmax: 1.0814
| Coverage: 0.0778 (13/167) | Reward: 392.0 | Episode: 782 | Qmax: 1.0804
| Coverage: 0.1617 (27/167) | Reward: 386.0 | Episode: 783 | Qmax: 1.0822
| Coverage: 0.0419 (7/167) | Reward: 414.0 | Episode: 784 | Qmax: 1.0799
| Coverage: 0.1317 (22/167) | Reward: 406.0 | Episode: 785 | Qmax: 1.0845
| Coverage: 0.1737 (29/167) | Reward: 378.0 | Episode: 786 | Qmax: 1.0857
| Coverage: 0.1557 (26/167) | Reward: 396.0 | Episode: 787 | Qmax: 1.0865
| Coverage: 0.0659 (11/167) | Reward: 402.0 | Episode: 788 | Qmax: 1.0916
| Coverage: 0.0778 (13/167) | Reward: 388.0 | Episode: 789 | Qmax: 1.0812
| Coverage: 0.1437 (24/167) | Reward: 412.0 | Episode: 790 | Qmax: 1.0818
| Coverage: 0.0659 (11/167) | Reward: 414.0 | Episode: 791 | Qmax: 1.0819
| Coverage: 0.2156 (36/167) | Reward: 394.0 | Episode: 792 | Qmax: 1.0830
| Coverage: 0.1018 (17/167) | Reward: 384.0 | Episode: 793 | Qmax: 1.0845
| Coverage: 0.0659 (11/167) | Reward: 358.0 | Episode: 794 | Qmax: 1.0839
| Coverage: 0.1557 (26/167) | Reward: 358.0 | Episode: 795 | Qmax: 1.0848
| Coverage: 0.1497 (24/167) | Reward: 348.0 | Episode: 796 | Qmax: 1.0819
| Coverage: 0.0778 (13/167) | Reward: 380.0 | Episode: 797 | Qmax: 1.0880
| Coverage: 0.0539 (9/167) | Reward: 404.0 | Episode: 798 | Qmax: 1.0871
| Coverage: 0.1437 (24/167) | Reward: 374.0 | Episode: 799 | Qmax: 1.0819
| Coverage: 0.0778 (13/167) | Reward: 354.0 | Episode: 800 | Qmax: 1.0796
| Coverage: 0.0659 (11/167) | Reward: 398.0 | Episode: 801 | Qmax: 1.0826
| Coverage: 0.1737 (29/167) | Reward: 378.0 | Episode: 802 | Qmax: 1.0803
| Coverage: 0.2036 (34/167) | Reward: 386.0 | Episode: 803 | Qmax: 1.0841
| Coverage: 0.1856 (31/167) | Reward: 352.0 | Episode: 804 | Qmax: 1.0820
| Coverage: 0.0958 (16/167) | Reward: 342.0 | Episode: 805 | Qmax: 1.0834
| Coverage: 0.1557 (26/167) | Reward: 402.0 | Episode: 806 | Qmax: 1.0818
| Coverage: 0.1018 (17/167) | Reward: 384.0 | Episode: 807 | Qmax: 1.0810
| Coverage: 0.1497 (24/167) | Reward: 412.0 | Episode: 808 | Qmax: 1.0821
| Coverage: 0.1677 (28/167) | Reward: 382.0 | Episode: 809 | Qmax: 1.0890
| Coverage: 0.0659 (11/167) | Reward: 370.0 | Episode: 810 | Qmax: 1.0809
| Coverage: 0.1138 (19/167) | Reward: 394.0 | Episode: 811 | Qmax: 1.0868
| Coverage: 0.0659 (11/167) | Reward: 362.0 | Episode: 812 | Qmax: 1.0835
| Coverage: 0.0778 (13/167) | Reward: 318.0 | Episode: 813 | Qmax: 1.0824
| Coverage: 0.2395 (40/167) | Reward: 374.0 | Episode: 814 | Qmax: 1.0827
| Coverage: 0.0539 (9/167) | Reward: 386.0 | Episode: 815 | Qmax: 1.0816
| Coverage: 0.0659 (11/167) | Reward: 370.0 | Episode: 816 | Qmax: 1.0877
| Coverage: 0.1916 (32/167) | Reward: 380.0 | Episode: 817 | Qmax: 1.0779
| Coverage: 0.0778 (13/167) | Reward: 406.0 | Episode: 818 | Qmax: 1.0809
| Coverage: 0.1796 (30/167) | Reward: 392.0 | Episode: 819 | Qmax: 1.0834
| Coverage: 0.1976 (33/167) | Reward: 392.0 | Episode: 820 | Qmax: 1.0858
| Coverage: 0.1317 (22/167) | Reward: 390.0 | Episode: 821 | Qmax: 1.0818
| Coverage: 0.0778 (13/167) | Reward: 378.0 | Episode: 822 | Qmax: 1.0793
| Coverage: 0.1437 (24/167) | Reward: 398.0 | Episode: 823 | Qmax: 1.0791
| Coverage: 0.0419 (7/167) | Reward: 386.0 | Episode: 824 | Qmax: 1.0816
| Coverage: 0.0778 (13/167) | Reward: 400.0 | Episode: 825 | Qmax: 1.0832
| Coverage: 0.2036 (34/167) | Reward: 414.0 | Episode: 826 | Qmax: 1.0814
| Coverage: 0.1018 (17/167) | Reward: 408.0 | Episode: 827 | Qmax: 1.0836
| Coverage: 0.2156 (36/167) | Reward: 402.0 | Episode: 828 | Qmax: 1.0888
| Coverage: 0.1317 (22/167) | Reward: 374.0 | Episode: 829 | Qmax: 1.0868
| Coverage: 0.1916 (32/167) | Reward: 396.0 | Episode: 830 | Qmax: 1.0850
| Coverage: 0.1018 (17/167) | Reward: 380.0 | Episode: 831 | Qmax: 1.0847
| Coverage: 0.3293 (55/167) | Reward: 368.0 | Episode: 832 | Qmax: 1.0854
| Coverage: 0.1976 (33/167) | Reward: 420.0 | Episode: 833 | Qmax: 1.0827
| Coverage: 0.0539 (9/167) | Reward: 402.0 | Episode: 834 | Qmax: 1.0816
| Coverage: 0.1916 (32/167) | Reward: 412.0 | Episode: 835 | Qmax: 1.0866
| Coverage: 0.3653 (61/167) | Reward: 414.0 | Episode: 836 | Qmax: 1.0869
| Coverage: 0.1078 (18/167) | Reward: 408.0 | Episode: 837 | Qmax: 1.0836
| Coverage: 0.1138 (19/167) | Reward: 408.0 | Episode: 838 | Qmax: 1.0864
| Coverage: 0.1198 (20/167) | Reward: 406.0 | Episode: 839 | Qmax: 1.0838
| Coverage: 0.0539 (9/167) | Reward: 440.0 | Episode: 840 | Qmax: 1.0804
| Coverage: 0.1018 (17/167) | Reward: 408.0 | Episode: 841 | Qmax: 1.0836
| Coverage: 0.1677 (28/167) | Reward: 416.0 | Episode: 842 | Qmax: 1.0893
| Coverage: 0.3473 (58/167) | Reward: 394.0 | Episode: 843 | Qmax: 1.0779
| Coverage: 0.0659 (11/167) | Reward: 406.0 | Episode: 844 | Qmax: 1.0805
| Coverage: 0.0659 (11/167) | Reward: 398.0 | Episode: 845 | Qmax: 1.0833
| Coverage: 0.1078 (18/167) | Reward: 344.0 | Episode: 846 | Qmax: 1.0802
| Coverage: 0.1437 (24/167) | Reward: 164.0 | Episode: 847 | Qmax: 1.0879
| Coverage: 0.1138 (19/167) | Reward: 138.0 | Episode: 848 | Qmax: 1.0830
| Coverage: 0.0778 (13/167) | Reward: 170.0 | Episode: 849 | Qmax: 1.0883
| Coverage: 0.1078 (18/167) | Reward: 222.0 | Episode: 850 | Qmax: 1.0864
| Coverage: 0.0898 (15/167) | Reward: 238.0 | Episode: 851 | Qmax: 1.0832
| Coverage: 0.2036 (34/167) | Reward: 248.0 | Episode: 852 | Qmax: 1.0835
| Coverage: 0.2335 (39/167) | Reward: 244.0 | Episode: 853 | Qmax: 1.0828
| Coverage: 0.2874 (48/167) | Reward: 326.0 | Episode: 854 | Qmax: 1.0839
| Coverage: 0.0778 (13/167) | Reward: 322.0 | Episode: 855 | Qmax: 1.0892
| Coverage: 0.0659 (11/167) | Reward: 334.0 | Episode: 856 | Qmax: 1.0877
| Coverage: 0.1437 (24/167) | Reward: 406.0 | Episode: 857 | Qmax: 1.0819
| Coverage: 0.0898 (15/167) | Reward: 364.0 | Episode: 858 | Qmax: 1.0878
| Coverage: 0.1138 (19/167) | Reward: 412.0 | Episode: 859 | Qmax: 1.0809
| Coverage: 0.1138 (19/167) | Reward: 428.0 | Episode: 860 | Qmax: 1.0789
| Coverage: 0.0659 (11/167) | Reward: 404.0 | Episode: 861 | Qmax: 1.0839
| Coverage: 0.1078 (18/167) | Reward: 410.0 | Episode: 862 | Qmax: 1.0781
| Coverage: 0.1018 (17/167) | Reward: 396.0 | Episode: 863 | Qmax: 1.0784
| Coverage: 0.0898 (15/167) | Reward: 376.0 | Episode: 864 | Qmax: 1.0809
| Coverage: 0.1677 (28/167) | Reward: 372.0 | Episode: 865 | Qmax: 1.0843
| Coverage: 0.1437 (24/167) | Reward: 398.0 | Episode: 866 | Qmax: 1.0825
| Coverage: 0.1377 (23/167) | Reward: 420.0 | Episode: 867 | Qmax: 1.0800
| Coverage: 0.1737 (29/167) | Reward: 418.0 | Episode: 868 | Qmax: 1.0832
| Coverage: 0.1317 (22/167) | Reward: 394.0 | Episode: 869 | Qmax: 1.0794
| Coverage: 0.0659 (11/167) | Reward: 398.0 | Episode: 870 | Qmax: 1.0808
| Coverage: 0.1078 (18/167) | Reward: 362.0 | Episode: 871 | Qmax: 1.0892
| Coverage: 0.2036 (34/167) | Reward: 392.0 | Episode: 872 | Qmax: 1.0796
| Coverage: 0.1737 (29/167) | Reward: 376.0 | Episode: 873 | Qmax: 1.0810
| Coverage: 0.0659 (11/167) | Reward: 422.0 | Episode: 874 | Qmax: 1.0793
| Coverage: 0.1976 (33/167) | Reward: 408.0 | Episode: 875 | Qmax: 1.0771
| Coverage: 0.2695 (45/167) | Reward: 390.0 | Episode: 876 | Qmax: 1.0862
| Coverage: 0.1198 (20/167) | Reward: 386.0 | Episode: 877 | Qmax: 1.0835
| Coverage: 0.1557 (26/167) | Reward: 396.0 | Episode: 878 | Qmax: 1.0876
| Coverage: 0.2156 (36/167) | Reward: 424.0 | Episode: 879 | Qmax: 1.0835
| Coverage: 0.1796 (30/167) | Reward: 406.0 | Episode: 880 | Qmax: 1.0829
| Coverage: 0.0778 (13/167) | Reward: 406.0 | Episode: 881 | Qmax: 1.0839
| Coverage: 0.0778 (13/167) | Reward: 402.0 | Episode: 882 | Qmax: 1.0756
| Coverage: 0.0659 (11/167) | Reward: 348.0 | Episode: 883 | Qmax: 1.0777
| Coverage: 0.0898 (15/167) | Reward: 402.0 | Episode: 884 | Qmax: 1.0843
| Coverage: 0.1138 (19/167) | Reward: 386.0 | Episode: 885 | Qmax: 1.0813
| Coverage: 0.2275 (38/167) | Reward: 388.0 | Episode: 886 | Qmax: 1.0818
| Coverage: 0.0659 (11/167) | Reward: 384.0 | Episode: 887 | Qmax: 1.0788
| Coverage: 0.0778 (13/167) | Reward: 398.0 | Episode: 888 | Qmax: 1.0751
| Coverage: 0.1737 (29/167) | Reward: 352.0 | Episode: 889 | Qmax: 1.0813
| Coverage: 0.0659 (11/167) | Reward: 406.0 | Episode: 890 | Qmax: 1.0835
| Coverage: 0.3114 (52/167) | Reward: 420.0 | Episode: 891 | Qmax: 1.0830
| Coverage: 0.1018 (17/167) | Reward: 374.0 | Episode: 892 | Qmax: 1.0806
| Coverage: 0.2695 (45/167) | Reward: 338.0 | Episode: 893 | Qmax: 1.0824
| Coverage: 0.1078 (18/167) | Reward: 404.0 | Episode: 894 | Qmax: 1.0806
| Coverage: 0.1317 (22/167) | Reward: 418.0 | Episode: 895 | Qmax: 1.0830
| Coverage: 0.1018 (17/167) | Reward: 352.0 | Episode: 896 | Qmax: 1.0806
| Coverage: 0.0659 (11/167) | Reward: 360.0 | Episode: 897 | Qmax: 1.0827
| Coverage: 0.1257 (21/167) | Reward: 322.0 | Episode: 898 | Qmax: 1.0898
| Coverage: 0.1018 (17/167) | Reward: 358.0 | Episode: 899 | Qmax: 1.0823
| Coverage: 0.3593 (60/167) | Reward: 352.0 | Episode: 900 | Qmax: 1.0768
| Coverage: 0.1317 (22/167) | Reward: 366.0 | Episode: 901 | Qmax: 1.0789
| Coverage: 0.0778 (13/167) | Reward: 400.0 | Episode: 902 | Qmax: 1.0809
| Coverage: 0.0659 (11/167) | Reward: 394.0 | Episode: 903 | Qmax: 1.0830
| Coverage: 0.3713 (62/167) | Reward: 390.0 | Episode: 904 | Qmax: 1.0811
| Coverage: 0.1018 (17/167) | Reward: 402.0 | Episode: 905 | Qmax: 1.0786
| Coverage: 0.1018 (17/167) | Reward: 418.0 | Episode: 906 | Qmax: 1.0795
| Coverage: 0.0659 (11/167) | Reward: 408.0 | Episode: 907 | Qmax: 1.0884
| Coverage: 0.0778 (13/167) | Reward: 400.0 | Episode: 908 | Qmax: 1.0794
| Coverage: 0.0778 (13/167) | Reward: 380.0 | Episode: 909 | Qmax: 1.0870
| Coverage: 0.1617 (27/167) | Reward: 410.0 | Episode: 910 | Qmax: 1.0786
| Coverage: 0.1018 (17/167) | Reward: 398.0 | Episode: 911 | Qmax: 1.0854
| Coverage: 0.1198 (20/167) | Reward: 400.0 | Episode: 912 | Qmax: 1.0800
| Coverage: 0.1138 (19/167) | Reward: 392.0 | Episode: 913 | Qmax: 1.0801
| Coverage: 0.3533 (59/167) | Reward: 374.0 | Episode: 914 | Qmax: 1.0750
| Coverage: 0.0659 (11/167) | Reward: 346.0 | Episode: 915 | Qmax: 1.0870
| Coverage: 0.1976 (33/167) | Reward: 346.0 | Episode: 916 | Qmax: 1.0800
| Coverage: 0.0659 (11/167) | Reward: 336.0 | Episode: 917 | Qmax: 1.0860
| Coverage: 0.0659 (11/167) | Reward: 354.0 | Episode: 918 | Qmax: 1.0816
| Coverage: 0.0659 (11/167) | Reward: 352.0 | Episode: 919 | Qmax: 1.0856
| Coverage: 0.2156 (36/167) | Reward: 360.0 | Episode: 920 | Qmax: 1.0857
| Coverage: 0.2934 (49/167) | Reward: 380.0 | Episode: 921 | Qmax: 1.0811
| Coverage: 0.0778 (13/167) | Reward: 396.0 | Episode: 922 | Qmax: 1.0783
| Coverage: 0.1976 (33/167) | Reward: 342.0 | Episode: 923 | Qmax: 1.0812
| Coverage: 0.1677 (28/167) | Reward: 366.0 | Episode: 924 | Qmax: 1.0863
| Coverage: 0.0778 (13/167) | Reward: 368.0 | Episode: 925 | Qmax: 1.0828
| Coverage: 0.0778 (13/167) | Reward: 344.0 | Episode: 926 | Qmax: 1.0809
| Coverage: 0.0898 (15/167) | Reward: 336.0 | Episode: 927 | Qmax: 1.0795
| Coverage: 0.0778 (13/167) | Reward: 368.0 | Episode: 928 | Qmax: 1.0817
| Coverage: 0.1257 (21/167) | Reward: 380.0 | Episode: 929 | Qmax: 1.0802
| Coverage: 0.0659 (11/167) | Reward: 378.0 | Episode: 930 | Qmax: 1.0791
| Coverage: 0.1257 (21/167) | Reward: 392.0 | Episode: 931 | Qmax: 1.0850
| Coverage: 0.1497 (24/167) | Reward: 382.0 | Episode: 932 | Qmax: 1.0788
| Coverage: 0.1916 (32/167) | Reward: 338.0 | Episode: 933 | Qmax: 1.0826
| Coverage: 0.0778 (13/167) | Reward: 356.0 | Episode: 934 | Qmax: 1.0860
| Coverage: 0.0419 (7/167) | Reward: 422.0 | Episode: 935 | Qmax: 1.0800
| Coverage: 0.0659 (11/167) | Reward: 380.0 | Episode: 936 | Qmax: 1.0806
| Coverage: 0.1317 (22/167) | Reward: 382.0 | Episode: 937 | Qmax: 1.0745
| Coverage: 0.1138 (19/167) | Reward: 414.0 | Episode: 938 | Qmax: 1.0805
| Coverage: 0.0778 (13/167) | Reward: 386.0 | Episode: 939 | Qmax: 1.0827
| Coverage: 0.0778 (13/167) | Reward: 394.0 | Episode: 940 | Qmax: 1.0813
| Coverage: 0.1138 (19/167) | Reward: 378.0 | Episode: 941 | Qmax: 1.0761
| Coverage: 0.2036 (34/167) | Reward: 406.0 | Episode: 942 | Qmax: 1.0806
| Coverage: 0.0958 (16/167) | Reward: 422.0 | Episode: 943 | Qmax: 1.0750
| Coverage: 0.1796 (30/167) | Reward: 382.0 | Episode: 944 | Qmax: 1.0824
| Coverage: 0.1856 (31/167) | Reward: 388.0 | Episode: 945 | Qmax: 1.0827
| Coverage: 0.0958 (16/167) | Reward: 366.0 | Episode: 946 | Qmax: 1.0813
| Coverage: 0.2156 (36/167) | Reward: 394.0 | Episode: 947 | Qmax: 1.0825
| Coverage: 0.0778 (13/167) | Reward: 390.0 | Episode: 948 | Qmax: 1.0804
| Coverage: 0.2575 (42/167) | Reward: 360.0 | Episode: 949 | Qmax: 1.0790
| Coverage: 0.3054 (51/167) | Reward: 342.0 | Episode: 950 | Qmax: 1.0768
| Coverage: 0.2395 (40/167) | Reward: 356.0 | Episode: 951 | Qmax: 1.0851
| Coverage: 0.1018 (17/167) | Reward: 374.0 | Episode: 952 | Qmax: 1.0815
| Coverage: 0.1737 (29/167) | Reward: 370.0 | Episode: 953 | Qmax: 1.0772
| Coverage: 0.1617 (27/167) | Reward: 376.0 | Episode: 954 | Qmax: 1.0789
| Coverage: 0.2635 (44/167) | Reward: 368.0 | Episode: 955 | Qmax: 1.0805
| Coverage: 0.1976 (33/167) | Reward: 376.0 | Episode: 956 | Qmax: 1.0814
| Coverage: 0.0659 (11/167) | Reward: 360.0 | Episode: 957 | Qmax: 1.0830
| Coverage: 0.2275 (38/167) | Reward: 364.0 | Episode: 958 | Qmax: 1.0789
| Coverage: 0.2395 (40/167) | Reward: 362.0 | Episode: 959 | Qmax: 1.0810
| Coverage: 0.0898 (15/167) | Reward: 366.0 | Episode: 960 | Qmax: 1.0755
| Coverage: 0.0838 (14/167) | Reward: 356.0 | Episode: 961 | Qmax: 1.0818
| Coverage: 0.0659 (11/167) | Reward: 344.0 | Episode: 962 | Qmax: 1.0786
| Coverage: 0.2156 (36/167) | Reward: 430.0 | Episode: 963 | Qmax: 1.0804
| Coverage: 0.0659 (11/167) | Reward: 424.0 | Episode: 964 | Qmax: 1.0744
| Coverage: 0.0778 (13/167) | Reward: 410.0 | Episode: 965 | Qmax: 1.0801
| Coverage: 0.0778 (13/167) | Reward: 440.0 | Episode: 966 | Qmax: 1.0839
| Coverage: 0.1916 (32/167) | Reward: 434.0 | Episode: 967 | Qmax: 1.0776
| Coverage: 0.0659 (11/167) | Reward: 454.0 | Episode: 968 | Qmax: 1.0768
| Coverage: 0.1018 (17/167) | Reward: 440.0 | Episode: 969 | Qmax: 1.0747
| Coverage: 0.0659 (11/167) | Reward: 432.0 | Episode: 970 | Qmax: 1.0817
| Coverage: 0.1138 (19/167) | Reward: 462.0 | Episode: 971 | Qmax: 1.0815
| Coverage: 0.1018 (17/167) | Reward: 438.0 | Episode: 972 | Qmax: 1.0765
| Coverage: 0.2635 (44/167) | Reward: 420.0 | Episode: 973 | Qmax: 1.0873
| Coverage: 0.1916 (32/167) | Reward: 382.0 | Episode: 974 | Qmax: 1.0765
| Coverage: 0.0778 (13/167) | Reward: 370.0 | Episode: 975 | Qmax: 1.0789
| Coverage: 0.0659 (11/167) | Reward: 420.0 | Episode: 976 | Qmax: 1.0851
| Coverage: 0.2156 (36/167) | Reward: 406.0 | Episode: 977 | Qmax: 1.0802
| Coverage: 0.2096 (35/167) | Reward: 424.0 | Episode: 978 | Qmax: 1.0793
| Coverage: 0.0838 (14/167) | Reward: 430.0 | Episode: 979 | Qmax: 1.0754
| Coverage: 0.1677 (28/167) | Reward: 442.0 | Episode: 980 | Qmax: 1.0792
| Coverage: 0.2036 (34/167) | Reward: 424.0 | Episode: 981 | Qmax: 1.0735
| Coverage: 0.1018 (17/167) | Reward: 454.0 | Episode: 982 | Qmax: 1.0789
| Coverage: 0.2994 (49/167) | Reward: 444.0 | Episode: 983 | Qmax: 1.0836
| Coverage: 0.0659 (11/167) | Reward: 456.0 | Episode: 984 | Qmax: 1.0743
| Coverage: 0.1138 (19/167) | Reward: 348.0 | Episode: 985 | Qmax: 1.0814
| Coverage: 0.1677 (28/167) | Reward: 364.0 | Episode: 986 | Qmax: 1.0829
| Coverage: 0.1557 (26/167) | Reward: 364.0 | Episode: 987 | Qmax: 1.0837
| Coverage: 0.0659 (11/167) | Reward: 412.0 | Episode: 988 | Qmax: 1.0785
| Coverage: 0.1138 (19/167) | Reward: 388.0 | Episode: 989 | Qmax: 1.0807
| Coverage: 0.1078 (18/167) | Reward: 394.0 | Episode: 990 | Qmax: 1.0794
| Coverage: 0.1617 (27/167) | Reward: 368.0 | Episode: 991 | Qmax: 1.0804
| Coverage: 0.1437 (24/167) | Reward: 380.0 | Episode: 992 | Qmax: 1.0759
| Coverage: 0.0898 (15/167) | Reward: 454.0 | Episode: 993 | Qmax: 1.0806
| Coverage: 0.1557 (26/167) | Reward: 434.0 | Episode: 994 | Qmax: 1.0787
| Coverage: 0.1976 (33/167) | Reward: 440.0 | Episode: 995 | Qmax: 1.0775
| Coverage: 0.1138 (19/167) | Reward: 376.0 | Episode: 996 | Qmax: 1.0785
| Coverage: 0.0958 (16/167) | Reward: 380.0 | Episode: 997 | Qmax: 1.0778
| Coverage: 0.0659 (11/167) | Reward: 412.0 | Episode: 998 | Qmax: 1.0761
| Coverage: 0.0539 (9/167) | Reward: 404.0 | Episode: 999 | Qmax: 1.0762
[0, 0, 0, 1, 0, 0, 0, 0, 0, 0, 0, 0, 0, 0, 0, 0, 0, 0, 0, 0, 1, 1, 0, 0, 0, 0, 1, 0, 0, 0, 0, 0]
{(13, 22): 0, (15, 27): 0, (14, 17): 0, (8, 13): 0, (16, 6): 0, (16, 9): 0, (27, 15): 0, (21, 28): 0, (20, 20): 1, (11, 28): 0, (31, 6): 0, (17, 25): 0, (23, 26): 0, (25, 21): 0, (14, 9): 0, (5, 23): 0, (18, 21): 0, (18, 1): 0, (25, 23): 0, (13, 12): 0, (27, 20): 0, (0, 15): 0, (3, 31): 0, (7, 6): 0, (6, 10): 0, (26, 3): 0, (0, 17): 0, (15, 11): 0, (21, 31): 0, (7, 28): 0, (22, 7): 0, (9, 24): 0, (3, 5): 0, (6, 15): 0, (5, 29): 0, (27, 21): 0, (17, 5): 0, (24, 19): 0, (14, 10): 0, (1, 23): 0, (4, 5): 0, (2, 2): 0, (8, 21): 0, (17, 31): 0, (19, 24): 0, (26, 7): 0, (5, 16): 0, (22, 12): 0, (0, 30): 0, (28, 7): 0, (14, 2): 0, (25, 17): 0, (23, 19): 0, (22, 25): 0, (21, 15): 0, (16, 5): 0, (14, 16): 0, (18, 25): 0, (17, 14): 0, (25, 24): 0, (7, 13): 0, (6, 31): 0, (9, 9): 0, (11, 29): 0, (27, 7): 0, (24, 3): 0, (31, 25): 0, (2, 25): 0, (1, 7): 0, (17, 26): 0, (10, 29): 0, (3, 1): 0, (9, 4): 0, (8, 23): 0, (2, 18): 0, (22, 26): 0, (13, 26): 0, (26, 21): 1, (5, 19): 0, (30, 23): 0, (2, 6): 0, (2, 12): 0, (13, 8): 0, (19, 0): 0, (19, 5): 0, (7, 2): 0, (29, 17): 0, (11, 10): 0, (28, 12): 0, (27, 14): 0, (2, 0): 0, (19, 7): 0, (6, 20): 0, (3, 20): 1, (26, 12): 0, (8, 20): 0, (6, 3): 0, (26, 8): 0, (23, 21): 0, (10, 27): 0, (13, 29): 0, (6, 22): 0, (1, 10): 0, (4, 1): 0, (10, 9): 0, (22, 8): 0, (5, 4): 0, (31, 9): 0, (2, 31): 0, (23, 9): 0, (17, 1): 0, (28, 3): 0, (20, 10): 0, (11, 26): 0, (15, 7): 0, (6, 12): 0, (1, 0): 0, (4, 16): 0, (22, 1): 0, (7, 9): 0, (27, 0): 0, (0, 26): 1, (24, 7): 0, (25, 31): 0, (5, 7): 0, (11, 3): 0, (21, 3): 1, (14, 12): 0, (12, 4): 0, (10, 20): 0, (7, 17): 0, (14, 3): 0, (27, 24): 0, (5, 2): 0, (29, 8): 0}
{0: array([30, 15, 26, 17]), 1: array([10,  7,  0, 23]), 2: array([ 0,  2,  6, 12, 18, 25, 31]), 3: array([31, 20,  5,  1]), 4: array([ 1, 16,  5]), 5: array([23, 16,  4, 29,  7, 19,  2]), 6: array([22, 31,  3, 10, 15, 20, 12]), 7: array([28, 13, 17,  9,  6,  2]), 8: array([23, 21, 13, 20]), 9: array([ 9, 24,  4]), 10: array([29,  9, 20, 27]), 11: array([28, 26,  3, 29, 10]), 12: array([4]), 13: array([22, 26, 29, 12,  8]), 14: array([ 9, 16,  3,  2, 17, 10, 12]), 15: array([27,  7, 11]), 16: array([5, 9, 6]), 17: array([26, 25,  5, 31,  1, 14]), 18: array([ 1, 25, 21]), 19: array([24,  7,  0,  5]), 20: array([20, 10]), 21: array([15, 31, 28,  3]), 22: array([ 7, 26, 12, 25,  1,  8]), 23: array([26,  9, 19, 21]), 24: array([19,  3,  7]), 25: array([31, 21, 17, 24, 23]), 26: array([ 8, 12, 21,  7,  3]), 27: array([14, 20,  0, 15, 24, 21,  7]), 28: array([12,  3,  7]), 29: array([17,  8]), 30: array([23]), 31: array([25,  9,  6])}
{(13, 22): 1, (15, 27): 0, (14, 17): 4, (8, 13): 6, (16, 6): 7, (16, 9): 5, (27, 15): 3, (21, 28): 0, (20, 20): 1, (11, 28): 3, (31, 6): 3, (17, 25): 7, (23, 26): 0, (25, 21): 6, (14, 9): 7, (5, 23): 5, (18, 21): 4, (18, 1): 5, (25, 23): 0, (13, 12): 4, (27, 20): 5, (0, 15): 5, (3, 31): 1, (7, 6): 4, (6, 10): 4, (26, 3): 5, (0, 17): 0, (15, 11): 3, (21, 31): 1, (7, 28): 6, (22, 7): 4, (9, 24): 7, (3, 5): 7, (6, 15): 2, (5, 29): 0, (27, 21): 1, (17, 5): 6, (24, 19): 4, (14, 10): 5, (1, 23): 6, (4, 5): 7, (2, 2): 5, (8, 21): 5, (17, 31): 5, (19, 24): 6, (26, 7): 4, (5, 16): 6, (22, 12): 1, (0, 30): 4, (28, 7): 7, (14, 2): 3, (25, 17): 2, (23, 19): 5, (22, 25): 3, (21, 15): 2, (16, 5): 2, (14, 16): 0, (18, 25): 7, (17, 14): 4, (25, 24): 4, (7, 13): 7, (6, 31): 5, (9, 9): 1, (11, 29): 4, (27, 7): 6, (24, 3): 0, (31, 25): 7, (2, 25): 7, (1, 7): 7, (17, 26): 1, (10, 29): 1, (3, 1): 6, (9, 4): 2, (8, 23): 7, (2, 18): 1, (22, 26): 0, (13, 26): 2, (26, 21): 0, (5, 19): 7, (30, 23): 7, (2, 6): 6, (2, 12): 4, (13, 8): 5, (19, 0): 3, (19, 5): 5, (7, 2): 0, (29, 17): 3, (11, 10): 1, (28, 12): 6, (27, 14): 7, (2, 0): 2, (19, 7): 7, (6, 20): 6, (3, 20): 0, (26, 12): 1, (8, 20): 3, (6, 3): 1, (26, 8): 6, (23, 21): 1, (10, 27): 0, (13, 29): 3, (6, 22): 3, (1, 10): 4, (4, 1): 0, (10, 9): 7, (22, 8): 7, (5, 4): 2, (31, 9): 1, (2, 31): 3, (23, 9): 6, (17, 1): 0, (28, 3): 3, (20, 10): 0, (11, 26): 6, (15, 7): 1, (6, 12): 7, (1, 0): 0, (4, 16): 3, (22, 1): 5, (7, 9): 1, (27, 0): 2, (0, 26): 3, (24, 7): 6, (25, 31): 3, (5, 7): 3, (11, 3): 0, (21, 3): 5, (14, 12): 1, (12, 4): 4, (10, 20): 6, (7, 17): 3, (14, 3): 2, (27, 24): 0, (5, 2): 4, (29, 8): 7}
