{'actor_lr': 0.0001,
 'buffer_size': 1000000,
 'critic_lr': 0.001,
 'gamma': 0.99,
 'max_episode_len': 500,
 'max_episodes': 1000,
 'minibatch_size': 64,
 'n_inputs': '8',
 'n_states': '32',
 'random_seed': 42,
 'summary_dir': './results/tf_ddpg',
 'tau': 0.001}
| Coverage: 0.7126 (118/167) | Reward: 73.0 | Episode: 0 | Qmax: 1.2501
| Coverage: 0.6347 (106/167) | Reward: 29.0 | Episode: 1 | Qmax: 4.8856
| Coverage: 0.6228 (104/167) | Reward: 5.0 | Episode: 2 | Qmax: 4.6189
| Coverage: 0.5988 (99/167) | Reward: 13.0 | Episode: 3 | Qmax: 5.1023
| Coverage: 0.4731 (79/167) | Reward: 8.0 | Episode: 4 | Qmax: 6.3225
| Coverage: 0.5150 (85/167) | Reward: -3.0 | Episode: 5 | Qmax: 5.5492
| Coverage: 0.5988 (99/167) | Reward: -55.0 | Episode: 6 | Qmax: 6.2227
| Coverage: 0.6228 (104/167) | Reward: -23.0 | Episode: 7 | Qmax: 6.2601
| Coverage: 0.7006 (117/167) | Reward: 161.0 | Episode: 8 | Qmax: 6.5589
| Coverage: 0.7006 (117/167) | Reward: 219.0 | Episode: 9 | Qmax: 7.2644
| Coverage: 0.5689 (95/167) | Reward: 59.0 | Episode: 10 | Qmax: 7.2170
| Coverage: 0.6587 (110/167) | Reward: 155.0 | Episode: 11 | Qmax: 6.5908
| Coverage: 0.7365 (123/167) | Reward: 271.0 | Episode: 12 | Qmax: 6.7887
| Coverage: 0.8263 (138/167) | Reward: 2783.0 | Episode: 13 | Qmax: 7.2738
| Coverage: 0.7485 (125/167) | Reward: 191.0 | Episode: 14 | Qmax: 10.1612
| Coverage: 0.7305 (122/167) | Reward: 183.0 | Episode: 15 | Qmax: 16.1740
| Coverage: 0.7784 (130/167) | Reward: 761.0 | Episode: 16 | Qmax: 17.3709
| Coverage: 0.7365 (123/167) | Reward: 235.0 | Episode: 17 | Qmax: 28.6868
| Coverage: 0.7784 (130/167) | Reward: 763.0 | Episode: 18 | Qmax: 33.3645
| Coverage: 0.7725 (129/167) | Reward: 761.0 | Episode: 19 | Qmax: 31.7121
| Coverage: 0.7665 (128/167) | Reward: 739.0 | Episode: 20 | Qmax: 28.5578
| Coverage: 0.7066 (118/167) | Reward: 221.0 | Episode: 21 | Qmax: 28.7232
| Coverage: 0.7665 (128/167) | Reward: 783.0 | Episode: 22 | Qmax: 33.0309
| Coverage: 0.7305 (122/167) | Reward: 235.0 | Episode: 23 | Qmax: 34.1695
| Coverage: 0.7485 (125/167) | Reward: 249.0 | Episode: 24 | Qmax: 36.8956
| Coverage: 0.7246 (121/167) | Reward: 221.0 | Episode: 25 | Qmax: 33.4816
| Coverage: 0.7904 (132/167) | Reward: 745.0 | Episode: 26 | Qmax: 31.6418
| Coverage: 0.7485 (125/167) | Reward: 279.0 | Episode: 27 | Qmax: 34.2507
| Coverage: 0.7425 (124/167) | Reward: 329.0 | Episode: 28 | Qmax: 33.0801
| Coverage: 0.7665 (128/167) | Reward: 745.0 | Episode: 29 | Qmax: 31.2573
| Coverage: 0.7605 (127/167) | Reward: 769.0 | Episode: 30 | Qmax: 34.5427
| Coverage: 0.7665 (128/167) | Reward: 775.0 | Episode: 31 | Qmax: 31.8115
| Coverage: 0.8024 (134/167) | Reward: 2787.0 | Episode: 32 | Qmax: 35.7803
| Coverage: 0.7425 (124/167) | Reward: 231.0 | Episode: 33 | Qmax: 37.2824
| Coverage: 0.7605 (127/167) | Reward: 741.0 | Episode: 34 | Qmax: 37.4637
| Coverage: 0.7485 (125/167) | Reward: 207.0 | Episode: 35 | Qmax: 41.4103
| Coverage: 0.7545 (125/167) | Reward: 659.0 | Episode: 36 | Qmax: 40.9778
| Coverage: 0.7725 (129/167) | Reward: 749.0 | Episode: 37 | Qmax: 41.3740
| Coverage: 0.7964 (133/167) | Reward: 787.0 | Episode: 38 | Qmax: 50.8096
| Coverage: 0.7964 (133/167) | Reward: 735.0 | Episode: 39 | Qmax: 47.9201
| Coverage: 0.7605 (127/167) | Reward: 761.0 | Episode: 40 | Qmax: 48.4533
| Coverage: 0.7784 (130/167) | Reward: 799.0 | Episode: 41 | Qmax: 50.2945
| Coverage: 0.8024 (134/167) | Reward: 2785.0 | Episode: 42 | Qmax: 51.9813
| Coverage: 0.8144 (136/167) | Reward: 2775.0 | Episode: 43 | Qmax: 54.9665
| Coverage: 0.7964 (133/167) | Reward: 763.0 | Episode: 44 | Qmax: 58.8120
| Coverage: 0.8084 (135/167) | Reward: 2757.0 | Episode: 45 | Qmax: 61.4946
| Coverage: 0.7964 (133/167) | Reward: 801.0 | Episode: 46 | Qmax: 65.6222
| Coverage: 0.7665 (128/167) | Reward: 783.0 | Episode: 47 | Qmax: 67.2072
| Coverage: 0.8084 (135/167) | Reward: 2727.0 | Episode: 48 | Qmax: 72.4115
| Coverage: 0.7964 (133/167) | Reward: 751.0 | Episode: 49 | Qmax: 75.5278
| Coverage: 0.7425 (124/167) | Reward: 241.0 | Episode: 50 | Qmax: 74.3529
| Coverage: 0.7725 (129/167) | Reward: 799.0 | Episode: 51 | Qmax: 72.4810
| Coverage: 0.8443 (141/167) | Reward: 2815.0 | Episode: 52 | Qmax: 72.9859
| Coverage: 0.8084 (135/167) | Reward: 2805.0 | Episode: 53 | Qmax: 77.0834
| Coverage: 0.7485 (125/167) | Reward: 307.0 | Episode: 54 | Qmax: 75.0367
| Coverage: 0.8323 (139/167) | Reward: 2821.0 | Episode: 55 | Qmax: 87.4903
| Coverage: 0.7904 (132/167) | Reward: 825.0 | Episode: 56 | Qmax: 87.1052
| Coverage: 0.7964 (133/167) | Reward: 771.0 | Episode: 57 | Qmax: 90.1215
| Coverage: 0.7844 (131/167) | Reward: 781.0 | Episode: 58 | Qmax: 97.0167
| Coverage: 0.7665 (128/167) | Reward: 755.0 | Episode: 59 | Qmax: 94.2594
| Coverage: 0.7964 (133/167) | Reward: 771.0 | Episode: 60 | Qmax: 95.8247
| Coverage: 0.7665 (128/167) | Reward: 757.0 | Episode: 61 | Qmax: 95.0040
| Coverage: 0.7545 (125/167) | Reward: 777.0 | Episode: 62 | Qmax: 97.9941
| Coverage: 0.8084 (135/167) | Reward: 2819.0 | Episode: 63 | Qmax: 98.6064
| Coverage: 0.7725 (129/167) | Reward: 745.0 | Episode: 64 | Qmax: 101.9488
| Coverage: 0.7844 (131/167) | Reward: 751.0 | Episode: 65 | Qmax: 105.9223
| Coverage: 0.7844 (131/167) | Reward: 811.0 | Episode: 66 | Qmax: 103.1614
| Coverage: 0.8084 (135/167) | Reward: 2815.0 | Episode: 67 | Qmax: 108.1471
| Coverage: 0.8323 (139/167) | Reward: 2789.0 | Episode: 68 | Qmax: 117.9417
| Coverage: 0.7784 (130/167) | Reward: 803.0 | Episode: 69 | Qmax: 112.6777
| Coverage: 0.7425 (124/167) | Reward: 303.0 | Episode: 70 | Qmax: 117.0272
| Coverage: 0.7725 (129/167) | Reward: 845.0 | Episode: 71 | Qmax: 120.4643
| Coverage: 0.8084 (135/167) | Reward: 2825.0 | Episode: 72 | Qmax: 122.1347
| Coverage: 0.8204 (137/167) | Reward: 2781.0 | Episode: 73 | Qmax: 124.2333
| Coverage: 0.7545 (125/167) | Reward: 829.0 | Episode: 74 | Qmax: 123.4383
| Coverage: 0.7904 (132/167) | Reward: 787.0 | Episode: 75 | Qmax: 122.5966
| Coverage: 0.8144 (136/167) | Reward: 2805.0 | Episode: 76 | Qmax: 119.9523
| Coverage: 0.7904 (132/167) | Reward: 809.0 | Episode: 77 | Qmax: 130.0916
| Coverage: 0.7725 (129/167) | Reward: 843.0 | Episode: 78 | Qmax: 132.0615
| Coverage: 0.7246 (121/167) | Reward: 301.0 | Episode: 79 | Qmax: 136.5066
| Coverage: 0.7365 (123/167) | Reward: 285.0 | Episode: 80 | Qmax: 143.5228
| Coverage: 0.7126 (118/167) | Reward: 261.0 | Episode: 81 | Qmax: 135.0297
| Coverage: 0.7725 (129/167) | Reward: 831.0 | Episode: 82 | Qmax: 139.0711
| Coverage: 0.7725 (129/167) | Reward: 827.0 | Episode: 83 | Qmax: 138.4276
| Coverage: 0.7126 (118/167) | Reward: 241.0 | Episode: 84 | Qmax: 141.1798
| Coverage: 0.7425 (124/167) | Reward: 289.0 | Episode: 85 | Qmax: 145.6943
| Coverage: 0.7605 (127/167) | Reward: 833.0 | Episode: 86 | Qmax: 149.0503
| Coverage: 0.7784 (130/167) | Reward: 765.0 | Episode: 87 | Qmax: 146.8798
| Coverage: 0.7605 (127/167) | Reward: 861.0 | Episode: 88 | Qmax: 143.2078
| Coverage: 0.7665 (128/167) | Reward: 803.0 | Episode: 89 | Qmax: 140.1837
| Coverage: 0.7305 (122/167) | Reward: 325.0 | Episode: 90 | Qmax: 145.4273
| Coverage: 0.7725 (129/167) | Reward: 839.0 | Episode: 91 | Qmax: 149.0888
| Coverage: 0.8024 (134/167) | Reward: 2817.0 | Episode: 92 | Qmax: 147.7550
| Coverage: 0.7844 (131/167) | Reward: 843.0 | Episode: 93 | Qmax: 151.1048
| Coverage: 0.8024 (134/167) | Reward: 2895.0 | Episode: 94 | Qmax: 154.6904
| Coverage: 0.7605 (127/167) | Reward: 891.0 | Episode: 95 | Qmax: 157.1210
| Coverage: 0.7605 (127/167) | Reward: 801.0 | Episode: 96 | Qmax: 151.6283
| Coverage: 0.7066 (118/167) | Reward: 315.0 | Episode: 97 | Qmax: 151.2091
| Coverage: 0.7725 (129/167) | Reward: 819.0 | Episode: 98 | Qmax: 160.9601
| Coverage: 0.7844 (131/167) | Reward: 823.0 | Episode: 99 | Qmax: 163.2721
| Coverage: 0.7605 (127/167) | Reward: 773.0 | Episode: 100 | Qmax: 164.6980
| Coverage: 0.7964 (133/167) | Reward: 833.0 | Episode: 101 | Qmax: 170.8649
| Coverage: 0.8144 (136/167) | Reward: 2891.0 | Episode: 102 | Qmax: 167.2788
| Coverage: 0.7725 (129/167) | Reward: 865.0 | Episode: 103 | Qmax: 163.6360
| Coverage: 0.8084 (135/167) | Reward: 2809.0 | Episode: 104 | Qmax: 163.7789
| Coverage: 0.7904 (132/167) | Reward: 827.0 | Episode: 105 | Qmax: 166.4352
| Coverage: 0.7665 (128/167) | Reward: 835.0 | Episode: 106 | Qmax: 168.7972
| Coverage: 0.7964 (133/167) | Reward: 863.0 | Episode: 107 | Qmax: 171.6104
| Coverage: 0.7964 (133/167) | Reward: 853.0 | Episode: 108 | Qmax: 170.3506
| Coverage: 0.8144 (136/167) | Reward: 2855.0 | Episode: 109 | Qmax: 171.8132
| Coverage: 0.8263 (138/167) | Reward: 2865.0 | Episode: 110 | Qmax: 175.9691
| Coverage: 0.8144 (136/167) | Reward: 2875.0 | Episode: 111 | Qmax: 175.5088
| Coverage: 0.8204 (137/167) | Reward: 2829.0 | Episode: 112 | Qmax: 179.8962
| Coverage: 0.7964 (133/167) | Reward: 861.0 | Episode: 113 | Qmax: 183.2686
| Coverage: 0.8443 (141/167) | Reward: 2863.0 | Episode: 114 | Qmax: 180.6951
| Coverage: 0.7904 (132/167) | Reward: 789.0 | Episode: 115 | Qmax: 182.3005
| Coverage: 0.8263 (138/167) | Reward: 2855.0 | Episode: 116 | Qmax: 180.0253
| Coverage: 0.8263 (138/167) | Reward: 2867.0 | Episode: 117 | Qmax: 183.6867
| Coverage: 0.8024 (134/167) | Reward: 2867.0 | Episode: 118 | Qmax: 184.8159
| Coverage: 0.8263 (138/167) | Reward: 2807.0 | Episode: 119 | Qmax: 187.2463
| Coverage: 0.8263 (138/167) | Reward: 2827.0 | Episode: 120 | Qmax: 187.2177
| Coverage: 0.7844 (131/167) | Reward: 783.0 | Episode: 121 | Qmax: 194.9158
| Coverage: 0.8443 (141/167) | Reward: 2781.0 | Episode: 122 | Qmax: 193.0825
| Coverage: 0.8024 (134/167) | Reward: 2851.0 | Episode: 123 | Qmax: 197.1483
| Coverage: 0.8084 (135/167) | Reward: 2831.0 | Episode: 124 | Qmax: 197.8551
| Coverage: 0.7844 (131/167) | Reward: 835.0 | Episode: 125 | Qmax: 205.9009
| Coverage: 0.8443 (141/167) | Reward: 2885.0 | Episode: 126 | Qmax: 208.2543
| Coverage: 0.7964 (133/167) | Reward: 827.0 | Episode: 127 | Qmax: 202.8562
| Coverage: 0.8323 (139/167) | Reward: 2821.0 | Episode: 128 | Qmax: 200.7759
| Coverage: 0.8084 (135/167) | Reward: 2807.0 | Episode: 129 | Qmax: 210.2067
| Coverage: 0.8443 (141/167) | Reward: 2857.0 | Episode: 130 | Qmax: 206.0150
| Coverage: 0.8383 (140/167) | Reward: 2859.0 | Episode: 131 | Qmax: 208.1992
| Coverage: 0.7964 (133/167) | Reward: 849.0 | Episode: 132 | Qmax: 214.1876
| Coverage: 0.8024 (134/167) | Reward: 2883.0 | Episode: 133 | Qmax: 214.1383
| Coverage: 0.8263 (138/167) | Reward: 2837.0 | Episode: 134 | Qmax: 219.8706
| Coverage: 0.8084 (135/167) | Reward: 2795.0 | Episode: 135 | Qmax: 217.2580
| Coverage: 0.8383 (140/167) | Reward: 2847.0 | Episode: 136 | Qmax: 220.8287
| Coverage: 0.8144 (136/167) | Reward: 2851.0 | Episode: 137 | Qmax: 228.5358
| Coverage: 0.8263 (138/167) | Reward: 2817.0 | Episode: 138 | Qmax: 228.3438
| Coverage: 0.8204 (137/167) | Reward: 2807.0 | Episode: 139 | Qmax: 227.8185
| Coverage: 0.8024 (134/167) | Reward: 2835.0 | Episode: 140 | Qmax: 234.9054
| Coverage: 0.8503 (142/167) | Reward: 5857.0 | Episode: 141 | Qmax: 231.4184
| Coverage: 0.8144 (136/167) | Reward: 2811.0 | Episode: 142 | Qmax: 235.0007
| Coverage: 0.8323 (139/167) | Reward: 2837.0 | Episode: 143 | Qmax: 236.6986
| Coverage: 0.8443 (141/167) | Reward: 2827.0 | Episode: 144 | Qmax: 239.3968
| Coverage: 0.8024 (134/167) | Reward: 2847.0 | Episode: 145 | Qmax: 239.6039
| Coverage: 0.8144 (136/167) | Reward: 2871.0 | Episode: 146 | Qmax: 240.3701
| Coverage: 0.8383 (140/167) | Reward: 2819.0 | Episode: 147 | Qmax: 247.3941
| Coverage: 0.8144 (136/167) | Reward: 2827.0 | Episode: 148 | Qmax: 246.1280
| Coverage: 0.8204 (137/167) | Reward: 2847.0 | Episode: 149 | Qmax: 253.6183
| Coverage: 0.7605 (127/167) | Reward: 851.0 | Episode: 150 | Qmax: 251.1218
| Coverage: 0.8144 (136/167) | Reward: 2865.0 | Episode: 151 | Qmax: 255.4898
| Coverage: 0.7904 (132/167) | Reward: 835.0 | Episode: 152 | Qmax: 261.7971
| Coverage: 0.7725 (129/167) | Reward: 817.0 | Episode: 153 | Qmax: 266.7456
| Coverage: 0.8144 (136/167) | Reward: 2833.0 | Episode: 154 | Qmax: 261.7388
| Coverage: 0.8024 (134/167) | Reward: 2877.0 | Episode: 155 | Qmax: 264.8626
| Coverage: 0.8024 (134/167) | Reward: 2885.0 | Episode: 156 | Qmax: 271.2274
| Coverage: 0.8084 (135/167) | Reward: 2849.0 | Episode: 157 | Qmax: 269.9443
| Coverage: 0.8563 (143/167) | Reward: 5871.0 | Episode: 158 | Qmax: 275.6156
| Coverage: 0.8323 (139/167) | Reward: 2825.0 | Episode: 159 | Qmax: 271.3272
| Coverage: 0.8144 (136/167) | Reward: 2839.0 | Episode: 160 | Qmax: 271.7372
| Coverage: 0.8024 (134/167) | Reward: 2839.0 | Episode: 161 | Qmax: 275.1706
| Coverage: 0.7784 (130/167) | Reward: 837.0 | Episode: 162 | Qmax: 279.9035
| Coverage: 0.7665 (128/167) | Reward: 845.0 | Episode: 163 | Qmax: 284.9564
| Coverage: 0.8084 (135/167) | Reward: 2829.0 | Episode: 164 | Qmax: 287.7429
| Coverage: 0.7665 (128/167) | Reward: 837.0 | Episode: 165 | Qmax: 292.5945
| Coverage: 0.7844 (131/167) | Reward: 763.0 | Episode: 166 | Qmax: 297.4861
| Coverage: 0.8263 (138/167) | Reward: 2817.0 | Episode: 167 | Qmax: 296.4770
| Coverage: 0.7964 (133/167) | Reward: 797.0 | Episode: 168 | Qmax: 297.7011
| Coverage: 0.7844 (131/167) | Reward: 859.0 | Episode: 169 | Qmax: 298.2397
| Coverage: 0.7784 (130/167) | Reward: 845.0 | Episode: 170 | Qmax: 297.5195
| Coverage: 0.8263 (138/167) | Reward: 2843.0 | Episode: 171 | Qmax: 300.9874
| Coverage: 0.8263 (138/167) | Reward: 2857.0 | Episode: 172 | Qmax: 294.4655
| Coverage: 0.7545 (125/167) | Reward: 807.0 | Episode: 173 | Qmax: 304.5047
| Coverage: 0.7904 (132/167) | Reward: 823.0 | Episode: 174 | Qmax: 305.6220
| Coverage: 0.8204 (137/167) | Reward: 2883.0 | Episode: 175 | Qmax: 308.6360
| Coverage: 0.7904 (132/167) | Reward: 805.0 | Episode: 176 | Qmax: 308.9747
| Coverage: 0.8024 (134/167) | Reward: 2833.0 | Episode: 177 | Qmax: 306.1889
| Coverage: 0.8204 (137/167) | Reward: 2871.0 | Episode: 178 | Qmax: 314.4467
| Coverage: 0.7844 (131/167) | Reward: 871.0 | Episode: 179 | Qmax: 315.7832
| Coverage: 0.7904 (132/167) | Reward: 821.0 | Episode: 180 | Qmax: 314.6462
| Coverage: 0.7665 (128/167) | Reward: 797.0 | Episode: 181 | Qmax: 314.0926
| Coverage: 0.7665 (128/167) | Reward: 843.0 | Episode: 182 | Qmax: 315.4540
| Coverage: 0.7964 (133/167) | Reward: 877.0 | Episode: 183 | Qmax: 318.8760
| Coverage: 0.7784 (130/167) | Reward: 841.0 | Episode: 184 | Qmax: 326.3034
| Coverage: 0.7784 (130/167) | Reward: 797.0 | Episode: 185 | Qmax: 320.8045
| Coverage: 0.8443 (141/167) | Reward: 2839.0 | Episode: 186 | Qmax: 324.8254
| Coverage: 0.8204 (137/167) | Reward: 2877.0 | Episode: 187 | Qmax: 328.6188
| Coverage: 0.8263 (138/167) | Reward: 2841.0 | Episode: 188 | Qmax: 330.6423
| Coverage: 0.8204 (137/167) | Reward: 2799.0 | Episode: 189 | Qmax: 328.4505
| Coverage: 0.7605 (127/167) | Reward: 807.0 | Episode: 190 | Qmax: 330.2440
| Coverage: 0.8383 (140/167) | Reward: 2883.0 | Episode: 191 | Qmax: 332.2650
| Coverage: 0.7844 (131/167) | Reward: 857.0 | Episode: 192 | Qmax: 328.9115
| Coverage: 0.8323 (139/167) | Reward: 2833.0 | Episode: 193 | Qmax: 331.4846
| Coverage: 0.8084 (135/167) | Reward: 2847.0 | Episode: 194 | Qmax: 339.0693
| Coverage: 0.8204 (137/167) | Reward: 2827.0 | Episode: 195 | Qmax: 339.7834
| Coverage: 0.7665 (128/167) | Reward: 813.0 | Episode: 196 | Qmax: 343.1451
| Coverage: 0.8084 (135/167) | Reward: 2859.0 | Episode: 197 | Qmax: 343.6949
| Coverage: 0.7365 (123/167) | Reward: 339.0 | Episode: 198 | Qmax: 340.8030
| Coverage: 0.8084 (135/167) | Reward: 2833.0 | Episode: 199 | Qmax: 344.5621
| Coverage: 0.8084 (135/167) | Reward: 2841.0 | Episode: 200 | Qmax: 344.3446
| Coverage: 0.7964 (133/167) | Reward: 829.0 | Episode: 201 | Qmax: 342.6990
| Coverage: 0.8323 (139/167) | Reward: 2865.0 | Episode: 202 | Qmax: 347.9709
| Coverage: 0.8263 (138/167) | Reward: 2827.0 | Episode: 203 | Qmax: 353.1794
| Coverage: 0.7964 (133/167) | Reward: 825.0 | Episode: 204 | Qmax: 359.0589
| Coverage: 0.8024 (134/167) | Reward: 2833.0 | Episode: 205 | Qmax: 354.0995
| Coverage: 0.7964 (133/167) | Reward: 831.0 | Episode: 206 | Qmax: 357.7847
| Coverage: 0.8084 (135/167) | Reward: 2815.0 | Episode: 207 | Qmax: 361.3446
| Coverage: 0.8263 (138/167) | Reward: 2825.0 | Episode: 208 | Qmax: 361.8999
| Coverage: 0.8204 (137/167) | Reward: 2833.0 | Episode: 209 | Qmax: 371.4093
| Coverage: 0.8084 (135/167) | Reward: 2839.0 | Episode: 210 | Qmax: 372.8177
| Coverage: 0.8204 (137/167) | Reward: 2869.0 | Episode: 211 | Qmax: 361.9797
| Coverage: 0.8563 (143/167) | Reward: 5831.0 | Episode: 212 | Qmax: 362.1775
| Coverage: 0.8443 (141/167) | Reward: 2803.0 | Episode: 213 | Qmax: 367.2959
| Coverage: 0.7964 (133/167) | Reward: 851.0 | Episode: 214 | Qmax: 372.5481
| Coverage: 0.8144 (136/167) | Reward: 2829.0 | Episode: 215 | Qmax: 371.4213
| Coverage: 0.8263 (138/167) | Reward: 2847.0 | Episode: 216 | Qmax: 368.0692
| Coverage: 0.7784 (130/167) | Reward: 851.0 | Episode: 217 | Qmax: 371.7462
| Coverage: 0.8084 (135/167) | Reward: 2815.0 | Episode: 218 | Qmax: 373.3500
| Coverage: 0.8024 (134/167) | Reward: 2843.0 | Episode: 219 | Qmax: 374.0321
| Coverage: 0.8263 (138/167) | Reward: 2867.0 | Episode: 220 | Qmax: 379.3416
| Coverage: 0.8323 (139/167) | Reward: 2797.0 | Episode: 221 | Qmax: 375.4722
| Coverage: 0.8383 (140/167) | Reward: 2841.0 | Episode: 222 | Qmax: 380.4776
| Coverage: 0.8323 (139/167) | Reward: 2845.0 | Episode: 223 | Qmax: 382.2704
| Coverage: 0.8204 (137/167) | Reward: 2855.0 | Episode: 224 | Qmax: 387.7867
| Coverage: 0.8084 (135/167) | Reward: 2851.0 | Episode: 225 | Qmax: 383.2421
| Coverage: 0.8623 (144/167) | Reward: 5887.0 | Episode: 226 | Qmax: 385.3643
| Coverage: 0.8144 (136/167) | Reward: 2931.0 | Episode: 227 | Qmax: 385.3706
| Coverage: 0.8443 (141/167) | Reward: 2787.0 | Episode: 228 | Qmax: 395.5351
| Coverage: 0.7725 (129/167) | Reward: 857.0 | Episode: 229 | Qmax: 397.1987
| Coverage: 0.8024 (134/167) | Reward: 2827.0 | Episode: 230 | Qmax: 394.7035
| Coverage: 0.8263 (138/167) | Reward: 2811.0 | Episode: 231 | Qmax: 405.8181
| Coverage: 0.7904 (132/167) | Reward: 773.0 | Episode: 232 | Qmax: 407.0322
| Coverage: 0.8383 (140/167) | Reward: 2875.0 | Episode: 233 | Qmax: 404.0150
| Coverage: 0.8144 (136/167) | Reward: 2815.0 | Episode: 234 | Qmax: 397.4723
| Coverage: 0.8323 (139/167) | Reward: 2853.0 | Episode: 235 | Qmax: 403.2024
| Coverage: 0.8383 (140/167) | Reward: 2803.0 | Episode: 236 | Qmax: 398.6909
| Coverage: 0.8024 (134/167) | Reward: 2765.0 | Episode: 237 | Qmax: 399.0851
| Coverage: 0.8443 (141/167) | Reward: 2809.0 | Episode: 238 | Qmax: 398.1964
| Coverage: 0.7844 (131/167) | Reward: 811.0 | Episode: 239 | Qmax: 401.3595
| Coverage: 0.7605 (127/167) | Reward: 767.0 | Episode: 240 | Qmax: 400.9376
| Coverage: 0.8204 (137/167) | Reward: 2809.0 | Episode: 241 | Qmax: 408.1697
| Coverage: 0.8383 (140/167) | Reward: 2841.0 | Episode: 242 | Qmax: 412.8061
| Coverage: 0.7725 (129/167) | Reward: 829.0 | Episode: 243 | Qmax: 416.7335
| Coverage: 0.7904 (132/167) | Reward: 853.0 | Episode: 244 | Qmax: 410.9057
| Coverage: 0.8204 (137/167) | Reward: 2825.0 | Episode: 245 | Qmax: 412.3667
| Coverage: 0.8563 (143/167) | Reward: 5873.0 | Episode: 246 | Qmax: 412.1452
| Coverage: 0.8204 (137/167) | Reward: 2825.0 | Episode: 247 | Qmax: 421.5515
| Coverage: 0.8263 (138/167) | Reward: 2807.0 | Episode: 248 | Qmax: 416.5903
| Coverage: 0.7725 (129/167) | Reward: 851.0 | Episode: 249 | Qmax: 417.7855
| Coverage: 0.8503 (142/167) | Reward: 5873.0 | Episode: 250 | Qmax: 419.3453
| Coverage: 0.8623 (144/167) | Reward: 5845.0 | Episode: 251 | Qmax: 417.4487
| Coverage: 0.8084 (135/167) | Reward: 2845.0 | Episode: 252 | Qmax: 422.6636
| Coverage: 0.8443 (141/167) | Reward: 2887.0 | Episode: 253 | Qmax: 424.8797
| Coverage: 0.8623 (144/167) | Reward: 5873.0 | Episode: 254 | Qmax: 420.7362
| Coverage: 0.8024 (134/167) | Reward: 2757.0 | Episode: 255 | Qmax: 419.3175
| Coverage: 0.8204 (137/167) | Reward: 2813.0 | Episode: 256 | Qmax: 421.8144
| Coverage: 0.7545 (125/167) | Reward: 817.0 | Episode: 257 | Qmax: 425.1899
| Coverage: 0.8024 (134/167) | Reward: 2787.0 | Episode: 258 | Qmax: 428.1956
| Coverage: 0.8743 (146/167) | Reward: 5857.0 | Episode: 259 | Qmax: 429.5514
| Coverage: 0.7844 (131/167) | Reward: 803.0 | Episode: 260 | Qmax: 431.6839
| Coverage: 0.8743 (146/167) | Reward: 5845.0 | Episode: 261 | Qmax: 438.9600
| Coverage: 0.8443 (141/167) | Reward: 2857.0 | Episode: 262 | Qmax: 439.5303
| Coverage: 0.8503 (142/167) | Reward: 5851.0 | Episode: 263 | Qmax: 437.4076
| Coverage: 0.8144 (136/167) | Reward: 2857.0 | Episode: 264 | Qmax: 443.2076
| Coverage: 0.8443 (141/167) | Reward: 2895.0 | Episode: 265 | Qmax: 444.0820
| Coverage: 0.8263 (138/167) | Reward: 2857.0 | Episode: 266 | Qmax: 440.1246
| Coverage: 0.8323 (139/167) | Reward: 2827.0 | Episode: 267 | Qmax: 439.2174
| Coverage: 0.8263 (138/167) | Reward: 2889.0 | Episode: 268 | Qmax: 441.6795
| Coverage: 0.8263 (138/167) | Reward: 2871.0 | Episode: 269 | Qmax: 444.6209
| Coverage: 0.7904 (132/167) | Reward: 797.0 | Episode: 270 | Qmax: 450.1964
| Coverage: 0.8204 (137/167) | Reward: 2817.0 | Episode: 271 | Qmax: 444.1749
| Coverage: 0.8263 (138/167) | Reward: 2793.0 | Episode: 272 | Qmax: 440.7864
| Coverage: 0.8323 (139/167) | Reward: 2857.0 | Episode: 273 | Qmax: 448.4882
| Coverage: 0.8144 (136/167) | Reward: 2849.0 | Episode: 274 | Qmax: 450.6099
| Coverage: 0.8024 (134/167) | Reward: 2815.0 | Episode: 275 | Qmax: 454.7129
| Coverage: 0.8443 (141/167) | Reward: 2869.0 | Episode: 276 | Qmax: 458.5604
| Coverage: 0.8383 (140/167) | Reward: 2859.0 | Episode: 277 | Qmax: 459.5710
| Coverage: 0.8024 (134/167) | Reward: 2829.0 | Episode: 278 | Qmax: 457.3505
| Coverage: 0.8024 (134/167) | Reward: 2835.0 | Episode: 279 | Qmax: 459.1965
| Coverage: 0.8383 (140/167) | Reward: 2841.0 | Episode: 280 | Qmax: 467.3384
| Coverage: 0.7485 (125/167) | Reward: 243.0 | Episode: 281 | Qmax: 466.7516
| Coverage: 0.7964 (133/167) | Reward: 759.0 | Episode: 282 | Qmax: 464.2568
| Coverage: 0.7904 (132/167) | Reward: 849.0 | Episode: 283 | Qmax: 463.6307
| Coverage: 0.8144 (136/167) | Reward: 2877.0 | Episode: 284 | Qmax: 464.2556
| Coverage: 0.8443 (141/167) | Reward: 2863.0 | Episode: 285 | Qmax: 469.7246
| Coverage: 0.7964 (133/167) | Reward: 759.0 | Episode: 286 | Qmax: 475.7538
| Coverage: 0.7904 (132/167) | Reward: 797.0 | Episode: 287 | Qmax: 472.9829
| Coverage: 0.7904 (132/167) | Reward: 865.0 | Episode: 288 | Qmax: 470.9786
| Coverage: 0.7964 (133/167) | Reward: 781.0 | Episode: 289 | Qmax: 473.2105
| Coverage: 0.8024 (134/167) | Reward: 2837.0 | Episode: 290 | Qmax: 478.8642
| Coverage: 0.8024 (134/167) | Reward: 2765.0 | Episode: 291 | Qmax: 480.9260
| Coverage: 0.8263 (138/167) | Reward: 2811.0 | Episode: 292 | Qmax: 484.7096
| Coverage: 0.8323 (139/167) | Reward: 2837.0 | Episode: 293 | Qmax: 489.0118
| Coverage: 0.8204 (137/167) | Reward: 2857.0 | Episode: 294 | Qmax: 479.6553
| Coverage: 0.8144 (136/167) | Reward: 2785.0 | Episode: 295 | Qmax: 486.1739
| Coverage: 0.7964 (133/167) | Reward: 803.0 | Episode: 296 | Qmax: 483.6621
| Coverage: 0.8144 (136/167) | Reward: 2853.0 | Episode: 297 | Qmax: 481.6572
| Coverage: 0.8683 (145/167) | Reward: 5839.0 | Episode: 298 | Qmax: 478.6099
| Coverage: 0.8323 (139/167) | Reward: 2839.0 | Episode: 299 | Qmax: 485.0003
| Coverage: 0.8204 (137/167) | Reward: 2791.0 | Episode: 300 | Qmax: 490.6668
| Coverage: 0.7964 (133/167) | Reward: 823.0 | Episode: 301 | Qmax: 490.3055
| Coverage: 0.8443 (141/167) | Reward: 2827.0 | Episode: 302 | Qmax: 489.5865
| Coverage: 0.8204 (137/167) | Reward: 2819.0 | Episode: 303 | Qmax: 497.1543
| Coverage: 0.8024 (134/167) | Reward: 2843.0 | Episode: 304 | Qmax: 492.6673
| Coverage: 0.7904 (132/167) | Reward: 817.0 | Episode: 305 | Qmax: 499.2695
| Coverage: 0.8443 (141/167) | Reward: 2863.0 | Episode: 306 | Qmax: 501.1147
| Coverage: 0.8383 (140/167) | Reward: 2809.0 | Episode: 307 | Qmax: 501.8611
| Coverage: 0.8323 (139/167) | Reward: 2883.0 | Episode: 308 | Qmax: 499.8544
| Coverage: 0.8263 (138/167) | Reward: 2889.0 | Episode: 309 | Qmax: 502.2324
| Coverage: 0.7904 (132/167) | Reward: 803.0 | Episode: 310 | Qmax: 504.4613
| Coverage: 0.8383 (140/167) | Reward: 2869.0 | Episode: 311 | Qmax: 503.4514
| Coverage: 0.8263 (138/167) | Reward: 2823.0 | Episode: 312 | Qmax: 510.8356
| Coverage: 0.7844 (131/167) | Reward: 885.0 | Episode: 313 | Qmax: 514.5463
| Coverage: 0.8443 (141/167) | Reward: 2897.0 | Episode: 314 | Qmax: 511.9336
| Coverage: 0.8323 (139/167) | Reward: 2821.0 | Episode: 315 | Qmax: 513.3599
| Coverage: 0.8503 (142/167) | Reward: 5829.0 | Episode: 316 | Qmax: 512.8105
| Coverage: 0.8084 (135/167) | Reward: 2819.0 | Episode: 317 | Qmax: 519.1686
| Coverage: 0.8144 (136/167) | Reward: 2763.0 | Episode: 318 | Qmax: 521.1885
| Coverage: 0.7904 (132/167) | Reward: 761.0 | Episode: 319 | Qmax: 523.2405
| Coverage: 0.8383 (140/167) | Reward: 2847.0 | Episode: 320 | Qmax: 519.3294
| Coverage: 0.8084 (135/167) | Reward: 2835.0 | Episode: 321 | Qmax: 522.6306
| Coverage: 0.8623 (144/167) | Reward: 5831.0 | Episode: 322 | Qmax: 525.0435
| Coverage: 0.8263 (138/167) | Reward: 2815.0 | Episode: 323 | Qmax: 529.4301
| Coverage: 0.8204 (137/167) | Reward: 2799.0 | Episode: 324 | Qmax: 531.1761
| Coverage: 0.7964 (133/167) | Reward: 789.0 | Episode: 325 | Qmax: 527.2934
| Coverage: 0.7904 (132/167) | Reward: 789.0 | Episode: 326 | Qmax: 524.9849
| Coverage: 0.7964 (133/167) | Reward: 829.0 | Episode: 327 | Qmax: 527.4614
| Coverage: 0.7844 (131/167) | Reward: 837.0 | Episode: 328 | Qmax: 526.1337
| Coverage: 0.7964 (133/167) | Reward: 789.0 | Episode: 329 | Qmax: 527.7621
| Coverage: 0.7725 (129/167) | Reward: 781.0 | Episode: 330 | Qmax: 530.1191
| Coverage: 0.8383 (140/167) | Reward: 2819.0 | Episode: 331 | Qmax: 533.6590
| Coverage: 0.8204 (137/167) | Reward: 2823.0 | Episode: 332 | Qmax: 534.0701
| Coverage: 0.8024 (134/167) | Reward: 2791.0 | Episode: 333 | Qmax: 538.7295
| Coverage: 0.8024 (134/167) | Reward: 2751.0 | Episode: 334 | Qmax: 537.6331
| Coverage: 0.8204 (137/167) | Reward: 2837.0 | Episode: 335 | Qmax: 539.2510
| Coverage: 0.8623 (144/167) | Reward: 5829.0 | Episode: 336 | Qmax: 536.8904
| Coverage: 0.8383 (140/167) | Reward: 2791.0 | Episode: 337 | Qmax: 546.8889
| Coverage: 0.8383 (140/167) | Reward: 2787.0 | Episode: 338 | Qmax: 548.7483
| Coverage: 0.7964 (133/167) | Reward: 757.0 | Episode: 339 | Qmax: 543.9898
| Coverage: 0.8563 (143/167) | Reward: 5855.0 | Episode: 340 | Qmax: 542.3418
| Coverage: 0.8204 (137/167) | Reward: 2851.0 | Episode: 341 | Qmax: 545.8244
| Coverage: 0.8144 (136/167) | Reward: 2851.0 | Episode: 342 | Qmax: 545.7826
| Coverage: 0.8084 (135/167) | Reward: 2817.0 | Episode: 343 | Qmax: 545.1178
| Coverage: 0.8263 (138/167) | Reward: 2831.0 | Episode: 344 | Qmax: 556.3407
| Coverage: 0.8204 (137/167) | Reward: 2773.0 | Episode: 345 | Qmax: 554.8085
| Coverage: 0.8084 (135/167) | Reward: 2853.0 | Episode: 346 | Qmax: 550.7096
| Coverage: 0.8204 (137/167) | Reward: 2787.0 | Episode: 347 | Qmax: 551.6798
| Coverage: 0.8144 (136/167) | Reward: 2805.0 | Episode: 348 | Qmax: 553.1519
| Coverage: 0.8144 (136/167) | Reward: 2837.0 | Episode: 349 | Qmax: 553.5235
| Coverage: 0.8503 (142/167) | Reward: 5863.0 | Episode: 350 | Qmax: 561.8269
| Coverage: 0.8263 (138/167) | Reward: 2815.0 | Episode: 351 | Qmax: 571.6701
| Coverage: 0.8144 (136/167) | Reward: 2865.0 | Episode: 352 | Qmax: 562.8021
| Coverage: 0.8204 (137/167) | Reward: 2783.0 | Episode: 353 | Qmax: 563.5442
| Coverage: 0.8503 (142/167) | Reward: 5907.0 | Episode: 354 | Qmax: 561.3356
| Coverage: 0.8024 (134/167) | Reward: 2821.0 | Episode: 355 | Qmax: 564.0330
| Coverage: 0.8263 (138/167) | Reward: 2833.0 | Episode: 356 | Qmax: 566.9770
| Coverage: 0.8084 (135/167) | Reward: 2851.0 | Episode: 357 | Qmax: 563.7228
| Coverage: 0.8024 (134/167) | Reward: 2843.0 | Episode: 358 | Qmax: 563.5948
| Coverage: 0.8263 (138/167) | Reward: 2823.0 | Episode: 359 | Qmax: 567.6060
| Coverage: 0.8144 (136/167) | Reward: 2823.0 | Episode: 360 | Qmax: 570.1848
| Coverage: 0.8084 (135/167) | Reward: 2811.0 | Episode: 361 | Qmax: 571.3147
| Coverage: 0.8144 (136/167) | Reward: 2827.0 | Episode: 362 | Qmax: 567.1502
| Coverage: 0.8503 (142/167) | Reward: 5835.0 | Episode: 363 | Qmax: 566.9079
| Coverage: 0.8024 (134/167) | Reward: 2813.0 | Episode: 364 | Qmax: 576.4080
| Coverage: 0.7784 (130/167) | Reward: 827.0 | Episode: 365 | Qmax: 575.9784
| Coverage: 0.8383 (140/167) | Reward: 2845.0 | Episode: 366 | Qmax: 575.3836
| Coverage: 0.8443 (141/167) | Reward: 2863.0 | Episode: 367 | Qmax: 574.7039
| Coverage: 0.8683 (145/167) | Reward: 5859.0 | Episode: 368 | Qmax: 578.5853
| Coverage: 0.8443 (141/167) | Reward: 2835.0 | Episode: 369 | Qmax: 578.3079
| Coverage: 0.8383 (140/167) | Reward: 2887.0 | Episode: 370 | Qmax: 581.0072
| Coverage: 0.8323 (139/167) | Reward: 2837.0 | Episode: 371 | Qmax: 586.0036
| Coverage: 0.7725 (129/167) | Reward: 791.0 | Episode: 372 | Qmax: 586.3711
| Coverage: 0.8323 (139/167) | Reward: 2855.0 | Episode: 373 | Qmax: 582.8136
| Coverage: 0.8204 (137/167) | Reward: 2817.0 | Episode: 374 | Qmax: 584.0301
| Coverage: 0.8263 (138/167) | Reward: 2849.0 | Episode: 375 | Qmax: 585.1722
| Coverage: 0.8024 (134/167) | Reward: 2783.0 | Episode: 376 | Qmax: 586.1185
| Coverage: 0.8204 (137/167) | Reward: 2795.0 | Episode: 377 | Qmax: 581.8077
| Coverage: 0.8323 (139/167) | Reward: 2813.0 | Episode: 378 | Qmax: 582.3871
| Coverage: 0.8263 (138/167) | Reward: 2833.0 | Episode: 379 | Qmax: 582.6325
| Coverage: 0.8503 (142/167) | Reward: 5881.0 | Episode: 380 | Qmax: 583.2915
| Coverage: 0.8084 (135/167) | Reward: 2803.0 | Episode: 381 | Qmax: 587.0860
| Coverage: 0.8323 (139/167) | Reward: 2819.0 | Episode: 382 | Qmax: 587.6211
| Coverage: 0.8563 (143/167) | Reward: 5823.0 | Episode: 383 | Qmax: 596.8949
| Coverage: 0.8204 (137/167) | Reward: 2841.0 | Episode: 384 | Qmax: 594.5823
| Coverage: 0.8563 (143/167) | Reward: 5899.0 | Episode: 385 | Qmax: 594.5237
| Coverage: 0.8443 (141/167) | Reward: 2835.0 | Episode: 386 | Qmax: 592.4545
| Coverage: 0.7904 (132/167) | Reward: 865.0 | Episode: 387 | Qmax: 593.3861
| Coverage: 0.8144 (136/167) | Reward: 2807.0 | Episode: 388 | Qmax: 596.4551
| Coverage: 0.8503 (142/167) | Reward: 5863.0 | Episode: 389 | Qmax: 600.2830
| Coverage: 0.8503 (142/167) | Reward: 5833.0 | Episode: 390 | Qmax: 603.0695
| Coverage: 0.7844 (131/167) | Reward: 775.0 | Episode: 391 | Qmax: 603.7892
| Coverage: 0.8084 (135/167) | Reward: 2881.0 | Episode: 392 | Qmax: 605.6319
| Coverage: 0.8443 (141/167) | Reward: 2867.0 | Episode: 393 | Qmax: 601.0102
| Coverage: 0.7904 (132/167) | Reward: 825.0 | Episode: 394 | Qmax: 600.5739
| Coverage: 0.8323 (139/167) | Reward: 2875.0 | Episode: 395 | Qmax: 604.6512
| Coverage: 0.8323 (139/167) | Reward: 2819.0 | Episode: 396 | Qmax: 610.5160
| Coverage: 0.7964 (133/167) | Reward: 819.0 | Episode: 397 | Qmax: 611.1413
| Coverage: 0.8144 (136/167) | Reward: 2795.0 | Episode: 398 | Qmax: 606.6264
| Coverage: 0.8443 (141/167) | Reward: 2847.0 | Episode: 399 | Qmax: 605.1277
| Coverage: 0.8204 (137/167) | Reward: 2787.0 | Episode: 400 | Qmax: 606.4678
| Coverage: 0.8503 (142/167) | Reward: 5817.0 | Episode: 401 | Qmax: 612.6892
| Coverage: 0.7904 (132/167) | Reward: 755.0 | Episode: 402 | Qmax: 617.7630
| Coverage: 0.8024 (134/167) | Reward: 2815.0 | Episode: 403 | Qmax: 620.5027
| Coverage: 0.7904 (132/167) | Reward: 769.0 | Episode: 404 | Qmax: 618.6895
| Coverage: 0.8144 (136/167) | Reward: 2823.0 | Episode: 405 | Qmax: 611.3225
| Coverage: 0.8443 (141/167) | Reward: 2829.0 | Episode: 406 | Qmax: 618.1342
| Coverage: 0.8084 (135/167) | Reward: 2825.0 | Episode: 407 | Qmax: 625.4818
| Coverage: 0.8563 (143/167) | Reward: 5843.0 | Episode: 408 | Qmax: 625.5973
| Coverage: 0.8443 (141/167) | Reward: 2833.0 | Episode: 409 | Qmax: 624.7102
| Coverage: 0.8443 (141/167) | Reward: 2847.0 | Episode: 410 | Qmax: 621.7625
| Coverage: 0.8084 (135/167) | Reward: 2757.0 | Episode: 411 | Qmax: 626.4797
| Coverage: 0.8263 (138/167) | Reward: 2801.0 | Episode: 412 | Qmax: 633.4988
| Coverage: 0.8503 (142/167) | Reward: 5843.0 | Episode: 413 | Qmax: 634.3002
| Coverage: 0.8084 (135/167) | Reward: 2801.0 | Episode: 414 | Qmax: 628.6633
| Coverage: 0.8443 (141/167) | Reward: 2831.0 | Episode: 415 | Qmax: 631.1807
| Coverage: 0.7964 (133/167) | Reward: 797.0 | Episode: 416 | Qmax: 630.6372
| Coverage: 0.8204 (137/167) | Reward: 2801.0 | Episode: 417 | Qmax: 639.5475
| Coverage: 0.8024 (134/167) | Reward: 2855.0 | Episode: 418 | Qmax: 639.8949
| Coverage: 0.8263 (138/167) | Reward: 2809.0 | Episode: 419 | Qmax: 647.7914
| Coverage: 0.7725 (129/167) | Reward: 781.0 | Episode: 420 | Qmax: 644.1808
| Coverage: 0.8204 (137/167) | Reward: 2825.0 | Episode: 421 | Qmax: 646.3708
| Coverage: 0.8383 (140/167) | Reward: 2829.0 | Episode: 422 | Qmax: 642.4045
| Coverage: 0.7844 (131/167) | Reward: 817.0 | Episode: 423 | Qmax: 644.6557
| Coverage: 0.7964 (133/167) | Reward: 811.0 | Episode: 424 | Qmax: 641.8025
| Coverage: 0.7844 (131/167) | Reward: 813.0 | Episode: 425 | Qmax: 634.5099
| Coverage: 0.8443 (141/167) | Reward: 2849.0 | Episode: 426 | Qmax: 641.7803
| Coverage: 0.8383 (140/167) | Reward: 2819.0 | Episode: 427 | Qmax: 645.2252
| Coverage: 0.8204 (137/167) | Reward: 2891.0 | Episode: 428 | Qmax: 651.2836
| Coverage: 0.8084 (135/167) | Reward: 2789.0 | Episode: 429 | Qmax: 654.1314
| Coverage: 0.8144 (136/167) | Reward: 2819.0 | Episode: 430 | Qmax: 650.4997
| Coverage: 0.8323 (139/167) | Reward: 2863.0 | Episode: 431 | Qmax: 649.4257
| Coverage: 0.7725 (129/167) | Reward: 807.0 | Episode: 432 | Qmax: 648.8494
| Coverage: 0.8443 (141/167) | Reward: 2791.0 | Episode: 433 | Qmax: 645.3085
| Coverage: 0.8383 (140/167) | Reward: 2817.0 | Episode: 434 | Qmax: 656.6934
| Coverage: 0.8144 (136/167) | Reward: 2843.0 | Episode: 435 | Qmax: 654.2933
| Coverage: 0.8503 (142/167) | Reward: 5881.0 | Episode: 436 | Qmax: 653.4624
| Coverage: 0.8263 (138/167) | Reward: 2813.0 | Episode: 437 | Qmax: 652.5823
| Coverage: 0.8383 (140/167) | Reward: 2839.0 | Episode: 438 | Qmax: 659.4106
| Coverage: 0.8263 (138/167) | Reward: 2847.0 | Episode: 439 | Qmax: 661.4403
| Coverage: 0.8383 (140/167) | Reward: 2811.0 | Episode: 440 | Qmax: 659.6540
| Coverage: 0.8323 (139/167) | Reward: 2881.0 | Episode: 441 | Qmax: 656.7765
| Coverage: 0.7964 (133/167) | Reward: 809.0 | Episode: 442 | Qmax: 661.1271
| Coverage: 0.7784 (130/167) | Reward: 813.0 | Episode: 443 | Qmax: 660.5048
| Coverage: 0.8563 (143/167) | Reward: 5867.0 | Episode: 444 | Qmax: 659.9893
| Coverage: 0.8503 (142/167) | Reward: 5823.0 | Episode: 445 | Qmax: 659.9357
| Coverage: 0.8084 (135/167) | Reward: 2829.0 | Episode: 446 | Qmax: 659.9436
| Coverage: 0.8144 (136/167) | Reward: 2841.0 | Episode: 447 | Qmax: 664.1348
| Coverage: 0.8084 (135/167) | Reward: 2835.0 | Episode: 448 | Qmax: 664.8272
| Coverage: 0.8623 (144/167) | Reward: 5825.0 | Episode: 449 | Qmax: 670.6269
| Coverage: 0.8383 (140/167) | Reward: 2851.0 | Episode: 450 | Qmax: 670.5526
| Coverage: 0.8323 (139/167) | Reward: 2857.0 | Episode: 451 | Qmax: 663.8427
| Coverage: 0.8263 (138/167) | Reward: 2817.0 | Episode: 452 | Qmax: 666.3599
| Coverage: 0.8263 (138/167) | Reward: 2833.0 | Episode: 453 | Qmax: 668.0673
| Coverage: 0.8383 (140/167) | Reward: 2823.0 | Episode: 454 | Qmax: 666.9541
| Coverage: 0.8204 (137/167) | Reward: 2843.0 | Episode: 455 | Qmax: 668.3415
| Coverage: 0.7844 (131/167) | Reward: 811.0 | Episode: 456 | Qmax: 666.9307
| Coverage: 0.7605 (127/167) | Reward: 811.0 | Episode: 457 | Qmax: 667.9540
| Coverage: 0.8204 (137/167) | Reward: 2869.0 | Episode: 458 | Qmax: 666.3274
| Coverage: 0.8084 (135/167) | Reward: 2869.0 | Episode: 459 | Qmax: 669.7917
| Coverage: 0.7784 (130/167) | Reward: 785.0 | Episode: 460 | Qmax: 671.3447
| Coverage: 0.8024 (134/167) | Reward: 2839.0 | Episode: 461 | Qmax: 673.6142
| Coverage: 0.7904 (132/167) | Reward: 815.0 | Episode: 462 | Qmax: 672.5675
| Coverage: 0.8204 (137/167) | Reward: 2857.0 | Episode: 463 | Qmax: 670.2177
| Coverage: 0.8024 (134/167) | Reward: 2813.0 | Episode: 464 | Qmax: 672.6608
| Coverage: 0.8503 (142/167) | Reward: 5867.0 | Episode: 465 | Qmax: 674.6435
| Coverage: 0.8263 (138/167) | Reward: 2859.0 | Episode: 466 | Qmax: 677.6712
| Coverage: 0.8204 (137/167) | Reward: 2795.0 | Episode: 467 | Qmax: 678.1863
| Coverage: 0.8263 (138/167) | Reward: 2777.0 | Episode: 468 | Qmax: 677.5354
| Coverage: 0.8024 (134/167) | Reward: 2813.0 | Episode: 469 | Qmax: 682.6353
| Coverage: 0.8204 (137/167) | Reward: 2861.0 | Episode: 470 | Qmax: 680.9870
| Coverage: 0.8144 (136/167) | Reward: 2827.0 | Episode: 471 | Qmax: 680.4985
| Coverage: 0.8323 (139/167) | Reward: 2837.0 | Episode: 472 | Qmax: 689.5697
| Coverage: 0.8443 (141/167) | Reward: 2801.0 | Episode: 473 | Qmax: 682.2208
| Coverage: 0.8263 (138/167) | Reward: 2807.0 | Episode: 474 | Qmax: 685.8415
| Coverage: 0.8144 (136/167) | Reward: 2807.0 | Episode: 475 | Qmax: 686.0001
| Coverage: 0.8383 (140/167) | Reward: 2899.0 | Episode: 476 | Qmax: 681.7007
| Coverage: 0.8743 (146/167) | Reward: 5875.0 | Episode: 477 | Qmax: 682.6563
| Coverage: 0.7605 (127/167) | Reward: 791.0 | Episode: 478 | Qmax: 682.8006
| Coverage: 0.8024 (134/167) | Reward: 2815.0 | Episode: 479 | Qmax: 685.1549
| Coverage: 0.8743 (146/167) | Reward: 5851.0 | Episode: 480 | Qmax: 683.3753
| Coverage: 0.8443 (141/167) | Reward: 2867.0 | Episode: 481 | Qmax: 688.1604
| Coverage: 0.8443 (141/167) | Reward: 2835.0 | Episode: 482 | Qmax: 690.2149
| Coverage: 0.8503 (142/167) | Reward: 5853.0 | Episode: 483 | Qmax: 688.0052
| Coverage: 0.7964 (133/167) | Reward: 855.0 | Episode: 484 | Qmax: 688.0124
| Coverage: 0.8263 (138/167) | Reward: 2809.0 | Episode: 485 | Qmax: 691.8661
| Coverage: 0.8443 (141/167) | Reward: 2897.0 | Episode: 486 | Qmax: 696.3293
| Coverage: 0.7964 (133/167) | Reward: 827.0 | Episode: 487 | Qmax: 696.5200
| Coverage: 0.8443 (141/167) | Reward: 2811.0 | Episode: 488 | Qmax: 698.3450
| Coverage: 0.8144 (136/167) | Reward: 2813.0 | Episode: 489 | Qmax: 693.4983
| Coverage: 0.7844 (131/167) | Reward: 801.0 | Episode: 490 | Qmax: 691.1522
| Coverage: 0.8383 (140/167) | Reward: 2879.0 | Episode: 491 | Qmax: 694.1369
| Coverage: 0.8144 (136/167) | Reward: 2875.0 | Episode: 492 | Qmax: 692.9695
| Coverage: 0.8204 (137/167) | Reward: 2809.0 | Episode: 493 | Qmax: 695.1036
| Coverage: 0.8263 (138/167) | Reward: 2801.0 | Episode: 494 | Qmax: 697.0513
| Coverage: 0.8204 (137/167) | Reward: 2887.0 | Episode: 495 | Qmax: 699.5813
| Coverage: 0.8024 (134/167) | Reward: 2879.0 | Episode: 496 | Qmax: 701.5644
| Coverage: 0.7904 (132/167) | Reward: 855.0 | Episode: 497 | Qmax: 702.2950
| Coverage: 0.8383 (140/167) | Reward: 2859.0 | Episode: 498 | Qmax: 704.5263
| Coverage: 0.8204 (137/167) | Reward: 2795.0 | Episode: 499 | Qmax: 702.5462
| Coverage: 0.8024 (134/167) | Reward: 2847.0 | Episode: 500 | Qmax: 698.6472
| Coverage: 0.8443 (141/167) | Reward: 2805.0 | Episode: 501 | Qmax: 700.4764
| Coverage: 0.8623 (144/167) | Reward: 5839.0 | Episode: 502 | Qmax: 699.9650
| Coverage: 0.8323 (139/167) | Reward: 2845.0 | Episode: 503 | Qmax: 699.6468
| Coverage: 0.8503 (142/167) | Reward: 5791.0 | Episode: 504 | Qmax: 701.4727
| Coverage: 0.8383 (140/167) | Reward: 2835.0 | Episode: 505 | Qmax: 703.3744
| Coverage: 0.8323 (139/167) | Reward: 2847.0 | Episode: 506 | Qmax: 703.1790
| Coverage: 0.8144 (136/167) | Reward: 2801.0 | Episode: 507 | Qmax: 705.3431
| Coverage: 0.8204 (137/167) | Reward: 2837.0 | Episode: 508 | Qmax: 708.9866
| Coverage: 0.8383 (140/167) | Reward: 2821.0 | Episode: 509 | Qmax: 712.9053
| Coverage: 0.8503 (142/167) | Reward: 5853.0 | Episode: 510 | Qmax: 709.7148
| Coverage: 0.8024 (134/167) | Reward: 2809.0 | Episode: 511 | Qmax: 706.7525
| Coverage: 0.7904 (132/167) | Reward: 775.0 | Episode: 512 | Qmax: 706.7718
| Coverage: 0.7964 (133/167) | Reward: 863.0 | Episode: 513 | Qmax: 705.4589
| Coverage: 0.8144 (136/167) | Reward: 2837.0 | Episode: 514 | Qmax: 713.0760
| Coverage: 0.8024 (134/167) | Reward: 2811.0 | Episode: 515 | Qmax: 712.7455
| Coverage: 0.8084 (135/167) | Reward: 2847.0 | Episode: 516 | Qmax: 711.1090
| Coverage: 0.8144 (136/167) | Reward: 2867.0 | Episode: 517 | Qmax: 710.1435
| Coverage: 0.8084 (135/167) | Reward: 2849.0 | Episode: 518 | Qmax: 708.3855
| Coverage: 0.8383 (140/167) | Reward: 2843.0 | Episode: 519 | Qmax: 707.4501
| Coverage: 0.8084 (135/167) | Reward: 2839.0 | Episode: 520 | Qmax: 706.1788
| Coverage: 0.8383 (140/167) | Reward: 2873.0 | Episode: 521 | Qmax: 702.0758
| Coverage: 0.8503 (142/167) | Reward: 5845.0 | Episode: 522 | Qmax: 706.1464
| Coverage: 0.7844 (131/167) | Reward: 801.0 | Episode: 523 | Qmax: 707.2883
| Coverage: 0.8323 (139/167) | Reward: 2873.0 | Episode: 524 | Qmax: 710.5319
| Coverage: 0.8263 (138/167) | Reward: 2867.0 | Episode: 525 | Qmax: 706.3644
| Coverage: 0.8204 (137/167) | Reward: 2811.0 | Episode: 526 | Qmax: 710.5619
| Coverage: 0.8263 (138/167) | Reward: 2817.0 | Episode: 527 | Qmax: 709.6804
| Coverage: 0.7665 (128/167) | Reward: 821.0 | Episode: 528 | Qmax: 711.1745
| Coverage: 0.8144 (136/167) | Reward: 2789.0 | Episode: 529 | Qmax: 712.1248
| Coverage: 0.8443 (141/167) | Reward: 2845.0 | Episode: 530 | Qmax: 715.4024
| Coverage: 0.8084 (135/167) | Reward: 2813.0 | Episode: 531 | Qmax: 709.0094
| Coverage: 0.8683 (145/167) | Reward: 5813.0 | Episode: 532 | Qmax: 708.9850
| Coverage: 0.8263 (138/167) | Reward: 2815.0 | Episode: 533 | Qmax: 707.2670
| Coverage: 0.8503 (142/167) | Reward: 5859.0 | Episode: 534 | Qmax: 717.0752
| Coverage: 0.8204 (137/167) | Reward: 2797.0 | Episode: 535 | Qmax: 719.6113
| Coverage: 0.8084 (135/167) | Reward: 2895.0 | Episode: 536 | Qmax: 720.1459
| Coverage: 0.7665 (128/167) | Reward: 805.0 | Episode: 537 | Qmax: 719.5851
| Coverage: 0.8263 (138/167) | Reward: 2819.0 | Episode: 538 | Qmax: 720.2088
| Coverage: 0.8084 (135/167) | Reward: 2821.0 | Episode: 539 | Qmax: 717.9223
| Coverage: 0.8383 (140/167) | Reward: 2859.0 | Episode: 540 | Qmax: 722.1918
| Coverage: 0.8623 (144/167) | Reward: 5791.0 | Episode: 541 | Qmax: 719.9927
| Coverage: 0.8084 (135/167) | Reward: 2853.0 | Episode: 542 | Qmax: 720.7599
| Coverage: 0.8204 (137/167) | Reward: 2843.0 | Episode: 543 | Qmax: 724.1919
| Coverage: 0.8443 (141/167) | Reward: 2853.0 | Episode: 544 | Qmax: 727.7194
| Coverage: 0.8443 (141/167) | Reward: 2865.0 | Episode: 545 | Qmax: 724.3733
| Coverage: 0.8323 (139/167) | Reward: 2861.0 | Episode: 546 | Qmax: 719.0599
| Coverage: 0.8084 (135/167) | Reward: 2835.0 | Episode: 547 | Qmax: 719.5889
| Coverage: 0.7665 (128/167) | Reward: 839.0 | Episode: 548 | Qmax: 722.7946
| Coverage: 0.8443 (141/167) | Reward: 2849.0 | Episode: 549 | Qmax: 723.5556
| Coverage: 0.8443 (141/167) | Reward: 2841.0 | Episode: 550 | Qmax: 723.3849
| Coverage: 0.8323 (139/167) | Reward: 2859.0 | Episode: 551 | Qmax: 721.1362
| Coverage: 0.8323 (139/167) | Reward: 2869.0 | Episode: 552 | Qmax: 719.9277
| Coverage: 0.8204 (137/167) | Reward: 2841.0 | Episode: 553 | Qmax: 723.6914
| Coverage: 0.8623 (144/167) | Reward: 5873.0 | Episode: 554 | Qmax: 724.3581
| Coverage: 0.7904 (132/167) | Reward: 811.0 | Episode: 555 | Qmax: 724.1452
| Coverage: 0.8084 (135/167) | Reward: 2853.0 | Episode: 556 | Qmax: 724.5596
| Coverage: 0.8263 (138/167) | Reward: 2829.0 | Episode: 557 | Qmax: 728.3997
| Coverage: 0.7904 (132/167) | Reward: 797.0 | Episode: 558 | Qmax: 723.4459
| Coverage: 0.7844 (131/167) | Reward: 773.0 | Episode: 559 | Qmax: 726.6351
| Coverage: 0.8383 (140/167) | Reward: 2863.0 | Episode: 560 | Qmax: 729.7989
| Coverage: 0.8144 (136/167) | Reward: 2807.0 | Episode: 561 | Qmax: 731.1234
| Coverage: 0.7964 (133/167) | Reward: 787.0 | Episode: 562 | Qmax: 731.2146
| Coverage: 0.8503 (142/167) | Reward: 5835.0 | Episode: 563 | Qmax: 732.5347
| Coverage: 0.7904 (132/167) | Reward: 823.0 | Episode: 564 | Qmax: 735.5077
| Coverage: 0.8383 (140/167) | Reward: 2833.0 | Episode: 565 | Qmax: 732.9278
| Coverage: 0.7784 (130/167) | Reward: 753.0 | Episode: 566 | Qmax: 729.1139
| Coverage: 0.8323 (139/167) | Reward: 2859.0 | Episode: 567 | Qmax: 731.5994
| Coverage: 0.8084 (135/167) | Reward: 2823.0 | Episode: 568 | Qmax: 734.5970
| Coverage: 0.7365 (123/167) | Reward: 327.0 | Episode: 569 | Qmax: 737.6379
| Coverage: 0.7964 (133/167) | Reward: 837.0 | Episode: 570 | Qmax: 732.5689
| Coverage: 0.8263 (138/167) | Reward: 2847.0 | Episode: 571 | Qmax: 735.0047
| Coverage: 0.8144 (136/167) | Reward: 2847.0 | Episode: 572 | Qmax: 732.3833
| Coverage: 0.8323 (139/167) | Reward: 2857.0 | Episode: 573 | Qmax: 737.6199
| Coverage: 0.8084 (135/167) | Reward: 2857.0 | Episode: 574 | Qmax: 732.5975
| Coverage: 0.7964 (133/167) | Reward: 803.0 | Episode: 575 | Qmax: 738.1125
| Coverage: 0.8084 (135/167) | Reward: 2809.0 | Episode: 576 | Qmax: 743.1373
| Coverage: 0.8323 (139/167) | Reward: 2855.0 | Episode: 577 | Qmax: 740.2462
| Coverage: 0.8204 (137/167) | Reward: 2819.0 | Episode: 578 | Qmax: 745.4487
| Coverage: 0.8204 (137/167) | Reward: 2847.0 | Episode: 579 | Qmax: 741.2660
| Coverage: 0.7964 (133/167) | Reward: 817.0 | Episode: 580 | Qmax: 739.7511
| Coverage: 0.8024 (134/167) | Reward: 2869.0 | Episode: 581 | Qmax: 735.7430
| Coverage: 0.8263 (138/167) | Reward: 2865.0 | Episode: 582 | Qmax: 739.1288
| Coverage: 0.7904 (132/167) | Reward: 827.0 | Episode: 583 | Qmax: 739.2113
| Coverage: 0.7784 (130/167) | Reward: 841.0 | Episode: 584 | Qmax: 737.4059
| Coverage: 0.7964 (133/167) | Reward: 839.0 | Episode: 585 | Qmax: 743.1581
| Coverage: 0.7665 (128/167) | Reward: 837.0 | Episode: 586 | Qmax: 746.1121
| Coverage: 0.8323 (139/167) | Reward: 2851.0 | Episode: 587 | Qmax: 743.1137
| Coverage: 0.7605 (127/167) | Reward: 839.0 | Episode: 588 | Qmax: 739.7932
| Coverage: 0.8084 (135/167) | Reward: 2847.0 | Episode: 589 | Qmax: 738.2775
| Coverage: 0.8084 (135/167) | Reward: 2877.0 | Episode: 590 | Qmax: 737.4815
| Coverage: 0.8084 (135/167) | Reward: 2803.0 | Episode: 591 | Qmax: 743.8027
| Coverage: 0.8144 (136/167) | Reward: 2857.0 | Episode: 592 | Qmax: 736.4927
| Coverage: 0.7844 (131/167) | Reward: 827.0 | Episode: 593 | Qmax: 735.8740
| Coverage: 0.8323 (139/167) | Reward: 2843.0 | Episode: 594 | Qmax: 742.2409
| Coverage: 0.7485 (125/167) | Reward: 335.0 | Episode: 595 | Qmax: 745.4272
| Coverage: 0.8024 (134/167) | Reward: 2827.0 | Episode: 596 | Qmax: 745.8058
| Coverage: 0.8084 (135/167) | Reward: 2819.0 | Episode: 597 | Qmax: 742.1419
| Coverage: 0.8323 (139/167) | Reward: 2831.0 | Episode: 598 | Qmax: 740.6191
| Coverage: 0.7784 (130/167) | Reward: 847.0 | Episode: 599 | Qmax: 744.2523
| Coverage: 0.7844 (131/167) | Reward: 837.0 | Episode: 600 | Qmax: 745.9036
| Coverage: 0.8084 (135/167) | Reward: 2789.0 | Episode: 601 | Qmax: 750.7934
| Coverage: 0.7964 (133/167) | Reward: 859.0 | Episode: 602 | Qmax: 743.2303
| Coverage: 0.7844 (131/167) | Reward: 843.0 | Episode: 603 | Qmax: 742.3594
| Coverage: 0.8024 (134/167) | Reward: 2881.0 | Episode: 604 | Qmax: 744.1329
| Coverage: 0.8144 (136/167) | Reward: 2835.0 | Episode: 605 | Qmax: 743.3013
| Coverage: 0.7784 (130/167) | Reward: 851.0 | Episode: 606 | Qmax: 742.5656
| Coverage: 0.8204 (137/167) | Reward: 2815.0 | Episode: 607 | Qmax: 740.6642
| Coverage: 0.7964 (133/167) | Reward: 835.0 | Episode: 608 | Qmax: 746.2504
| Coverage: 0.7904 (132/167) | Reward: 793.0 | Episode: 609 | Qmax: 741.1894
| Coverage: 0.8263 (138/167) | Reward: 2843.0 | Episode: 610 | Qmax: 741.0717
| Coverage: 0.8084 (135/167) | Reward: 2825.0 | Episode: 611 | Qmax: 747.7971
| Coverage: 0.8144 (136/167) | Reward: 2819.0 | Episode: 612 | Qmax: 749.9751
| Coverage: 0.8144 (136/167) | Reward: 2857.0 | Episode: 613 | Qmax: 744.7350
| Coverage: 0.7844 (131/167) | Reward: 795.0 | Episode: 614 | Qmax: 744.1329
| Coverage: 0.7784 (130/167) | Reward: 849.0 | Episode: 615 | Qmax: 740.5370
| Coverage: 0.8383 (140/167) | Reward: 2791.0 | Episode: 616 | Qmax: 740.6340
| Coverage: 0.8084 (135/167) | Reward: 2817.0 | Episode: 617 | Qmax: 743.7742
| Coverage: 0.8263 (138/167) | Reward: 2837.0 | Episode: 618 | Qmax: 743.4343
| Coverage: 0.8084 (135/167) | Reward: 2837.0 | Episode: 619 | Qmax: 741.2056
| Coverage: 0.8383 (140/167) | Reward: 2837.0 | Episode: 620 | Qmax: 743.0313
| Coverage: 0.8383 (140/167) | Reward: 2825.0 | Episode: 621 | Qmax: 750.3618
| Coverage: 0.8503 (142/167) | Reward: 5837.0 | Episode: 622 | Qmax: 744.7866
| Coverage: 0.8144 (136/167) | Reward: 2807.0 | Episode: 623 | Qmax: 747.6208
| Coverage: 0.8024 (134/167) | Reward: 2831.0 | Episode: 624 | Qmax: 749.3227
| Coverage: 0.7904 (132/167) | Reward: 837.0 | Episode: 625 | Qmax: 747.2122
| Coverage: 0.8084 (135/167) | Reward: 2801.0 | Episode: 626 | Qmax: 749.2587
| Coverage: 0.8263 (138/167) | Reward: 2787.0 | Episode: 627 | Qmax: 751.5034
| Coverage: 0.8084 (135/167) | Reward: 2767.0 | Episode: 628 | Qmax: 745.2386
| Coverage: 0.8144 (136/167) | Reward: 2831.0 | Episode: 629 | Qmax: 744.7178
| Coverage: 0.7844 (131/167) | Reward: 811.0 | Episode: 630 | Qmax: 748.6767
| Coverage: 0.7904 (132/167) | Reward: 863.0 | Episode: 631 | Qmax: 755.9180
| Coverage: 0.7904 (132/167) | Reward: 853.0 | Episode: 632 | Qmax: 755.6295
| Coverage: 0.7665 (128/167) | Reward: 839.0 | Episode: 633 | Qmax: 753.7003
| Coverage: 0.8323 (139/167) | Reward: 2859.0 | Episode: 634 | Qmax: 751.2140
| Coverage: 0.7964 (133/167) | Reward: 839.0 | Episode: 635 | Qmax: 753.1801
| Coverage: 0.8084 (135/167) | Reward: 2823.0 | Episode: 636 | Qmax: 752.6540
| Coverage: 0.8084 (135/167) | Reward: 2849.0 | Episode: 637 | Qmax: 752.2664
| Coverage: 0.8323 (139/167) | Reward: 2813.0 | Episode: 638 | Qmax: 750.0447
| Coverage: 0.8024 (134/167) | Reward: 2801.0 | Episode: 639 | Qmax: 747.1426
| Coverage: 0.8503 (142/167) | Reward: 5859.0 | Episode: 640 | Qmax: 749.5677
| Coverage: 0.7844 (131/167) | Reward: 813.0 | Episode: 641 | Qmax: 749.8986
| Coverage: 0.8443 (141/167) | Reward: 2859.0 | Episode: 642 | Qmax: 748.4794
| Coverage: 0.8443 (141/167) | Reward: 2875.0 | Episode: 643 | Qmax: 746.9450
| Coverage: 0.8084 (135/167) | Reward: 2845.0 | Episode: 644 | Qmax: 750.0161
| Coverage: 0.8263 (138/167) | Reward: 2829.0 | Episode: 645 | Qmax: 752.8718
| Coverage: 0.8383 (140/167) | Reward: 2831.0 | Episode: 646 | Qmax: 752.3283
| Coverage: 0.7964 (133/167) | Reward: 777.0 | Episode: 647 | Qmax: 753.2135
| Coverage: 0.8204 (137/167) | Reward: 2809.0 | Episode: 648 | Qmax: 752.3360
| Coverage: 0.8204 (137/167) | Reward: 2875.0 | Episode: 649 | Qmax: 750.4005
| Coverage: 0.8263 (138/167) | Reward: 2809.0 | Episode: 650 | Qmax: 749.1610
| Coverage: 0.8503 (142/167) | Reward: 5861.0 | Episode: 651 | Qmax: 744.4765
| Coverage: 0.8144 (136/167) | Reward: 2841.0 | Episode: 652 | Qmax: 744.6345
| Coverage: 0.7545 (125/167) | Reward: 733.0 | Episode: 653 | Qmax: 749.6637
| Coverage: 0.8323 (139/167) | Reward: 2791.0 | Episode: 654 | Qmax: 746.8979
| Coverage: 0.7964 (133/167) | Reward: 817.0 | Episode: 655 | Qmax: 744.7392
| Coverage: 0.8144 (136/167) | Reward: 2795.0 | Episode: 656 | Qmax: 741.5416
| Coverage: 0.8144 (136/167) | Reward: 2835.0 | Episode: 657 | Qmax: 741.8412
| Coverage: 0.8383 (140/167) | Reward: 2839.0 | Episode: 658 | Qmax: 744.4125
| Coverage: 0.8204 (137/167) | Reward: 2799.0 | Episode: 659 | Qmax: 748.4946
| Coverage: 0.7844 (131/167) | Reward: 833.0 | Episode: 660 | Qmax: 751.6351
| Coverage: 0.8024 (134/167) | Reward: 2827.0 | Episode: 661 | Qmax: 752.0328
| Coverage: 0.8144 (136/167) | Reward: 2861.0 | Episode: 662 | Qmax: 755.2708
| Coverage: 0.8323 (139/167) | Reward: 2877.0 | Episode: 663 | Qmax: 754.1068
| Coverage: 0.8383 (140/167) | Reward: 2869.0 | Episode: 664 | Qmax: 748.7335
| Coverage: 0.7964 (133/167) | Reward: 789.0 | Episode: 665 | Qmax: 749.3132
| Coverage: 0.8144 (136/167) | Reward: 2829.0 | Episode: 666 | Qmax: 751.0178
| Coverage: 0.8144 (136/167) | Reward: 2821.0 | Episode: 667 | Qmax: 750.4005
| Coverage: 0.8084 (135/167) | Reward: 2815.0 | Episode: 668 | Qmax: 752.5777
| Coverage: 0.7904 (132/167) | Reward: 859.0 | Episode: 669 | Qmax: 750.9934
| Coverage: 0.7784 (130/167) | Reward: 825.0 | Episode: 670 | Qmax: 749.8574
| Coverage: 0.8204 (137/167) | Reward: 2837.0 | Episode: 671 | Qmax: 753.4805
| Coverage: 0.8204 (137/167) | Reward: 2831.0 | Episode: 672 | Qmax: 755.2882
| Coverage: 0.7904 (132/167) | Reward: 809.0 | Episode: 673 | Qmax: 749.3930
| Coverage: 0.8204 (137/167) | Reward: 2775.0 | Episode: 674 | Qmax: 747.1837
| Coverage: 0.8263 (138/167) | Reward: 2819.0 | Episode: 675 | Qmax: 750.6330
| Coverage: 0.7904 (132/167) | Reward: 811.0 | Episode: 676 | Qmax: 748.3846
| Coverage: 0.7904 (132/167) | Reward: 801.0 | Episode: 677 | Qmax: 748.2638
| Coverage: 0.7784 (130/167) | Reward: 795.0 | Episode: 678 | Qmax: 753.8365
| Coverage: 0.8323 (139/167) | Reward: 2835.0 | Episode: 679 | Qmax: 755.7656
| Coverage: 0.8084 (135/167) | Reward: 2771.0 | Episode: 680 | Qmax: 753.8839
| Coverage: 0.8263 (138/167) | Reward: 2863.0 | Episode: 681 | Qmax: 752.5009
| Coverage: 0.8443 (141/167) | Reward: 2835.0 | Episode: 682 | Qmax: 753.2459
| Coverage: 0.8144 (136/167) | Reward: 2821.0 | Episode: 683 | Qmax: 758.6080
| Coverage: 0.8204 (137/167) | Reward: 2875.0 | Episode: 684 | Qmax: 757.8209
| Coverage: 0.8084 (135/167) | Reward: 2829.0 | Episode: 685 | Qmax: 755.4702
| Coverage: 0.8263 (138/167) | Reward: 2829.0 | Episode: 686 | Qmax: 754.9614
| Coverage: 0.8263 (138/167) | Reward: 2847.0 | Episode: 687 | Qmax: 754.0051
| Coverage: 0.8204 (137/167) | Reward: 2849.0 | Episode: 688 | Qmax: 757.0706
| Coverage: 0.8443 (141/167) | Reward: 2847.0 | Episode: 689 | Qmax: 758.3079
| Coverage: 0.8323 (139/167) | Reward: 2863.0 | Episode: 690 | Qmax: 756.0945
| Coverage: 0.7904 (132/167) | Reward: 779.0 | Episode: 691 | Qmax: 756.8078
| Coverage: 0.8323 (139/167) | Reward: 2837.0 | Episode: 692 | Qmax: 753.6246
| Coverage: 0.7425 (124/167) | Reward: 329.0 | Episode: 693 | Qmax: 755.7049
| Coverage: 0.8084 (135/167) | Reward: 2825.0 | Episode: 694 | Qmax: 756.1542
| Coverage: 0.7964 (133/167) | Reward: 863.0 | Episode: 695 | Qmax: 757.2058
| Coverage: 0.8084 (135/167) | Reward: 2849.0 | Episode: 696 | Qmax: 755.5287
| Coverage: 0.7844 (131/167) | Reward: 825.0 | Episode: 697 | Qmax: 756.2996
| Coverage: 0.8204 (137/167) | Reward: 2813.0 | Episode: 698 | Qmax: 760.7960
| Coverage: 0.8144 (136/167) | Reward: 2865.0 | Episode: 699 | Qmax: 755.7390
| Coverage: 0.8323 (139/167) | Reward: 2797.0 | Episode: 700 | Qmax: 757.7416
| Coverage: 0.8084 (135/167) | Reward: 2807.0 | Episode: 701 | Qmax: 757.0782
| Coverage: 0.8503 (142/167) | Reward: 5855.0 | Episode: 702 | Qmax: 755.2761
| Coverage: 0.8743 (146/167) | Reward: 5835.0 | Episode: 703 | Qmax: 755.1548
| Coverage: 0.8263 (138/167) | Reward: 2805.0 | Episode: 704 | Qmax: 754.7208
| Coverage: 0.8204 (137/167) | Reward: 2819.0 | Episode: 705 | Qmax: 754.1770
| Coverage: 0.8323 (139/167) | Reward: 2833.0 | Episode: 706 | Qmax: 750.6552
| Coverage: 0.8443 (141/167) | Reward: 2831.0 | Episode: 707 | Qmax: 750.1061
| Coverage: 0.8204 (137/167) | Reward: 2815.0 | Episode: 708 | Qmax: 752.4228
| Coverage: 0.7964 (133/167) | Reward: 867.0 | Episode: 709 | Qmax: 752.7248
| Coverage: 0.8263 (138/167) | Reward: 2841.0 | Episode: 710 | Qmax: 756.2521
| Coverage: 0.8383 (140/167) | Reward: 2853.0 | Episode: 711 | Qmax: 750.4907
| Coverage: 0.8084 (135/167) | Reward: 2829.0 | Episode: 712 | Qmax: 752.9973
| Coverage: 0.7844 (131/167) | Reward: 757.0 | Episode: 713 | Qmax: 751.6798
| Coverage: 0.8383 (140/167) | Reward: 2815.0 | Episode: 714 | Qmax: 753.1448
| Coverage: 0.7904 (132/167) | Reward: 751.0 | Episode: 715 | Qmax: 755.4053
| Coverage: 0.8144 (136/167) | Reward: 2839.0 | Episode: 716 | Qmax: 747.8499
| Coverage: 0.8443 (141/167) | Reward: 2911.0 | Episode: 717 | Qmax: 755.5213
| Coverage: 0.8084 (135/167) | Reward: 2779.0 | Episode: 718 | Qmax: 751.1298
| Coverage: 0.7665 (128/167) | Reward: 835.0 | Episode: 719 | Qmax: 747.7493
| Coverage: 0.7784 (130/167) | Reward: 803.0 | Episode: 720 | Qmax: 747.5239
| Coverage: 0.8323 (139/167) | Reward: 2841.0 | Episode: 721 | Qmax: 750.8501
| Coverage: 0.7904 (132/167) | Reward: 891.0 | Episode: 722 | Qmax: 749.4605
| Coverage: 0.8204 (137/167) | Reward: 2767.0 | Episode: 723 | Qmax: 749.3947
| Coverage: 0.8144 (136/167) | Reward: 2779.0 | Episode: 724 | Qmax: 749.7114
| Coverage: 0.8024 (134/167) | Reward: 2849.0 | Episode: 725 | Qmax: 746.1388
| Coverage: 0.8024 (134/167) | Reward: 2825.0 | Episode: 726 | Qmax: 748.2321
| Coverage: 0.8204 (137/167) | Reward: 2813.0 | Episode: 727 | Qmax: 753.5776
| Coverage: 0.8024 (134/167) | Reward: 2817.0 | Episode: 728 | Qmax: 755.8736
| Coverage: 0.8144 (136/167) | Reward: 2837.0 | Episode: 729 | Qmax: 756.3965
| Coverage: 0.8263 (138/167) | Reward: 2851.0 | Episode: 730 | Qmax: 750.6612
| Coverage: 0.8204 (137/167) | Reward: 2839.0 | Episode: 731 | Qmax: 750.5886
| Coverage: 0.7844 (131/167) | Reward: 829.0 | Episode: 732 | Qmax: 751.8796
| Coverage: 0.8144 (136/167) | Reward: 2849.0 | Episode: 733 | Qmax: 749.8541
| Coverage: 0.8263 (138/167) | Reward: 2781.0 | Episode: 734 | Qmax: 750.8837
| Coverage: 0.8443 (141/167) | Reward: 2839.0 | Episode: 735 | Qmax: 746.8762
| Coverage: 0.8024 (134/167) | Reward: 2823.0 | Episode: 736 | Qmax: 744.6829
| Coverage: 0.8263 (138/167) | Reward: 2825.0 | Episode: 737 | Qmax: 750.0770
| Coverage: 0.7904 (132/167) | Reward: 867.0 | Episode: 738 | Qmax: 748.5153
| Coverage: 0.7365 (123/167) | Reward: 255.0 | Episode: 739 | Qmax: 749.5043
| Coverage: 0.8263 (138/167) | Reward: 2825.0 | Episode: 740 | Qmax: 751.2028
| Coverage: 0.7844 (131/167) | Reward: 753.0 | Episode: 741 | Qmax: 754.3400
| Coverage: 0.7784 (130/167) | Reward: 797.0 | Episode: 742 | Qmax: 757.6521
| Coverage: 0.7904 (132/167) | Reward: 789.0 | Episode: 743 | Qmax: 755.3405
| Coverage: 0.8024 (134/167) | Reward: 2783.0 | Episode: 744 | Qmax: 754.3442
| Coverage: 0.8024 (134/167) | Reward: 2791.0 | Episode: 745 | Qmax: 750.6926
| Coverage: 0.8443 (141/167) | Reward: 2793.0 | Episode: 746 | Qmax: 750.2047
| Coverage: 0.7844 (131/167) | Reward: 767.0 | Episode: 747 | Qmax: 747.3631
| Coverage: 0.7844 (131/167) | Reward: 791.0 | Episode: 748 | Qmax: 751.8362
| Coverage: 0.7844 (131/167) | Reward: 827.0 | Episode: 749 | Qmax: 753.6354
| Coverage: 0.8024 (134/167) | Reward: 2875.0 | Episode: 750 | Qmax: 754.1299
| Coverage: 0.8204 (137/167) | Reward: 2809.0 | Episode: 751 | Qmax: 755.3873
| Coverage: 0.7964 (133/167) | Reward: 853.0 | Episode: 752 | Qmax: 753.7844
| Coverage: 0.8024 (134/167) | Reward: 2835.0 | Episode: 753 | Qmax: 749.1085
| Coverage: 0.8323 (139/167) | Reward: 2857.0 | Episode: 754 | Qmax: 751.8377
| Coverage: 0.8263 (138/167) | Reward: 2847.0 | Episode: 755 | Qmax: 747.6804
| Coverage: 0.7725 (129/167) | Reward: 837.0 | Episode: 756 | Qmax: 754.2221
| Coverage: 0.7964 (133/167) | Reward: 847.0 | Episode: 757 | Qmax: 753.8234
| Coverage: 0.7964 (133/167) | Reward: 867.0 | Episode: 758 | Qmax: 760.9829
| Coverage: 0.7545 (125/167) | Reward: 813.0 | Episode: 759 | Qmax: 759.9118
| Coverage: 0.8383 (140/167) | Reward: 2873.0 | Episode: 760 | Qmax: 754.9164
| Coverage: 0.8443 (141/167) | Reward: 2853.0 | Episode: 761 | Qmax: 754.2465
| Coverage: 0.8263 (138/167) | Reward: 2853.0 | Episode: 762 | Qmax: 753.4732
| Coverage: 0.8503 (142/167) | Reward: 5879.0 | Episode: 763 | Qmax: 757.0072
| Coverage: 0.8563 (143/167) | Reward: 5895.0 | Episode: 764 | Qmax: 754.7087
| Coverage: 0.7904 (132/167) | Reward: 769.0 | Episode: 765 | Qmax: 758.7866
| Coverage: 0.8263 (138/167) | Reward: 2879.0 | Episode: 766 | Qmax: 760.9215
| Coverage: 0.7964 (133/167) | Reward: 769.0 | Episode: 767 | Qmax: 759.5946
| Coverage: 0.8204 (137/167) | Reward: 2805.0 | Episode: 768 | Qmax: 756.5208
| Coverage: 0.8024 (134/167) | Reward: 2793.0 | Episode: 769 | Qmax: 759.3680
| Coverage: 0.8204 (137/167) | Reward: 2819.0 | Episode: 770 | Qmax: 756.4973
| Coverage: 0.8323 (139/167) | Reward: 2897.0 | Episode: 771 | Qmax: 759.8589
| Coverage: 0.8144 (136/167) | Reward: 2829.0 | Episode: 772 | Qmax: 758.4290
| Coverage: 0.8383 (140/167) | Reward: 2879.0 | Episode: 773 | Qmax: 758.8711
| Coverage: 0.8263 (138/167) | Reward: 2867.0 | Episode: 774 | Qmax: 761.1972
| Coverage: 0.7904 (132/167) | Reward: 861.0 | Episode: 775 | Qmax: 756.5463
| Coverage: 0.8323 (139/167) | Reward: 2841.0 | Episode: 776 | Qmax: 753.1055
| Coverage: 0.7964 (133/167) | Reward: 823.0 | Episode: 777 | Qmax: 750.4939
| Coverage: 0.8443 (141/167) | Reward: 2857.0 | Episode: 778 | Qmax: 752.6255
| Coverage: 0.8383 (140/167) | Reward: 2869.0 | Episode: 779 | Qmax: 753.2843
| Coverage: 0.8144 (136/167) | Reward: 2823.0 | Episode: 780 | Qmax: 750.0326
| Coverage: 0.8144 (136/167) | Reward: 2809.0 | Episode: 781 | Qmax: 750.0790
| Coverage: 0.8204 (137/167) | Reward: 2819.0 | Episode: 782 | Qmax: 750.2615
| Coverage: 0.7844 (131/167) | Reward: 755.0 | Episode: 783 | Qmax: 752.4669
| Coverage: 0.8443 (141/167) | Reward: 2883.0 | Episode: 784 | Qmax: 757.3490
| Coverage: 0.8263 (138/167) | Reward: 2809.0 | Episode: 785 | Qmax: 749.8295
| Coverage: 0.8383 (140/167) | Reward: 2875.0 | Episode: 786 | Qmax: 753.8865
| Coverage: 0.8443 (141/167) | Reward: 2897.0 | Episode: 787 | Qmax: 753.5488
| Coverage: 0.7964 (133/167) | Reward: 861.0 | Episode: 788 | Qmax: 755.4726
| Coverage: 0.8084 (135/167) | Reward: 2837.0 | Episode: 789 | Qmax: 757.2852
| Coverage: 0.8204 (137/167) | Reward: 2785.0 | Episode: 790 | Qmax: 756.2807
| Coverage: 0.8323 (139/167) | Reward: 2831.0 | Episode: 791 | Qmax: 758.3592
| Coverage: 0.8623 (144/167) | Reward: 5885.0 | Episode: 792 | Qmax: 755.5746
| Coverage: 0.8024 (134/167) | Reward: 2785.0 | Episode: 793 | Qmax: 754.9363
| Coverage: 0.8443 (141/167) | Reward: 2877.0 | Episode: 794 | Qmax: 761.4222
| Coverage: 0.8204 (137/167) | Reward: 2801.0 | Episode: 795 | Qmax: 759.5865
| Coverage: 0.8144 (136/167) | Reward: 2883.0 | Episode: 796 | Qmax: 758.3419
| Coverage: 0.8144 (136/167) | Reward: 2809.0 | Episode: 797 | Qmax: 759.8192
| Coverage: 0.8024 (134/167) | Reward: 2859.0 | Episode: 798 | Qmax: 762.5627
| Coverage: 0.8383 (140/167) | Reward: 2825.0 | Episode: 799 | Qmax: 765.1583
| Coverage: 0.8024 (134/167) | Reward: 2833.0 | Episode: 800 | Qmax: 767.7368
| Coverage: 0.8144 (136/167) | Reward: 2823.0 | Episode: 801 | Qmax: 761.1001
| Coverage: 0.8263 (138/167) | Reward: 2861.0 | Episode: 802 | Qmax: 760.5264
| Coverage: 0.8204 (137/167) | Reward: 2769.0 | Episode: 803 | Qmax: 760.9211
| Coverage: 0.7964 (133/167) | Reward: 801.0 | Episode: 804 | Qmax: 759.9807
| Coverage: 0.7964 (133/167) | Reward: 739.0 | Episode: 805 | Qmax: 761.1168
| Coverage: 0.8024 (134/167) | Reward: 2821.0 | Episode: 806 | Qmax: 764.0421
| Coverage: 0.8443 (141/167) | Reward: 2847.0 | Episode: 807 | Qmax: 768.8939
| Coverage: 0.7844 (131/167) | Reward: 823.0 | Episode: 808 | Qmax: 761.4231
| Coverage: 0.8323 (139/167) | Reward: 2821.0 | Episode: 809 | Qmax: 757.9632
| Coverage: 0.7964 (133/167) | Reward: 785.0 | Episode: 810 | Qmax: 754.4452
| Coverage: 0.8383 (140/167) | Reward: 2887.0 | Episode: 811 | Qmax: 754.9018
| Coverage: 0.8204 (137/167) | Reward: 2821.0 | Episode: 812 | Qmax: 750.8262
| Coverage: 0.8443 (141/167) | Reward: 2859.0 | Episode: 813 | Qmax: 757.0058
| Coverage: 0.8204 (137/167) | Reward: 2827.0 | Episode: 814 | Qmax: 759.9691
| Coverage: 0.8563 (143/167) | Reward: 5841.0 | Episode: 815 | Qmax: 760.5340
| Coverage: 0.8204 (137/167) | Reward: 2831.0 | Episode: 816 | Qmax: 758.0144
| Coverage: 0.8204 (137/167) | Reward: 2817.0 | Episode: 817 | Qmax: 754.7256
| Coverage: 0.8623 (144/167) | Reward: 5835.0 | Episode: 818 | Qmax: 756.3033
| Coverage: 0.7964 (133/167) | Reward: 877.0 | Episode: 819 | Qmax: 757.2295
| Coverage: 0.8323 (139/167) | Reward: 2829.0 | Episode: 820 | Qmax: 763.2592
| Coverage: 0.8204 (137/167) | Reward: 2893.0 | Episode: 821 | Qmax: 759.9470
| Coverage: 0.8263 (138/167) | Reward: 2841.0 | Episode: 822 | Qmax: 761.2087
| Coverage: 0.8383 (140/167) | Reward: 2925.0 | Episode: 823 | Qmax: 761.0330
| Coverage: 0.8563 (143/167) | Reward: 5861.0 | Episode: 824 | Qmax: 757.8335
| Coverage: 0.7964 (133/167) | Reward: 821.0 | Episode: 825 | Qmax: 759.6243
| Coverage: 0.8204 (137/167) | Reward: 2837.0 | Episode: 826 | Qmax: 758.4364
| Coverage: 0.8144 (136/167) | Reward: 2801.0 | Episode: 827 | Qmax: 755.9660
| Coverage: 0.8144 (136/167) | Reward: 2873.0 | Episode: 828 | Qmax: 759.3700
| Coverage: 0.8323 (139/167) | Reward: 2847.0 | Episode: 829 | Qmax: 757.0138
| Coverage: 0.8084 (135/167) | Reward: 2881.0 | Episode: 830 | Qmax: 758.5976
| Coverage: 0.8084 (135/167) | Reward: 2831.0 | Episode: 831 | Qmax: 757.9409
| Coverage: 0.8084 (135/167) | Reward: 2871.0 | Episode: 832 | Qmax: 758.7441
| Coverage: 0.8503 (142/167) | Reward: 5847.0 | Episode: 833 | Qmax: 763.6854
| Coverage: 0.8683 (145/167) | Reward: 5845.0 | Episode: 834 | Qmax: 761.7647
| Coverage: 0.8383 (140/167) | Reward: 2853.0 | Episode: 835 | Qmax: 762.0528
| Coverage: 0.8084 (135/167) | Reward: 2815.0 | Episode: 836 | Qmax: 760.4600
| Coverage: 0.7964 (133/167) | Reward: 815.0 | Episode: 837 | Qmax: 759.2100
| Coverage: 0.7665 (128/167) | Reward: 803.0 | Episode: 838 | Qmax: 761.5522
| Coverage: 0.8263 (138/167) | Reward: 2849.0 | Episode: 839 | Qmax: 762.4607
| Coverage: 0.8443 (141/167) | Reward: 2849.0 | Episode: 840 | Qmax: 759.9871
| Coverage: 0.8443 (141/167) | Reward: 2865.0 | Episode: 841 | Qmax: 759.3382
| Coverage: 0.8263 (138/167) | Reward: 2877.0 | Episode: 842 | Qmax: 758.4931
| Coverage: 0.8263 (138/167) | Reward: 2797.0 | Episode: 843 | Qmax: 759.6983
| Coverage: 0.8383 (140/167) | Reward: 2881.0 | Episode: 844 | Qmax: 762.2551
| Coverage: 0.8623 (144/167) | Reward: 5833.0 | Episode: 845 | Qmax: 762.1339
| Coverage: 0.8024 (134/167) | Reward: 2833.0 | Episode: 846 | Qmax: 765.5253
| Coverage: 0.8443 (141/167) | Reward: 2843.0 | Episode: 847 | Qmax: 765.2842
| Coverage: 0.8204 (137/167) | Reward: 2809.0 | Episode: 848 | Qmax: 763.7202
| Coverage: 0.7605 (127/167) | Reward: 781.0 | Episode: 849 | Qmax: 762.9247
| Coverage: 0.8204 (137/167) | Reward: 2891.0 | Episode: 850 | Qmax: 763.7308
| Coverage: 0.8084 (135/167) | Reward: 2799.0 | Episode: 851 | Qmax: 764.8964
| Coverage: 0.8563 (143/167) | Reward: 5869.0 | Episode: 852 | Qmax: 765.1388
| Coverage: 0.8563 (143/167) | Reward: 5869.0 | Episode: 853 | Qmax: 760.0649
| Coverage: 0.8323 (139/167) | Reward: 2833.0 | Episode: 854 | Qmax: 761.0517
| Coverage: 0.8204 (137/167) | Reward: 2823.0 | Episode: 855 | Qmax: 761.9531
| Coverage: 0.8263 (138/167) | Reward: 2859.0 | Episode: 856 | Qmax: 761.6310
| Coverage: 0.8084 (135/167) | Reward: 2827.0 | Episode: 857 | Qmax: 760.1747
| Coverage: 0.8383 (140/167) | Reward: 2839.0 | Episode: 858 | Qmax: 759.3015
| Coverage: 0.7964 (133/167) | Reward: 805.0 | Episode: 859 | Qmax: 761.0753
| Coverage: 0.8144 (136/167) | Reward: 2811.0 | Episode: 860 | Qmax: 763.9356
| Coverage: 0.8024 (134/167) | Reward: 2853.0 | Episode: 861 | Qmax: 765.9654
| Coverage: 0.7784 (130/167) | Reward: 839.0 | Episode: 862 | Qmax: 767.0305
| Coverage: 0.8443 (141/167) | Reward: 2853.0 | Episode: 863 | Qmax: 764.6207
| Coverage: 0.8144 (136/167) | Reward: 2835.0 | Episode: 864 | Qmax: 762.0946
| Coverage: 0.7784 (130/167) | Reward: 771.0 | Episode: 865 | Qmax: 762.6606
| Coverage: 0.8024 (134/167) | Reward: 2815.0 | Episode: 866 | Qmax: 767.1247
| Coverage: 0.8323 (139/167) | Reward: 2853.0 | Episode: 867 | Qmax: 764.6094
| Coverage: 0.8204 (137/167) | Reward: 2853.0 | Episode: 868 | Qmax: 764.5645
| Coverage: 0.8204 (137/167) | Reward: 2787.0 | Episode: 869 | Qmax: 761.1709
| Coverage: 0.7725 (129/167) | Reward: 781.0 | Episode: 870 | Qmax: 761.3062
| Coverage: 0.8323 (139/167) | Reward: 2845.0 | Episode: 871 | Qmax: 761.6613
| Coverage: 0.7784 (130/167) | Reward: 789.0 | Episode: 872 | Qmax: 760.4268
| Coverage: 0.7964 (133/167) | Reward: 873.0 | Episode: 873 | Qmax: 760.5590
| Coverage: 0.7844 (131/167) | Reward: 819.0 | Episode: 874 | Qmax: 762.0236
| Coverage: 0.8204 (137/167) | Reward: 2849.0 | Episode: 875 | Qmax: 760.8914
| Coverage: 0.8263 (138/167) | Reward: 2891.0 | Episode: 876 | Qmax: 760.9668
| Coverage: 0.8563 (143/167) | Reward: 5899.0 | Episode: 877 | Qmax: 762.6747
| Coverage: 0.8323 (139/167) | Reward: 2851.0 | Episode: 878 | Qmax: 758.9743
| Coverage: 0.7964 (133/167) | Reward: 841.0 | Episode: 879 | Qmax: 759.3262
| Coverage: 0.8204 (137/167) | Reward: 2853.0 | Episode: 880 | Qmax: 758.8885
| Coverage: 0.8263 (138/167) | Reward: 2825.0 | Episode: 881 | Qmax: 756.7027
| Coverage: 0.8443 (141/167) | Reward: 2833.0 | Episode: 882 | Qmax: 756.7182
| Coverage: 0.8263 (138/167) | Reward: 2837.0 | Episode: 883 | Qmax: 760.2668
| Coverage: 0.7904 (132/167) | Reward: 799.0 | Episode: 884 | Qmax: 765.8187
| Coverage: 0.8263 (138/167) | Reward: 2857.0 | Episode: 885 | Qmax: 766.3569
| Coverage: 0.8204 (137/167) | Reward: 2869.0 | Episode: 886 | Qmax: 763.4880
| Coverage: 0.7725 (129/167) | Reward: 797.0 | Episode: 887 | Qmax: 761.3553
| Coverage: 0.7964 (133/167) | Reward: 801.0 | Episode: 888 | Qmax: 760.7335
| Coverage: 0.8024 (134/167) | Reward: 2773.0 | Episode: 889 | Qmax: 759.1160
| Coverage: 0.7784 (130/167) | Reward: 815.0 | Episode: 890 | Qmax: 761.7472
| Coverage: 0.7964 (133/167) | Reward: 819.0 | Episode: 891 | Qmax: 758.0859
| Coverage: 0.8084 (135/167) | Reward: 2833.0 | Episode: 892 | Qmax: 759.5611
| Coverage: 0.8204 (137/167) | Reward: 2883.0 | Episode: 893 | Qmax: 760.0447
| Coverage: 0.8323 (139/167) | Reward: 2845.0 | Episode: 894 | Qmax: 760.6046
| Coverage: 0.8443 (141/167) | Reward: 2877.0 | Episode: 895 | Qmax: 761.0480
| Coverage: 0.8323 (139/167) | Reward: 2923.0 | Episode: 896 | Qmax: 759.7549
| Coverage: 0.8263 (138/167) | Reward: 2833.0 | Episode: 897 | Qmax: 760.7388
| Coverage: 0.7844 (131/167) | Reward: 813.0 | Episode: 898 | Qmax: 761.7631
| Coverage: 0.8323 (139/167) | Reward: 2839.0 | Episode: 899 | Qmax: 759.7560
| Coverage: 0.8263 (138/167) | Reward: 2829.0 | Episode: 900 | Qmax: 759.9249
| Coverage: 0.8204 (137/167) | Reward: 2839.0 | Episode: 901 | Qmax: 758.7292
| Coverage: 0.8263 (138/167) | Reward: 2861.0 | Episode: 902 | Qmax: 759.9701
| Coverage: 0.8204 (137/167) | Reward: 2863.0 | Episode: 903 | Qmax: 757.7126
| Coverage: 0.7904 (132/167) | Reward: 911.0 | Episode: 904 | Qmax: 759.1942
| Coverage: 0.7964 (133/167) | Reward: 853.0 | Episode: 905 | Qmax: 760.4964
| Coverage: 0.7665 (128/167) | Reward: 791.0 | Episode: 906 | Qmax: 760.0790
| Coverage: 0.8024 (134/167) | Reward: 2873.0 | Episode: 907 | Qmax: 758.4867
| Coverage: 0.8144 (136/167) | Reward: 2825.0 | Episode: 908 | Qmax: 758.5549
| Coverage: 0.8144 (136/167) | Reward: 2809.0 | Episode: 909 | Qmax: 756.5497
| Coverage: 0.8383 (140/167) | Reward: 2879.0 | Episode: 910 | Qmax: 754.3271
| Coverage: 0.7964 (133/167) | Reward: 835.0 | Episode: 911 | Qmax: 752.5717
| Coverage: 0.7904 (132/167) | Reward: 805.0 | Episode: 912 | Qmax: 756.9276
| Coverage: 0.7725 (129/167) | Reward: 843.0 | Episode: 913 | Qmax: 753.8405
| Coverage: 0.8144 (136/167) | Reward: 2859.0 | Episode: 914 | Qmax: 757.5430
| Coverage: 0.8323 (139/167) | Reward: 2887.0 | Episode: 915 | Qmax: 756.4271
| Coverage: 0.8144 (136/167) | Reward: 2811.0 | Episode: 916 | Qmax: 756.9444
| Coverage: 0.8144 (136/167) | Reward: 2891.0 | Episode: 917 | Qmax: 756.7407
| Coverage: 0.8443 (141/167) | Reward: 2875.0 | Episode: 918 | Qmax: 758.0765
| Coverage: 0.8084 (135/167) | Reward: 2813.0 | Episode: 919 | Qmax: 758.6852
| Coverage: 0.8204 (137/167) | Reward: 2829.0 | Episode: 920 | Qmax: 757.8577
| Coverage: 0.7904 (132/167) | Reward: 797.0 | Episode: 921 | Qmax: 757.5295
| Coverage: 0.8084 (135/167) | Reward: 2799.0 | Episode: 922 | Qmax: 755.5152
| Coverage: 0.7964 (133/167) | Reward: 813.0 | Episode: 923 | Qmax: 760.6012
| Coverage: 0.7665 (128/167) | Reward: 819.0 | Episode: 924 | Qmax: 759.9692
| Coverage: 0.7904 (132/167) | Reward: 849.0 | Episode: 925 | Qmax: 755.6798
| Coverage: 0.7485 (125/167) | Reward: 293.0 | Episode: 926 | Qmax: 756.9423
| Coverage: 0.8443 (141/167) | Reward: 2853.0 | Episode: 927 | Qmax: 754.1557
| Coverage: 0.8263 (138/167) | Reward: 2865.0 | Episode: 928 | Qmax: 756.5219
| Coverage: 0.7904 (132/167) | Reward: 847.0 | Episode: 929 | Qmax: 757.7197
| Coverage: 0.8383 (140/167) | Reward: 2863.0 | Episode: 930 | Qmax: 756.0676
| Coverage: 0.8383 (140/167) | Reward: 2851.0 | Episode: 931 | Qmax: 756.2786
| Coverage: 0.7904 (132/167) | Reward: 845.0 | Episode: 932 | Qmax: 754.0132
| Coverage: 0.8263 (138/167) | Reward: 2813.0 | Episode: 933 | Qmax: 755.9088
| Coverage: 0.8263 (138/167) | Reward: 2823.0 | Episode: 934 | Qmax: 758.6833
| Coverage: 0.8503 (142/167) | Reward: 5823.0 | Episode: 935 | Qmax: 753.6824
| Coverage: 0.8204 (137/167) | Reward: 2849.0 | Episode: 936 | Qmax: 755.1936
| Coverage: 0.8443 (141/167) | Reward: 2881.0 | Episode: 937 | Qmax: 753.9066
| Coverage: 0.8443 (141/167) | Reward: 2875.0 | Episode: 938 | Qmax: 757.2456
| Coverage: 0.8323 (139/167) | Reward: 2885.0 | Episode: 939 | Qmax: 753.8137
| Coverage: 0.8024 (134/167) | Reward: 2837.0 | Episode: 940 | Qmax: 750.4288
| Coverage: 0.8323 (139/167) | Reward: 2841.0 | Episode: 941 | Qmax: 749.6395
| Coverage: 0.7964 (133/167) | Reward: 839.0 | Episode: 942 | Qmax: 751.2415
| Coverage: 0.8563 (143/167) | Reward: 5869.0 | Episode: 943 | Qmax: 751.6353
| Coverage: 0.7904 (132/167) | Reward: 819.0 | Episode: 944 | Qmax: 753.9605
| Coverage: 0.8084 (135/167) | Reward: 2807.0 | Episode: 945 | Qmax: 752.4379
| Coverage: 0.8323 (139/167) | Reward: 2883.0 | Episode: 946 | Qmax: 754.7282
| Coverage: 0.8323 (139/167) | Reward: 2827.0 | Episode: 947 | Qmax: 755.9409
| Coverage: 0.7904 (132/167) | Reward: 871.0 | Episode: 948 | Qmax: 755.1379
| Coverage: 0.8623 (144/167) | Reward: 5859.0 | Episode: 949 | Qmax: 752.5085
| Coverage: 0.8443 (141/167) | Reward: 2865.0 | Episode: 950 | Qmax: 748.9829
| Coverage: 0.8263 (138/167) | Reward: 2847.0 | Episode: 951 | Qmax: 749.2177
| Coverage: 0.8323 (139/167) | Reward: 2835.0 | Episode: 952 | Qmax: 750.8013
| Coverage: 0.8443 (141/167) | Reward: 2871.0 | Episode: 953 | Qmax: 752.8718
| Coverage: 0.7964 (133/167) | Reward: 875.0 | Episode: 954 | Qmax: 750.4557
| Coverage: 0.8383 (140/167) | Reward: 2897.0 | Episode: 955 | Qmax: 751.6327
| Coverage: 0.8204 (137/167) | Reward: 2797.0 | Episode: 956 | Qmax: 750.3549
| Coverage: 0.8323 (139/167) | Reward: 2905.0 | Episode: 957 | Qmax: 750.6710
| Coverage: 0.8084 (135/167) | Reward: 2853.0 | Episode: 958 | Qmax: 748.0949
| Coverage: 0.8563 (143/167) | Reward: 5855.0 | Episode: 959 | Qmax: 750.4499
| Coverage: 0.8144 (136/167) | Reward: 2851.0 | Episode: 960 | Qmax: 750.4723
| Coverage: 0.7904 (132/167) | Reward: 815.0 | Episode: 961 | Qmax: 750.3005
| Coverage: 0.8563 (143/167) | Reward: 5833.0 | Episode: 962 | Qmax: 748.8335
| Coverage: 0.8144 (136/167) | Reward: 2869.0 | Episode: 963 | Qmax: 746.7692
| Coverage: 0.8024 (134/167) | Reward: 2847.0 | Episode: 964 | Qmax: 745.9663
| Coverage: 0.8323 (139/167) | Reward: 2823.0 | Episode: 965 | Qmax: 745.5399
| Coverage: 0.8024 (134/167) | Reward: 2855.0 | Episode: 966 | Qmax: 747.3280
| Coverage: 0.8084 (135/167) | Reward: 2845.0 | Episode: 967 | Qmax: 747.1208
| Coverage: 0.8084 (135/167) | Reward: 2823.0 | Episode: 968 | Qmax: 750.3744
| Coverage: 0.8263 (138/167) | Reward: 2865.0 | Episode: 969 | Qmax: 746.0024
| Coverage: 0.8323 (139/167) | Reward: 2867.0 | Episode: 970 | Qmax: 746.7747
| Coverage: 0.8204 (137/167) | Reward: 2833.0 | Episode: 971 | Qmax: 752.4711
| Coverage: 0.7964 (133/167) | Reward: 805.0 | Episode: 972 | Qmax: 750.5844
| Coverage: 0.7964 (133/167) | Reward: 849.0 | Episode: 973 | Qmax: 744.3143
| Coverage: 0.8204 (137/167) | Reward: 2789.0 | Episode: 974 | Qmax: 744.9579
| Coverage: 0.8024 (134/167) | Reward: 2813.0 | Episode: 975 | Qmax: 743.8093
| Coverage: 0.8084 (135/167) | Reward: 2817.0 | Episode: 976 | Qmax: 743.5443
| Coverage: 0.8383 (140/167) | Reward: 2839.0 | Episode: 977 | Qmax: 744.7725
| Coverage: 0.7964 (133/167) | Reward: 827.0 | Episode: 978 | Qmax: 745.2116
| Coverage: 0.7844 (131/167) | Reward: 711.0 | Episode: 979 | Qmax: 747.8522
| Coverage: 0.8204 (137/167) | Reward: 2829.0 | Episode: 980 | Qmax: 747.9905
| Coverage: 0.8623 (144/167) | Reward: 5839.0 | Episode: 981 | Qmax: 749.0352
| Coverage: 0.8443 (141/167) | Reward: 2859.0 | Episode: 982 | Qmax: 745.2362
| Coverage: 0.8204 (137/167) | Reward: 2831.0 | Episode: 983 | Qmax: 745.3001
| Coverage: 0.8204 (137/167) | Reward: 2849.0 | Episode: 984 | Qmax: 746.4578
| Coverage: 0.8084 (135/167) | Reward: 2851.0 | Episode: 985 | Qmax: 748.4116
| Coverage: 0.7964 (133/167) | Reward: 783.0 | Episode: 986 | Qmax: 747.7454
| Coverage: 0.7844 (131/167) | Reward: 783.0 | Episode: 987 | Qmax: 747.6338
| Coverage: 0.8084 (135/167) | Reward: 2821.0 | Episode: 988 | Qmax: 747.2278
| Coverage: 0.8204 (137/167) | Reward: 2875.0 | Episode: 989 | Qmax: 744.7408
| Coverage: 0.7844 (131/167) | Reward: 785.0 | Episode: 990 | Qmax: 745.6346
| Coverage: 0.7964 (133/167) | Reward: 847.0 | Episode: 991 | Qmax: 744.0328
| Coverage: 0.8383 (140/167) | Reward: 2811.0 | Episode: 992 | Qmax: 745.4197
| Coverage: 0.8503 (142/167) | Reward: 5825.0 | Episode: 993 | Qmax: 745.1431
| Coverage: 0.8443 (141/167) | Reward: 2841.0 | Episode: 994 | Qmax: 748.2610
| Coverage: 0.8204 (137/167) | Reward: 2805.0 | Episode: 995 | Qmax: 748.2352
| Coverage: 0.8383 (140/167) | Reward: 2835.0 | Episode: 996 | Qmax: 746.0352
| Coverage: 0.8204 (137/167) | Reward: 2895.0 | Episode: 997 | Qmax: 747.0737
| Coverage: 0.8563 (143/167) | Reward: 5919.0 | Episode: 998 | Qmax: 752.8290
| Coverage: 0.8563 (143/167) | Reward: 5847.0 | Episode: 999 | Qmax: 750.7648
