{'actor_lr': 0.0001,
 'buffer_size': 1000000,
 'critic_lr': 0.001,
 'gamma': 0.99,
 'max_episode_len': 500,
 'max_episodes': 1000,
 'minibatch_size': 64,
 'n_inputs': '32',
 'n_states': '256',
 'random_seed': 42,
 'summary_dir': './results/tf_ddpg',
 'tau': 0.001}
| Coverage: 0.0395 (52/1317) | Reward: -426.0 | Episode: 0 | Qmax: 0.3510
| Coverage: 0.0061 (8/1317) | Reward: -492.0 | Episode: 1 | Qmax: 0.6814
| Coverage: 0.0197 (26/1317) | Reward: -470.0 | Episode: 2 | Qmax: 0.6484
| Coverage: 0.0061 (8/1317) | Reward: -492.0 | Episode: 3 | Qmax: 0.6940
| Coverage: 0.0843 (111/1317) | Reward: -372.0 | Episode: 4 | Qmax: 0.9438
| Coverage: 0.0106 (13/1317) | Reward: -486.0 | Episode: 5 | Qmax: 1.1014
| Coverage: 0.0524 (69/1317) | Reward: -400.0 | Episode: 6 | Qmax: 1.2920
| Coverage: 0.0228 (30/1317) | Reward: -458.0 | Episode: 7 | Qmax: 1.5094
| Coverage: 0.0494 (65/1317) | Reward: -428.0 | Episode: 8 | Qmax: 1.6272
| Coverage: 0.0501 (66/1317) | Reward: -414.0 | Episode: 9 | Qmax: 1.8601
| Coverage: 0.0046 (6/1317) | Reward: -494.0 | Episode: 10 | Qmax: 2.3217
| Coverage: 0.0213 (27/1317) | Reward: -472.0 | Episode: 11 | Qmax: 2.7990
| Coverage: 0.0121 (16/1317) | Reward: -484.0 | Episode: 12 | Qmax: 2.9761
| Coverage: 0.0152 (20/1317) | Reward: -476.0 | Episode: 13 | Qmax: 3.2097
| Coverage: 0.0137 (18/1317) | Reward: -478.0 | Episode: 14 | Qmax: 3.2491
| Coverage: 0.0084 (11/1317) | Reward: -486.0 | Episode: 15 | Qmax: 2.8630
| Coverage: 0.0213 (27/1317) | Reward: -472.0 | Episode: 16 | Qmax: 2.5615
| Coverage: 0.0623 (82/1317) | Reward: -380.0 | Episode: 17 | Qmax: 1.9355
| Coverage: 0.0782 (103/1317) | Reward: -360.0 | Episode: 18 | Qmax: 0.7629
| Coverage: 0.0486 (64/1317) | Reward: -416.0 | Episode: 19 | Qmax: 0.6739
| Coverage: 0.0486 (64/1317) | Reward: -406.0 | Episode: 20 | Qmax: 0.9346
| Coverage: 0.0463 (61/1317) | Reward: -424.0 | Episode: 21 | Qmax: 1.1196
| Coverage: 0.0061 (8/1317) | Reward: -492.0 | Episode: 22 | Qmax: 1.4556
| Coverage: 0.0228 (30/1317) | Reward: -462.0 | Episode: 23 | Qmax: 1.7466
| Coverage: 0.0121 (16/1317) | Reward: -484.0 | Episode: 24 | Qmax: 2.1530
| Coverage: 0.0091 (12/1317) | Reward: -488.0 | Episode: 25 | Qmax: 2.3912
| Coverage: 0.0372 (49/1317) | Reward: -442.0 | Episode: 26 | Qmax: 2.1776
| Coverage: 0.0091 (12/1317) | Reward: -488.0 | Episode: 27 | Qmax: 2.2892
| Coverage: 0.0137 (18/1317) | Reward: -474.0 | Episode: 28 | Qmax: 2.2465
| Coverage: 0.0319 (42/1317) | Reward: -450.0 | Episode: 29 | Qmax: 2.2308
| Coverage: 0.0106 (13/1317) | Reward: -482.0 | Episode: 30 | Qmax: 2.4810
| Coverage: 0.0084 (11/1317) | Reward: -488.0 | Episode: 31 | Qmax: 3.3227
| Coverage: 0.0372 (49/1317) | Reward: -438.0 | Episode: 32 | Qmax: 3.3384
| Coverage: 0.0137 (18/1317) | Reward: -478.0 | Episode: 33 | Qmax: 3.5178
| Coverage: 0.0091 (12/1317) | Reward: -488.0 | Episode: 34 | Qmax: 3.6782
| Coverage: 0.0334 (44/1317) | Reward: -448.0 | Episode: 35 | Qmax: 3.7556
| Coverage: 0.0030 (4/1317) | Reward: -496.0 | Episode: 36 | Qmax: 3.9350
| Coverage: 0.0349 (46/1317) | Reward: -442.0 | Episode: 37 | Qmax: 3.9251
| Coverage: 0.0364 (48/1317) | Reward: -452.0 | Episode: 38 | Qmax: 3.8711
| Coverage: 0.0235 (31/1317) | Reward: -468.0 | Episode: 39 | Qmax: 3.7390
| Coverage: 0.0402 (53/1317) | Reward: -432.0 | Episode: 40 | Qmax: 3.6452
| Coverage: 0.0197 (26/1317) | Reward: -470.0 | Episode: 41 | Qmax: 3.2807
| Coverage: 0.0213 (27/1317) | Reward: -464.0 | Episode: 42 | Qmax: 3.4192
| Coverage: 0.0106 (13/1317) | Reward: -478.0 | Episode: 43 | Qmax: 3.5526
| Coverage: 0.0182 (24/1317) | Reward: -468.0 | Episode: 44 | Qmax: 4.2028
| Coverage: 0.0266 (35/1317) | Reward: -458.0 | Episode: 45 | Qmax: 4.1755
| Coverage: 0.0653 (86/1317) | Reward: -386.0 | Episode: 46 | Qmax: 4.2457
| Coverage: 0.0683 (90/1317) | Reward: -392.0 | Episode: 47 | Qmax: 4.4297
| Coverage: 0.0380 (50/1317) | Reward: -422.0 | Episode: 48 | Qmax: 4.2721
| Coverage: 0.0471 (62/1317) | Reward: -426.0 | Episode: 49 | Qmax: 3.8733
| Coverage: 0.0380 (50/1317) | Reward: -430.0 | Episode: 50 | Qmax: 3.6788
| Coverage: 0.0668 (88/1317) | Reward: -400.0 | Episode: 51 | Qmax: 3.5707
| Coverage: 0.0121 (16/1317) | Reward: -484.0 | Episode: 52 | Qmax: 3.8585
| Coverage: 0.0334 (44/1317) | Reward: -454.0 | Episode: 53 | Qmax: 3.4837
| Coverage: 0.0213 (27/1317) | Reward: -472.0 | Episode: 54 | Qmax: 3.5766
| Coverage: 0.0152 (20/1317) | Reward: -480.0 | Episode: 55 | Qmax: 3.7794
| Coverage: 0.0205 (27/1317) | Reward: -472.0 | Episode: 56 | Qmax: 3.9402
| Coverage: 0.0152 (20/1317) | Reward: -476.0 | Episode: 57 | Qmax: 3.8942
| Coverage: 0.0137 (18/1317) | Reward: -482.0 | Episode: 58 | Qmax: 3.9110
| Coverage: 0.0304 (40/1317) | Reward: -452.0 | Episode: 59 | Qmax: 3.8795
| Coverage: 0.0167 (22/1317) | Reward: -474.0 | Episode: 60 | Qmax: 4.4701
| Coverage: 0.0326 (43/1317) | Reward: -398.0 | Episode: 61 | Qmax: 4.2613
| Coverage: 0.0289 (38/1317) | Reward: -458.0 | Episode: 62 | Qmax: 4.3330
| Coverage: 0.0076 (10/1317) | Reward: -490.0 | Episode: 63 | Qmax: 7.2339
| Coverage: 0.0228 (30/1317) | Reward: -466.0 | Episode: 64 | Qmax: 8.3147
| Coverage: 0.0129 (17/1317) | Reward: -478.0 | Episode: 65 | Qmax: 7.6655
| Coverage: 0.0418 (55/1317) | Reward: -428.0 | Episode: 66 | Qmax: 7.6317
| Coverage: 0.0676 (89/1317) | Reward: -396.0 | Episode: 67 | Qmax: 7.5317
| Coverage: 0.0516 (68/1317) | Reward: -412.0 | Episode: 68 | Qmax: 7.7811
| Coverage: 0.0729 (96/1317) | Reward: -366.0 | Episode: 69 | Qmax: 7.8521
| Coverage: 0.0266 (35/1317) | Reward: -454.0 | Episode: 70 | Qmax: 7.6722
| Coverage: 0.0501 (66/1317) | Reward: -418.0 | Episode: 71 | Qmax: 7.2267
| Coverage: 0.0326 (43/1317) | Reward: -452.0 | Episode: 72 | Qmax: 6.8351
| Coverage: 0.0501 (66/1317) | Reward: -410.0 | Episode: 73 | Qmax: 6.6684
| Coverage: 0.0615 (81/1317) | Reward: -400.0 | Episode: 74 | Qmax: 6.3263
| Coverage: 0.0471 (62/1317) | Reward: -424.0 | Episode: 75 | Qmax: 6.2400
| Coverage: 0.0516 (68/1317) | Reward: -422.0 | Episode: 76 | Qmax: 5.6493
| Coverage: 0.0091 (12/1317) | Reward: -488.0 | Episode: 77 | Qmax: 5.5149
| Coverage: 0.0478 (63/1317) | Reward: -404.0 | Episode: 78 | Qmax: 5.8692
| Coverage: 0.0342 (45/1317) | Reward: -430.0 | Episode: 79 | Qmax: 5.8874
| Coverage: 0.0182 (24/1317) | Reward: -468.0 | Episode: 80 | Qmax: 5.7872
| Coverage: 0.0554 (73/1317) | Reward: -410.0 | Episode: 81 | Qmax: 5.4548
| Coverage: 0.0182 (24/1317) | Reward: -472.0 | Episode: 82 | Qmax: 5.0873
| Coverage: 0.0152 (20/1317) | Reward: -476.0 | Episode: 83 | Qmax: 4.8030
| Coverage: 0.0532 (70/1317) | Reward: -410.0 | Episode: 84 | Qmax: 4.4798
| Coverage: 0.0516 (68/1317) | Reward: -412.0 | Episode: 85 | Qmax: 4.0941
| Coverage: 0.0554 (73/1317) | Reward: -412.0 | Episode: 86 | Qmax: 3.6129
| Coverage: 0.0850 (111/1317) | Reward: -338.0 | Episode: 87 | Qmax: 3.3922
| Coverage: 0.0858 (113/1317) | Reward: -344.0 | Episode: 88 | Qmax: 3.2829
| Coverage: 0.0645 (85/1317) | Reward: -382.0 | Episode: 89 | Qmax: 2.9467
| Coverage: 0.0046 (6/1317) | Reward: -494.0 | Episode: 90 | Qmax: 2.6237
| Coverage: 0.0820 (108/1317) | Reward: -352.0 | Episode: 91 | Qmax: 2.4434
| Coverage: 0.0486 (64/1317) | Reward: -400.0 | Episode: 92 | Qmax: 2.1841
| Coverage: 0.0364 (48/1317) | Reward: -444.0 | Episode: 93 | Qmax: 2.0439
| Coverage: 0.0516 (68/1317) | Reward: -402.0 | Episode: 94 | Qmax: 1.6504
| Coverage: 0.0577 (76/1317) | Reward: -400.0 | Episode: 95 | Qmax: 1.3079
| Coverage: 0.0554 (73/1317) | Reward: -396.0 | Episode: 96 | Qmax: 0.9403
| Coverage: 0.0676 (89/1317) | Reward: -350.0 | Episode: 97 | Qmax: 0.6562
| Coverage: 0.0554 (73/1317) | Reward: -404.0 | Episode: 98 | Qmax: 0.3043
| Coverage: 0.0774 (102/1317) | Reward: -350.0 | Episode: 99 | Qmax: 0.0406
| Coverage: 0.0121 (16/1317) | Reward: -484.0 | Episode: 100 | Qmax: -0.2888
| Coverage: 0.0395 (52/1317) | Reward: -436.0 | Episode: 101 | Qmax: -0.5823
| Coverage: 0.0516 (68/1317) | Reward: -404.0 | Episode: 102 | Qmax: -0.9164
| Coverage: 0.0706 (93/1317) | Reward: -378.0 | Episode: 103 | Qmax: -1.0059
| Coverage: 0.0402 (53/1317) | Reward: -432.0 | Episode: 104 | Qmax: -1.1188
| Coverage: 0.0524 (69/1317) | Reward: -364.0 | Episode: 105 | Qmax: -1.4079
| Coverage: 0.0752 (98/1317) | Reward: -358.0 | Episode: 106 | Qmax: -1.5471
| Coverage: 0.0182 (24/1317) | Reward: -476.0 | Episode: 107 | Qmax: -1.9296
| Coverage: 0.0509 (67/1317) | Reward: -374.0 | Episode: 108 | Qmax: -2.1128
| Coverage: 0.0494 (65/1317) | Reward: -418.0 | Episode: 109 | Qmax: -2.3123
| Coverage: 0.0289 (38/1317) | Reward: -458.0 | Episode: 110 | Qmax: -2.6640
| Coverage: 0.0607 (80/1317) | Reward: -384.0 | Episode: 111 | Qmax: -2.9201
| Coverage: 0.0782 (103/1317) | Reward: -362.0 | Episode: 112 | Qmax: -3.0405
| Coverage: 0.0121 (16/1317) | Reward: -476.0 | Episode: 113 | Qmax: -3.1779
| Coverage: 0.0456 (60/1317) | Reward: -432.0 | Episode: 114 | Qmax: -3.2237
| Coverage: 0.0418 (55/1317) | Reward: -430.0 | Episode: 115 | Qmax: -3.3480
| Coverage: 0.0228 (30/1317) | Reward: -470.0 | Episode: 116 | Qmax: -3.4964
| Coverage: 0.0304 (40/1317) | Reward: -444.0 | Episode: 117 | Qmax: -3.6447
| Coverage: 0.0600 (79/1317) | Reward: -400.0 | Episode: 118 | Qmax: -3.7339
| Coverage: 0.0448 (59/1317) | Reward: -426.0 | Episode: 119 | Qmax: -3.9252
| Coverage: 0.0463 (61/1317) | Reward: -416.0 | Episode: 120 | Qmax: -4.0707
| Coverage: 0.0706 (93/1317) | Reward: -368.0 | Episode: 121 | Qmax: -4.3578
| Coverage: 0.0790 (104/1317) | Reward: -354.0 | Episode: 122 | Qmax: -4.4881
| Coverage: 0.0812 (107/1317) | Reward: -344.0 | Episode: 123 | Qmax: -4.7844
| Coverage: 0.0850 (111/1317) | Reward: -348.0 | Episode: 124 | Qmax: -5.0213
| Coverage: 0.0607 (80/1317) | Reward: -380.0 | Episode: 125 | Qmax: -5.2515
| Coverage: 0.0737 (97/1317) | Reward: -366.0 | Episode: 126 | Qmax: -5.5066
| Coverage: 0.0562 (74/1317) | Reward: -374.0 | Episode: 127 | Qmax: -5.7482
| Coverage: 0.0061 (8/1317) | Reward: -492.0 | Episode: 128 | Qmax: -5.9606
| Coverage: 0.0121 (16/1317) | Reward: -480.0 | Episode: 129 | Qmax: -6.0985
| Coverage: 0.0167 (22/1317) | Reward: -474.0 | Episode: 130 | Qmax: -6.2747
| Coverage: 0.0364 (48/1317) | Reward: -428.0 | Episode: 131 | Qmax: -6.4111
| Coverage: 0.0402 (53/1317) | Reward: -438.0 | Episode: 132 | Qmax: -6.5888
| Coverage: 0.0501 (66/1317) | Reward: -406.0 | Episode: 133 | Qmax: -6.6693
| Coverage: 0.0076 (10/1317) | Reward: -490.0 | Episode: 134 | Qmax: -6.7281
| Coverage: 0.0638 (84/1317) | Reward: -404.0 | Episode: 135 | Qmax: -6.8924
| Coverage: 0.0790 (104/1317) | Reward: -364.0 | Episode: 136 | Qmax: -6.9608
| Coverage: 0.0782 (103/1317) | Reward: -340.0 | Episode: 137 | Qmax: -6.9799
| Coverage: 0.0782 (103/1317) | Reward: -342.0 | Episode: 138 | Qmax: -7.1279
| Coverage: 0.0782 (103/1317) | Reward: -360.0 | Episode: 139 | Qmax: -7.1314
| Coverage: 0.0501 (66/1317) | Reward: -392.0 | Episode: 140 | Qmax: -7.2610
| Coverage: 0.0752 (98/1317) | Reward: -356.0 | Episode: 141 | Qmax: -7.3332
| Coverage: 0.0471 (62/1317) | Reward: -412.0 | Episode: 142 | Qmax: -7.4834
| Coverage: 0.0721 (95/1317) | Reward: -364.0 | Episode: 143 | Qmax: -7.6980
| Coverage: 0.0790 (104/1317) | Reward: -360.0 | Episode: 144 | Qmax: -7.7456
| Coverage: 0.0607 (80/1317) | Reward: -396.0 | Episode: 145 | Qmax: -7.8935
| Coverage: 0.0820 (108/1317) | Reward: -360.0 | Episode: 146 | Qmax: -7.9347
| Coverage: 0.0562 (74/1317) | Reward: -398.0 | Episode: 147 | Qmax: -7.9742
| Coverage: 0.0456 (60/1317) | Reward: -412.0 | Episode: 148 | Qmax: -7.9953
| Coverage: 0.0091 (12/1317) | Reward: -488.0 | Episode: 149 | Qmax: -8.0548
| Coverage: 0.0699 (92/1317) | Reward: -378.0 | Episode: 150 | Qmax: -8.1256
| Coverage: 0.0319 (42/1317) | Reward: -446.0 | Episode: 151 | Qmax: -8.0843
| Coverage: 0.0319 (42/1317) | Reward: -442.0 | Episode: 152 | Qmax: -8.2870
| Coverage: 0.0668 (88/1317) | Reward: -384.0 | Episode: 153 | Qmax: -8.3249
| Coverage: 0.0744 (98/1317) | Reward: -358.0 | Episode: 154 | Qmax: -8.4720
| Coverage: 0.0615 (81/1317) | Reward: -392.0 | Episode: 155 | Qmax: -8.5741
| Coverage: 0.0228 (30/1317) | Reward: -462.0 | Episode: 156 | Qmax: -8.6756
| Coverage: 0.0691 (91/1317) | Reward: -378.0 | Episode: 157 | Qmax: -8.7442
| Coverage: 0.0835 (110/1317) | Reward: -350.0 | Episode: 158 | Qmax: -8.6563
| Coverage: 0.0296 (39/1317) | Reward: -452.0 | Episode: 159 | Qmax: -8.5491
| Coverage: 0.0744 (98/1317) | Reward: -376.0 | Episode: 160 | Qmax: -8.4568
| Coverage: 0.0402 (53/1317) | Reward: -426.0 | Episode: 161 | Qmax: -8.3312
| Coverage: 0.0266 (35/1317) | Reward: -456.0 | Episode: 162 | Qmax: -8.2186
| Coverage: 0.0266 (35/1317) | Reward: -456.0 | Episode: 163 | Qmax: -8.3395
| Coverage: 0.0790 (104/1317) | Reward: -340.0 | Episode: 164 | Qmax: -8.5442
| Coverage: 0.0061 (8/1317) | Reward: -492.0 | Episode: 165 | Qmax: -8.7934
| Coverage: 0.0562 (74/1317) | Reward: -404.0 | Episode: 166 | Qmax: -8.8941
| Coverage: 0.0964 (127/1317) | Reward: -320.0 | Episode: 167 | Qmax: -9.0457
| Coverage: 0.0623 (82/1317) | Reward: -388.0 | Episode: 168 | Qmax: -9.0855
| Coverage: 0.0607 (80/1317) | Reward: -410.0 | Episode: 169 | Qmax: -9.2433
| Coverage: 0.0425 (55/1317) | Reward: -422.0 | Episode: 170 | Qmax: -9.5035
| Coverage: 0.0661 (87/1317) | Reward: -378.0 | Episode: 171 | Qmax: -9.6463
| Coverage: 0.0934 (123/1317) | Reward: -320.0 | Episode: 172 | Qmax: -9.6704
| Coverage: 0.0478 (63/1317) | Reward: -418.0 | Episode: 173 | Qmax: -9.8825
| Coverage: 0.0091 (12/1317) | Reward: -488.0 | Episode: 174 | Qmax: -10.0640
| Coverage: 0.0402 (53/1317) | Reward: -412.0 | Episode: 175 | Qmax: -10.1563
| Coverage: 0.0433 (57/1317) | Reward: -400.0 | Episode: 176 | Qmax: -10.4218
| Coverage: 0.0790 (104/1317) | Reward: -374.0 | Episode: 177 | Qmax: -10.4807
| Coverage: 0.0820 (108/1317) | Reward: -340.0 | Episode: 178 | Qmax: -10.5830
| Coverage: 0.0714 (93/1317) | Reward: -380.0 | Episode: 179 | Qmax: -10.6918
| Coverage: 0.0061 (8/1317) | Reward: -492.0 | Episode: 180 | Qmax: -11.0302
| Coverage: 0.0873 (115/1317) | Reward: -350.0 | Episode: 181 | Qmax: -10.9934
| Coverage: 0.0607 (80/1317) | Reward: -398.0 | Episode: 182 | Qmax: -11.0774
| Coverage: 0.0949 (125/1317) | Reward: -340.0 | Episode: 183 | Qmax: -11.1944
| Coverage: 0.0554 (73/1317) | Reward: -400.0 | Episode: 184 | Qmax: -11.2685
| Coverage: 0.0661 (87/1317) | Reward: -388.0 | Episode: 185 | Qmax: -11.3738
| Coverage: 0.0699 (92/1317) | Reward: -382.0 | Episode: 186 | Qmax: -11.5077
| Coverage: 0.0866 (114/1317) | Reward: -358.0 | Episode: 187 | Qmax: -11.5622
| Coverage: 0.0653 (86/1317) | Reward: -390.0 | Episode: 188 | Qmax: -11.7273
| Coverage: 0.0911 (120/1317) | Reward: -336.0 | Episode: 189 | Qmax: -11.8460
| Coverage: 0.0592 (78/1317) | Reward: -392.0 | Episode: 190 | Qmax: -11.8641
| Coverage: 0.0478 (63/1317) | Reward: -414.0 | Episode: 191 | Qmax: -11.9646
| Coverage: 0.0714 (93/1317) | Reward: -388.0 | Episode: 192 | Qmax: -12.0087
| Coverage: 0.0691 (91/1317) | Reward: -370.0 | Episode: 193 | Qmax: -12.0853
| Coverage: 0.0759 (100/1317) | Reward: -374.0 | Episode: 194 | Qmax: -12.1393
| Coverage: 0.0767 (101/1317) | Reward: -374.0 | Episode: 195 | Qmax: -12.2222
| Coverage: 0.0091 (12/1317) | Reward: -488.0 | Episode: 196 | Qmax: -12.2187
| Coverage: 0.0691 (91/1317) | Reward: -398.0 | Episode: 197 | Qmax: -12.3402
| Coverage: 0.0433 (57/1317) | Reward: -422.0 | Episode: 198 | Qmax: -12.3544
| Coverage: 0.0790 (104/1317) | Reward: -324.0 | Episode: 199 | Qmax: -12.4400
| Coverage: 0.0448 (59/1317) | Reward: -414.0 | Episode: 200 | Qmax: -12.4226
| Coverage: 0.0683 (90/1317) | Reward: -374.0 | Episode: 201 | Qmax: -12.6899
| Coverage: 0.1025 (135/1317) | Reward: -316.0 | Episode: 202 | Qmax: -12.6618
| Coverage: 0.0835 (110/1317) | Reward: -358.0 | Episode: 203 | Qmax: -12.7699
| Coverage: 0.0600 (79/1317) | Reward: -388.0 | Episode: 204 | Qmax: -12.6512
| Coverage: 0.0721 (95/1317) | Reward: -362.0 | Episode: 205 | Qmax: -12.9036
| Coverage: 0.0623 (82/1317) | Reward: -370.0 | Episode: 206 | Qmax: -12.8760
| Coverage: 0.0774 (102/1317) | Reward: -362.0 | Episode: 207 | Qmax: -12.9829
| Coverage: 0.0509 (67/1317) | Reward: -404.0 | Episode: 208 | Qmax: -13.1455
| Coverage: 0.0797 (105/1317) | Reward: -324.0 | Episode: 209 | Qmax: -13.3558
| Coverage: 0.0615 (81/1317) | Reward: -382.0 | Episode: 210 | Qmax: -13.4992
| Coverage: 0.0790 (104/1317) | Reward: -358.0 | Episode: 211 | Qmax: -13.5384
| Coverage: 0.0752 (98/1317) | Reward: -358.0 | Episode: 212 | Qmax: -13.8215
| Coverage: 0.0076 (10/1317) | Reward: -486.0 | Episode: 213 | Qmax: -13.9093
| Coverage: 0.0805 (106/1317) | Reward: -372.0 | Episode: 214 | Qmax: -14.2082
| Coverage: 0.0380 (50/1317) | Reward: -438.0 | Episode: 215 | Qmax: -14.3684
| Coverage: 0.0714 (93/1317) | Reward: -358.0 | Episode: 216 | Qmax: -14.3197
| Coverage: 0.0721 (95/1317) | Reward: -372.0 | Episode: 217 | Qmax: -14.4573
| Coverage: 0.0137 (18/1317) | Reward: -478.0 | Episode: 218 | Qmax: -14.6102
| Coverage: 0.0911 (120/1317) | Reward: -346.0 | Episode: 219 | Qmax: -14.8528
| Coverage: 0.0782 (103/1317) | Reward: -370.0 | Episode: 220 | Qmax: -14.7394
| Coverage: 0.0843 (111/1317) | Reward: -366.0 | Episode: 221 | Qmax: -14.9670
| Coverage: 0.0820 (108/1317) | Reward: -352.0 | Episode: 222 | Qmax: -15.0523
| Coverage: 0.0706 (93/1317) | Reward: -378.0 | Episode: 223 | Qmax: -15.0556
| Coverage: 0.0926 (122/1317) | Reward: -322.0 | Episode: 224 | Qmax: -15.2419
| Coverage: 0.0577 (76/1317) | Reward: -402.0 | Episode: 225 | Qmax: -15.3701
| Coverage: 0.0577 (76/1317) | Reward: -378.0 | Episode: 226 | Qmax: -15.8234
| Coverage: 0.0600 (79/1317) | Reward: -378.0 | Episode: 227 | Qmax: -15.5862
| Coverage: 0.0896 (118/1317) | Reward: -328.0 | Episode: 228 | Qmax: -15.6750
| Coverage: 0.0744 (98/1317) | Reward: -342.0 | Episode: 229 | Qmax: -15.7697
| Coverage: 0.0850 (111/1317) | Reward: -354.0 | Episode: 230 | Qmax: -15.9187
| Coverage: 0.1071 (141/1317) | Reward: -308.0 | Episode: 231 | Qmax: -16.2451
| Coverage: 0.0182 (24/1317) | Reward: -470.0 | Episode: 232 | Qmax: -16.1766
| Coverage: 0.0585 (77/1317) | Reward: -406.0 | Episode: 233 | Qmax: -16.2089
| Coverage: 0.0850 (111/1317) | Reward: -350.0 | Episode: 234 | Qmax: -16.4121
| Coverage: 0.0888 (116/1317) | Reward: -340.0 | Episode: 235 | Qmax: -16.6047
| Coverage: 0.1063 (140/1317) | Reward: -312.0 | Episode: 236 | Qmax: -16.8217
| Coverage: 0.0995 (131/1317) | Reward: -320.0 | Episode: 237 | Qmax: -16.9978
| Coverage: 0.0661 (87/1317) | Reward: -380.0 | Episode: 238 | Qmax: -17.1230
| Coverage: 0.0820 (108/1317) | Reward: -346.0 | Episode: 239 | Qmax: -17.2467
| Coverage: 0.0752 (98/1317) | Reward: -358.0 | Episode: 240 | Qmax: -17.3339
| Coverage: 0.0615 (81/1317) | Reward: -382.0 | Episode: 241 | Qmax: -17.5201
| Coverage: 0.0645 (85/1317) | Reward: -378.0 | Episode: 242 | Qmax: -17.6607
| Coverage: 0.0904 (119/1317) | Reward: -328.0 | Episode: 243 | Qmax: -17.7726
| Coverage: 0.0197 (26/1317) | Reward: -462.0 | Episode: 244 | Qmax: -17.9213
| Coverage: 0.0942 (124/1317) | Reward: -312.0 | Episode: 245 | Qmax: -18.0112
| Coverage: 0.0812 (107/1317) | Reward: -360.0 | Episode: 246 | Qmax: -18.0319
| Coverage: 0.0577 (76/1317) | Reward: -376.0 | Episode: 247 | Qmax: -18.2120
| Coverage: 0.0630 (83/1317) | Reward: -400.0 | Episode: 248 | Qmax: -18.3169
| Coverage: 0.0615 (81/1317) | Reward: -376.0 | Episode: 249 | Qmax: -18.4134
| Coverage: 0.1010 (133/1317) | Reward: -306.0 | Episode: 250 | Qmax: -18.4911
| Coverage: 0.0774 (102/1317) | Reward: -352.0 | Episode: 251 | Qmax: -18.7243
| Coverage: 0.0843 (111/1317) | Reward: -346.0 | Episode: 252 | Qmax: -18.8339
| Coverage: 0.0896 (118/1317) | Reward: -330.0 | Episode: 253 | Qmax: -18.9182
| Coverage: 0.0729 (96/1317) | Reward: -374.0 | Episode: 254 | Qmax: -19.0013
| Coverage: 0.0820 (108/1317) | Reward: -332.0 | Episode: 255 | Qmax: -19.0826
| Coverage: 0.0509 (67/1317) | Reward: -410.0 | Episode: 256 | Qmax: -19.1826
| Coverage: 0.0524 (69/1317) | Reward: -410.0 | Episode: 257 | Qmax: -19.2914
| Coverage: 0.0873 (115/1317) | Reward: -336.0 | Episode: 258 | Qmax: -19.5436
| Coverage: 0.0774 (102/1317) | Reward: -342.0 | Episode: 259 | Qmax: -19.6410
| Coverage: 0.0721 (95/1317) | Reward: -356.0 | Episode: 260 | Qmax: -19.9956
| Coverage: 0.0721 (95/1317) | Reward: -386.0 | Episode: 261 | Qmax: -20.2298
| Coverage: 0.0630 (83/1317) | Reward: -366.0 | Episode: 262 | Qmax: -20.2603
| Coverage: 0.0395 (52/1317) | Reward: -428.0 | Episode: 263 | Qmax: -20.5617
| Coverage: 0.0577 (76/1317) | Reward: -398.0 | Episode: 264 | Qmax: -20.8790
| Coverage: 0.0957 (126/1317) | Reward: -324.0 | Episode: 265 | Qmax: -21.1321
| Coverage: 0.0752 (98/1317) | Reward: -354.0 | Episode: 266 | Qmax: -21.2925
| Coverage: 0.0835 (110/1317) | Reward: -338.0 | Episode: 267 | Qmax: -21.5996
| Coverage: 0.0850 (111/1317) | Reward: -318.0 | Episode: 268 | Qmax: -21.8048
| Coverage: 0.0638 (84/1317) | Reward: -376.0 | Episode: 269 | Qmax: -21.9847
| Coverage: 0.0858 (113/1317) | Reward: -314.0 | Episode: 270 | Qmax: -22.2780
| Coverage: 0.0896 (118/1317) | Reward: -308.0 | Episode: 271 | Qmax: -22.3953
| Coverage: 0.0494 (65/1317) | Reward: -368.0 | Episode: 272 | Qmax: -22.6076
| Coverage: 0.0228 (30/1317) | Reward: -470.0 | Episode: 273 | Qmax: -22.7715
| Coverage: 0.0121 (16/1317) | Reward: -484.0 | Episode: 274 | Qmax: -22.9656
| Coverage: 0.0630 (83/1317) | Reward: -378.0 | Episode: 275 | Qmax: -23.0620
| Coverage: 0.1010 (133/1317) | Reward: -330.0 | Episode: 276 | Qmax: -23.2628
| Coverage: 0.0820 (108/1317) | Reward: -340.0 | Episode: 277 | Qmax: -23.4209
| Coverage: 0.0964 (127/1317) | Reward: -344.0 | Episode: 278 | Qmax: -23.5080
| Coverage: 0.0721 (95/1317) | Reward: -328.0 | Episode: 279 | Qmax: -23.7027
| Coverage: 0.0881 (116/1317) | Reward: -334.0 | Episode: 280 | Qmax: -23.8146
| Coverage: 0.0888 (116/1317) | Reward: -352.0 | Episode: 281 | Qmax: -24.0151
| Coverage: 0.0569 (75/1317) | Reward: -384.0 | Episode: 282 | Qmax: -24.1466
| Coverage: 0.1093 (144/1317) | Reward: -308.0 | Episode: 283 | Qmax: -24.2434
| Coverage: 0.0820 (108/1317) | Reward: -338.0 | Episode: 284 | Qmax: -24.3912
| Coverage: 0.1139 (150/1317) | Reward: -296.0 | Episode: 285 | Qmax: -24.5196
| Coverage: 0.0706 (93/1317) | Reward: -366.0 | Episode: 286 | Qmax: -24.6229
| Coverage: 0.0896 (118/1317) | Reward: -332.0 | Episode: 287 | Qmax: -24.7658
| Coverage: 0.1147 (151/1317) | Reward: -308.0 | Episode: 288 | Qmax: -24.8628
| Coverage: 0.0501 (66/1317) | Reward: -424.0 | Episode: 289 | Qmax: -24.9516
| Coverage: 0.1139 (150/1317) | Reward: -278.0 | Episode: 290 | Qmax: -25.0580
| Coverage: 0.0926 (122/1317) | Reward: -310.0 | Episode: 291 | Qmax: -25.1712
| Coverage: 0.0919 (121/1317) | Reward: -322.0 | Episode: 292 | Qmax: -25.2668
| Coverage: 0.0615 (81/1317) | Reward: -356.0 | Episode: 293 | Qmax: -25.4070
| Coverage: 0.0797 (105/1317) | Reward: -344.0 | Episode: 294 | Qmax: -25.4715
| Coverage: 0.0843 (111/1317) | Reward: -346.0 | Episode: 295 | Qmax: -25.6064
| Coverage: 0.0904 (119/1317) | Reward: -320.0 | Episode: 296 | Qmax: -25.7357
| Coverage: 0.0759 (100/1317) | Reward: -370.0 | Episode: 297 | Qmax: -25.7951
| Coverage: 0.0782 (103/1317) | Reward: -350.0 | Episode: 298 | Qmax: -25.8868
| Coverage: 0.1063 (140/1317) | Reward: -288.0 | Episode: 299 | Qmax: -26.0078
| Coverage: 0.0942 (124/1317) | Reward: -330.0 | Episode: 300 | Qmax: -26.1427
| Coverage: 0.0691 (91/1317) | Reward: -378.0 | Episode: 301 | Qmax: -26.2527
| Coverage: 0.0790 (104/1317) | Reward: -334.0 | Episode: 302 | Qmax: -26.3454
| Coverage: 0.1048 (138/1317) | Reward: -298.0 | Episode: 303 | Qmax: -26.4207
| Coverage: 0.0699 (92/1317) | Reward: -360.0 | Episode: 304 | Qmax: -26.5063
| Coverage: 0.0957 (126/1317) | Reward: -308.0 | Episode: 305 | Qmax: -26.5822
| Coverage: 0.0850 (111/1317) | Reward: -358.0 | Episode: 306 | Qmax: -26.6351
| Coverage: 0.0957 (126/1317) | Reward: -304.0 | Episode: 307 | Qmax: -26.7028
| Coverage: 0.0873 (115/1317) | Reward: -346.0 | Episode: 308 | Qmax: -26.7055
| Coverage: 0.0866 (114/1317) | Reward: -330.0 | Episode: 309 | Qmax: -26.7706
| Coverage: 0.0828 (109/1317) | Reward: -350.0 | Episode: 310 | Qmax: -26.8569
| Coverage: 0.0554 (73/1317) | Reward: -410.0 | Episode: 311 | Qmax: -26.8922
| Coverage: 0.0866 (114/1317) | Reward: -344.0 | Episode: 312 | Qmax: -26.8973
| Coverage: 0.0668 (88/1317) | Reward: -372.0 | Episode: 313 | Qmax: -26.9958
| Coverage: 0.0752 (98/1317) | Reward: -368.0 | Episode: 314 | Qmax: -27.0186
| Coverage: 0.0797 (105/1317) | Reward: -352.0 | Episode: 315 | Qmax: -27.1090
| Coverage: 0.1033 (136/1317) | Reward: -308.0 | Episode: 316 | Qmax: -27.1286
| Coverage: 0.0888 (116/1317) | Reward: -318.0 | Episode: 317 | Qmax: -27.2424
| Coverage: 0.0767 (101/1317) | Reward: -362.0 | Episode: 318 | Qmax: -27.3587
| Coverage: 0.0524 (69/1317) | Reward: -404.0 | Episode: 319 | Qmax: -27.4720
| Coverage: 0.0843 (111/1317) | Reward: -342.0 | Episode: 320 | Qmax: -27.5122
| Coverage: 0.0782 (103/1317) | Reward: -352.0 | Episode: 321 | Qmax: -27.6758
| Coverage: 0.0767 (101/1317) | Reward: -342.0 | Episode: 322 | Qmax: -27.8025
| Coverage: 0.0835 (110/1317) | Reward: -322.0 | Episode: 323 | Qmax: -27.8242
| Coverage: 0.0668 (88/1317) | Reward: -368.0 | Episode: 324 | Qmax: -27.9550
| Coverage: 0.0767 (101/1317) | Reward: -334.0 | Episode: 325 | Qmax: -28.0427
| Coverage: 0.0774 (102/1317) | Reward: -342.0 | Episode: 326 | Qmax: -28.1123
| Coverage: 0.0744 (98/1317) | Reward: -354.0 | Episode: 327 | Qmax: -28.2435
| Coverage: 0.0752 (98/1317) | Reward: -364.0 | Episode: 328 | Qmax: -28.3483
| Coverage: 0.0934 (123/1317) | Reward: -356.0 | Episode: 329 | Qmax: -28.4305
| Coverage: 0.0911 (120/1317) | Reward: -342.0 | Episode: 330 | Qmax: -28.5496
| Coverage: 0.0152 (20/1317) | Reward: -476.0 | Episode: 331 | Qmax: -28.6668
| Coverage: 0.0797 (105/1317) | Reward: -352.0 | Episode: 332 | Qmax: -28.6829
| Coverage: 0.1002 (132/1317) | Reward: -308.0 | Episode: 333 | Qmax: -28.8840
| Coverage: 0.0630 (83/1317) | Reward: -382.0 | Episode: 334 | Qmax: -28.9716
| Coverage: 0.0949 (125/1317) | Reward: -330.0 | Episode: 335 | Qmax: -29.0979
| Coverage: 0.0934 (123/1317) | Reward: -346.0 | Episode: 336 | Qmax: -29.1828
| Coverage: 0.0729 (96/1317) | Reward: -350.0 | Episode: 337 | Qmax: -29.3041
| Coverage: 0.0767 (101/1317) | Reward: -364.0 | Episode: 338 | Qmax: -29.4818
| Coverage: 0.0737 (97/1317) | Reward: -362.0 | Episode: 339 | Qmax: -29.5168
| Coverage: 0.0873 (115/1317) | Reward: -354.0 | Episode: 340 | Qmax: -29.6270
| Coverage: 0.0592 (78/1317) | Reward: -382.0 | Episode: 341 | Qmax: -29.7293
| Coverage: 0.0645 (85/1317) | Reward: -384.0 | Episode: 342 | Qmax: -29.7919
| Coverage: 0.0835 (110/1317) | Reward: -358.0 | Episode: 343 | Qmax: -29.8645
| Coverage: 0.1055 (139/1317) | Reward: -318.0 | Episode: 344 | Qmax: -29.9488
| Coverage: 0.0554 (73/1317) | Reward: -414.0 | Episode: 345 | Qmax: -30.0689
| Coverage: 0.0767 (101/1317) | Reward: -332.0 | Episode: 346 | Qmax: -30.1340
| Coverage: 0.0797 (105/1317) | Reward: -340.0 | Episode: 347 | Qmax: -30.3203
| Coverage: 0.0964 (127/1317) | Reward: -324.0 | Episode: 348 | Qmax: -30.3910
| Coverage: 0.0866 (114/1317) | Reward: -346.0 | Episode: 349 | Qmax: -30.4742
| Coverage: 0.0767 (101/1317) | Reward: -348.0 | Episode: 350 | Qmax: -30.5911
| Coverage: 0.0364 (48/1317) | Reward: -442.0 | Episode: 351 | Qmax: -30.6960
| Coverage: 0.0607 (80/1317) | Reward: -374.0 | Episode: 352 | Qmax: -30.7972
| Coverage: 0.0911 (120/1317) | Reward: -340.0 | Episode: 353 | Qmax: -30.8543
| Coverage: 0.0737 (97/1317) | Reward: -358.0 | Episode: 354 | Qmax: -31.0260
| Coverage: 0.1071 (141/1317) | Reward: -312.0 | Episode: 355 | Qmax: -31.0929
| Coverage: 0.0615 (81/1317) | Reward: -386.0 | Episode: 356 | Qmax: -31.2170
| Coverage: 0.0896 (118/1317) | Reward: -314.0 | Episode: 357 | Qmax: -31.3141
| Coverage: 0.0820 (108/1317) | Reward: -330.0 | Episode: 358 | Qmax: -31.4568
| Coverage: 0.0926 (122/1317) | Reward: -300.0 | Episode: 359 | Qmax: -31.5457
| Coverage: 0.0995 (131/1317) | Reward: -300.0 | Episode: 360 | Qmax: -31.6007
| Coverage: 0.1040 (137/1317) | Reward: -312.0 | Episode: 361 | Qmax: -31.7302
| Coverage: 0.1017 (134/1317) | Reward: -300.0 | Episode: 362 | Qmax: -31.8446
| Coverage: 0.0942 (124/1317) | Reward: -324.0 | Episode: 363 | Qmax: -31.8941
| Coverage: 0.0888 (116/1317) | Reward: -346.0 | Episode: 364 | Qmax: -31.9615
| Coverage: 0.1040 (137/1317) | Reward: -306.0 | Episode: 365 | Qmax: -32.0576
| Coverage: 0.0866 (114/1317) | Reward: -350.0 | Episode: 366 | Qmax: -32.1841
| Coverage: 0.0721 (95/1317) | Reward: -344.0 | Episode: 367 | Qmax: -32.2358
| Coverage: 0.0888 (116/1317) | Reward: -340.0 | Episode: 368 | Qmax: -32.2797
| Coverage: 0.0881 (116/1317) | Reward: -314.0 | Episode: 369 | Qmax: -32.4056
| Coverage: 0.0615 (81/1317) | Reward: -400.0 | Episode: 370 | Qmax: -32.5164
| Coverage: 0.0919 (121/1317) | Reward: -338.0 | Episode: 371 | Qmax: -32.5404
| Coverage: 0.0972 (128/1317) | Reward: -304.0 | Episode: 372 | Qmax: -32.6116
| Coverage: 0.1124 (148/1317) | Reward: -290.0 | Episode: 373 | Qmax: -32.6889
| Coverage: 0.1033 (136/1317) | Reward: -282.0 | Episode: 374 | Qmax: -32.7327
| Coverage: 0.0812 (107/1317) | Reward: -340.0 | Episode: 375 | Qmax: -32.8179
| Coverage: 0.0828 (109/1317) | Reward: -372.0 | Episode: 376 | Qmax: -32.8972
| Coverage: 0.1033 (136/1317) | Reward: -310.0 | Episode: 377 | Qmax: -32.9680
| Coverage: 0.0820 (108/1317) | Reward: -346.0 | Episode: 378 | Qmax: -33.0003
| Coverage: 0.0949 (125/1317) | Reward: -324.0 | Episode: 379 | Qmax: -33.0823
| Coverage: 0.1002 (132/1317) | Reward: -296.0 | Episode: 380 | Qmax: -33.0937
| Coverage: 0.0835 (110/1317) | Reward: -350.0 | Episode: 381 | Qmax: -33.1974
| Coverage: 0.0729 (96/1317) | Reward: -366.0 | Episode: 382 | Qmax: -33.2291
| Coverage: 0.1048 (138/1317) | Reward: -312.0 | Episode: 383 | Qmax: -33.2667
| Coverage: 0.0995 (131/1317) | Reward: -322.0 | Episode: 384 | Qmax: -33.3654
| Coverage: 0.0706 (93/1317) | Reward: -372.0 | Episode: 385 | Qmax: -33.4039
| Coverage: 0.0752 (98/1317) | Reward: -354.0 | Episode: 386 | Qmax: -33.4453
| Coverage: 0.0881 (116/1317) | Reward: -342.0 | Episode: 387 | Qmax: -33.4739
| Coverage: 0.0888 (116/1317) | Reward: -318.0 | Episode: 388 | Qmax: -33.5705
| Coverage: 0.1025 (135/1317) | Reward: -312.0 | Episode: 389 | Qmax: -33.5786
| Coverage: 0.1002 (132/1317) | Reward: -312.0 | Episode: 390 | Qmax: -33.6752
| Coverage: 0.1002 (132/1317) | Reward: -298.0 | Episode: 391 | Qmax: -33.7203
| Coverage: 0.0737 (97/1317) | Reward: -368.0 | Episode: 392 | Qmax: -33.7894
| Coverage: 0.0949 (125/1317) | Reward: -326.0 | Episode: 393 | Qmax: -33.7784
| Coverage: 0.0683 (90/1317) | Reward: -346.0 | Episode: 394 | Qmax: -33.9007
| Coverage: 0.1002 (132/1317) | Reward: -310.0 | Episode: 395 | Qmax: -33.9335
| Coverage: 0.0828 (109/1317) | Reward: -346.0 | Episode: 396 | Qmax: -34.0036
| Coverage: 0.1291 (170/1317) | Reward: -274.0 | Episode: 397 | Qmax: -34.0622
| Coverage: 0.0782 (103/1317) | Reward: -358.0 | Episode: 398 | Qmax: -34.1124
| Coverage: 0.0888 (116/1317) | Reward: -318.0 | Episode: 399 | Qmax: -34.1186
| Coverage: 0.0843 (111/1317) | Reward: -328.0 | Episode: 400 | Qmax: -34.1139
| Coverage: 0.0866 (114/1317) | Reward: -316.0 | Episode: 401 | Qmax: -34.2141
| Coverage: 0.0979 (129/1317) | Reward: -318.0 | Episode: 402 | Qmax: -34.2658
| Coverage: 0.1086 (143/1317) | Reward: -304.0 | Episode: 403 | Qmax: -34.3141
| Coverage: 0.1086 (143/1317) | Reward: -312.0 | Episode: 404 | Qmax: -34.4005
| Coverage: 0.1033 (136/1317) | Reward: -302.0 | Episode: 405 | Qmax: -34.4507
| Coverage: 0.0888 (116/1317) | Reward: -328.0 | Episode: 406 | Qmax: -34.4491
| Coverage: 0.0888 (116/1317) | Reward: -332.0 | Episode: 407 | Qmax: -34.5041
| Coverage: 0.0843 (111/1317) | Reward: -324.0 | Episode: 408 | Qmax: -34.6041
| Coverage: 0.0866 (114/1317) | Reward: -344.0 | Episode: 409 | Qmax: -34.6223
| Coverage: 0.0964 (127/1317) | Reward: -324.0 | Episode: 410 | Qmax: -34.6026
| Coverage: 0.0964 (127/1317) | Reward: -288.0 | Episode: 411 | Qmax: -34.6747
| Coverage: 0.0805 (106/1317) | Reward: -344.0 | Episode: 412 | Qmax: -34.7534
| Coverage: 0.0866 (114/1317) | Reward: -310.0 | Episode: 413 | Qmax: -34.7893
| Coverage: 0.0957 (126/1317) | Reward: -322.0 | Episode: 414 | Qmax: -34.8273
| Coverage: 0.0737 (97/1317) | Reward: -374.0 | Episode: 415 | Qmax: -34.9261
| Coverage: 0.1109 (146/1317) | Reward: -286.0 | Episode: 416 | Qmax: -34.9334
| Coverage: 0.1291 (170/1317) | Reward: -276.0 | Episode: 417 | Qmax: -34.9922
| Coverage: 0.1116 (147/1317) | Reward: -296.0 | Episode: 418 | Qmax: -35.0338
| Coverage: 0.1063 (140/1317) | Reward: -280.0 | Episode: 419 | Qmax: -35.1218
| Coverage: 0.1033 (136/1317) | Reward: -284.0 | Episode: 420 | Qmax: -35.1473
| Coverage: 0.1093 (144/1317) | Reward: -304.0 | Episode: 421 | Qmax: -35.1543
| Coverage: 0.1101 (145/1317) | Reward: -308.0 | Episode: 422 | Qmax: -35.2439
| Coverage: 0.1055 (139/1317) | Reward: -302.0 | Episode: 423 | Qmax: -35.2204
| Coverage: 0.1101 (145/1317) | Reward: -306.0 | Episode: 424 | Qmax: -35.2834
| Coverage: 0.1222 (161/1317) | Reward: -278.0 | Episode: 425 | Qmax: -35.2915
| Coverage: 0.1048 (138/1317) | Reward: -294.0 | Episode: 426 | Qmax: -35.3240
| Coverage: 0.1245 (164/1317) | Reward: -280.0 | Episode: 427 | Qmax: -35.3690
| Coverage: 0.1124 (148/1317) | Reward: -292.0 | Episode: 428 | Qmax: -35.4578
| Coverage: 0.1177 (155/1317) | Reward: -284.0 | Episode: 429 | Qmax: -35.4599
| Coverage: 0.0896 (118/1317) | Reward: -332.0 | Episode: 430 | Qmax: -35.4690
| Coverage: 0.0979 (129/1317) | Reward: -322.0 | Episode: 431 | Qmax: -35.4993
| Coverage: 0.0942 (124/1317) | Reward: -312.0 | Episode: 432 | Qmax: -35.5376
| Coverage: 0.1017 (134/1317) | Reward: -302.0 | Episode: 433 | Qmax: -35.5760
| Coverage: 0.0440 (58/1317) | Reward: -414.0 | Episode: 434 | Qmax: -35.5298
| Coverage: 0.1086 (143/1317) | Reward: -266.0 | Episode: 435 | Qmax: -35.5266
| Coverage: 0.1336 (176/1317) | Reward: -244.0 | Episode: 436 | Qmax: -35.5622
| Coverage: 0.0729 (96/1317) | Reward: -354.0 | Episode: 437 | Qmax: -35.5488
| Coverage: 0.0881 (116/1317) | Reward: -322.0 | Episode: 438 | Qmax: -35.5555
| Coverage: 0.1291 (170/1317) | Reward: -238.0 | Episode: 439 | Qmax: -35.5575
| Coverage: 0.0987 (130/1317) | Reward: -318.0 | Episode: 440 | Qmax: -35.5805
| Coverage: 0.0919 (121/1317) | Reward: -318.0 | Episode: 441 | Qmax: -35.6589
| Coverage: 0.1101 (145/1317) | Reward: -282.0 | Episode: 442 | Qmax: -35.6464
| Coverage: 0.1109 (146/1317) | Reward: -286.0 | Episode: 443 | Qmax: -35.6185
| Coverage: 0.1131 (149/1317) | Reward: -268.0 | Episode: 444 | Qmax: -35.6236
| Coverage: 0.0919 (121/1317) | Reward: -306.0 | Episode: 445 | Qmax: -35.6373
| Coverage: 0.1002 (132/1317) | Reward: -320.0 | Episode: 446 | Qmax: -35.6600
| Coverage: 0.0979 (129/1317) | Reward: -284.0 | Episode: 447 | Qmax: -35.6868
| Coverage: 0.1139 (150/1317) | Reward: -266.0 | Episode: 448 | Qmax: -35.5777
| Coverage: 0.0926 (122/1317) | Reward: -310.0 | Episode: 449 | Qmax: -35.6185
| Coverage: 0.0850 (111/1317) | Reward: -324.0 | Episode: 450 | Qmax: -35.6516
| Coverage: 0.0896 (118/1317) | Reward: -328.0 | Episode: 451 | Qmax: -35.6947
| Coverage: 0.1033 (136/1317) | Reward: -290.0 | Episode: 452 | Qmax: -35.6833
| Coverage: 0.1177 (155/1317) | Reward: -282.0 | Episode: 453 | Qmax: -35.6633
| Coverage: 0.0805 (106/1317) | Reward: -310.0 | Episode: 454 | Qmax: -35.7020
| Coverage: 0.1253 (165/1317) | Reward: -278.0 | Episode: 455 | Qmax: -35.7009
| Coverage: 0.0919 (121/1317) | Reward: -328.0 | Episode: 456 | Qmax: -35.7637
| Coverage: 0.0904 (119/1317) | Reward: -298.0 | Episode: 457 | Qmax: -35.8021
| Coverage: 0.1048 (138/1317) | Reward: -288.0 | Episode: 458 | Qmax: -35.7246
| Coverage: 0.1078 (142/1317) | Reward: -262.0 | Episode: 459 | Qmax: -35.7871
| Coverage: 0.1063 (140/1317) | Reward: -274.0 | Episode: 460 | Qmax: -35.7833
| Coverage: 0.0972 (128/1317) | Reward: -334.0 | Episode: 461 | Qmax: -35.8510
| Coverage: 0.1260 (166/1317) | Reward: -274.0 | Episode: 462 | Qmax: -35.8472
| Coverage: 0.1002 (132/1317) | Reward: -308.0 | Episode: 463 | Qmax: -35.8931
| Coverage: 0.1063 (140/1317) | Reward: -288.0 | Episode: 464 | Qmax: -35.8838
| Coverage: 0.0987 (130/1317) | Reward: -312.0 | Episode: 465 | Qmax: -35.8748
| Coverage: 0.0942 (124/1317) | Reward: -340.0 | Episode: 466 | Qmax: -35.8987
| Coverage: 0.0896 (118/1317) | Reward: -346.0 | Episode: 467 | Qmax: -35.9188
| Coverage: 0.1177 (155/1317) | Reward: -292.0 | Episode: 468 | Qmax: -35.8906
| Coverage: 0.0972 (128/1317) | Reward: -314.0 | Episode: 469 | Qmax: -35.9395
| Coverage: 0.1116 (147/1317) | Reward: -306.0 | Episode: 470 | Qmax: -35.9121
| Coverage: 0.1063 (140/1317) | Reward: -298.0 | Episode: 471 | Qmax: -35.8914
| Coverage: 0.0638 (84/1317) | Reward: -380.0 | Episode: 472 | Qmax: -35.9256
| Coverage: 0.0896 (118/1317) | Reward: -298.0 | Episode: 473 | Qmax: -35.8715
| Coverage: 0.1010 (133/1317) | Reward: -290.0 | Episode: 474 | Qmax: -35.8612
| Coverage: 0.1033 (136/1317) | Reward: -314.0 | Episode: 475 | Qmax: -35.8991
| Coverage: 0.0888 (116/1317) | Reward: -330.0 | Episode: 476 | Qmax: -35.9587
| Coverage: 0.0850 (111/1317) | Reward: -346.0 | Episode: 477 | Qmax: -35.9865
| Coverage: 0.0858 (113/1317) | Reward: -340.0 | Episode: 478 | Qmax: -35.9597
| Coverage: 0.1017 (134/1317) | Reward: -306.0 | Episode: 479 | Qmax: -36.0205
| Coverage: 0.0964 (127/1317) | Reward: -304.0 | Episode: 480 | Qmax: -36.0352
| Coverage: 0.0805 (106/1317) | Reward: -338.0 | Episode: 481 | Qmax: -36.0460
| Coverage: 0.1025 (135/1317) | Reward: -302.0 | Episode: 482 | Qmax: -36.0346
| Coverage: 0.0995 (131/1317) | Reward: -282.0 | Episode: 483 | Qmax: -36.0667
| Coverage: 0.1177 (155/1317) | Reward: -262.0 | Episode: 484 | Qmax: -36.0929
| Coverage: 0.0957 (126/1317) | Reward: -322.0 | Episode: 485 | Qmax: -36.1505
| Coverage: 0.1230 (162/1317) | Reward: -254.0 | Episode: 486 | Qmax: -36.1443
| Coverage: 0.1101 (145/1317) | Reward: -296.0 | Episode: 487 | Qmax: -36.1731
| Coverage: 0.1116 (147/1317) | Reward: -274.0 | Episode: 488 | Qmax: -36.1651
| Coverage: 0.1048 (138/1317) | Reward: -300.0 | Episode: 489 | Qmax: -36.1315
| Coverage: 0.1207 (159/1317) | Reward: -266.0 | Episode: 490 | Qmax: -36.1958
| Coverage: 0.0896 (118/1317) | Reward: -344.0 | Episode: 491 | Qmax: -36.1713
| Coverage: 0.0896 (118/1317) | Reward: -328.0 | Episode: 492 | Qmax: -36.1612
| Coverage: 0.1154 (152/1317) | Reward: -274.0 | Episode: 493 | Qmax: -36.2106
| Coverage: 0.0926 (122/1317) | Reward: -326.0 | Episode: 494 | Qmax: -36.1834
| Coverage: 0.1086 (143/1317) | Reward: -276.0 | Episode: 495 | Qmax: -36.1673
| Coverage: 0.0843 (111/1317) | Reward: -334.0 | Episode: 496 | Qmax: -36.1354
| Coverage: 0.1230 (162/1317) | Reward: -226.0 | Episode: 497 | Qmax: -36.1079
| Coverage: 0.1367 (180/1317) | Reward: -228.0 | Episode: 498 | Qmax: -36.1042
| Coverage: 0.1291 (170/1317) | Reward: -254.0 | Episode: 499 | Qmax: -36.0493
| Coverage: 0.1177 (155/1317) | Reward: -276.0 | Episode: 500 | Qmax: -36.0711
| Coverage: 0.1116 (147/1317) | Reward: -298.0 | Episode: 501 | Qmax: -36.0570
| Coverage: 0.1207 (159/1317) | Reward: -264.0 | Episode: 502 | Qmax: -36.0539
| Coverage: 0.0843 (111/1317) | Reward: -352.0 | Episode: 503 | Qmax: -36.0889
| Coverage: 0.0911 (120/1317) | Reward: -328.0 | Episode: 504 | Qmax: -36.0945
| Coverage: 0.1071 (141/1317) | Reward: -326.0 | Episode: 505 | Qmax: -36.0354
| Coverage: 0.1040 (137/1317) | Reward: -300.0 | Episode: 506 | Qmax: -36.0429
| Coverage: 0.0812 (107/1317) | Reward: -348.0 | Episode: 507 | Qmax: -36.0812
| Coverage: 0.1025 (135/1317) | Reward: -270.0 | Episode: 508 | Qmax: -36.0446
| Coverage: 0.0904 (119/1317) | Reward: -330.0 | Episode: 509 | Qmax: -36.0560
| Coverage: 0.1177 (155/1317) | Reward: -254.0 | Episode: 510 | Qmax: -36.0592
| Coverage: 0.1101 (145/1317) | Reward: -294.0 | Episode: 511 | Qmax: -36.0555
| Coverage: 0.1329 (174/1317) | Reward: -244.0 | Episode: 512 | Qmax: -36.0177
| Coverage: 0.1230 (162/1317) | Reward: -250.0 | Episode: 513 | Qmax: -36.0759
| Coverage: 0.1260 (166/1317) | Reward: -242.0 | Episode: 514 | Qmax: -36.0827
| Coverage: 0.0987 (130/1317) | Reward: -294.0 | Episode: 515 | Qmax: -35.9876
| Coverage: 0.0828 (109/1317) | Reward: -336.0 | Episode: 516 | Qmax: -36.0290
| Coverage: 0.1078 (142/1317) | Reward: -292.0 | Episode: 517 | Qmax: -36.0228
| Coverage: 0.0949 (125/1317) | Reward: -328.0 | Episode: 518 | Qmax: -36.0137
| Coverage: 0.1124 (148/1317) | Reward: -278.0 | Episode: 519 | Qmax: -36.0296
| Coverage: 0.0797 (105/1317) | Reward: -332.0 | Episode: 520 | Qmax: -36.0381
| Coverage: 0.1276 (168/1317) | Reward: -280.0 | Episode: 521 | Qmax: -36.0425
| Coverage: 0.1055 (139/1317) | Reward: -298.0 | Episode: 522 | Qmax: -36.0092
| Coverage: 0.1147 (151/1317) | Reward: -262.0 | Episode: 523 | Qmax: -36.0236
| Coverage: 0.1253 (165/1317) | Reward: -246.0 | Episode: 524 | Qmax: -35.9594
| Coverage: 0.1207 (159/1317) | Reward: -280.0 | Episode: 525 | Qmax: -35.9737
| Coverage: 0.1010 (133/1317) | Reward: -268.0 | Episode: 526 | Qmax: -35.8796
| Coverage: 0.1230 (162/1317) | Reward: -272.0 | Episode: 527 | Qmax: -35.9316
| Coverage: 0.0972 (128/1317) | Reward: -310.0 | Episode: 528 | Qmax: -35.9052
| Coverage: 0.1040 (137/1317) | Reward: -290.0 | Episode: 529 | Qmax: -35.8958
| Coverage: 0.1025 (135/1317) | Reward: -306.0 | Episode: 530 | Qmax: -35.8419
| Coverage: 0.1329 (174/1317) | Reward: -254.0 | Episode: 531 | Qmax: -35.8730
| Coverage: 0.1192 (157/1317) | Reward: -288.0 | Episode: 532 | Qmax: -35.8147
| Coverage: 0.1078 (142/1317) | Reward: -308.0 | Episode: 533 | Qmax: -35.7346
| Coverage: 0.1086 (143/1317) | Reward: -274.0 | Episode: 534 | Qmax: -35.7341
| Coverage: 0.1253 (165/1317) | Reward: -252.0 | Episode: 535 | Qmax: -35.7792
| Coverage: 0.1071 (141/1317) | Reward: -278.0 | Episode: 536 | Qmax: -35.6776
| Coverage: 0.0858 (113/1317) | Reward: -314.0 | Episode: 537 | Qmax: -35.6388
| Coverage: 0.1245 (164/1317) | Reward: -258.0 | Episode: 538 | Qmax: -35.6497
| Coverage: 0.1222 (161/1317) | Reward: -256.0 | Episode: 539 | Qmax: -35.6664
| Coverage: 0.1177 (155/1317) | Reward: -282.0 | Episode: 540 | Qmax: -35.6081
| Coverage: 0.1382 (182/1317) | Reward: -222.0 | Episode: 541 | Qmax: -35.5685
| Coverage: 0.1207 (159/1317) | Reward: -256.0 | Episode: 542 | Qmax: -35.5190
| Coverage: 0.1169 (154/1317) | Reward: -266.0 | Episode: 543 | Qmax: -35.5657
| Coverage: 0.0744 (98/1317) | Reward: -350.0 | Episode: 544 | Qmax: -35.5716
| Coverage: 0.0873 (115/1317) | Reward: -322.0 | Episode: 545 | Qmax: -35.5083
| Coverage: 0.1002 (132/1317) | Reward: -306.0 | Episode: 546 | Qmax: -35.4766
| Coverage: 0.1093 (144/1317) | Reward: -300.0 | Episode: 547 | Qmax: -35.4837
| Coverage: 0.1093 (144/1317) | Reward: -302.0 | Episode: 548 | Qmax: -35.4070
| Coverage: 0.1101 (145/1317) | Reward: -286.0 | Episode: 549 | Qmax: -35.3734
| Coverage: 0.1033 (136/1317) | Reward: -290.0 | Episode: 550 | Qmax: -35.3437
| Coverage: 0.0881 (116/1317) | Reward: -328.0 | Episode: 551 | Qmax: -35.4559
| Coverage: 0.1382 (182/1317) | Reward: -250.0 | Episode: 552 | Qmax: -35.2895
| Coverage: 0.0790 (104/1317) | Reward: -362.0 | Episode: 553 | Qmax: -35.3056
| Coverage: 0.1245 (164/1317) | Reward: -222.0 | Episode: 554 | Qmax: -35.2684
| Coverage: 0.1048 (138/1317) | Reward: -288.0 | Episode: 555 | Qmax: -35.2725
| Coverage: 0.1025 (135/1317) | Reward: -276.0 | Episode: 556 | Qmax: -35.2448
| Coverage: 0.1200 (158/1317) | Reward: -274.0 | Episode: 557 | Qmax: -35.1396
| Coverage: 0.1093 (144/1317) | Reward: -284.0 | Episode: 558 | Qmax: -35.2087
| Coverage: 0.1017 (134/1317) | Reward: -302.0 | Episode: 559 | Qmax: -35.1811
| Coverage: 0.1139 (150/1317) | Reward: -246.0 | Episode: 560 | Qmax: -35.2615
| Coverage: 0.1139 (150/1317) | Reward: -282.0 | Episode: 561 | Qmax: -35.2255
| Coverage: 0.1587 (209/1317) | Reward: -186.0 | Episode: 562 | Qmax: -35.1385
| Coverage: 0.1314 (173/1317) | Reward: -254.0 | Episode: 563 | Qmax: -35.1536
| Coverage: 0.1116 (147/1317) | Reward: -266.0 | Episode: 564 | Qmax: -35.2009
| Coverage: 0.1109 (146/1317) | Reward: -292.0 | Episode: 565 | Qmax: -35.1667
| Coverage: 0.1131 (149/1317) | Reward: -282.0 | Episode: 566 | Qmax: -35.3051
| Coverage: 0.1093 (144/1317) | Reward: -282.0 | Episode: 567 | Qmax: -35.1813
| Coverage: 0.1291 (170/1317) | Reward: -228.0 | Episode: 568 | Qmax: -35.1285
| Coverage: 0.1078 (142/1317) | Reward: -276.0 | Episode: 569 | Qmax: -35.1818
| Coverage: 0.1063 (140/1317) | Reward: -284.0 | Episode: 570 | Qmax: -35.1229
| Coverage: 0.1222 (161/1317) | Reward: -282.0 | Episode: 571 | Qmax: -35.1171
| Coverage: 0.1048 (138/1317) | Reward: -300.0 | Episode: 572 | Qmax: -35.0680
| Coverage: 0.1192 (157/1317) | Reward: -254.0 | Episode: 573 | Qmax: -35.0818
| Coverage: 0.1230 (162/1317) | Reward: -264.0 | Episode: 574 | Qmax: -34.9813
| Coverage: 0.1276 (168/1317) | Reward: -248.0 | Episode: 575 | Qmax: -34.9017
| Coverage: 0.1458 (192/1317) | Reward: -202.0 | Episode: 576 | Qmax: -34.9568
| Coverage: 0.0919 (121/1317) | Reward: -318.0 | Episode: 577 | Qmax: -34.8611
| Coverage: 0.0699 (92/1317) | Reward: -370.0 | Episode: 578 | Qmax: -34.8665
| Coverage: 0.1010 (133/1317) | Reward: -306.0 | Episode: 579 | Qmax: -34.8581
| Coverage: 0.1200 (158/1317) | Reward: -284.0 | Episode: 580 | Qmax: -34.8869
| Coverage: 0.0228 (30/1317) | Reward: -458.0 | Episode: 581 | Qmax: -34.9343
| Coverage: 0.1177 (155/1317) | Reward: -264.0 | Episode: 582 | Qmax: -34.8206
| Coverage: 0.0942 (124/1317) | Reward: -336.0 | Episode: 583 | Qmax: -34.8274
| Coverage: 0.0896 (118/1317) | Reward: -314.0 | Episode: 584 | Qmax: -34.8559
| Coverage: 0.1185 (156/1317) | Reward: -282.0 | Episode: 585 | Qmax: -34.7974
| Coverage: 0.1177 (155/1317) | Reward: -260.0 | Episode: 586 | Qmax: -34.7901
| Coverage: 0.0911 (120/1317) | Reward: -354.0 | Episode: 587 | Qmax: -34.7599
| Coverage: 0.1025 (135/1317) | Reward: -312.0 | Episode: 588 | Qmax: -34.7121
| Coverage: 0.0957 (126/1317) | Reward: -296.0 | Episode: 589 | Qmax: -34.7806
| Coverage: 0.1192 (157/1317) | Reward: -300.0 | Episode: 590 | Qmax: -34.7578
| Coverage: 0.1185 (156/1317) | Reward: -292.0 | Episode: 591 | Qmax: -34.7838
| Coverage: 0.1276 (168/1317) | Reward: -272.0 | Episode: 592 | Qmax: -34.7263
| Coverage: 0.1040 (137/1317) | Reward: -294.0 | Episode: 593 | Qmax: -34.7293
| Coverage: 0.1306 (172/1317) | Reward: -252.0 | Episode: 594 | Qmax: -34.6977
| Coverage: 0.1245 (164/1317) | Reward: -258.0 | Episode: 595 | Qmax: -34.7589
| Coverage: 0.1260 (166/1317) | Reward: -252.0 | Episode: 596 | Qmax: -34.6616
| Coverage: 0.1200 (158/1317) | Reward: -280.0 | Episode: 597 | Qmax: -34.7552
| Coverage: 0.1002 (132/1317) | Reward: -300.0 | Episode: 598 | Qmax: -34.7362
| Coverage: 0.1291 (170/1317) | Reward: -266.0 | Episode: 599 | Qmax: -34.7283
| Coverage: 0.1215 (160/1317) | Reward: -248.0 | Episode: 600 | Qmax: -34.7190
| Coverage: 0.1063 (140/1317) | Reward: -300.0 | Episode: 601 | Qmax: -34.6890
| Coverage: 0.1435 (189/1317) | Reward: -218.0 | Episode: 602 | Qmax: -34.7642
| Coverage: 0.1116 (147/1317) | Reward: -272.0 | Episode: 603 | Qmax: -34.6683
| Coverage: 0.1207 (159/1317) | Reward: -270.0 | Episode: 604 | Qmax: -34.7742
| Coverage: 0.0942 (124/1317) | Reward: -348.0 | Episode: 605 | Qmax: -34.7060
| Coverage: 0.1321 (174/1317) | Reward: -242.0 | Episode: 606 | Qmax: -34.6233
| Coverage: 0.0926 (122/1317) | Reward: -332.0 | Episode: 607 | Qmax: -34.5903
| Coverage: 0.1260 (166/1317) | Reward: -262.0 | Episode: 608 | Qmax: -34.5639
| Coverage: 0.0972 (128/1317) | Reward: -328.0 | Episode: 609 | Qmax: -34.5178
| Coverage: 0.1177 (155/1317) | Reward: -280.0 | Episode: 610 | Qmax: -34.5533
| Coverage: 0.1192 (157/1317) | Reward: -272.0 | Episode: 611 | Qmax: -34.4580
| Coverage: 0.0881 (116/1317) | Reward: -324.0 | Episode: 612 | Qmax: -34.4666
| Coverage: 0.1169 (154/1317) | Reward: -248.0 | Episode: 613 | Qmax: -34.4557
| Coverage: 0.1071 (141/1317) | Reward: -288.0 | Episode: 614 | Qmax: -34.4095
| Coverage: 0.1093 (144/1317) | Reward: -294.0 | Episode: 615 | Qmax: -34.3903
| Coverage: 0.1078 (142/1317) | Reward: -292.0 | Episode: 616 | Qmax: -34.4163
| Coverage: 0.1321 (174/1317) | Reward: -242.0 | Episode: 617 | Qmax: -34.3951
| Coverage: 0.1124 (148/1317) | Reward: -268.0 | Episode: 618 | Qmax: -34.2778
| Coverage: 0.1306 (172/1317) | Reward: -244.0 | Episode: 619 | Qmax: -34.3296
| Coverage: 0.1215 (160/1317) | Reward: -292.0 | Episode: 620 | Qmax: -34.2657
| Coverage: 0.1465 (193/1317) | Reward: -220.0 | Episode: 621 | Qmax: -34.2518
| Coverage: 0.1321 (174/1317) | Reward: -258.0 | Episode: 622 | Qmax: -34.2751
| Coverage: 0.1200 (158/1317) | Reward: -250.0 | Episode: 623 | Qmax: -34.2614
| Coverage: 0.1230 (162/1317) | Reward: -254.0 | Episode: 624 | Qmax: -34.2331
| Coverage: 0.1412 (186/1317) | Reward: -226.0 | Episode: 625 | Qmax: -34.1791
| Coverage: 0.0797 (105/1317) | Reward: -356.0 | Episode: 626 | Qmax: -34.1874
| Coverage: 0.1177 (155/1317) | Reward: -286.0 | Episode: 627 | Qmax: -34.1013
| Coverage: 0.1033 (136/1317) | Reward: -286.0 | Episode: 628 | Qmax: -34.0200
| Coverage: 0.1200 (158/1317) | Reward: -266.0 | Episode: 629 | Qmax: -34.0123
| Coverage: 0.1086 (143/1317) | Reward: -246.0 | Episode: 630 | Qmax: -34.0619
| Coverage: 0.1329 (174/1317) | Reward: -250.0 | Episode: 631 | Qmax: -34.0384
| Coverage: 0.1314 (173/1317) | Reward: -240.0 | Episode: 632 | Qmax: -33.9966
| Coverage: 0.0995 (131/1317) | Reward: -310.0 | Episode: 633 | Qmax: -34.0385
| Coverage: 0.1260 (166/1317) | Reward: -252.0 | Episode: 634 | Qmax: -34.0082
| Coverage: 0.1276 (168/1317) | Reward: -260.0 | Episode: 635 | Qmax: -34.0075
| Coverage: 0.1101 (145/1317) | Reward: -304.0 | Episode: 636 | Qmax: -33.9479
| Coverage: 0.1124 (148/1317) | Reward: -276.0 | Episode: 637 | Qmax: -33.8924
| Coverage: 0.0926 (122/1317) | Reward: -312.0 | Episode: 638 | Qmax: -33.9369
| Coverage: 0.1321 (174/1317) | Reward: -252.0 | Episode: 639 | Qmax: -33.8813
| Coverage: 0.1078 (142/1317) | Reward: -270.0 | Episode: 640 | Qmax: -33.9271
| Coverage: 0.0577 (76/1317) | Reward: -414.0 | Episode: 641 | Qmax: -33.8872
| Coverage: 0.1215 (160/1317) | Reward: -264.0 | Episode: 642 | Qmax: -33.7866
| Coverage: 0.1344 (177/1317) | Reward: -250.0 | Episode: 643 | Qmax: -33.7774
| Coverage: 0.1496 (197/1317) | Reward: -190.0 | Episode: 644 | Qmax: -33.8000
| Coverage: 0.1298 (171/1317) | Reward: -204.0 | Episode: 645 | Qmax: -33.7217
| Coverage: 0.1245 (164/1317) | Reward: -252.0 | Episode: 646 | Qmax: -33.7699
| Coverage: 0.1374 (181/1317) | Reward: -216.0 | Episode: 647 | Qmax: -33.7251
| Coverage: 0.1314 (173/1317) | Reward: -272.0 | Episode: 648 | Qmax: -33.6862
| Coverage: 0.1336 (176/1317) | Reward: -222.0 | Episode: 649 | Qmax: -33.7245
| Coverage: 0.1427 (187/1317) | Reward: -246.0 | Episode: 650 | Qmax: -33.5767
| Coverage: 0.1078 (142/1317) | Reward: -276.0 | Episode: 651 | Qmax: -33.6463
| Coverage: 0.1238 (163/1317) | Reward: -226.0 | Episode: 652 | Qmax: -33.6375
| Coverage: 0.1230 (162/1317) | Reward: -214.0 | Episode: 653 | Qmax: -33.6101
| Coverage: 0.1124 (148/1317) | Reward: -274.0 | Episode: 654 | Qmax: -33.6347
| Coverage: 0.1048 (138/1317) | Reward: -272.0 | Episode: 655 | Qmax: -33.5618
| Coverage: 0.1291 (170/1317) | Reward: -222.0 | Episode: 656 | Qmax: -33.4697
| Coverage: 0.1215 (160/1317) | Reward: -260.0 | Episode: 657 | Qmax: -33.4522
| Coverage: 0.1336 (176/1317) | Reward: -226.0 | Episode: 658 | Qmax: -33.3644
| Coverage: 0.1382 (182/1317) | Reward: -218.0 | Episode: 659 | Qmax: -33.4106
| Coverage: 0.1291 (170/1317) | Reward: -250.0 | Episode: 660 | Qmax: -33.4243
| Coverage: 0.1177 (155/1317) | Reward: -272.0 | Episode: 661 | Qmax: -33.3253
| Coverage: 0.1367 (180/1317) | Reward: -206.0 | Episode: 662 | Qmax: -33.3453
| Coverage: 0.1124 (148/1317) | Reward: -284.0 | Episode: 663 | Qmax: -33.2510
| Coverage: 0.1010 (133/1317) | Reward: -290.0 | Episode: 664 | Qmax: -33.1905
| Coverage: 0.1040 (137/1317) | Reward: -270.0 | Episode: 665 | Qmax: -33.1033
| Coverage: 0.1465 (193/1317) | Reward: -208.0 | Episode: 666 | Qmax: -33.1421
| Coverage: 0.1283 (169/1317) | Reward: -244.0 | Episode: 667 | Qmax: -33.0758
| Coverage: 0.1306 (172/1317) | Reward: -200.0 | Episode: 668 | Qmax: -33.0491
| Coverage: 0.1344 (177/1317) | Reward: -252.0 | Episode: 669 | Qmax: -32.9535
| Coverage: 0.0061 (8/1317) | Reward: -492.0 | Episode: 670 | Qmax: -32.8991
| Coverage: 0.1253 (165/1317) | Reward: -228.0 | Episode: 671 | Qmax: -32.8381
| Coverage: 0.1200 (158/1317) | Reward: -230.0 | Episode: 672 | Qmax: -32.8320
| Coverage: 0.1238 (163/1317) | Reward: -250.0 | Episode: 673 | Qmax: -32.8052
| Coverage: 0.1139 (150/1317) | Reward: -306.0 | Episode: 674 | Qmax: -32.7233
| Coverage: 0.1177 (155/1317) | Reward: -242.0 | Episode: 675 | Qmax: -32.7505
| Coverage: 0.1458 (192/1317) | Reward: -182.0 | Episode: 676 | Qmax: -32.6728
| Coverage: 0.1329 (174/1317) | Reward: -244.0 | Episode: 677 | Qmax: -32.6605
| Coverage: 0.1086 (143/1317) | Reward: -282.0 | Episode: 678 | Qmax: -32.6109
| Coverage: 0.1390 (183/1317) | Reward: -196.0 | Episode: 679 | Qmax: -32.5767
| Coverage: 0.1450 (191/1317) | Reward: -246.0 | Episode: 680 | Qmax: -32.5663
| Coverage: 0.1260 (166/1317) | Reward: -236.0 | Episode: 681 | Qmax: -32.5665
| Coverage: 0.1276 (168/1317) | Reward: -244.0 | Episode: 682 | Qmax: -32.4078
| Coverage: 0.1222 (161/1317) | Reward: -216.0 | Episode: 683 | Qmax: -32.4579
| Coverage: 0.1352 (178/1317) | Reward: -218.0 | Episode: 684 | Qmax: -32.4501
| Coverage: 0.1336 (176/1317) | Reward: -238.0 | Episode: 685 | Qmax: -32.3939
| Coverage: 0.1200 (158/1317) | Reward: -272.0 | Episode: 686 | Qmax: -32.3150
| Coverage: 0.1215 (160/1317) | Reward: -236.0 | Episode: 687 | Qmax: -32.2960
| Coverage: 0.1435 (189/1317) | Reward: -206.0 | Episode: 688 | Qmax: -32.2254
| Coverage: 0.1298 (171/1317) | Reward: -228.0 | Episode: 689 | Qmax: -32.2228
| Coverage: 0.1276 (168/1317) | Reward: -212.0 | Episode: 690 | Qmax: -32.1405
| Coverage: 0.1260 (166/1317) | Reward: -266.0 | Episode: 691 | Qmax: -32.1838
| Coverage: 0.1033 (136/1317) | Reward: -274.0 | Episode: 692 | Qmax: -32.0935
| Coverage: 0.1162 (153/1317) | Reward: -248.0 | Episode: 693 | Qmax: -32.0168
| Coverage: 0.1314 (173/1317) | Reward: -222.0 | Episode: 694 | Qmax: -31.9806
| Coverage: 0.1207 (159/1317) | Reward: -250.0 | Episode: 695 | Qmax: -31.9363
| Coverage: 0.1382 (182/1317) | Reward: -234.0 | Episode: 696 | Qmax: -31.8501
| Coverage: 0.1230 (162/1317) | Reward: -244.0 | Episode: 697 | Qmax: -31.8339
| Coverage: 0.1200 (158/1317) | Reward: -244.0 | Episode: 698 | Qmax: -31.7171
| Coverage: 0.1420 (187/1317) | Reward: -238.0 | Episode: 699 | Qmax: -31.6773
| Coverage: 0.1131 (149/1317) | Reward: -252.0 | Episode: 700 | Qmax: -31.6968
| Coverage: 0.1367 (180/1317) | Reward: -226.0 | Episode: 701 | Qmax: -31.5469
| Coverage: 0.1405 (184/1317) | Reward: -188.0 | Episode: 702 | Qmax: -31.5067
| Coverage: 0.1405 (184/1317) | Reward: -232.0 | Episode: 703 | Qmax: -31.4322
| Coverage: 0.1048 (138/1317) | Reward: -248.0 | Episode: 704 | Qmax: -31.4230
| Coverage: 0.1496 (197/1317) | Reward: -156.0 | Episode: 705 | Qmax: -31.3762
| Coverage: 0.1473 (194/1317) | Reward: -200.0 | Episode: 706 | Qmax: -31.3170
| Coverage: 0.1405 (184/1317) | Reward: -230.0 | Episode: 707 | Qmax: -31.2690
| Coverage: 0.1139 (150/1317) | Reward: -264.0 | Episode: 708 | Qmax: -31.1122
| Coverage: 0.1420 (187/1317) | Reward: -186.0 | Episode: 709 | Qmax: -31.0838
| Coverage: 0.1382 (182/1317) | Reward: -210.0 | Episode: 710 | Qmax: -31.0695
| Coverage: 0.1352 (178/1317) | Reward: -244.0 | Episode: 711 | Qmax: -30.9945
| Coverage: 0.1397 (184/1317) | Reward: -218.0 | Episode: 712 | Qmax: -30.9635
| Coverage: 0.1314 (173/1317) | Reward: -214.0 | Episode: 713 | Qmax: -30.8666
| Coverage: 0.1040 (137/1317) | Reward: -258.0 | Episode: 714 | Qmax: -30.9163
| Coverage: 0.1367 (180/1317) | Reward: -178.0 | Episode: 715 | Qmax: -30.8447
| Coverage: 0.1511 (199/1317) | Reward: -182.0 | Episode: 716 | Qmax: -30.7930
| Coverage: 0.1245 (164/1317) | Reward: -216.0 | Episode: 717 | Qmax: -30.7656
| Coverage: 0.1435 (189/1317) | Reward: -174.0 | Episode: 718 | Qmax: -30.7548
| Coverage: 0.1374 (181/1317) | Reward: -222.0 | Episode: 719 | Qmax: -30.6848
| Coverage: 0.1207 (159/1317) | Reward: -248.0 | Episode: 720 | Qmax: -30.6014
| Coverage: 0.1352 (178/1317) | Reward: -204.0 | Episode: 721 | Qmax: -30.5674
| Coverage: 0.1314 (173/1317) | Reward: -200.0 | Episode: 722 | Qmax: -30.5111
| Coverage: 0.1367 (180/1317) | Reward: -208.0 | Episode: 723 | Qmax: -30.4517
| Coverage: 0.1420 (187/1317) | Reward: -196.0 | Episode: 724 | Qmax: -30.2676
| Coverage: 0.1541 (203/1317) | Reward: -200.0 | Episode: 725 | Qmax: -29.9928
| Coverage: 0.1617 (213/1317) | Reward: -184.0 | Episode: 726 | Qmax: -29.5708
| Coverage: 0.1458 (192/1317) | Reward: -194.0 | Episode: 727 | Qmax: -29.5552
| Coverage: 0.1450 (191/1317) | Reward: -230.0 | Episode: 728 | Qmax: -29.6190
| Coverage: 0.1336 (176/1317) | Reward: -180.0 | Episode: 729 | Qmax: -29.5133
| Coverage: 0.1260 (166/1317) | Reward: -220.0 | Episode: 730 | Qmax: -29.4301
| Coverage: 0.1367 (180/1317) | Reward: -216.0 | Episode: 731 | Qmax: -29.3280
| Coverage: 0.1162 (153/1317) | Reward: -192.0 | Episode: 732 | Qmax: -29.3236
| Coverage: 0.1306 (172/1317) | Reward: -164.0 | Episode: 733 | Qmax: -29.2128
| Coverage: 0.1435 (189/1317) | Reward: -198.0 | Episode: 734 | Qmax: -29.1316
| Coverage: 0.1579 (208/1317) | Reward: -154.0 | Episode: 735 | Qmax: -29.0444
| Coverage: 0.1503 (197/1317) | Reward: -184.0 | Episode: 736 | Qmax: -29.0738
| Coverage: 0.1238 (163/1317) | Reward: -222.0 | Episode: 737 | Qmax: -28.8610
| Coverage: 0.1412 (186/1317) | Reward: -150.0 | Episode: 738 | Qmax: -28.7733
| Coverage: 0.1435 (189/1317) | Reward: -192.0 | Episode: 739 | Qmax: -28.6843
| Coverage: 0.1617 (213/1317) | Reward: -132.0 | Episode: 740 | Qmax: -28.7272
| Coverage: 0.1458 (192/1317) | Reward: -196.0 | Episode: 741 | Qmax: -28.6149
| Coverage: 0.1116 (147/1317) | Reward: -210.0 | Episode: 742 | Qmax: -28.5007
| Coverage: 0.1526 (200/1317) | Reward: -162.0 | Episode: 743 | Qmax: -28.5044
| Coverage: 0.1435 (189/1317) | Reward: -136.0 | Episode: 744 | Qmax: -28.3584
| Coverage: 0.1374 (181/1317) | Reward: -210.0 | Episode: 745 | Qmax: -28.2495
| Coverage: 0.1260 (166/1317) | Reward: -220.0 | Episode: 746 | Qmax: -28.0838
| Coverage: 0.1465 (193/1317) | Reward: -138.0 | Episode: 747 | Qmax: -28.0718
| Coverage: 0.1557 (205/1317) | Reward: -174.0 | Episode: 748 | Qmax: -27.9552
| Coverage: 0.1367 (180/1317) | Reward: -216.0 | Episode: 749 | Qmax: -27.8714
| Coverage: 0.1352 (178/1317) | Reward: -178.0 | Episode: 750 | Qmax: -27.8725
| Coverage: 0.1632 (215/1317) | Reward: -184.0 | Episode: 751 | Qmax: -27.7021
| Coverage: 0.1564 (206/1317) | Reward: -170.0 | Episode: 752 | Qmax: -27.6362
| Coverage: 0.1352 (178/1317) | Reward: -176.0 | Episode: 753 | Qmax: -27.4566
| Coverage: 0.1534 (202/1317) | Reward: -150.0 | Episode: 754 | Qmax: -27.4388
| Coverage: 0.1390 (183/1317) | Reward: -176.0 | Episode: 755 | Qmax: -27.4631
| Coverage: 0.1427 (187/1317) | Reward: -212.0 | Episode: 756 | Qmax: -27.3468
| Coverage: 0.1435 (189/1317) | Reward: -176.0 | Episode: 757 | Qmax: -27.3450
| Coverage: 0.1481 (195/1317) | Reward: -214.0 | Episode: 758 | Qmax: -27.4135
| Coverage: 0.1382 (182/1317) | Reward: -232.0 | Episode: 759 | Qmax: -27.2723
| Coverage: 0.1352 (178/1317) | Reward: -186.0 | Episode: 760 | Qmax: -27.1421
| Coverage: 0.1534 (202/1317) | Reward: -206.0 | Episode: 761 | Qmax: -27.1131
| Coverage: 0.1306 (172/1317) | Reward: -228.0 | Episode: 762 | Qmax: -26.9788
| Coverage: 0.1519 (200/1317) | Reward: -184.0 | Episode: 763 | Qmax: -26.9286
| Coverage: 0.1632 (215/1317) | Reward: -116.0 | Episode: 764 | Qmax: -26.8538
| Coverage: 0.1800 (236/1317) | Reward: -120.0 | Episode: 765 | Qmax: -26.7651
| Coverage: 0.1443 (190/1317) | Reward: -190.0 | Episode: 766 | Qmax: -26.6638
| Coverage: 0.1420 (187/1317) | Reward: -184.0 | Episode: 767 | Qmax: -26.6201
| Coverage: 0.1481 (195/1317) | Reward: -190.0 | Episode: 768 | Qmax: -26.5135
| Coverage: 0.1147 (151/1317) | Reward: -236.0 | Episode: 769 | Qmax: -26.4332
| Coverage: 0.1716 (226/1317) | Reward: -154.0 | Episode: 770 | Qmax: -26.4305
| Coverage: 0.1610 (212/1317) | Reward: -164.0 | Episode: 771 | Qmax: -26.2980
| Coverage: 0.1192 (157/1317) | Reward: -220.0 | Episode: 772 | Qmax: -26.2758
| Coverage: 0.1557 (205/1317) | Reward: -140.0 | Episode: 773 | Qmax: -26.1692
| Coverage: 0.1746 (230/1317) | Reward: -158.0 | Episode: 774 | Qmax: -26.1025
| Coverage: 0.1367 (180/1317) | Reward: -220.0 | Episode: 775 | Qmax: -25.9975
| Coverage: 0.1572 (207/1317) | Reward: -140.0 | Episode: 776 | Qmax: -25.9298
| Coverage: 0.1405 (184/1317) | Reward: -186.0 | Episode: 777 | Qmax: -25.8656
| Coverage: 0.1238 (163/1317) | Reward: -246.0 | Episode: 778 | Qmax: -25.8156
| Coverage: 0.1412 (186/1317) | Reward: -214.0 | Episode: 779 | Qmax: -25.6407
| Coverage: 0.1374 (181/1317) | Reward: -218.0 | Episode: 780 | Qmax: -25.5222
| Coverage: 0.1579 (208/1317) | Reward: -168.0 | Episode: 781 | Qmax: -25.4259
| Coverage: 0.1291 (170/1317) | Reward: -234.0 | Episode: 782 | Qmax: -25.2977
| Coverage: 0.1473 (194/1317) | Reward: -182.0 | Episode: 783 | Qmax: -25.2310
| Coverage: 0.1405 (184/1317) | Reward: -188.0 | Episode: 784 | Qmax: -25.1731
| Coverage: 0.1526 (200/1317) | Reward: -198.0 | Episode: 785 | Qmax: -25.1667
| Coverage: 0.1465 (193/1317) | Reward: -194.0 | Episode: 786 | Qmax: -25.0605
| Coverage: 0.1640 (216/1317) | Reward: -134.0 | Episode: 787 | Qmax: -24.9624
| Coverage: 0.1207 (159/1317) | Reward: -214.0 | Episode: 788 | Qmax: -24.9258
| Coverage: 0.1617 (213/1317) | Reward: -138.0 | Episode: 789 | Qmax: -24.8612
| Coverage: 0.1572 (207/1317) | Reward: -170.0 | Episode: 790 | Qmax: -24.7792
| Coverage: 0.1359 (179/1317) | Reward: -178.0 | Episode: 791 | Qmax: -24.6327
| Coverage: 0.1488 (196/1317) | Reward: -166.0 | Episode: 792 | Qmax: -24.5842
| Coverage: 0.1488 (196/1317) | Reward: -184.0 | Episode: 793 | Qmax: -24.3703
| Coverage: 0.1686 (222/1317) | Reward: -136.0 | Episode: 794 | Qmax: -24.4355
| Coverage: 0.1473 (194/1317) | Reward: -126.0 | Episode: 795 | Qmax: -24.3474
| Coverage: 0.1405 (184/1317) | Reward: -154.0 | Episode: 796 | Qmax: -24.1542
| Coverage: 0.1503 (197/1317) | Reward: -132.0 | Episode: 797 | Qmax: -24.1022
| Coverage: 0.1344 (177/1317) | Reward: -186.0 | Episode: 798 | Qmax: -24.0440
| Coverage: 0.1412 (186/1317) | Reward: -150.0 | Episode: 799 | Qmax: -23.8530
| Coverage: 0.1359 (179/1317) | Reward: -172.0 | Episode: 800 | Qmax: -23.8225
| Coverage: 0.1875 (246/1317) | Reward: -134.0 | Episode: 801 | Qmax: -23.6177
| Coverage: 0.1420 (187/1317) | Reward: -154.0 | Episode: 802 | Qmax: -23.5938
| Coverage: 0.1397 (184/1317) | Reward: -220.0 | Episode: 803 | Qmax: -23.4717
| Coverage: 0.1329 (174/1317) | Reward: -178.0 | Episode: 804 | Qmax: -23.3545
| Coverage: 0.1276 (168/1317) | Reward: -158.0 | Episode: 805 | Qmax: -23.2808
| Coverage: 0.1595 (210/1317) | Reward: -130.0 | Episode: 806 | Qmax: -23.1319
| Coverage: 0.1435 (189/1317) | Reward: -190.0 | Episode: 807 | Qmax: -23.0833
| Coverage: 0.1443 (190/1317) | Reward: -212.0 | Episode: 808 | Qmax: -22.9232
| Coverage: 0.1412 (186/1317) | Reward: -178.0 | Episode: 809 | Qmax: -22.8849
| Coverage: 0.1572 (207/1317) | Reward: -166.0 | Episode: 810 | Qmax: -22.8167
| Coverage: 0.1374 (181/1317) | Reward: -170.0 | Episode: 811 | Qmax: -22.7162
| Coverage: 0.1579 (208/1317) | Reward: -160.0 | Episode: 812 | Qmax: -22.6459
| Coverage: 0.1830 (241/1317) | Reward: -140.0 | Episode: 813 | Qmax: -22.4690
| Coverage: 0.1222 (161/1317) | Reward: -176.0 | Episode: 814 | Qmax: -22.3583
| Coverage: 0.1678 (221/1317) | Reward: -108.0 | Episode: 815 | Qmax: -22.2670
| Coverage: 0.1595 (210/1317) | Reward: -194.0 | Episode: 816 | Qmax: -22.1299
| Coverage: 0.1724 (227/1317) | Reward: -88.0 | Episode: 817 | Qmax: -22.0513
| Coverage: 0.1458 (192/1317) | Reward: -180.0 | Episode: 818 | Qmax: -21.9407
| Coverage: 0.1693 (223/1317) | Reward: -146.0 | Episode: 819 | Qmax: -21.8426
| Coverage: 0.1359 (179/1317) | Reward: -220.0 | Episode: 820 | Qmax: -21.7074
| Coverage: 0.1321 (174/1317) | Reward: -134.0 | Episode: 821 | Qmax: -21.6716
| Coverage: 0.1526 (200/1317) | Reward: -92.0 | Episode: 822 | Qmax: -21.5217
| Coverage: 0.1595 (210/1317) | Reward: -136.0 | Episode: 823 | Qmax: -21.4159
| Coverage: 0.1587 (209/1317) | Reward: -150.0 | Episode: 824 | Qmax: -21.2679
| Coverage: 0.1397 (184/1317) | Reward: -164.0 | Episode: 825 | Qmax: -21.2934
| Coverage: 0.1625 (214/1317) | Reward: -124.0 | Episode: 826 | Qmax: -21.1110
| Coverage: 0.1526 (200/1317) | Reward: -162.0 | Episode: 827 | Qmax: -21.0463
| Coverage: 0.1541 (203/1317) | Reward: -150.0 | Episode: 828 | Qmax: -20.9817
| Coverage: 0.1534 (202/1317) | Reward: -170.0 | Episode: 829 | Qmax: -20.8159
| Coverage: 0.1557 (205/1317) | Reward: -142.0 | Episode: 830 | Qmax: -20.7729
| Coverage: 0.1557 (205/1317) | Reward: -130.0 | Episode: 831 | Qmax: -20.6606
| Coverage: 0.1648 (217/1317) | Reward: -158.0 | Episode: 832 | Qmax: -20.5465
| Coverage: 0.1450 (191/1317) | Reward: -188.0 | Episode: 833 | Qmax: -20.4786
| Coverage: 0.1564 (206/1317) | Reward: -118.0 | Episode: 834 | Qmax: -20.3394
| Coverage: 0.1701 (223/1317) | Reward: -150.0 | Episode: 835 | Qmax: -20.2698
| Coverage: 0.1443 (190/1317) | Reward: -92.0 | Episode: 836 | Qmax: -20.1334
| Coverage: 0.1670 (220/1317) | Reward: -80.0 | Episode: 837 | Qmax: -19.9472
| Coverage: 0.1617 (213/1317) | Reward: -182.0 | Episode: 838 | Qmax: -19.9147
| Coverage: 0.1443 (190/1317) | Reward: -196.0 | Episode: 839 | Qmax: -19.8140
| Coverage: 0.1564 (206/1317) | Reward: -182.0 | Episode: 840 | Qmax: -19.6762
| Coverage: 0.1503 (197/1317) | Reward: -134.0 | Episode: 841 | Qmax: -19.5615
| Coverage: 0.1481 (195/1317) | Reward: -84.0 | Episode: 842 | Qmax: -19.4143
| Coverage: 0.1564 (206/1317) | Reward: -114.0 | Episode: 843 | Qmax: -19.3423
| Coverage: 0.1374 (181/1317) | Reward: -220.0 | Episode: 844 | Qmax: -19.2017
| Coverage: 0.1708 (225/1317) | Reward: -122.0 | Episode: 845 | Qmax: -19.1786
| Coverage: 0.1397 (184/1317) | Reward: -180.0 | Episode: 846 | Qmax: -19.0600
| Coverage: 0.1450 (191/1317) | Reward: -216.0 | Episode: 847 | Qmax: -18.8443
| Coverage: 0.1222 (161/1317) | Reward: -218.0 | Episode: 848 | Qmax: -18.8043
| Coverage: 0.1443 (190/1317) | Reward: -134.0 | Episode: 849 | Qmax: -18.7932
| Coverage: 0.1321 (174/1317) | Reward: -178.0 | Episode: 850 | Qmax: -18.5405
| Coverage: 0.1595 (210/1317) | Reward: -170.0 | Episode: 851 | Qmax: -18.5295
| Coverage: 0.1496 (197/1317) | Reward: -174.0 | Episode: 852 | Qmax: -18.4797
| Coverage: 0.1875 (246/1317) | Reward: -112.0 | Episode: 853 | Qmax: -18.4231
| Coverage: 0.1344 (177/1317) | Reward: -180.0 | Episode: 854 | Qmax: -18.2539
| Coverage: 0.1390 (183/1317) | Reward: -84.0 | Episode: 855 | Qmax: -18.1485
| Coverage: 0.1443 (190/1317) | Reward: -122.0 | Episode: 856 | Qmax: -17.9774
| Coverage: 0.1564 (206/1317) | Reward: -152.0 | Episode: 857 | Qmax: -17.9224
| Coverage: 0.1352 (178/1317) | Reward: -166.0 | Episode: 858 | Qmax: -17.8879
| Coverage: 0.1519 (200/1317) | Reward: -148.0 | Episode: 859 | Qmax: -17.8244
| Coverage: 0.1595 (210/1317) | Reward: -162.0 | Episode: 860 | Qmax: -17.6583
| Coverage: 0.1610 (212/1317) | Reward: -128.0 | Episode: 861 | Qmax: -17.6196
| Coverage: 0.1602 (210/1317) | Reward: -134.0 | Episode: 862 | Qmax: -17.5475
| Coverage: 0.1693 (223/1317) | Reward: -116.0 | Episode: 863 | Qmax: -17.2901
| Coverage: 0.1276 (168/1317) | Reward: -124.0 | Episode: 864 | Qmax: -17.2505
| Coverage: 0.1526 (200/1317) | Reward: -134.0 | Episode: 865 | Qmax: -17.0885
| Coverage: 0.1450 (191/1317) | Reward: -104.0 | Episode: 866 | Qmax: -16.9806
| Coverage: 0.1397 (184/1317) | Reward: -146.0 | Episode: 867 | Qmax: -16.7523
| Coverage: 0.1488 (196/1317) | Reward: -120.0 | Episode: 868 | Qmax: -16.6881
| Coverage: 0.1465 (193/1317) | Reward: -124.0 | Episode: 869 | Qmax: -16.5686
| Coverage: 0.1496 (197/1317) | Reward: -52.0 | Episode: 870 | Qmax: -16.4935
| Coverage: 0.1632 (215/1317) | Reward: -108.0 | Episode: 871 | Qmax: -16.4081
| Coverage: 0.1913 (252/1317) | Reward: -16.0 | Episode: 872 | Qmax: -16.2914
| Coverage: 0.1602 (210/1317) | Reward: -86.0 | Episode: 873 | Qmax: -16.1208
| Coverage: 0.1686 (222/1317) | Reward: -104.0 | Episode: 874 | Qmax: -15.9451
| Coverage: 0.1906 (251/1317) | Reward: -62.0 | Episode: 875 | Qmax: -15.9091
| Coverage: 0.1488 (196/1317) | Reward: -88.0 | Episode: 876 | Qmax: -15.7380
| Coverage: 0.1572 (207/1317) | Reward: -120.0 | Episode: 877 | Qmax: -15.6394
| Coverage: 0.1526 (200/1317) | Reward: -90.0 | Episode: 878 | Qmax: -15.4795
| Coverage: 0.1693 (223/1317) | Reward: -44.0 | Episode: 879 | Qmax: -15.4822
| Coverage: 0.1777 (233/1317) | Reward: -64.0 | Episode: 880 | Qmax: -15.3061
| Coverage: 0.1632 (215/1317) | Reward: -20.0 | Episode: 881 | Qmax: -15.1085
| Coverage: 0.1602 (210/1317) | Reward: -100.0 | Episode: 882 | Qmax: -15.0437
| Coverage: 0.1541 (203/1317) | Reward: -48.0 | Episode: 883 | Qmax: -14.8903
| Coverage: 0.1496 (197/1317) | Reward: -82.0 | Episode: 884 | Qmax: -14.6642
| Coverage: 0.1139 (150/1317) | Reward: -112.0 | Episode: 885 | Qmax: -14.5734
| Coverage: 0.1769 (233/1317) | Reward: -50.0 | Episode: 886 | Qmax: -14.3909
| Coverage: 0.1693 (223/1317) | Reward: -46.0 | Episode: 887 | Qmax: -14.2518
| Coverage: 0.1587 (209/1317) | Reward: -30.0 | Episode: 888 | Qmax: -14.0908
| Coverage: 0.1670 (220/1317) | Reward: -64.0 | Episode: 889 | Qmax: -13.8452
| Coverage: 0.1473 (194/1317) | Reward: -94.0 | Episode: 890 | Qmax: -13.7775
| Coverage: 0.1708 (225/1317) | Reward: -66.0 | Episode: 891 | Qmax: -13.6963
| Coverage: 0.1640 (216/1317) | Reward: -144.0 | Episode: 892 | Qmax: -13.4624
| Coverage: 0.1450 (191/1317) | Reward: -130.0 | Episode: 893 | Qmax: -13.2692
| Coverage: 0.1306 (172/1317) | Reward: -86.0 | Episode: 894 | Qmax: -13.0619
| Coverage: 0.1405 (184/1317) | Reward: -36.0 | Episode: 895 | Qmax: -12.9884
| Coverage: 0.1526 (200/1317) | Reward: -98.0 | Episode: 896 | Qmax: -12.8680
| Coverage: 0.1397 (184/1317) | Reward: -144.0 | Episode: 897 | Qmax: -12.6579
| Coverage: 0.1625 (214/1317) | Reward: 10.0 | Episode: 898 | Qmax: -12.4965
| Coverage: 0.1534 (202/1317) | Reward: -72.0 | Episode: 899 | Qmax: -12.2208
| Coverage: 0.1374 (181/1317) | Reward: -70.0 | Episode: 900 | Qmax: -12.0963
| Coverage: 0.1511 (199/1317) | Reward: -116.0 | Episode: 901 | Qmax: -11.8754
| Coverage: 0.1503 (197/1317) | Reward: -78.0 | Episode: 902 | Qmax: -11.7591
| Coverage: 0.1670 (220/1317) | Reward: -74.0 | Episode: 903 | Qmax: -11.4912
| Coverage: 0.1670 (220/1317) | Reward: 20.0 | Episode: 904 | Qmax: -11.4210
| Coverage: 0.1367 (180/1317) | Reward: -138.0 | Episode: 905 | Qmax: -11.1426
| Coverage: 0.1321 (174/1317) | Reward: -24.0 | Episode: 906 | Qmax: -11.0948
| Coverage: 0.1595 (210/1317) | Reward: -8.0 | Episode: 907 | Qmax: -10.8430
| Coverage: 0.1686 (222/1317) | Reward: -34.0 | Episode: 908 | Qmax: -10.6323
| Coverage: 0.1587 (209/1317) | Reward: -72.0 | Episode: 909 | Qmax: -10.4878
| Coverage: 0.1367 (180/1317) | Reward: -56.0 | Episode: 910 | Qmax: -10.1780
| Coverage: 0.1632 (215/1317) | Reward: -20.0 | Episode: 911 | Qmax: -9.9344
| Coverage: 0.1207 (159/1317) | Reward: 26.0 | Episode: 912 | Qmax: -9.7908
| Coverage: 0.1458 (192/1317) | Reward: -20.0 | Episode: 913 | Qmax: -9.4174
| Coverage: 0.1731 (228/1317) | Reward: -14.0 | Episode: 914 | Qmax: -9.1829
| Coverage: 0.1602 (210/1317) | Reward: -18.0 | Episode: 915 | Qmax: -9.0515
| Coverage: 0.1458 (192/1317) | Reward: 8.0 | Episode: 916 | Qmax: -8.7542
| Coverage: 0.1678 (221/1317) | Reward: 10.0 | Episode: 917 | Qmax: -8.5413
| Coverage: 0.1291 (170/1317) | Reward: -14.0 | Episode: 918 | Qmax: -8.2678
| Coverage: 0.1222 (161/1317) | Reward: -24.0 | Episode: 919 | Qmax: -8.0803
| Coverage: 0.1147 (151/1317) | Reward: -32.0 | Episode: 920 | Qmax: -7.7954
| Coverage: 0.1519 (200/1317) | Reward: -10.0 | Episode: 921 | Qmax: -7.6939
| Coverage: 0.1511 (199/1317) | Reward: -12.0 | Episode: 922 | Qmax: -7.2842
| Coverage: 0.1534 (202/1317) | Reward: 8.0 | Episode: 923 | Qmax: -7.1070
| Coverage: 0.1549 (204/1317) | Reward: 8.0 | Episode: 924 | Qmax: -6.8947
| Coverage: 0.0949 (125/1317) | Reward: 16.0 | Episode: 925 | Qmax: -6.6377
| Coverage: 0.1230 (162/1317) | Reward: 34.0 | Episode: 926 | Qmax: -6.4249
| Coverage: 0.1458 (192/1317) | Reward: 50.0 | Episode: 927 | Qmax: -6.1954
| Coverage: 0.1321 (174/1317) | Reward: 106.0 | Episode: 928 | Qmax: -5.8436
| Coverage: 0.1124 (148/1317) | Reward: 60.0 | Episode: 929 | Qmax: -5.7257
| Coverage: 0.1564 (206/1317) | Reward: 14.0 | Episode: 930 | Qmax: -5.4112
| Coverage: 0.1458 (192/1317) | Reward: 68.0 | Episode: 931 | Qmax: -5.1913
| Coverage: 0.1526 (200/1317) | Reward: 22.0 | Episode: 932 | Qmax: -5.0394
| Coverage: 0.1655 (218/1317) | Reward: 44.0 | Episode: 933 | Qmax: -4.8063
| Coverage: 0.1177 (155/1317) | Reward: 88.0 | Episode: 934 | Qmax: -4.4867
| Coverage: 0.1207 (159/1317) | Reward: 70.0 | Episode: 935 | Qmax: -4.2693
| Coverage: 0.1610 (212/1317) | Reward: 8.0 | Episode: 936 | Qmax: -4.0067
| Coverage: 0.1443 (190/1317) | Reward: 32.0 | Episode: 937 | Qmax: -3.8420
| Coverage: 0.1427 (187/1317) | Reward: 110.0 | Episode: 938 | Qmax: -3.6041
| Coverage: 0.1390 (183/1317) | Reward: 92.0 | Episode: 939 | Qmax: -3.2682
| Coverage: 0.1276 (168/1317) | Reward: 94.0 | Episode: 940 | Qmax: -3.0066
| Coverage: 0.1230 (162/1317) | Reward: -4.0 | Episode: 941 | Qmax: -2.6899
| Coverage: 0.1617 (213/1317) | Reward: 78.0 | Episode: 942 | Qmax: -2.3919
| Coverage: 0.1336 (176/1317) | Reward: 108.0 | Episode: 943 | Qmax: -2.0542
| Coverage: 0.1162 (153/1317) | Reward: 54.0 | Episode: 944 | Qmax: -1.7942
| Coverage: 0.1397 (184/1317) | Reward: 100.0 | Episode: 945 | Qmax: -1.3949
| Coverage: 0.1238 (163/1317) | Reward: 64.0 | Episode: 946 | Qmax: -1.0018
| Coverage: 0.1139 (150/1317) | Reward: 14.0 | Episode: 947 | Qmax: -0.5649
| Coverage: 0.1185 (156/1317) | Reward: 180.0 | Episode: 948 | Qmax: -0.3069
| Coverage: 0.1086 (143/1317) | Reward: 120.0 | Episode: 949 | Qmax: 0.1213
| Coverage: 0.1321 (174/1317) | Reward: 62.0 | Episode: 950 | Qmax: 0.2398
| Coverage: 0.1207 (159/1317) | Reward: 90.0 | Episode: 951 | Qmax: 0.6544
| Coverage: 0.1397 (184/1317) | Reward: 144.0 | Episode: 952 | Qmax: 0.9921
| Coverage: 0.1116 (147/1317) | Reward: 150.0 | Episode: 953 | Qmax: 1.1900
| Coverage: 0.1230 (162/1317) | Reward: 76.0 | Episode: 954 | Qmax: 1.5699
| Coverage: 0.1602 (210/1317) | Reward: 72.0 | Episode: 955 | Qmax: 1.8785
| Coverage: 0.1147 (151/1317) | Reward: -140.0 | Episode: 956 | Qmax: 2.1126
| Coverage: 0.1458 (192/1317) | Reward: 20.0 | Episode: 957 | Qmax: 2.5499
| Coverage: 0.1116 (147/1317) | Reward: -32.0 | Episode: 958 | Qmax: 2.9078
| Coverage: 0.1314 (173/1317) | Reward: 144.0 | Episode: 959 | Qmax: 3.2512
| Coverage: 0.1382 (182/1317) | Reward: 130.0 | Episode: 960 | Qmax: 3.6402
| Coverage: 0.1602 (210/1317) | Reward: 150.0 | Episode: 961 | Qmax: 3.9632
| Coverage: 0.1352 (178/1317) | Reward: 58.0 | Episode: 962 | Qmax: 4.2945
| Coverage: 0.1382 (182/1317) | Reward: 150.0 | Episode: 963 | Qmax: 4.8192
| Coverage: 0.1412 (186/1317) | Reward: 174.0 | Episode: 964 | Qmax: 5.0688
| Coverage: 0.1116 (147/1317) | Reward: 36.0 | Episode: 965 | Qmax: 5.4729
| Coverage: 0.1086 (143/1317) | Reward: 36.0 | Episode: 966 | Qmax: 5.8386
| Coverage: 0.1086 (143/1317) | Reward: 212.0 | Episode: 967 | Qmax: 6.2926
| Coverage: 0.1329 (174/1317) | Reward: 152.0 | Episode: 968 | Qmax: 6.6237
| Coverage: 0.1063 (140/1317) | Reward: 144.0 | Episode: 969 | Qmax: 7.0559
| Coverage: 0.1033 (136/1317) | Reward: 162.0 | Episode: 970 | Qmax: 7.3846
| Coverage: 0.1063 (140/1317) | Reward: 102.0 | Episode: 971 | Qmax: 7.7829
| Coverage: 0.1367 (180/1317) | Reward: 232.0 | Episode: 972 | Qmax: 8.0657
| Coverage: 0.1443 (190/1317) | Reward: 118.0 | Episode: 973 | Qmax: 8.4626
| Coverage: 0.1557 (205/1317) | Reward: 118.0 | Episode: 974 | Qmax: 8.8854
| Coverage: 0.1276 (168/1317) | Reward: 168.0 | Episode: 975 | Qmax: 9.2620
| Coverage: 0.1154 (152/1317) | Reward: 116.0 | Episode: 976 | Qmax: 9.7218
| Coverage: 0.1291 (170/1317) | Reward: 148.0 | Episode: 977 | Qmax: 10.0806
| Coverage: 0.0942 (124/1317) | Reward: 196.0 | Episode: 978 | Qmax: 10.4905
| Coverage: 0.1511 (199/1317) | Reward: 118.0 | Episode: 979 | Qmax: 10.8910
| Coverage: 0.1321 (174/1317) | Reward: 182.0 | Episode: 980 | Qmax: 11.2814
| Coverage: 0.1131 (149/1317) | Reward: 210.0 | Episode: 981 | Qmax: 11.6038
| Coverage: 0.1617 (213/1317) | Reward: 116.0 | Episode: 982 | Qmax: 12.0044
| Coverage: 0.1230 (162/1317) | Reward: 214.0 | Episode: 983 | Qmax: 12.4435
| Coverage: 0.0979 (129/1317) | Reward: 196.0 | Episode: 984 | Qmax: 12.9108
| Coverage: 0.0979 (129/1317) | Reward: 212.0 | Episode: 985 | Qmax: 13.3316
| Coverage: 0.0774 (102/1317) | Reward: 190.0 | Episode: 986 | Qmax: 13.7711
| Coverage: 0.1291 (170/1317) | Reward: 188.0 | Episode: 987 | Qmax: 14.2145
| Coverage: 0.0995 (131/1317) | Reward: 180.0 | Episode: 988 | Qmax: 14.6461
| Coverage: 0.1017 (134/1317) | Reward: 148.0 | Episode: 989 | Qmax: 15.0091
| Coverage: 0.1245 (164/1317) | Reward: 144.0 | Episode: 990 | Qmax: 15.4350
| Coverage: 0.0691 (91/1317) | Reward: 202.0 | Episode: 991 | Qmax: 15.7696
| Coverage: 0.1397 (184/1317) | Reward: 234.0 | Episode: 992 | Qmax: 16.2816
| Coverage: 0.1139 (150/1317) | Reward: 270.0 | Episode: 993 | Qmax: 16.6832
| Coverage: 0.0911 (120/1317) | Reward: 206.0 | Episode: 994 | Qmax: 17.0467
| Coverage: 0.0729 (96/1317) | Reward: 298.0 | Episode: 995 | Qmax: 17.4829
| Coverage: 0.1162 (153/1317) | Reward: 278.0 | Episode: 996 | Qmax: 17.8866
| Coverage: 0.0638 (84/1317) | Reward: 278.0 | Episode: 997 | Qmax: 18.3588
| Coverage: 0.0934 (123/1317) | Reward: 210.0 | Episode: 998 | Qmax: 18.8359
| Coverage: 0.0904 (119/1317) | Reward: 202.0 | Episode: 999 | Qmax: 19.2775
