{'actor_lr': 0.0001,
 'buffer_size': 1000000,
 'critic_lr': 0.001,
 'gamma': 0.99,
 'max_episode_len': 500,
 'max_episodes': 1000,
 'minibatch_size': 64,
 'n_inputs': '128',
 'n_states': '1024',
 'random_seed': 42,
 'summary_dir': './results/tf_ddpg',
 'tau': 0.001}
| Coverage: 0.0014 (77/53847) | Reward: -410.0 | Episode: 0 | Qmax: 0.5021
| Coverage: 0.0052 (281/53847) | Reward: -206.0 | Episode: 1 | Qmax: 1.0121
| Coverage: 0.0040 (215/53847) | Reward: -280.0 | Episode: 2 | Qmax: 1.2025
| Coverage: 0.0023 (125/53847) | Reward: -374.0 | Episode: 3 | Qmax: 1.3803
| Coverage: 0.0012 (63/53847) | Reward: -436.0 | Episode: 4 | Qmax: 1.5135
| Coverage: 0.0025 (132/53847) | Reward: -356.0 | Episode: 5 | Qmax: 1.6270
| Coverage: 0.0004 (22/53847) | Reward: -478.0 | Episode: 6 | Qmax: 1.8274
| Coverage: 0.0037 (200/53847) | Reward: -290.0 | Episode: 7 | Qmax: 1.9322
| Coverage: 0.0030 (160/53847) | Reward: -336.0 | Episode: 8 | Qmax: 1.9033
| Coverage: 0.0020 (107/53847) | Reward: -384.0 | Episode: 9 | Qmax: 1.9185
| Coverage: 0.0018 (99/53847) | Reward: -394.0 | Episode: 10 | Qmax: 1.9042
| Coverage: 0.0043 (229/53847) | Reward: -268.0 | Episode: 11 | Qmax: 1.8450
| Coverage: 0.0032 (175/53847) | Reward: -316.0 | Episode: 12 | Qmax: 1.8935
| Coverage: 0.0013 (71/53847) | Reward: -424.0 | Episode: 13 | Qmax: 1.8471
| Coverage: 0.0018 (99/53847) | Reward: -398.0 | Episode: 14 | Qmax: 1.8342
| Coverage: 0.0018 (99/53847) | Reward: -394.0 | Episode: 15 | Qmax: 1.9047
| Coverage: 0.0033 (179/53847) | Reward: -320.0 | Episode: 16 | Qmax: 2.0915
| Coverage: 0.0045 (241/53847) | Reward: -246.0 | Episode: 17 | Qmax: 2.1330
| Coverage: 0.0026 (139/53847) | Reward: -358.0 | Episode: 18 | Qmax: 2.2641
| Coverage: 0.0035 (190/53847) | Reward: -298.0 | Episode: 19 | Qmax: 2.3148
| Coverage: 0.0026 (142/53847) | Reward: -354.0 | Episode: 20 | Qmax: 2.3442
| Coverage: 0.0023 (125/53847) | Reward: -370.0 | Episode: 21 | Qmax: 2.2973
| Coverage: 0.0016 (86/53847) | Reward: -412.0 | Episode: 22 | Qmax: 2.3032
| Coverage: 0.0001 (7/53847) | Reward: -492.0 | Episode: 23 | Qmax: 2.4439
| Coverage: 0.0030 (164/53847) | Reward: -332.0 | Episode: 24 | Qmax: 2.7624
| Coverage: 0.0022 (117/53847) | Reward: -380.0 | Episode: 25 | Qmax: 3.2571
| Coverage: 0.0017 (92/53847) | Reward: -408.0 | Episode: 26 | Qmax: 3.5647
| Coverage: 0.0006 (34/53847) | Reward: -466.0 | Episode: 27 | Qmax: 3.9553
| Coverage: 0.0003 (15/53847) | Reward: -484.0 | Episode: 28 | Qmax: 4.2648
| Coverage: 0.0017 (93/53847) | Reward: -404.0 | Episode: 29 | Qmax: 4.4921
| Coverage: 0.0026 (139/53847) | Reward: -356.0 | Episode: 30 | Qmax: 4.5534
| Coverage: 0.0006 (31/53847) | Reward: -468.0 | Episode: 31 | Qmax: 4.4091
| Coverage: 0.0003 (15/53847) | Reward: -484.0 | Episode: 32 | Qmax: 4.5611
| Coverage: 0.0005 (28/53847) | Reward: -472.0 | Episode: 33 | Qmax: 4.9245
| Coverage: 0.0024 (131/53847) | Reward: -364.0 | Episode: 34 | Qmax: 5.0722
| Coverage: 0.0028 (150/53847) | Reward: -342.0 | Episode: 35 | Qmax: 5.1156
| Coverage: 0.0012 (62/53847) | Reward: -432.0 | Episode: 36 | Qmax: 5.1171
| Coverage: 0.0009 (46/53847) | Reward: -454.0 | Episode: 37 | Qmax: 5.1635
| Coverage: 0.0002 (12/53847) | Reward: -488.0 | Episode: 38 | Qmax: 5.4681
| Coverage: 0.0002 (10/53847) | Reward: -490.0 | Episode: 39 | Qmax: 5.5701
| Coverage: 0.0001 (6/53847) | Reward: -494.0 | Episode: 40 | Qmax: 5.5865
| Coverage: 0.0006 (35/53847) | Reward: -464.0 | Episode: 41 | Qmax: 5.7282
| Coverage: 0.0012 (63/53847) | Reward: -436.0 | Episode: 42 | Qmax: 5.8796
| Coverage: 0.0042 (224/53847) | Reward: -264.0 | Episode: 43 | Qmax: 6.2507
| Coverage: 0.0032 (174/53847) | Reward: -324.0 | Episode: 44 | Qmax: 6.4985
| Coverage: 0.0021 (113/53847) | Reward: -382.0 | Episode: 45 | Qmax: 6.5092
| Coverage: 0.0029 (154/53847) | Reward: -346.0 | Episode: 46 | Qmax: 6.5929
| Coverage: 0.0052 (278/53847) | Reward: -202.0 | Episode: 47 | Qmax: 6.6143
| Coverage: 0.0029 (157/53847) | Reward: -334.0 | Episode: 48 | Qmax: 6.5025
| Coverage: 0.0041 (223/53847) | Reward: -272.0 | Episode: 49 | Qmax: 6.4070
| Coverage: 0.0032 (171/53847) | Reward: -318.0 | Episode: 50 | Qmax: 6.3208
| Coverage: 0.0026 (138/53847) | Reward: -360.0 | Episode: 51 | Qmax: 6.2363
| Coverage: 0.0014 (76/53847) | Reward: -422.0 | Episode: 52 | Qmax: 6.0696
| Coverage: 0.0017 (94/53847) | Reward: -406.0 | Episode: 53 | Qmax: 6.1412
| Coverage: 0.0010 (52/53847) | Reward: -448.0 | Episode: 54 | Qmax: 6.7144
| Coverage: 0.0018 (95/53847) | Reward: -400.0 | Episode: 55 | Qmax: 7.4240
| Coverage: 0.0039 (210/53847) | Reward: -288.0 | Episode: 56 | Qmax: 7.9162
| Coverage: 0.0032 (174/53847) | Reward: -312.0 | Episode: 57 | Qmax: 8.1324
| Coverage: 0.0020 (106/53847) | Reward: -386.0 | Episode: 58 | Qmax: 8.4054
| Coverage: 0.0006 (31/53847) | Reward: -464.0 | Episode: 59 | Qmax: 8.6256
| Coverage: 0.0007 (38/53847) | Reward: -462.0 | Episode: 60 | Qmax: 8.6781
| Coverage: 0.0036 (194/53847) | Reward: -304.0 | Episode: 61 | Qmax: 8.8597
| Coverage: 0.0000 (1/53847) | Reward: -498.0 | Episode: 62 | Qmax: 8.7463
| Coverage: 0.0020 (106/53847) | Reward: -392.0 | Episode: 63 | Qmax: 9.1259
| Coverage: 0.0041 (222/53847) | Reward: -270.0 | Episode: 64 | Qmax: 9.1814
| Coverage: 0.0045 (240/53847) | Reward: -256.0 | Episode: 65 | Qmax: 9.3120
| Coverage: 0.0001 (6/53847) | Reward: -494.0 | Episode: 66 | Qmax: 9.3574
| Coverage: 0.0043 (231/53847) | Reward: -256.0 | Episode: 67 | Qmax: 9.4999
| Coverage: 0.0005 (26/53847) | Reward: -474.0 | Episode: 68 | Qmax: 9.5998
| Coverage: 0.0017 (90/53847) | Reward: -410.0 | Episode: 69 | Qmax: 9.7944
| Coverage: 0.0001 (6/53847) | Reward: -490.0 | Episode: 70 | Qmax: 9.7952
| Coverage: 0.0035 (189/53847) | Reward: -304.0 | Episode: 71 | Qmax: 9.8315
| Coverage: 0.0020 (106/53847) | Reward: -390.0 | Episode: 72 | Qmax: 9.9505
| Coverage: 0.0009 (48/53847) | Reward: -448.0 | Episode: 73 | Qmax: 10.0441
| Coverage: 0.0005 (26/53847) | Reward: -464.0 | Episode: 74 | Qmax: 10.3332
| Coverage: 0.0007 (36/53847) | Reward: -464.0 | Episode: 75 | Qmax: 10.5038
| Coverage: 0.0050 (267/53847) | Reward: -226.0 | Episode: 76 | Qmax: 10.8373
| Coverage: 0.0016 (84/53847) | Reward: -412.0 | Episode: 77 | Qmax: 10.5254
| Coverage: 0.0017 (92/53847) | Reward: -406.0 | Episode: 78 | Qmax: 10.5505
| Coverage: 0.0019 (102/53847) | Reward: -396.0 | Episode: 79 | Qmax: 10.8106
| Coverage: 0.0023 (122/53847) | Reward: -372.0 | Episode: 80 | Qmax: 10.8774
| Coverage: 0.0024 (131/53847) | Reward: -368.0 | Episode: 81 | Qmax: 10.9768
| Coverage: 0.0037 (197/53847) | Reward: -296.0 | Episode: 82 | Qmax: 10.9586
| Coverage: 0.0038 (203/53847) | Reward: -290.0 | Episode: 83 | Qmax: 10.9904
| Coverage: 0.0021 (111/53847) | Reward: -388.0 | Episode: 84 | Qmax: 10.9394
| Coverage: 0.0008 (45/53847) | Reward: -454.0 | Episode: 85 | Qmax: 10.8617
| Coverage: 0.0030 (164/53847) | Reward: -332.0 | Episode: 86 | Qmax: 10.7624
| Coverage: 0.0014 (76/53847) | Reward: -424.0 | Episode: 87 | Qmax: 10.5858
| Coverage: 0.0007 (38/53847) | Reward: -462.0 | Episode: 88 | Qmax: 10.4478
| Coverage: 0.0022 (118/53847) | Reward: -380.0 | Episode: 89 | Qmax: 10.4190
| Coverage: 0.0003 (15/53847) | Reward: -484.0 | Episode: 90 | Qmax: 10.3447
| Coverage: 0.0024 (126/53847) | Reward: -370.0 | Episode: 91 | Qmax: 10.4388
| Coverage: 0.0039 (212/53847) | Reward: -280.0 | Episode: 92 | Qmax: 10.8429
| Coverage: 0.0038 (204/53847) | Reward: -290.0 | Episode: 93 | Qmax: 11.0320
| Coverage: 0.0032 (175/53847) | Reward: -312.0 | Episode: 94 | Qmax: 11.3727
| Coverage: 0.0007 (39/53847) | Reward: -456.0 | Episode: 95 | Qmax: 11.5618
| Coverage: 0.0033 (177/53847) | Reward: -314.0 | Episode: 96 | Qmax: 11.5427
| Coverage: 0.0029 (156/53847) | Reward: -336.0 | Episode: 97 | Qmax: 11.6931
| Coverage: 0.0007 (40/53847) | Reward: -460.0 | Episode: 98 | Qmax: 11.7086
| Coverage: 0.0039 (208/53847) | Reward: -284.0 | Episode: 99 | Qmax: 12.1495
| Coverage: 0.0004 (20/53847) | Reward: -480.0 | Episode: 100 | Qmax: 13.5792
| Coverage: 0.0013 (72/53847) | Reward: -428.0 | Episode: 101 | Qmax: 13.7003
| Coverage: 0.0006 (34/53847) | Reward: -466.0 | Episode: 102 | Qmax: 13.1468
| Coverage: 0.0007 (38/53847) | Reward: -462.0 | Episode: 103 | Qmax: 12.7206
| Coverage: 0.0023 (124/53847) | Reward: -376.0 | Episode: 104 | Qmax: 12.5690
| Coverage: 0.0004 (22/53847) | Reward: -478.0 | Episode: 105 | Qmax: 12.3976
| Coverage: 0.0006 (31/53847) | Reward: -468.0 | Episode: 106 | Qmax: 12.5609
| Coverage: 0.0024 (127/53847) | Reward: -368.0 | Episode: 107 | Qmax: 12.4262
| Coverage: 0.0032 (171/53847) | Reward: -328.0 | Episode: 108 | Qmax: 12.2791
| Coverage: 0.0017 (93/53847) | Reward: -394.0 | Episode: 109 | Qmax: 12.4194
| Coverage: 0.0001 (6/53847) | Reward: -494.0 | Episode: 110 | Qmax: 12.5340
| Coverage: 0.0013 (70/53847) | Reward: -430.0 | Episode: 111 | Qmax: 12.6497
| Coverage: 0.0005 (26/53847) | Reward: -474.0 | Episode: 112 | Qmax: 12.7448
| Coverage: 0.0036 (195/53847) | Reward: -288.0 | Episode: 113 | Qmax: 12.6806
| Coverage: 0.0004 (24/53847) | Reward: -476.0 | Episode: 114 | Qmax: 13.0640
| Coverage: 0.0005 (26/53847) | Reward: -474.0 | Episode: 115 | Qmax: 13.0502
| Coverage: 0.0015 (80/53847) | Reward: -416.0 | Episode: 116 | Qmax: 13.0222
| Coverage: 0.0002 (10/53847) | Reward: -490.0 | Episode: 117 | Qmax: 13.3213
| Coverage: 0.0015 (80/53847) | Reward: -420.0 | Episode: 118 | Qmax: 13.5214
| Coverage: 0.0003 (15/53847) | Reward: -484.0 | Episode: 119 | Qmax: 13.6660
| Coverage: 0.0014 (78/53847) | Reward: -422.0 | Episode: 120 | Qmax: 14.0982
| Coverage: 0.0038 (204/53847) | Reward: -288.0 | Episode: 121 | Qmax: 14.2960
| Coverage: 0.0030 (163/53847) | Reward: -334.0 | Episode: 122 | Qmax: 14.5809
| Coverage: 0.0034 (182/53847) | Reward: -316.0 | Episode: 123 | Qmax: 14.4876
| Coverage: 0.0005 (28/53847) | Reward: -472.0 | Episode: 124 | Qmax: 14.5665
| Coverage: 0.0032 (172/53847) | Reward: -324.0 | Episode: 125 | Qmax: 14.8177
| Coverage: 0.0024 (130/53847) | Reward: -368.0 | Episode: 126 | Qmax: 14.5605
| Coverage: 0.0032 (174/53847) | Reward: -324.0 | Episode: 127 | Qmax: 14.2656
| Coverage: 0.0021 (114/53847) | Reward: -386.0 | Episode: 128 | Qmax: 14.2914
| Coverage: 0.0018 (95/53847) | Reward: -396.0 | Episode: 129 | Qmax: 14.2459
| Coverage: 0.0014 (73/53847) | Reward: -426.0 | Episode: 130 | Qmax: 14.2749
| Coverage: 0.0036 (196/53847) | Reward: -296.0 | Episode: 131 | Qmax: 14.0822
| Coverage: 0.0043 (233/53847) | Reward: -256.0 | Episode: 132 | Qmax: 14.0753
| Coverage: 0.0032 (175/53847) | Reward: -320.0 | Episode: 133 | Qmax: 13.7997
| Coverage: 0.0012 (63/53847) | Reward: -436.0 | Episode: 134 | Qmax: 13.7198
| Coverage: 0.0033 (176/53847) | Reward: -322.0 | Episode: 135 | Qmax: 13.7142
| Coverage: 0.0023 (125/53847) | Reward: -372.0 | Episode: 136 | Qmax: 13.5422
| Coverage: 0.0016 (88/53847) | Reward: -412.0 | Episode: 137 | Qmax: 13.6604
| Coverage: 0.0011 (60/53847) | Reward: -436.0 | Episode: 138 | Qmax: 13.3786
| Coverage: 0.0032 (172/53847) | Reward: -324.0 | Episode: 139 | Qmax: 13.1160
| Coverage: 0.0010 (52/53847) | Reward: -444.0 | Episode: 140 | Qmax: 13.0695
| Coverage: 0.0043 (229/53847) | Reward: -268.0 | Episode: 141 | Qmax: 12.9858
| Coverage: 0.0017 (91/53847) | Reward: -408.0 | Episode: 142 | Qmax: 13.1337
| Coverage: 0.0021 (111/53847) | Reward: -388.0 | Episode: 143 | Qmax: 13.2023
| Coverage: 0.0031 (168/53847) | Reward: -326.0 | Episode: 144 | Qmax: 13.4589
| Coverage: 0.0003 (18/53847) | Reward: -482.0 | Episode: 145 | Qmax: 13.5971
| Coverage: 0.0025 (136/53847) | Reward: -346.0 | Episode: 146 | Qmax: 13.4241
| Coverage: 0.0019 (104/53847) | Reward: -390.0 | Episode: 147 | Qmax: 13.3127
| Coverage: 0.0014 (76/53847) | Reward: -416.0 | Episode: 148 | Qmax: 13.2468
| Coverage: 0.0017 (91/53847) | Reward: -408.0 | Episode: 149 | Qmax: 12.9708
| Coverage: 0.0034 (181/53847) | Reward: -316.0 | Episode: 150 | Qmax: 13.1862
| Coverage: 0.0036 (195/53847) | Reward: -284.0 | Episode: 151 | Qmax: 13.2383
| Coverage: 0.0041 (219/53847) | Reward: -268.0 | Episode: 152 | Qmax: 13.2321
| Coverage: 0.0046 (249/53847) | Reward: -244.0 | Episode: 153 | Qmax: 13.0007
| Coverage: 0.0014 (74/53847) | Reward: -422.0 | Episode: 154 | Qmax: 12.7985
| Coverage: 0.0030 (162/53847) | Reward: -330.0 | Episode: 155 | Qmax: 12.6756
| Coverage: 0.0038 (203/53847) | Reward: -288.0 | Episode: 156 | Qmax: 12.6229
| Coverage: 0.0015 (81/53847) | Reward: -418.0 | Episode: 157 | Qmax: 12.6229
| Coverage: 0.0011 (60/53847) | Reward: -440.0 | Episode: 158 | Qmax: 12.3839
| Coverage: 0.0006 (30/53847) | Reward: -470.0 | Episode: 159 | Qmax: 12.4275
| Coverage: 0.0030 (161/53847) | Reward: -328.0 | Episode: 160 | Qmax: 12.3040
| Coverage: 0.0011 (59/53847) | Reward: -440.0 | Episode: 161 | Qmax: 12.2032
| Coverage: 0.0046 (248/53847) | Reward: -242.0 | Episode: 162 | Qmax: 12.1096
| Coverage: 0.0047 (251/53847) | Reward: -240.0 | Episode: 163 | Qmax: 11.9697
| Coverage: 0.0008 (43/53847) | Reward: -456.0 | Episode: 164 | Qmax: 11.8110
| Coverage: 0.0048 (259/53847) | Reward: -230.0 | Episode: 165 | Qmax: 11.6913
| Coverage: 0.0044 (236/53847) | Reward: -256.0 | Episode: 166 | Qmax: 11.5481
| Coverage: 0.0032 (174/53847) | Reward: -322.0 | Episode: 167 | Qmax: 11.3821
| Coverage: 0.0024 (127/53847) | Reward: -364.0 | Episode: 168 | Qmax: 11.3302
| Coverage: 0.0050 (271/53847) | Reward: -224.0 | Episode: 169 | Qmax: 11.4975
| Coverage: 0.0037 (197/53847) | Reward: -294.0 | Episode: 170 | Qmax: 11.5342
| Coverage: 0.0033 (177/53847) | Reward: -314.0 | Episode: 171 | Qmax: 11.8846
| Coverage: 0.0017 (90/53847) | Reward: -410.0 | Episode: 172 | Qmax: 12.4706
| Coverage: 0.0001 (3/53847) | Reward: -496.0 | Episode: 173 | Qmax: 12.9127
| Coverage: 0.0025 (132/53847) | Reward: -354.0 | Episode: 174 | Qmax: 13.3126
| Coverage: 0.0001 (7/53847) | Reward: -492.0 | Episode: 175 | Qmax: 13.6720
| Coverage: 0.0036 (193/53847) | Reward: -298.0 | Episode: 176 | Qmax: 13.8917
| Coverage: 0.0025 (135/53847) | Reward: -364.0 | Episode: 177 | Qmax: 14.2110
| Coverage: 0.0038 (207/53847) | Reward: -288.0 | Episode: 178 | Qmax: 14.4323
| Coverage: 0.0021 (112/53847) | Reward: -384.0 | Episode: 179 | Qmax: 14.5360
| Coverage: 0.0025 (132/53847) | Reward: -362.0 | Episode: 180 | Qmax: 15.1355
| Coverage: 0.0034 (181/53847) | Reward: -314.0 | Episode: 181 | Qmax: 15.5091
| Coverage: 0.0038 (207/53847) | Reward: -284.0 | Episode: 182 | Qmax: 15.6205
| Coverage: 0.0040 (215/53847) | Reward: -278.0 | Episode: 183 | Qmax: 15.7660
| Coverage: 0.0041 (223/53847) | Reward: -264.0 | Episode: 184 | Qmax: 16.0280
| Coverage: 0.0022 (120/53847) | Reward: -380.0 | Episode: 185 | Qmax: 16.1382
| Coverage: 0.0024 (126/53847) | Reward: -372.0 | Episode: 186 | Qmax: 16.2034
| Coverage: 0.0003 (18/53847) | Reward: -482.0 | Episode: 187 | Qmax: 16.3843
| Coverage: 0.0038 (202/53847) | Reward: -290.0 | Episode: 188 | Qmax: 16.3699
| Coverage: 0.0034 (183/53847) | Reward: -308.0 | Episode: 189 | Qmax: 16.6015
| Coverage: 0.0009 (51/53847) | Reward: -444.0 | Episode: 190 | Qmax: 17.2654
| Coverage: 0.0018 (99/53847) | Reward: -400.0 | Episode: 191 | Qmax: 17.5963
| Coverage: 0.0006 (31/53847) | Reward: -468.0 | Episode: 192 | Qmax: 17.8213
| Coverage: 0.0043 (234/53847) | Reward: -250.0 | Episode: 193 | Qmax: 18.1058
| Coverage: 0.0047 (253/53847) | Reward: -230.0 | Episode: 194 | Qmax: 18.5538
| Coverage: 0.0033 (178/53847) | Reward: -318.0 | Episode: 195 | Qmax: 18.9580
| Coverage: 0.0003 (15/53847) | Reward: -484.0 | Episode: 196 | Qmax: 19.0523
| Coverage: 0.0019 (102/53847) | Reward: -396.0 | Episode: 197 | Qmax: 19.3713
| Coverage: 0.0036 (194/53847) | Reward: -300.0 | Episode: 198 | Qmax: 19.8322
| Coverage: 0.0025 (136/53847) | Reward: -360.0 | Episode: 199 | Qmax: 20.0207
| Coverage: 0.0031 (166/53847) | Reward: -330.0 | Episode: 200 | Qmax: 19.9420
| Coverage: 0.0027 (146/53847) | Reward: -348.0 | Episode: 201 | Qmax: 19.9516
| Coverage: 0.0043 (230/53847) | Reward: -266.0 | Episode: 202 | Qmax: 20.0721
| Coverage: 0.0031 (167/53847) | Reward: -320.0 | Episode: 203 | Qmax: 20.6566
| Coverage: 0.0035 (187/53847) | Reward: -304.0 | Episode: 204 | Qmax: 20.7321
| Coverage: 0.0032 (172/53847) | Reward: -320.0 | Episode: 205 | Qmax: 20.6611
| Coverage: 0.0040 (212/53847) | Reward: -282.0 | Episode: 206 | Qmax: 20.7561
| Coverage: 0.0012 (63/53847) | Reward: -436.0 | Episode: 207 | Qmax: 20.7832
| Coverage: 0.0027 (143/53847) | Reward: -346.0 | Episode: 208 | Qmax: 20.8721
| Coverage: 0.0027 (148/53847) | Reward: -344.0 | Episode: 209 | Qmax: 20.4977
| Coverage: 0.0037 (197/53847) | Reward: -290.0 | Episode: 210 | Qmax: 20.8715
| Coverage: 0.0041 (221/53847) | Reward: -272.0 | Episode: 211 | Qmax: 21.0252
| Coverage: 0.0036 (194/53847) | Reward: -298.0 | Episode: 212 | Qmax: 21.1125
| Coverage: 0.0026 (138/53847) | Reward: -356.0 | Episode: 213 | Qmax: 21.3529
| Coverage: 0.0036 (193/53847) | Reward: -296.0 | Episode: 214 | Qmax: 21.5378
| Coverage: 0.0024 (129/53847) | Reward: -368.0 | Episode: 215 | Qmax: 21.5520
| Coverage: 0.0031 (168/53847) | Reward: -330.0 | Episode: 216 | Qmax: 21.3060
| Coverage: 0.0036 (194/53847) | Reward: -300.0 | Episode: 217 | Qmax: 21.4135
| Coverage: 0.0031 (167/53847) | Reward: -324.0 | Episode: 218 | Qmax: 21.1432
| Coverage: 0.0032 (171/53847) | Reward: -320.0 | Episode: 219 | Qmax: 21.0965
| Coverage: 0.0035 (191/53847) | Reward: -302.0 | Episode: 220 | Qmax: 21.0464
| Coverage: 0.0029 (155/53847) | Reward: -344.0 | Episode: 221 | Qmax: 20.7154
| Coverage: 0.0019 (104/53847) | Reward: -390.0 | Episode: 222 | Qmax: 20.4145
| Coverage: 0.0039 (212/53847) | Reward: -274.0 | Episode: 223 | Qmax: 20.1994
| Coverage: 0.0043 (229/53847) | Reward: -264.0 | Episode: 224 | Qmax: 20.2490
| Coverage: 0.0018 (99/53847) | Reward: -382.0 | Episode: 225 | Qmax: 20.1748
| Coverage: 0.0026 (142/53847) | Reward: -342.0 | Episode: 226 | Qmax: 20.0310
| Coverage: 0.0040 (215/53847) | Reward: -278.0 | Episode: 227 | Qmax: 20.0503
| Coverage: 0.0030 (160/53847) | Reward: -334.0 | Episode: 228 | Qmax: 19.9132
| Coverage: 0.0047 (251/53847) | Reward: -238.0 | Episode: 229 | Qmax: 19.6092
| Coverage: 0.0027 (147/53847) | Reward: -344.0 | Episode: 230 | Qmax: 19.3721
| Coverage: 0.0037 (201/53847) | Reward: -290.0 | Episode: 231 | Qmax: 19.2448
| Coverage: 0.0020 (109/53847) | Reward: -376.0 | Episode: 232 | Qmax: 19.2280
| Coverage: 0.0020 (106/53847) | Reward: -394.0 | Episode: 233 | Qmax: 19.0499
| Coverage: 0.0014 (74/53847) | Reward: -426.0 | Episode: 234 | Qmax: 19.0393
| Coverage: 0.0011 (60/53847) | Reward: -436.0 | Episode: 235 | Qmax: 19.0745
| Coverage: 0.0033 (176/53847) | Reward: -316.0 | Episode: 236 | Qmax: 18.8212
| Coverage: 0.0038 (206/53847) | Reward: -288.0 | Episode: 237 | Qmax: 18.8558
| Coverage: 0.0026 (140/53847) | Reward: -346.0 | Episode: 238 | Qmax: 18.8311
| Coverage: 0.0031 (168/53847) | Reward: -318.0 | Episode: 239 | Qmax: 18.6889
| Coverage: 0.0036 (193/53847) | Reward: -300.0 | Episode: 240 | Qmax: 18.3571
| Coverage: 0.0023 (125/53847) | Reward: -370.0 | Episode: 241 | Qmax: 18.2342
| Coverage: 0.0025 (136/53847) | Reward: -354.0 | Episode: 242 | Qmax: 18.2346
| Coverage: 0.0033 (176/53847) | Reward: -318.0 | Episode: 243 | Qmax: 18.5460
| Coverage: 0.0042 (227/53847) | Reward: -266.0 | Episode: 244 | Qmax: 19.0042
| Coverage: 0.0036 (196/53847) | Reward: -298.0 | Episode: 245 | Qmax: 19.2678
| Coverage: 0.0034 (181/53847) | Reward: -302.0 | Episode: 246 | Qmax: 19.5081
| Coverage: 0.0033 (180/53847) | Reward: -318.0 | Episode: 247 | Qmax: 19.4821
| Coverage: 0.0040 (217/53847) | Reward: -270.0 | Episode: 248 | Qmax: 19.4629
| Coverage: 0.0006 (30/53847) | Reward: -470.0 | Episode: 249 | Qmax: 19.3759
| Coverage: 0.0055 (294/53847) | Reward: -190.0 | Episode: 250 | Qmax: 19.4969
| Coverage: 0.0046 (247/53847) | Reward: -248.0 | Episode: 251 | Qmax: 19.7755
| Coverage: 0.0022 (118/53847) | Reward: -376.0 | Episode: 252 | Qmax: 20.0963
| Coverage: 0.0027 (143/53847) | Reward: -352.0 | Episode: 253 | Qmax: 20.3967
| Coverage: 0.0039 (209/53847) | Reward: -284.0 | Episode: 254 | Qmax: 20.6871
| Coverage: 0.0035 (189/53847) | Reward: -306.0 | Episode: 255 | Qmax: 20.7781
| Coverage: 0.0011 (59/53847) | Reward: -440.0 | Episode: 256 | Qmax: 21.1192
| Coverage: 0.0030 (161/53847) | Reward: -330.0 | Episode: 257 | Qmax: 21.2765
| Coverage: 0.0028 (149/53847) | Reward: -344.0 | Episode: 258 | Qmax: 21.5716
| Coverage: 0.0030 (161/53847) | Reward: -336.0 | Episode: 259 | Qmax: 21.7458
| Coverage: 0.0022 (119/53847) | Reward: -378.0 | Episode: 260 | Qmax: 21.9527
| Coverage: 0.0030 (161/53847) | Reward: -324.0 | Episode: 261 | Qmax: 21.8143
| Coverage: 0.0003 (14/53847) | Reward: -486.0 | Episode: 262 | Qmax: 21.9819
| Coverage: 0.0014 (74/53847) | Reward: -412.0 | Episode: 263 | Qmax: 21.9210
| Coverage: 0.0031 (166/53847) | Reward: -328.0 | Episode: 264 | Qmax: 21.9233
| Coverage: 0.0035 (186/53847) | Reward: -314.0 | Episode: 265 | Qmax: 21.8186
| Coverage: 0.0017 (90/53847) | Reward: -406.0 | Episode: 266 | Qmax: 21.7115
| Coverage: 0.0035 (187/53847) | Reward: -312.0 | Episode: 267 | Qmax: 22.0192
| Coverage: 0.0007 (36/53847) | Reward: -464.0 | Episode: 268 | Qmax: 22.2462
| Coverage: 0.0035 (189/53847) | Reward: -300.0 | Episode: 269 | Qmax: 22.4484
| Coverage: 0.0014 (78/53847) | Reward: -420.0 | Episode: 270 | Qmax: 22.7676
| Coverage: 0.0022 (121/53847) | Reward: -378.0 | Episode: 271 | Qmax: 22.8650
| Coverage: 0.0028 (152/53847) | Reward: -338.0 | Episode: 272 | Qmax: 22.9801
| Coverage: 0.0033 (180/53847) | Reward: -312.0 | Episode: 273 | Qmax: 23.0898
| Coverage: 0.0048 (255/53847) | Reward: -228.0 | Episode: 274 | Qmax: 23.0047
| Coverage: 0.0019 (102/53847) | Reward: -398.0 | Episode: 275 | Qmax: 22.9684
| Coverage: 0.0003 (18/53847) | Reward: -478.0 | Episode: 276 | Qmax: 23.0336
| Coverage: 0.0009 (46/53847) | Reward: -454.0 | Episode: 277 | Qmax: 23.2823
| Coverage: 0.0019 (103/53847) | Reward: -394.0 | Episode: 278 | Qmax: 23.9594
| Coverage: 0.0012 (66/53847) | Reward: -434.0 | Episode: 279 | Qmax: 24.6280
| Coverage: 0.0028 (150/53847) | Reward: -344.0 | Episode: 280 | Qmax: 25.1452
| Coverage: 0.0014 (76/53847) | Reward: -420.0 | Episode: 281 | Qmax: 25.2667
| Coverage: 0.0013 (70/53847) | Reward: -430.0 | Episode: 282 | Qmax: 24.9004
| Coverage: 0.0013 (70/53847) | Reward: -426.0 | Episode: 283 | Qmax: 24.6108
| Coverage: 0.0025 (132/53847) | Reward: -366.0 | Episode: 284 | Qmax: 24.4977
| Coverage: 0.0033 (177/53847) | Reward: -316.0 | Episode: 285 | Qmax: 24.4229
| Coverage: 0.0035 (191/53847) | Reward: -302.0 | Episode: 286 | Qmax: 24.2504
| Coverage: 0.0014 (77/53847) | Reward: -418.0 | Episode: 287 | Qmax: 23.9407
| Coverage: 0.0020 (107/53847) | Reward: -390.0 | Episode: 288 | Qmax: 23.9260
| Coverage: 0.0034 (182/53847) | Reward: -316.0 | Episode: 289 | Qmax: 23.8334
| Coverage: 0.0030 (159/53847) | Reward: -338.0 | Episode: 290 | Qmax: 23.8281
| Coverage: 0.0029 (157/53847) | Reward: -338.0 | Episode: 291 | Qmax: 23.7962
| Coverage: 0.0026 (140/53847) | Reward: -352.0 | Episode: 292 | Qmax: 24.0754
| Coverage: 0.0001 (6/53847) | Reward: -494.0 | Episode: 293 | Qmax: 24.7814
| Coverage: 0.0005 (28/53847) | Reward: -472.0 | Episode: 294 | Qmax: 25.4867
| Coverage: 0.0004 (22/53847) | Reward: -478.0 | Episode: 295 | Qmax: 26.1817
| Coverage: 0.0015 (79/53847) | Reward: -420.0 | Episode: 296 | Qmax: 27.1316
| Coverage: 0.0022 (118/53847) | Reward: -374.0 | Episode: 297 | Qmax: 28.3109
| Coverage: 0.0033 (178/53847) | Reward: -320.0 | Episode: 298 | Qmax: 28.9632
| Coverage: 0.0034 (185/53847) | Reward: -304.0 | Episode: 299 | Qmax: 29.3542
| Coverage: 0.0024 (126/53847) | Reward: -372.0 | Episode: 300 | Qmax: 30.0018
| Coverage: 0.0034 (181/53847) | Reward: -310.0 | Episode: 301 | Qmax: 30.4771
| Coverage: 0.0012 (62/53847) | Reward: -438.0 | Episode: 302 | Qmax: 31.0710
| Coverage: 0.0026 (138/53847) | Reward: -354.0 | Episode: 303 | Qmax: 31.3759
| Coverage: 0.0017 (94/53847) | Reward: -404.0 | Episode: 304 | Qmax: 31.8230
| Coverage: 0.0029 (156/53847) | Reward: -338.0 | Episode: 305 | Qmax: 31.9740
| Coverage: 0.0025 (135/53847) | Reward: -358.0 | Episode: 306 | Qmax: 32.3392
| Coverage: 0.0036 (193/53847) | Reward: -296.0 | Episode: 307 | Qmax: 32.6365
| Coverage: 0.0038 (205/53847) | Reward: -284.0 | Episode: 308 | Qmax: 32.7469
| Coverage: 0.0042 (228/53847) | Reward: -264.0 | Episode: 309 | Qmax: 33.2602
| Coverage: 0.0033 (178/53847) | Reward: -306.0 | Episode: 310 | Qmax: 34.0076
| Coverage: 0.0028 (152/53847) | Reward: -336.0 | Episode: 311 | Qmax: 34.3746
| Coverage: 0.0029 (157/53847) | Reward: -332.0 | Episode: 312 | Qmax: 34.7569
| Coverage: 0.0031 (165/53847) | Reward: -332.0 | Episode: 313 | Qmax: 35.2561
| Coverage: 0.0046 (249/53847) | Reward: -240.0 | Episode: 314 | Qmax: 35.4350
| Coverage: 0.0031 (169/53847) | Reward: -322.0 | Episode: 315 | Qmax: 35.8376
| Coverage: 0.0032 (175/53847) | Reward: -320.0 | Episode: 316 | Qmax: 36.0666
| Coverage: 0.0013 (69/53847) | Reward: -426.0 | Episode: 317 | Qmax: 36.1258
| Coverage: 0.0033 (178/53847) | Reward: -314.0 | Episode: 318 | Qmax: 35.9699
| Coverage: 0.0018 (95/53847) | Reward: -404.0 | Episode: 319 | Qmax: 35.3095
| Coverage: 0.0042 (226/53847) | Reward: -268.0 | Episode: 320 | Qmax: 34.7393
| Coverage: 0.0003 (15/53847) | Reward: -484.0 | Episode: 321 | Qmax: 34.2297
| Coverage: 0.0036 (192/53847) | Reward: -302.0 | Episode: 322 | Qmax: 33.7799
| Coverage: 0.0030 (163/53847) | Reward: -336.0 | Episode: 323 | Qmax: 33.5041
| Coverage: 0.0040 (212/53847) | Reward: -270.0 | Episode: 324 | Qmax: 32.8535
| Coverage: 0.0032 (172/53847) | Reward: -310.0 | Episode: 325 | Qmax: 32.8550
| Coverage: 0.0038 (204/53847) | Reward: -288.0 | Episode: 326 | Qmax: 32.3269
| Coverage: 0.0026 (138/53847) | Reward: -350.0 | Episode: 327 | Qmax: 32.1328
| Coverage: 0.0032 (171/53847) | Reward: -312.0 | Episode: 328 | Qmax: 31.9368
| Coverage: 0.0003 (18/53847) | Reward: -474.0 | Episode: 329 | Qmax: 31.5954
| Coverage: 0.0014 (77/53847) | Reward: -422.0 | Episode: 330 | Qmax: 30.7979
| Coverage: 0.0042 (227/53847) | Reward: -262.0 | Episode: 331 | Qmax: 30.5444
| Coverage: 0.0035 (190/53847) | Reward: -308.0 | Episode: 332 | Qmax: 30.3966
| Coverage: 0.0035 (186/53847) | Reward: -310.0 | Episode: 333 | Qmax: 30.5931
| Coverage: 0.0033 (178/53847) | Reward: -316.0 | Episode: 334 | Qmax: 30.3137
| Coverage: 0.0014 (77/53847) | Reward: -418.0 | Episode: 335 | Qmax: 30.9123
| Coverage: 0.0022 (121/53847) | Reward: -378.0 | Episode: 336 | Qmax: 30.7290
| Coverage: 0.0012 (66/53847) | Reward: -434.0 | Episode: 337 | Qmax: 30.4537
| Coverage: 0.0024 (126/53847) | Reward: -372.0 | Episode: 338 | Qmax: 30.9200
| Coverage: 0.0044 (235/53847) | Reward: -258.0 | Episode: 339 | Qmax: 30.6778
| Coverage: 0.0037 (197/53847) | Reward: -286.0 | Episode: 340 | Qmax: 30.5868
| Coverage: 0.0028 (152/53847) | Reward: -342.0 | Episode: 341 | Qmax: 30.2729
| Coverage: 0.0020 (106/53847) | Reward: -386.0 | Episode: 342 | Qmax: 30.4472
| Coverage: 0.0018 (97/53847) | Reward: -402.0 | Episode: 343 | Qmax: 30.5604
| Coverage: 0.0021 (111/53847) | Reward: -386.0 | Episode: 344 | Qmax: 30.1931
| Coverage: 0.0000 (1/53847) | Reward: -498.0 | Episode: 345 | Qmax: 30.4234
| Coverage: 0.0026 (141/53847) | Reward: -352.0 | Episode: 346 | Qmax: 30.4228
| Coverage: 0.0035 (186/53847) | Reward: -306.0 | Episode: 347 | Qmax: 30.3728
| Coverage: 0.0013 (72/53847) | Reward: -424.0 | Episode: 348 | Qmax: 30.1960
| Coverage: 0.0020 (107/53847) | Reward: -390.0 | Episode: 349 | Qmax: 30.4100
| Coverage: 0.0016 (87/53847) | Reward: -404.0 | Episode: 350 | Qmax: 30.3261
| Coverage: 0.0027 (143/53847) | Reward: -352.0 | Episode: 351 | Qmax: 30.0012
| Coverage: 0.0044 (236/53847) | Reward: -258.0 | Episode: 352 | Qmax: 29.8933
| Coverage: 0.0031 (166/53847) | Reward: -322.0 | Episode: 353 | Qmax: 29.7333
| Coverage: 0.0017 (93/53847) | Reward: -398.0 | Episode: 354 | Qmax: 30.3545
| Coverage: 0.0010 (53/53847) | Reward: -446.0 | Episode: 355 | Qmax: 29.7750
| Coverage: 0.0027 (143/53847) | Reward: -348.0 | Episode: 356 | Qmax: 30.0312
| Coverage: 0.0032 (173/53847) | Reward: -318.0 | Episode: 357 | Qmax: 29.9577
| Coverage: 0.0025 (135/53847) | Reward: -364.0 | Episode: 358 | Qmax: 29.4759
| Coverage: 0.0032 (174/53847) | Reward: -320.0 | Episode: 359 | Qmax: 29.6063
| Coverage: 0.0024 (127/53847) | Reward: -370.0 | Episode: 360 | Qmax: 29.3803
| Coverage: 0.0003 (15/53847) | Reward: -484.0 | Episode: 361 | Qmax: 29.0717
| Coverage: 0.0026 (140/53847) | Reward: -356.0 | Episode: 362 | Qmax: 28.6053
| Coverage: 0.0023 (122/53847) | Reward: -376.0 | Episode: 363 | Qmax: 28.2015
| Coverage: 0.0011 (60/53847) | Reward: -440.0 | Episode: 364 | Qmax: 28.2630
| Coverage: 0.0034 (181/53847) | Reward: -318.0 | Episode: 365 | Qmax: 27.7334
| Coverage: 0.0032 (172/53847) | Reward: -316.0 | Episode: 366 | Qmax: 27.8488
| Coverage: 0.0021 (114/53847) | Reward: -380.0 | Episode: 367 | Qmax: 27.6174
| Coverage: 0.0010 (56/53847) | Reward: -444.0 | Episode: 368 | Qmax: 27.5949
| Coverage: 0.0020 (108/53847) | Reward: -390.0 | Episode: 369 | Qmax: 27.2516
| Coverage: 0.0046 (248/53847) | Reward: -234.0 | Episode: 370 | Qmax: 26.9810
| Coverage: 0.0043 (231/53847) | Reward: -262.0 | Episode: 371 | Qmax: 26.8878
| Coverage: 0.0003 (15/53847) | Reward: -484.0 | Episode: 372 | Qmax: 26.6751
| Coverage: 0.0038 (207/53847) | Reward: -292.0 | Episode: 373 | Qmax: 26.4972
| Coverage: 0.0034 (185/53847) | Reward: -310.0 | Episode: 374 | Qmax: 26.1791
| Coverage: 0.0034 (182/53847) | Reward: -316.0 | Episode: 375 | Qmax: 26.0717
| Coverage: 0.0021 (115/53847) | Reward: -368.0 | Episode: 376 | Qmax: 26.0579
| Coverage: 0.0013 (72/53847) | Reward: -424.0 | Episode: 377 | Qmax: 25.9261
| Coverage: 0.0016 (85/53847) | Reward: -410.0 | Episode: 378 | Qmax: 26.1364
| Coverage: 0.0035 (190/53847) | Reward: -304.0 | Episode: 379 | Qmax: 25.8143
| Coverage: 0.0023 (125/53847) | Reward: -374.0 | Episode: 380 | Qmax: 25.8933
| Coverage: 0.0009 (51/53847) | Reward: -436.0 | Episode: 381 | Qmax: 25.7054
| Coverage: 0.0028 (149/53847) | Reward: -350.0 | Episode: 382 | Qmax: 25.6063
| Coverage: 0.0009 (46/53847) | Reward: -454.0 | Episode: 383 | Qmax: 25.7176
| Coverage: 0.0025 (136/53847) | Reward: -352.0 | Episode: 384 | Qmax: 25.4674
| Coverage: 0.0040 (215/53847) | Reward: -272.0 | Episode: 385 | Qmax: 25.7100
| Coverage: 0.0044 (236/53847) | Reward: -248.0 | Episode: 386 | Qmax: 25.5777
| Coverage: 0.0039 (209/53847) | Reward: -284.0 | Episode: 387 | Qmax: 25.4503
| Coverage: 0.0019 (104/53847) | Reward: -396.0 | Episode: 388 | Qmax: 25.2053
| Coverage: 0.0026 (138/53847) | Reward: -354.0 | Episode: 389 | Qmax: 25.4140
| Coverage: 0.0014 (74/53847) | Reward: -422.0 | Episode: 390 | Qmax: 25.5173
| Coverage: 0.0036 (192/53847) | Reward: -288.0 | Episode: 391 | Qmax: 25.7226
| Coverage: 0.0044 (237/53847) | Reward: -250.0 | Episode: 392 | Qmax: 25.6241
| Coverage: 0.0048 (260/53847) | Reward: -230.0 | Episode: 393 | Qmax: 25.4722
| Coverage: 0.0029 (155/53847) | Reward: -342.0 | Episode: 394 | Qmax: 25.3761
| Coverage: 0.0014 (77/53847) | Reward: -418.0 | Episode: 395 | Qmax: 25.1684
| Coverage: 0.0026 (141/53847) | Reward: -356.0 | Episode: 396 | Qmax: 25.1787
| Coverage: 0.0030 (160/53847) | Reward: -328.0 | Episode: 397 | Qmax: 25.6520
| Coverage: 0.0019 (100/53847) | Reward: -394.0 | Episode: 398 | Qmax: 26.1254
| Coverage: 0.0027 (148/53847) | Reward: -342.0 | Episode: 399 | Qmax: 26.6809
| Coverage: 0.0030 (159/53847) | Reward: -338.0 | Episode: 400 | Qmax: 26.9737
| Coverage: 0.0040 (212/53847) | Reward: -272.0 | Episode: 401 | Qmax: 27.0505
| Coverage: 0.0018 (96/53847) | Reward: -402.0 | Episode: 402 | Qmax: 27.2185
| Coverage: 0.0052 (278/53847) | Reward: -214.0 | Episode: 403 | Qmax: 27.5247
| Coverage: 0.0028 (150/53847) | Reward: -344.0 | Episode: 404 | Qmax: 28.3377
| Coverage: 0.0040 (216/53847) | Reward: -272.0 | Episode: 405 | Qmax: 28.9414
| Coverage: 0.0035 (190/53847) | Reward: -294.0 | Episode: 406 | Qmax: 29.1436
| Coverage: 0.0022 (121/53847) | Reward: -378.0 | Episode: 407 | Qmax: 29.2685
| Coverage: 0.0045 (240/53847) | Reward: -248.0 | Episode: 408 | Qmax: 29.5858
| Coverage: 0.0012 (63/53847) | Reward: -436.0 | Episode: 409 | Qmax: 29.8190
| Coverage: 0.0025 (132/53847) | Reward: -366.0 | Episode: 410 | Qmax: 30.1501
| Coverage: 0.0036 (193/53847) | Reward: -302.0 | Episode: 411 | Qmax: 31.2931
| Coverage: 0.0049 (266/53847) | Reward: -220.0 | Episode: 412 | Qmax: 32.5127
| Coverage: 0.0039 (209/53847) | Reward: -286.0 | Episode: 413 | Qmax: 33.2575
| Coverage: 0.0018 (95/53847) | Reward: -396.0 | Episode: 414 | Qmax: 33.7880
| Coverage: 0.0034 (182/53847) | Reward: -314.0 | Episode: 415 | Qmax: 33.9338
| Coverage: 0.0014 (78/53847) | Reward: -422.0 | Episode: 416 | Qmax: 34.0372
| Coverage: 0.0046 (247/53847) | Reward: -248.0 | Episode: 417 | Qmax: 34.6129
| Coverage: 0.0021 (112/53847) | Reward: -380.0 | Episode: 418 | Qmax: 35.4136
| Coverage: 0.0021 (113/53847) | Reward: -386.0 | Episode: 419 | Qmax: 35.9604
| Coverage: 0.0027 (148/53847) | Reward: -346.0 | Episode: 420 | Qmax: 36.2729
| Coverage: 0.0034 (182/53847) | Reward: -304.0 | Episode: 421 | Qmax: 36.6733
| Coverage: 0.0032 (171/53847) | Reward: -324.0 | Episode: 422 | Qmax: 37.0969
| Coverage: 0.0037 (199/53847) | Reward: -290.0 | Episode: 423 | Qmax: 37.3448
| Coverage: 0.0024 (127/53847) | Reward: -368.0 | Episode: 424 | Qmax: 37.8572
| Coverage: 0.0017 (92/53847) | Reward: -408.0 | Episode: 425 | Qmax: 39.0809
| Coverage: 0.0032 (170/53847) | Reward: -322.0 | Episode: 426 | Qmax: 40.0909
| Coverage: 0.0027 (146/53847) | Reward: -350.0 | Episode: 427 | Qmax: 40.1430
| Coverage: 0.0036 (193/53847) | Reward: -298.0 | Episode: 428 | Qmax: 40.7404
| Coverage: 0.0037 (200/53847) | Reward: -298.0 | Episode: 429 | Qmax: 40.9338
| Coverage: 0.0019 (101/53847) | Reward: -394.0 | Episode: 430 | Qmax: 41.1490
| Coverage: 0.0034 (185/53847) | Reward: -312.0 | Episode: 431 | Qmax: 41.4550
| Coverage: 0.0015 (82/53847) | Reward: -418.0 | Episode: 432 | Qmax: 41.6096
| Coverage: 0.0048 (257/53847) | Reward: -226.0 | Episode: 433 | Qmax: 42.2859
| Coverage: 0.0012 (62/53847) | Reward: -438.0 | Episode: 434 | Qmax: 41.6920
| Coverage: 0.0032 (174/53847) | Reward: -318.0 | Episode: 435 | Qmax: 41.8663
| Coverage: 0.0037 (197/53847) | Reward: -296.0 | Episode: 436 | Qmax: 42.3311
| Coverage: 0.0024 (126/53847) | Reward: -368.0 | Episode: 437 | Qmax: 42.9353
| Coverage: 0.0034 (182/53847) | Reward: -310.0 | Episode: 438 | Qmax: 43.2113
| Coverage: 0.0022 (116/53847) | Reward: -382.0 | Episode: 439 | Qmax: 43.9925
| Coverage: 0.0011 (61/53847) | Reward: -438.0 | Episode: 440 | Qmax: 44.1455
| Coverage: 0.0042 (225/53847) | Reward: -264.0 | Episode: 441 | Qmax: 44.6587
| Coverage: 0.0014 (76/53847) | Reward: -420.0 | Episode: 442 | Qmax: 45.9935
| Coverage: 0.0036 (194/53847) | Reward: -298.0 | Episode: 443 | Qmax: 47.3331
| Coverage: 0.0030 (160/53847) | Reward: -338.0 | Episode: 444 | Qmax: 47.1820
| Coverage: 0.0027 (145/53847) | Reward: -348.0 | Episode: 445 | Qmax: 46.8497
| Coverage: 0.0025 (136/53847) | Reward: -354.0 | Episode: 446 | Qmax: 46.5901
| Coverage: 0.0009 (50/53847) | Reward: -450.0 | Episode: 447 | Qmax: 46.7538
| Coverage: 0.0040 (215/53847) | Reward: -278.0 | Episode: 448 | Qmax: 47.1973
| Coverage: 0.0015 (83/53847) | Reward: -416.0 | Episode: 449 | Qmax: 47.8495
| Coverage: 0.0022 (121/53847) | Reward: -370.0 | Episode: 450 | Qmax: 48.0802
| Coverage: 0.0032 (170/53847) | Reward: -314.0 | Episode: 451 | Qmax: 47.8560
| Coverage: 0.0012 (62/53847) | Reward: -434.0 | Episode: 452 | Qmax: 48.3706
| Coverage: 0.0028 (149/53847) | Reward: -340.0 | Episode: 453 | Qmax: 48.2265
| Coverage: 0.0014 (78/53847) | Reward: -418.0 | Episode: 454 | Qmax: 48.5837
| Coverage: 0.0010 (54/53847) | Reward: -436.0 | Episode: 455 | Qmax: 48.0809
| Coverage: 0.0016 (88/53847) | Reward: -408.0 | Episode: 456 | Qmax: 48.6961
| Coverage: 0.0022 (117/53847) | Reward: -376.0 | Episode: 457 | Qmax: 49.1698
| Coverage: 0.0039 (209/53847) | Reward: -274.0 | Episode: 458 | Qmax: 49.9741
| Coverage: 0.0043 (233/53847) | Reward: -256.0 | Episode: 459 | Qmax: 48.9485
| Coverage: 0.0035 (188/53847) | Reward: -302.0 | Episode: 460 | Qmax: 49.8156
| Coverage: 0.0033 (176/53847) | Reward: -318.0 | Episode: 461 | Qmax: 50.1842
| Coverage: 0.0022 (116/53847) | Reward: -380.0 | Episode: 462 | Qmax: 50.1902
| Coverage: 0.0018 (99/53847) | Reward: -396.0 | Episode: 463 | Qmax: 49.7915
| Coverage: 0.0014 (75/53847) | Reward: -424.0 | Episode: 464 | Qmax: 50.1629
| Coverage: 0.0016 (87/53847) | Reward: -410.0 | Episode: 465 | Qmax: 51.2887
| Coverage: 0.0039 (209/53847) | Reward: -278.0 | Episode: 466 | Qmax: 50.6521
| Coverage: 0.0028 (150/53847) | Reward: -344.0 | Episode: 467 | Qmax: 50.9999
| Coverage: 0.0025 (135/53847) | Reward: -358.0 | Episode: 468 | Qmax: 51.1693
| Coverage: 0.0002 (10/53847) | Reward: -490.0 | Episode: 469 | Qmax: 51.7307
| Coverage: 0.0024 (126/53847) | Reward: -368.0 | Episode: 470 | Qmax: 51.9624
| Coverage: 0.0033 (176/53847) | Reward: -318.0 | Episode: 471 | Qmax: 51.6935
| Coverage: 0.0034 (184/53847) | Reward: -306.0 | Episode: 472 | Qmax: 52.4834
| Coverage: 0.0020 (108/53847) | Reward: -382.0 | Episode: 473 | Qmax: 52.4778
| Coverage: 0.0006 (30/53847) | Reward: -470.0 | Episode: 474 | Qmax: 52.8151
| Coverage: 0.0035 (190/53847) | Reward: -300.0 | Episode: 475 | Qmax: 52.4990
| Coverage: 0.0041 (222/53847) | Reward: -272.0 | Episode: 476 | Qmax: 53.2039
| Coverage: 0.0033 (179/53847) | Reward: -310.0 | Episode: 477 | Qmax: 52.9257
| Coverage: 0.0035 (190/53847) | Reward: -298.0 | Episode: 478 | Qmax: 53.7845
| Coverage: 0.0032 (175/53847) | Reward: -318.0 | Episode: 479 | Qmax: 54.0835
| Coverage: 0.0027 (147/53847) | Reward: -350.0 | Episode: 480 | Qmax: 53.8616
| Coverage: 0.0036 (196/53847) | Reward: -294.0 | Episode: 481 | Qmax: 53.8523
| Coverage: 0.0019 (102/53847) | Reward: -394.0 | Episode: 482 | Qmax: 53.7732
| Coverage: 0.0022 (119/53847) | Reward: -380.0 | Episode: 483 | Qmax: 53.6901
| Coverage: 0.0021 (113/53847) | Reward: -386.0 | Episode: 484 | Qmax: 53.3714
| Coverage: 0.0017 (92/53847) | Reward: -404.0 | Episode: 485 | Qmax: 54.2692
| Coverage: 0.0023 (123/53847) | Reward: -376.0 | Episode: 486 | Qmax: 53.0879
| Coverage: 0.0029 (158/53847) | Reward: -336.0 | Episode: 487 | Qmax: 53.4181
| Coverage: 0.0032 (174/53847) | Reward: -316.0 | Episode: 488 | Qmax: 54.3127
| Coverage: 0.0039 (212/53847) | Reward: -278.0 | Episode: 489 | Qmax: 54.8040
| Coverage: 0.0035 (187/53847) | Reward: -304.0 | Episode: 490 | Qmax: 54.2639
| Coverage: 0.0023 (125/53847) | Reward: -372.0 | Episode: 491 | Qmax: 54.6029
| Coverage: 0.0025 (137/53847) | Reward: -358.0 | Episode: 492 | Qmax: 54.1829
| Coverage: 0.0024 (130/53847) | Reward: -368.0 | Episode: 493 | Qmax: 55.0005
| Coverage: 0.0023 (124/53847) | Reward: -370.0 | Episode: 494 | Qmax: 55.2895
| Coverage: 0.0020 (106/53847) | Reward: -388.0 | Episode: 495 | Qmax: 54.8863
| Coverage: 0.0040 (212/53847) | Reward: -276.0 | Episode: 496 | Qmax: 55.2894
| Coverage: 0.0040 (216/53847) | Reward: -270.0 | Episode: 497 | Qmax: 55.0437
| Coverage: 0.0025 (135/53847) | Reward: -362.0 | Episode: 498 | Qmax: 54.7930
| Coverage: 0.0040 (214/53847) | Reward: -274.0 | Episode: 499 | Qmax: 55.1631
| Coverage: 0.0045 (240/53847) | Reward: -252.0 | Episode: 500 | Qmax: 55.6680
| Coverage: 0.0033 (178/53847) | Reward: -314.0 | Episode: 501 | Qmax: 56.1992
| Coverage: 0.0024 (127/53847) | Reward: -370.0 | Episode: 502 | Qmax: 55.5050
| Coverage: 0.0009 (50/53847) | Reward: -450.0 | Episode: 503 | Qmax: 55.9872
| Coverage: 0.0036 (194/53847) | Reward: -300.0 | Episode: 504 | Qmax: 55.1824
| Coverage: 0.0032 (174/53847) | Reward: -316.0 | Episode: 505 | Qmax: 55.5143
| Coverage: 0.0029 (154/53847) | Reward: -342.0 | Episode: 506 | Qmax: 54.5405
| Coverage: 0.0036 (192/53847) | Reward: -304.0 | Episode: 507 | Qmax: 56.2349
| Coverage: 0.0051 (277/53847) | Reward: -218.0 | Episode: 508 | Qmax: 56.9288
| Coverage: 0.0029 (156/53847) | Reward: -340.0 | Episode: 509 | Qmax: 56.8975
| Coverage: 0.0035 (191/53847) | Reward: -298.0 | Episode: 510 | Qmax: 58.1044
| Coverage: 0.0034 (183/53847) | Reward: -306.0 | Episode: 511 | Qmax: 57.6601
| Coverage: 0.0020 (106/53847) | Reward: -388.0 | Episode: 512 | Qmax: 57.8540
| Coverage: 0.0041 (219/53847) | Reward: -274.0 | Episode: 513 | Qmax: 57.4958
| Coverage: 0.0042 (226/53847) | Reward: -258.0 | Episode: 514 | Qmax: 57.5526
| Coverage: 0.0036 (196/53847) | Reward: -294.0 | Episode: 515 | Qmax: 57.2296
| Coverage: 0.0029 (157/53847) | Reward: -340.0 | Episode: 516 | Qmax: 58.7522
| Coverage: 0.0027 (148/53847) | Reward: -342.0 | Episode: 517 | Qmax: 57.4869
| Coverage: 0.0029 (156/53847) | Reward: -336.0 | Episode: 518 | Qmax: 57.1089
| Coverage: 0.0042 (227/53847) | Reward: -268.0 | Episode: 519 | Qmax: 57.9257
| Coverage: 0.0041 (221/53847) | Reward: -272.0 | Episode: 520 | Qmax: 58.3993
| Coverage: 0.0041 (222/53847) | Reward: -270.0 | Episode: 521 | Qmax: 58.4626
| Coverage: 0.0046 (250/53847) | Reward: -244.0 | Episode: 522 | Qmax: 58.6527
| Coverage: 0.0027 (147/53847) | Reward: -352.0 | Episode: 523 | Qmax: 58.5669
| Coverage: 0.0036 (196/53847) | Reward: -300.0 | Episode: 524 | Qmax: 58.1310
| Coverage: 0.0033 (178/53847) | Reward: -312.0 | Episode: 525 | Qmax: 59.4317
| Coverage: 0.0031 (169/53847) | Reward: -328.0 | Episode: 526 | Qmax: 62.0005
| Coverage: 0.0045 (244/53847) | Reward: -246.0 | Episode: 527 | Qmax: 65.4890
| Coverage: 0.0033 (180/53847) | Reward: -318.0 | Episode: 528 | Qmax: 66.7706
| Coverage: 0.0022 (117/53847) | Reward: -370.0 | Episode: 529 | Qmax: 67.5724
| Coverage: 0.0035 (190/53847) | Reward: -302.0 | Episode: 530 | Qmax: 68.0212
| Coverage: 0.0037 (200/53847) | Reward: -294.0 | Episode: 531 | Qmax: 67.9990
| Coverage: 0.0041 (223/53847) | Reward: -264.0 | Episode: 532 | Qmax: 66.2614
| Coverage: 0.0035 (186/53847) | Reward: -306.0 | Episode: 533 | Qmax: 67.4514
| Coverage: 0.0042 (228/53847) | Reward: -266.0 | Episode: 534 | Qmax: 66.9345
| Coverage: 0.0017 (93/53847) | Reward: -402.0 | Episode: 535 | Qmax: 66.9995
| Coverage: 0.0008 (42/53847) | Reward: -458.0 | Episode: 536 | Qmax: 66.3862
| Coverage: 0.0030 (159/53847) | Reward: -328.0 | Episode: 537 | Qmax: 65.9635
| Coverage: 0.0032 (174/53847) | Reward: -312.0 | Episode: 538 | Qmax: 66.5235
| Coverage: 0.0026 (140/53847) | Reward: -356.0 | Episode: 539 | Qmax: 65.8844
| Coverage: 0.0022 (119/53847) | Reward: -376.0 | Episode: 540 | Qmax: 64.9887
| Coverage: 0.0032 (172/53847) | Reward: -312.0 | Episode: 541 | Qmax: 65.6422
| Coverage: 0.0023 (124/53847) | Reward: -366.0 | Episode: 542 | Qmax: 65.2745
| Coverage: 0.0032 (174/53847) | Reward: -318.0 | Episode: 543 | Qmax: 64.5044
| Coverage: 0.0030 (160/53847) | Reward: -328.0 | Episode: 544 | Qmax: 64.6990
| Coverage: 0.0007 (38/53847) | Reward: -462.0 | Episode: 545 | Qmax: 65.2911
| Coverage: 0.0030 (163/53847) | Reward: -332.0 | Episode: 546 | Qmax: 64.8169
| Coverage: 0.0031 (168/53847) | Reward: -328.0 | Episode: 547 | Qmax: 65.4079
| Coverage: 0.0010 (53/53847) | Reward: -442.0 | Episode: 548 | Qmax: 65.3236
| Coverage: 0.0012 (63/53847) | Reward: -428.0 | Episode: 549 | Qmax: 65.1453
| Coverage: 0.0005 (28/53847) | Reward: -472.0 | Episode: 550 | Qmax: 65.5211
| Coverage: 0.0025 (133/53847) | Reward: -362.0 | Episode: 551 | Qmax: 64.8713
| Coverage: 0.0022 (120/53847) | Reward: -380.0 | Episode: 552 | Qmax: 64.9241
| Coverage: 0.0029 (157/53847) | Reward: -338.0 | Episode: 553 | Qmax: 64.4276
| Coverage: 0.0032 (175/53847) | Reward: -320.0 | Episode: 554 | Qmax: 65.2425
| Coverage: 0.0043 (233/53847) | Reward: -250.0 | Episode: 555 | Qmax: 64.8286
| Coverage: 0.0025 (135/53847) | Reward: -348.0 | Episode: 556 | Qmax: 65.5105
| Coverage: 0.0006 (31/53847) | Reward: -464.0 | Episode: 557 | Qmax: 65.3439
| Coverage: 0.0039 (208/53847) | Reward: -286.0 | Episode: 558 | Qmax: 64.4412
| Coverage: 0.0029 (156/53847) | Reward: -340.0 | Episode: 559 | Qmax: 64.5248
| Coverage: 0.0033 (180/53847) | Reward: -308.0 | Episode: 560 | Qmax: 64.9423
| Coverage: 0.0039 (212/53847) | Reward: -286.0 | Episode: 561 | Qmax: 65.0331
| Coverage: 0.0041 (219/53847) | Reward: -276.0 | Episode: 562 | Qmax: 65.5040
| Coverage: 0.0035 (187/53847) | Reward: -308.0 | Episode: 563 | Qmax: 65.3325
| Coverage: 0.0036 (196/53847) | Reward: -294.0 | Episode: 564 | Qmax: 64.9393
| Coverage: 0.0025 (136/53847) | Reward: -356.0 | Episode: 565 | Qmax: 65.2661
| Coverage: 0.0033 (180/53847) | Reward: -310.0 | Episode: 566 | Qmax: 65.6397
| Coverage: 0.0033 (180/53847) | Reward: -316.0 | Episode: 567 | Qmax: 65.0111
| Coverage: 0.0037 (199/53847) | Reward: -294.0 | Episode: 568 | Qmax: 65.5912
| Coverage: 0.0035 (190/53847) | Reward: -304.0 | Episode: 569 | Qmax: 65.6966
| Coverage: 0.0039 (209/53847) | Reward: -272.0 | Episode: 570 | Qmax: 65.4323
| Coverage: 0.0033 (178/53847) | Reward: -304.0 | Episode: 571 | Qmax: 64.9959
| Coverage: 0.0034 (181/53847) | Reward: -304.0 | Episode: 572 | Qmax: 63.9005
| Coverage: 0.0039 (211/53847) | Reward: -282.0 | Episode: 573 | Qmax: 63.3250
| Coverage: 0.0032 (172/53847) | Reward: -326.0 | Episode: 574 | Qmax: 63.4365
| Coverage: 0.0031 (169/53847) | Reward: -316.0 | Episode: 575 | Qmax: 63.2119
| Coverage: 0.0036 (195/53847) | Reward: -300.0 | Episode: 576 | Qmax: 63.9540
| Coverage: 0.0024 (130/53847) | Reward: -364.0 | Episode: 577 | Qmax: 63.7297
| Coverage: 0.0042 (224/53847) | Reward: -266.0 | Episode: 578 | Qmax: 63.7302
| Coverage: 0.0034 (185/53847) | Reward: -314.0 | Episode: 579 | Qmax: 63.2259
| Coverage: 0.0024 (126/53847) | Reward: -368.0 | Episode: 580 | Qmax: 63.6537
| Coverage: 0.0027 (148/53847) | Reward: -348.0 | Episode: 581 | Qmax: 63.3257
| Coverage: 0.0051 (275/53847) | Reward: -214.0 | Episode: 582 | Qmax: 63.5033
| Coverage: 0.0033 (178/53847) | Reward: -308.0 | Episode: 583 | Qmax: 62.8477
| Coverage: 0.0022 (117/53847) | Reward: -382.0 | Episode: 584 | Qmax: 63.2944
| Coverage: 0.0030 (160/53847) | Reward: -332.0 | Episode: 585 | Qmax: 62.6852
| Coverage: 0.0036 (192/53847) | Reward: -294.0 | Episode: 586 | Qmax: 63.1934
| Coverage: 0.0032 (172/53847) | Reward: -326.0 | Episode: 587 | Qmax: 62.7601
| Coverage: 0.0030 (163/53847) | Reward: -330.0 | Episode: 588 | Qmax: 62.4076
| Coverage: 0.0047 (251/53847) | Reward: -244.0 | Episode: 589 | Qmax: 62.4157
| Coverage: 0.0020 (106/53847) | Reward: -388.0 | Episode: 590 | Qmax: 61.8560
| Coverage: 0.0026 (142/53847) | Reward: -354.0 | Episode: 591 | Qmax: 62.2228
| Coverage: 0.0052 (280/53847) | Reward: -216.0 | Episode: 592 | Qmax: 62.0113
| Coverage: 0.0037 (198/53847) | Reward: -302.0 | Episode: 593 | Qmax: 62.0669
| Coverage: 0.0022 (121/53847) | Reward: -374.0 | Episode: 594 | Qmax: 62.5564
| Coverage: 0.0043 (230/53847) | Reward: -262.0 | Episode: 595 | Qmax: 62.7160
| Coverage: 0.0038 (203/53847) | Reward: -294.0 | Episode: 596 | Qmax: 62.7046
| Coverage: 0.0031 (166/53847) | Reward: -320.0 | Episode: 597 | Qmax: 62.7860
| Coverage: 0.0034 (181/53847) | Reward: -304.0 | Episode: 598 | Qmax: 62.8942
| Coverage: 0.0040 (212/53847) | Reward: -274.0 | Episode: 599 | Qmax: 62.9116
| Coverage: 0.0038 (204/53847) | Reward: -284.0 | Episode: 600 | Qmax: 62.5667
| Coverage: 0.0027 (147/53847) | Reward: -344.0 | Episode: 601 | Qmax: 63.2746
| Coverage: 0.0040 (213/53847) | Reward: -282.0 | Episode: 602 | Qmax: 63.1106
| Coverage: 0.0027 (144/53847) | Reward: -356.0 | Episode: 603 | Qmax: 63.1304
| Coverage: 0.0022 (116/53847) | Reward: -382.0 | Episode: 604 | Qmax: 62.6812
| Coverage: 0.0040 (215/53847) | Reward: -278.0 | Episode: 605 | Qmax: 63.0138
| Coverage: 0.0038 (206/53847) | Reward: -286.0 | Episode: 606 | Qmax: 63.1971
| Coverage: 0.0044 (237/53847) | Reward: -254.0 | Episode: 607 | Qmax: 62.9229
| Coverage: 0.0047 (252/53847) | Reward: -232.0 | Episode: 608 | Qmax: 63.4042
| Coverage: 0.0018 (98/53847) | Reward: -386.0 | Episode: 609 | Qmax: 63.4161
| Coverage: 0.0036 (192/53847) | Reward: -302.0 | Episode: 610 | Qmax: 62.3604
| Coverage: 0.0044 (239/53847) | Reward: -246.0 | Episode: 611 | Qmax: 62.6149
| Coverage: 0.0047 (254/53847) | Reward: -232.0 | Episode: 612 | Qmax: 62.3634
| Coverage: 0.0040 (213/53847) | Reward: -280.0 | Episode: 613 | Qmax: 62.3593
| Coverage: 0.0025 (137/53847) | Reward: -352.0 | Episode: 614 | Qmax: 61.8929
| Coverage: 0.0032 (172/53847) | Reward: -326.0 | Episode: 615 | Qmax: 62.0224
| Coverage: 0.0030 (162/53847) | Reward: -334.0 | Episode: 616 | Qmax: 62.1475
| Coverage: 0.0027 (145/53847) | Reward: -340.0 | Episode: 617 | Qmax: 62.2237
| Coverage: 0.0026 (140/53847) | Reward: -348.0 | Episode: 618 | Qmax: 61.6841
| Coverage: 0.0041 (218/53847) | Reward: -272.0 | Episode: 619 | Qmax: 61.5275
| Coverage: 0.0007 (38/53847) | Reward: -450.0 | Episode: 620 | Qmax: 61.9791
| Coverage: 0.0002 (12/53847) | Reward: -488.0 | Episode: 621 | Qmax: 61.6898
| Coverage: 0.0027 (147/53847) | Reward: -346.0 | Episode: 622 | Qmax: 61.4404
| Coverage: 0.0028 (150/53847) | Reward: -342.0 | Episode: 623 | Qmax: 61.9857
| Coverage: 0.0050 (269/53847) | Reward: -222.0 | Episode: 624 | Qmax: 61.8161
| Coverage: 0.0040 (214/53847) | Reward: -274.0 | Episode: 625 | Qmax: 61.4247
| Coverage: 0.0049 (262/53847) | Reward: -226.0 | Episode: 626 | Qmax: 61.2090
| Coverage: 0.0038 (207/53847) | Reward: -282.0 | Episode: 627 | Qmax: 61.2312
| Coverage: 0.0043 (229/53847) | Reward: -260.0 | Episode: 628 | Qmax: 60.9872
| Coverage: 0.0026 (141/53847) | Reward: -348.0 | Episode: 629 | Qmax: 61.2378
| Coverage: 0.0037 (198/53847) | Reward: -298.0 | Episode: 630 | Qmax: 61.4632
| Coverage: 0.0047 (252/53847) | Reward: -230.0 | Episode: 631 | Qmax: 60.7457
| Coverage: 0.0048 (259/53847) | Reward: -230.0 | Episode: 632 | Qmax: 61.1632
| Coverage: 0.0023 (125/53847) | Reward: -372.0 | Episode: 633 | Qmax: 60.8825
| Coverage: 0.0031 (165/53847) | Reward: -324.0 | Episode: 634 | Qmax: 59.9401
| Coverage: 0.0035 (191/53847) | Reward: -300.0 | Episode: 635 | Qmax: 60.3090
| Coverage: 0.0032 (171/53847) | Reward: -324.0 | Episode: 636 | Qmax: 60.4352
| Coverage: 0.0023 (125/53847) | Reward: -368.0 | Episode: 637 | Qmax: 60.4071
| Coverage: 0.0034 (181/53847) | Reward: -314.0 | Episode: 638 | Qmax: 60.1773
| Coverage: 0.0044 (236/53847) | Reward: -260.0 | Episode: 639 | Qmax: 60.1583
| Coverage: 0.0035 (187/53847) | Reward: -308.0 | Episode: 640 | Qmax: 59.7971
| Coverage: 0.0045 (243/53847) | Reward: -254.0 | Episode: 641 | Qmax: 60.2275
| Coverage: 0.0026 (142/53847) | Reward: -340.0 | Episode: 642 | Qmax: 59.9006
| Coverage: 0.0036 (194/53847) | Reward: -292.0 | Episode: 643 | Qmax: 59.7206
| Coverage: 0.0036 (196/53847) | Reward: -300.0 | Episode: 644 | Qmax: 59.8609
| Coverage: 0.0006 (34/53847) | Reward: -466.0 | Episode: 645 | Qmax: 60.7681
| Coverage: 0.0024 (131/53847) | Reward: -364.0 | Episode: 646 | Qmax: 59.4578
| Coverage: 0.0024 (131/53847) | Reward: -368.0 | Episode: 647 | Qmax: 60.3693
| Coverage: 0.0030 (159/53847) | Reward: -336.0 | Episode: 648 | Qmax: 60.1377
| Coverage: 0.0045 (245/53847) | Reward: -236.0 | Episode: 649 | Qmax: 59.6285
| Coverage: 0.0039 (209/53847) | Reward: -284.0 | Episode: 650 | Qmax: 60.0051
| Coverage: 0.0035 (186/53847) | Reward: -312.0 | Episode: 651 | Qmax: 59.8536
| Coverage: 0.0026 (141/53847) | Reward: -354.0 | Episode: 652 | Qmax: 59.0591
| Coverage: 0.0041 (218/53847) | Reward: -266.0 | Episode: 653 | Qmax: 59.9232
| Coverage: 0.0035 (188/53847) | Reward: -310.0 | Episode: 654 | Qmax: 59.8113
| Coverage: 0.0027 (148/53847) | Reward: -342.0 | Episode: 655 | Qmax: 59.5831
| Coverage: 0.0048 (261/53847) | Reward: -224.0 | Episode: 656 | Qmax: 58.9080
| Coverage: 0.0047 (252/53847) | Reward: -242.0 | Episode: 657 | Qmax: 59.3521
| Coverage: 0.0035 (191/53847) | Reward: -298.0 | Episode: 658 | Qmax: 58.8907
| Coverage: 0.0035 (190/53847) | Reward: -296.0 | Episode: 659 | Qmax: 58.8864
| Coverage: 0.0025 (135/53847) | Reward: -362.0 | Episode: 660 | Qmax: 58.4234
| Coverage: 0.0033 (176/53847) | Reward: -320.0 | Episode: 661 | Qmax: 58.3391
| Coverage: 0.0043 (231/53847) | Reward: -256.0 | Episode: 662 | Qmax: 58.7468
| Coverage: 0.0045 (245/53847) | Reward: -244.0 | Episode: 663 | Qmax: 57.8196
| Coverage: 0.0020 (106/53847) | Reward: -392.0 | Episode: 664 | Qmax: 58.9295
| Coverage: 0.0027 (143/53847) | Reward: -352.0 | Episode: 665 | Qmax: 58.1109
| Coverage: 0.0036 (192/53847) | Reward: -300.0 | Episode: 666 | Qmax: 57.3593
| Coverage: 0.0025 (136/53847) | Reward: -358.0 | Episode: 667 | Qmax: 57.0261
| Coverage: 0.0033 (176/53847) | Reward: -320.0 | Episode: 668 | Qmax: 57.1114
| Coverage: 0.0038 (204/53847) | Reward: -292.0 | Episode: 669 | Qmax: 56.6912
| Coverage: 0.0003 (15/53847) | Reward: -484.0 | Episode: 670 | Qmax: 57.2187
| Coverage: 0.0032 (170/53847) | Reward: -322.0 | Episode: 671 | Qmax: 57.4261
| Coverage: 0.0039 (209/53847) | Reward: -282.0 | Episode: 672 | Qmax: 56.4632
| Coverage: 0.0043 (231/53847) | Reward: -264.0 | Episode: 673 | Qmax: 57.0735
| Coverage: 0.0030 (164/53847) | Reward: -326.0 | Episode: 674 | Qmax: 56.1240
| Coverage: 0.0039 (211/53847) | Reward: -280.0 | Episode: 675 | Qmax: 56.0988
| Coverage: 0.0052 (280/53847) | Reward: -206.0 | Episode: 676 | Qmax: 56.1690
| Coverage: 0.0039 (209/53847) | Reward: -284.0 | Episode: 677 | Qmax: 56.0486
| Coverage: 0.0044 (238/53847) | Reward: -252.0 | Episode: 678 | Qmax: 55.6916
| Coverage: 0.0037 (198/53847) | Reward: -292.0 | Episode: 679 | Qmax: 55.9263
| Coverage: 0.0036 (192/53847) | Reward: -302.0 | Episode: 680 | Qmax: 54.8811
| Coverage: 0.0046 (249/53847) | Reward: -238.0 | Episode: 681 | Qmax: 54.7635
| Coverage: 0.0030 (163/53847) | Reward: -324.0 | Episode: 682 | Qmax: 54.9052
| Coverage: 0.0045 (243/53847) | Reward: -250.0 | Episode: 683 | Qmax: 54.3555
| Coverage: 0.0019 (101/53847) | Reward: -394.0 | Episode: 684 | Qmax: 54.5631
| Coverage: 0.0029 (158/53847) | Reward: -334.0 | Episode: 685 | Qmax: 54.4312
| Coverage: 0.0044 (237/53847) | Reward: -256.0 | Episode: 686 | Qmax: 54.0866
| Coverage: 0.0042 (228/53847) | Reward: -258.0 | Episode: 687 | Qmax: 54.4294
| Coverage: 0.0026 (138/53847) | Reward: -362.0 | Episode: 688 | Qmax: 54.0062
| Coverage: 0.0042 (224/53847) | Reward: -268.0 | Episode: 689 | Qmax: 53.7891
| Coverage: 0.0024 (126/53847) | Reward: -372.0 | Episode: 690 | Qmax: 53.2686
| Coverage: 0.0032 (171/53847) | Reward: -320.0 | Episode: 691 | Qmax: 53.2825
| Coverage: 0.0040 (216/53847) | Reward: -276.0 | Episode: 692 | Qmax: 52.8146
| Coverage: 0.0034 (181/53847) | Reward: -300.0 | Episode: 693 | Qmax: 53.1503
| Coverage: 0.0039 (208/53847) | Reward: -288.0 | Episode: 694 | Qmax: 52.8748
| Coverage: 0.0039 (208/53847) | Reward: -280.0 | Episode: 695 | Qmax: 52.3842
| Coverage: 0.0048 (255/53847) | Reward: -230.0 | Episode: 696 | Qmax: 52.0305
| Coverage: 0.0025 (135/53847) | Reward: -356.0 | Episode: 697 | Qmax: 52.0178
| Coverage: 0.0035 (189/53847) | Reward: -300.0 | Episode: 698 | Qmax: 52.0221
| Coverage: 0.0029 (158/53847) | Reward: -336.0 | Episode: 699 | Qmax: 51.8416
| Coverage: 0.0042 (225/53847) | Reward: -272.0 | Episode: 700 | Qmax: 51.5391
| Coverage: 0.0034 (183/53847) | Reward: -308.0 | Episode: 701 | Qmax: 51.3764
| Coverage: 0.0031 (165/53847) | Reward: -328.0 | Episode: 702 | Qmax: 51.3390
| Coverage: 0.0038 (204/53847) | Reward: -290.0 | Episode: 703 | Qmax: 50.8530
| Coverage: 0.0025 (134/53847) | Reward: -352.0 | Episode: 704 | Qmax: 50.9974
| Coverage: 0.0035 (189/53847) | Reward: -298.0 | Episode: 705 | Qmax: 50.0036
| Coverage: 0.0044 (237/53847) | Reward: -246.0 | Episode: 706 | Qmax: 50.0435
| Coverage: 0.0020 (109/53847) | Reward: -390.0 | Episode: 707 | Qmax: 49.7997
| Coverage: 0.0031 (165/53847) | Reward: -328.0 | Episode: 708 | Qmax: 49.9105
| Coverage: 0.0044 (238/53847) | Reward: -256.0 | Episode: 709 | Qmax: 49.4637
| Coverage: 0.0038 (203/53847) | Reward: -278.0 | Episode: 710 | Qmax: 49.6621
| Coverage: 0.0037 (199/53847) | Reward: -296.0 | Episode: 711 | Qmax: 49.5829
| Coverage: 0.0037 (198/53847) | Reward: -296.0 | Episode: 712 | Qmax: 49.3130
| Coverage: 0.0032 (171/53847) | Reward: -324.0 | Episode: 713 | Qmax: 49.4890
| Coverage: 0.0040 (216/53847) | Reward: -278.0 | Episode: 714 | Qmax: 48.8288
| Coverage: 0.0032 (172/53847) | Reward: -322.0 | Episode: 715 | Qmax: 48.5282
| Coverage: 0.0038 (206/53847) | Reward: -280.0 | Episode: 716 | Qmax: 48.2173
| Coverage: 0.0013 (72/53847) | Reward: -426.0 | Episode: 717 | Qmax: 48.0571
| Coverage: 0.0013 (70/53847) | Reward: -426.0 | Episode: 718 | Qmax: 48.3368
| Coverage: 0.0025 (135/53847) | Reward: -362.0 | Episode: 719 | Qmax: 47.8806
| Coverage: 0.0036 (196/53847) | Reward: -296.0 | Episode: 720 | Qmax: 47.6168
| Coverage: 0.0023 (124/53847) | Reward: -368.0 | Episode: 721 | Qmax: 47.7051
| Coverage: 0.0025 (137/53847) | Reward: -362.0 | Episode: 722 | Qmax: 47.3325
| Coverage: 0.0040 (217/53847) | Reward: -264.0 | Episode: 723 | Qmax: 47.4279
| Coverage: 0.0034 (185/53847) | Reward: -302.0 | Episode: 724 | Qmax: 46.9167
| Coverage: 0.0039 (208/53847) | Reward: -284.0 | Episode: 725 | Qmax: 46.7132
| Coverage: 0.0038 (202/53847) | Reward: -288.0 | Episode: 726 | Qmax: 46.4904
| Coverage: 0.0029 (155/53847) | Reward: -332.0 | Episode: 727 | Qmax: 46.2583
| Coverage: 0.0013 (68/53847) | Reward: -432.0 | Episode: 728 | Qmax: 46.1615
| Coverage: 0.0037 (197/53847) | Reward: -298.0 | Episode: 729 | Qmax: 45.9137
| Coverage: 0.0031 (168/53847) | Reward: -318.0 | Episode: 730 | Qmax: 45.9359
| Coverage: 0.0040 (215/53847) | Reward: -264.0 | Episode: 731 | Qmax: 45.6739
| Coverage: 0.0038 (202/53847) | Reward: -286.0 | Episode: 732 | Qmax: 45.4940
| Coverage: 0.0039 (211/53847) | Reward: -276.0 | Episode: 733 | Qmax: 45.5486
| Coverage: 0.0013 (68/53847) | Reward: -424.0 | Episode: 734 | Qmax: 45.3675
| Coverage: 0.0014 (73/53847) | Reward: -418.0 | Episode: 735 | Qmax: 45.2158
| Coverage: 0.0035 (190/53847) | Reward: -302.0 | Episode: 736 | Qmax: 45.3044
| Coverage: 0.0009 (46/53847) | Reward: -446.0 | Episode: 737 | Qmax: 44.8214
| Coverage: 0.0030 (159/53847) | Reward: -324.0 | Episode: 738 | Qmax: 44.6532
| Coverage: 0.0017 (94/53847) | Reward: -402.0 | Episode: 739 | Qmax: 44.3031
| Coverage: 0.0031 (168/53847) | Reward: -326.0 | Episode: 740 | Qmax: 43.9578
| Coverage: 0.0034 (184/53847) | Reward: -302.0 | Episode: 741 | Qmax: 43.7073
| Coverage: 0.0004 (22/53847) | Reward: -478.0 | Episode: 742 | Qmax: 43.5395
| Coverage: 0.0027 (144/53847) | Reward: -350.0 | Episode: 743 | Qmax: 43.3260
| Coverage: 0.0035 (186/53847) | Reward: -302.0 | Episode: 744 | Qmax: 43.1059
| Coverage: 0.0040 (216/53847) | Reward: -276.0 | Episode: 745 | Qmax: 43.0532
| Coverage: 0.0050 (270/53847) | Reward: -228.0 | Episode: 746 | Qmax: 42.8594
| Coverage: 0.0032 (175/53847) | Reward: -322.0 | Episode: 747 | Qmax: 42.7862
| Coverage: 0.0039 (211/53847) | Reward: -280.0 | Episode: 748 | Qmax: 42.2672
| Coverage: 0.0042 (228/53847) | Reward: -262.0 | Episode: 749 | Qmax: 42.1975
| Coverage: 0.0028 (153/53847) | Reward: -340.0 | Episode: 750 | Qmax: 41.9206
| Coverage: 0.0025 (135/53847) | Reward: -360.0 | Episode: 751 | Qmax: 41.9043
| Coverage: 0.0026 (141/53847) | Reward: -344.0 | Episode: 752 | Qmax: 41.8208
| Coverage: 0.0037 (198/53847) | Reward: -296.0 | Episode: 753 | Qmax: 41.6122
| Coverage: 0.0030 (164/53847) | Reward: -330.0 | Episode: 754 | Qmax: 41.3894
| Coverage: 0.0040 (213/53847) | Reward: -274.0 | Episode: 755 | Qmax: 41.5088
| Coverage: 0.0019 (101/53847) | Reward: -398.0 | Episode: 756 | Qmax: 41.0470
| Coverage: 0.0030 (160/53847) | Reward: -336.0 | Episode: 757 | Qmax: 41.0528
| Coverage: 0.0020 (106/53847) | Reward: -394.0 | Episode: 758 | Qmax: 40.7766
| Coverage: 0.0035 (190/53847) | Reward: -300.0 | Episode: 759 | Qmax: 40.6742
| Coverage: 0.0026 (138/53847) | Reward: -352.0 | Episode: 760 | Qmax: 40.4535
| Coverage: 0.0012 (62/53847) | Reward: -438.0 | Episode: 761 | Qmax: 40.2428
| Coverage: 0.0034 (184/53847) | Reward: -310.0 | Episode: 762 | Qmax: 40.0369
| Coverage: 0.0018 (95/53847) | Reward: -400.0 | Episode: 763 | Qmax: 39.8994
| Coverage: 0.0035 (191/53847) | Reward: -296.0 | Episode: 764 | Qmax: 39.5995
| Coverage: 0.0032 (174/53847) | Reward: -322.0 | Episode: 765 | Qmax: 39.4996
| Coverage: 0.0022 (118/53847) | Reward: -380.0 | Episode: 766 | Qmax: 39.1692
| Coverage: 0.0035 (191/53847) | Reward: -306.0 | Episode: 767 | Qmax: 39.0482
| Coverage: 0.0043 (229/53847) | Reward: -258.0 | Episode: 768 | Qmax: 39.0114
| Coverage: 0.0024 (126/53847) | Reward: -364.0 | Episode: 769 | Qmax: 38.7652
| Coverage: 0.0027 (144/53847) | Reward: -344.0 | Episode: 770 | Qmax: 38.6066
| Coverage: 0.0052 (281/53847) | Reward: -208.0 | Episode: 771 | Qmax: 38.2130
| Coverage: 0.0037 (197/53847) | Reward: -292.0 | Episode: 772 | Qmax: 38.0255
| Coverage: 0.0041 (221/53847) | Reward: -266.0 | Episode: 773 | Qmax: 38.0403
| Coverage: 0.0036 (194/53847) | Reward: -298.0 | Episode: 774 | Qmax: 37.8031
| Coverage: 0.0017 (94/53847) | Reward: -398.0 | Episode: 775 | Qmax: 37.4598
| Coverage: 0.0028 (153/53847) | Reward: -336.0 | Episode: 776 | Qmax: 37.4218
| Coverage: 0.0040 (214/53847) | Reward: -280.0 | Episode: 777 | Qmax: 37.0671
| Coverage: 0.0041 (218/53847) | Reward: -270.0 | Episode: 778 | Qmax: 37.0504
| Coverage: 0.0011 (61/53847) | Reward: -430.0 | Episode: 779 | Qmax: 36.8986
| Coverage: 0.0043 (230/53847) | Reward: -260.0 | Episode: 780 | Qmax: 36.7892
| Coverage: 0.0038 (203/53847) | Reward: -280.0 | Episode: 781 | Qmax: 36.4167
| Coverage: 0.0037 (200/53847) | Reward: -276.0 | Episode: 782 | Qmax: 36.1926
| Coverage: 0.0037 (200/53847) | Reward: -292.0 | Episode: 783 | Qmax: 36.1004
| Coverage: 0.0037 (198/53847) | Reward: -298.0 | Episode: 784 | Qmax: 35.9105
| Coverage: 0.0032 (171/53847) | Reward: -318.0 | Episode: 785 | Qmax: 35.7403
| Coverage: 0.0040 (217/53847) | Reward: -272.0 | Episode: 786 | Qmax: 35.4267
| Coverage: 0.0050 (270/53847) | Reward: -220.0 | Episode: 787 | Qmax: 35.4604
| Coverage: 0.0040 (216/53847) | Reward: -274.0 | Episode: 788 | Qmax: 35.2983
| Coverage: 0.0030 (159/53847) | Reward: -336.0 | Episode: 789 | Qmax: 35.2364
| Coverage: 0.0025 (132/53847) | Reward: -356.0 | Episode: 790 | Qmax: 35.0524
| Coverage: 0.0045 (240/53847) | Reward: -246.0 | Episode: 791 | Qmax: 34.9472
| Coverage: 0.0038 (202/53847) | Reward: -288.0 | Episode: 792 | Qmax: 34.6069
| Coverage: 0.0023 (125/53847) | Reward: -372.0 | Episode: 793 | Qmax: 34.6007
| Coverage: 0.0034 (181/53847) | Reward: -310.0 | Episode: 794 | Qmax: 34.1405
| Coverage: 0.0029 (156/53847) | Reward: -338.0 | Episode: 795 | Qmax: 33.9982
| Coverage: 0.0035 (191/53847) | Reward: -300.0 | Episode: 796 | Qmax: 33.9218
| Coverage: 0.0032 (170/53847) | Reward: -310.0 | Episode: 797 | Qmax: 33.8618
| Coverage: 0.0031 (167/53847) | Reward: -330.0 | Episode: 798 | Qmax: 33.6226
| Coverage: 0.0033 (176/53847) | Reward: -318.0 | Episode: 799 | Qmax: 33.3960
| Coverage: 0.0038 (204/53847) | Reward: -286.0 | Episode: 800 | Qmax: 33.1697
| Coverage: 0.0033 (176/53847) | Reward: -310.0 | Episode: 801 | Qmax: 32.9582
| Coverage: 0.0054 (293/53847) | Reward: -190.0 | Episode: 802 | Qmax: 32.6849
| Coverage: 0.0031 (166/53847) | Reward: -326.0 | Episode: 803 | Qmax: 32.5961
| Coverage: 0.0046 (247/53847) | Reward: -240.0 | Episode: 804 | Qmax: 32.3756
| Coverage: 0.0037 (201/53847) | Reward: -296.0 | Episode: 805 | Qmax: 31.9705
| Coverage: 0.0035 (187/53847) | Reward: -304.0 | Episode: 806 | Qmax: 31.8933
| Coverage: 0.0043 (231/53847) | Reward: -248.0 | Episode: 807 | Qmax: 31.7423
| Coverage: 0.0007 (39/53847) | Reward: -456.0 | Episode: 808 | Qmax: 31.5001
| Coverage: 0.0019 (101/53847) | Reward: -398.0 | Episode: 809 | Qmax: 31.3093
| Coverage: 0.0029 (154/53847) | Reward: -332.0 | Episode: 810 | Qmax: 31.0305
| Coverage: 0.0043 (234/53847) | Reward: -254.0 | Episode: 811 | Qmax: 30.8440
| Coverage: 0.0017 (92/53847) | Reward: -408.0 | Episode: 812 | Qmax: 30.6388
| Coverage: 0.0047 (251/53847) | Reward: -236.0 | Episode: 813 | Qmax: 30.5401
| Coverage: 0.0028 (153/53847) | Reward: -340.0 | Episode: 814 | Qmax: 30.3192
| Coverage: 0.0020 (106/53847) | Reward: -386.0 | Episode: 815 | Qmax: 30.0853
| Coverage: 0.0030 (159/53847) | Reward: -336.0 | Episode: 816 | Qmax: 30.0189
| Coverage: 0.0032 (175/53847) | Reward: -316.0 | Episode: 817 | Qmax: 29.6369
| Coverage: 0.0039 (212/53847) | Reward: -278.0 | Episode: 818 | Qmax: 29.5236
| Coverage: 0.0027 (145/53847) | Reward: -348.0 | Episode: 819 | Qmax: 29.4996
| Coverage: 0.0037 (201/53847) | Reward: -290.0 | Episode: 820 | Qmax: 29.2315
| Coverage: 0.0051 (272/53847) | Reward: -218.0 | Episode: 821 | Qmax: 29.0181
| Coverage: 0.0017 (94/53847) | Reward: -406.0 | Episode: 822 | Qmax: 28.8776
| Coverage: 0.0051 (275/53847) | Reward: -210.0 | Episode: 823 | Qmax: 28.6223
| Coverage: 0.0040 (217/53847) | Reward: -274.0 | Episode: 824 | Qmax: 28.4852
| Coverage: 0.0010 (54/53847) | Reward: -444.0 | Episode: 825 | Qmax: 28.3599
| Coverage: 0.0020 (109/53847) | Reward: -388.0 | Episode: 826 | Qmax: 28.2062
| Coverage: 0.0025 (137/53847) | Reward: -356.0 | Episode: 827 | Qmax: 28.0414
| Coverage: 0.0053 (283/53847) | Reward: -204.0 | Episode: 828 | Qmax: 27.7620
| Coverage: 0.0039 (209/53847) | Reward: -282.0 | Episode: 829 | Qmax: 27.6560
| Coverage: 0.0034 (183/53847) | Reward: -308.0 | Episode: 830 | Qmax: 27.4144
| Coverage: 0.0016 (86/53847) | Reward: -412.0 | Episode: 831 | Qmax: 27.1779
| Coverage: 0.0033 (179/53847) | Reward: -314.0 | Episode: 832 | Qmax: 27.0256
| Coverage: 0.0022 (118/53847) | Reward: -378.0 | Episode: 833 | Qmax: 26.9293
| Coverage: 0.0040 (217/53847) | Reward: -264.0 | Episode: 834 | Qmax: 26.7478
| Coverage: 0.0033 (176/53847) | Reward: -316.0 | Episode: 835 | Qmax: 26.6332
| Coverage: 0.0033 (178/53847) | Reward: -320.0 | Episode: 836 | Qmax: 26.4040
| Coverage: 0.0018 (95/53847) | Reward: -404.0 | Episode: 837 | Qmax: 26.2176
| Coverage: 0.0045 (243/53847) | Reward: -240.0 | Episode: 838 | Qmax: 26.1705
| Coverage: 0.0027 (143/53847) | Reward: -346.0 | Episode: 839 | Qmax: 25.9811
| Coverage: 0.0032 (172/53847) | Reward: -318.0 | Episode: 840 | Qmax: 25.8802
| Coverage: 0.0038 (204/53847) | Reward: -284.0 | Episode: 841 | Qmax: 25.6960
| Coverage: 0.0029 (157/53847) | Reward: -338.0 | Episode: 842 | Qmax: 25.6120
| Coverage: 0.0013 (72/53847) | Reward: -424.0 | Episode: 843 | Qmax: 25.3687
| Coverage: 0.0038 (202/53847) | Reward: -292.0 | Episode: 844 | Qmax: 25.2557
| Coverage: 0.0027 (148/53847) | Reward: -340.0 | Episode: 845 | Qmax: 25.0800
| Coverage: 0.0033 (176/53847) | Reward: -304.0 | Episode: 846 | Qmax: 24.9422
| Coverage: 0.0039 (210/53847) | Reward: -280.0 | Episode: 847 | Qmax: 24.8089
| Coverage: 0.0044 (236/53847) | Reward: -252.0 | Episode: 848 | Qmax: 24.6942
| Coverage: 0.0037 (198/53847) | Reward: -288.0 | Episode: 849 | Qmax: 24.5380
| Coverage: 0.0033 (178/53847) | Reward: -314.0 | Episode: 850 | Qmax: 24.4813
| Coverage: 0.0043 (234/53847) | Reward: -250.0 | Episode: 851 | Qmax: 24.3637
| Coverage: 0.0022 (117/53847) | Reward: -378.0 | Episode: 852 | Qmax: 24.2070
| Coverage: 0.0022 (121/53847) | Reward: -374.0 | Episode: 853 | Qmax: 23.9901
| Coverage: 0.0031 (167/53847) | Reward: -326.0 | Episode: 854 | Qmax: 23.9325
| Coverage: 0.0016 (86/53847) | Reward: -398.0 | Episode: 855 | Qmax: 23.8128
| Coverage: 0.0044 (235/53847) | Reward: -254.0 | Episode: 856 | Qmax: 23.7063
| Coverage: 0.0036 (194/53847) | Reward: -298.0 | Episode: 857 | Qmax: 23.6286
| Coverage: 0.0027 (146/53847) | Reward: -344.0 | Episode: 858 | Qmax: 23.4971
| Coverage: 0.0029 (154/53847) | Reward: -344.0 | Episode: 859 | Qmax: 23.3345
| Coverage: 0.0028 (152/53847) | Reward: -338.0 | Episode: 860 | Qmax: 23.2127
| Coverage: 0.0038 (203/53847) | Reward: -286.0 | Episode: 861 | Qmax: 23.1656
| Coverage: 0.0016 (87/53847) | Reward: -404.0 | Episode: 862 | Qmax: 22.9169
| Coverage: 0.0028 (151/53847) | Reward: -348.0 | Episode: 863 | Qmax: 22.8094
| Coverage: 0.0040 (215/53847) | Reward: -268.0 | Episode: 864 | Qmax: 22.6168
| Coverage: 0.0021 (111/53847) | Reward: -388.0 | Episode: 865 | Qmax: 22.4557
| Coverage: 0.0018 (99/53847) | Reward: -400.0 | Episode: 866 | Qmax: 22.2359
| Coverage: 0.0028 (149/53847) | Reward: -344.0 | Episode: 867 | Qmax: 22.1020
| Coverage: 0.0041 (222/53847) | Reward: -262.0 | Episode: 868 | Qmax: 21.9290
| Coverage: 0.0040 (213/53847) | Reward: -274.0 | Episode: 869 | Qmax: 21.7895
| Coverage: 0.0035 (189/53847) | Reward: -304.0 | Episode: 870 | Qmax: 21.7278
| Coverage: 0.0045 (243/53847) | Reward: -250.0 | Episode: 871 | Qmax: 21.6059
| Coverage: 0.0034 (184/53847) | Reward: -308.0 | Episode: 872 | Qmax: 21.3963
| Coverage: 0.0013 (70/53847) | Reward: -422.0 | Episode: 873 | Qmax: 21.2417
| Coverage: 0.0038 (205/53847) | Reward: -288.0 | Episode: 874 | Qmax: 21.0649
| Coverage: 0.0036 (192/53847) | Reward: -302.0 | Episode: 875 | Qmax: 20.9275
| Coverage: 0.0042 (228/53847) | Reward: -244.0 | Episode: 876 | Qmax: 20.7859
| Coverage: 0.0024 (126/53847) | Reward: -364.0 | Episode: 877 | Qmax: 20.6283
| Coverage: 0.0031 (168/53847) | Reward: -326.0 | Episode: 878 | Qmax: 20.4978
| Coverage: 0.0024 (131/53847) | Reward: -368.0 | Episode: 879 | Qmax: 20.3444
| Coverage: 0.0030 (159/53847) | Reward: -330.0 | Episode: 880 | Qmax: 20.1074
| Coverage: 0.0046 (246/53847) | Reward: -246.0 | Episode: 881 | Qmax: 19.9348
| Coverage: 0.0033 (179/53847) | Reward: -306.0 | Episode: 882 | Qmax: 19.8176
| Coverage: 0.0054 (293/53847) | Reward: -188.0 | Episode: 883 | Qmax: 19.6578
| Coverage: 0.0037 (198/53847) | Reward: -292.0 | Episode: 884 | Qmax: 19.5739
| Coverage: 0.0037 (198/53847) | Reward: -288.0 | Episode: 885 | Qmax: 19.3768
| Coverage: 0.0014 (74/53847) | Reward: -422.0 | Episode: 886 | Qmax: 19.2160
| Coverage: 0.0027 (145/53847) | Reward: -348.0 | Episode: 887 | Qmax: 19.0789
| Coverage: 0.0035 (187/53847) | Reward: -304.0 | Episode: 888 | Qmax: 18.9688
| Coverage: 0.0030 (164/53847) | Reward: -332.0 | Episode: 889 | Qmax: 18.8706
| Coverage: 0.0015 (81/53847) | Reward: -408.0 | Episode: 890 | Qmax: 18.7174
| Coverage: 0.0043 (229/53847) | Reward: -260.0 | Episode: 891 | Qmax: 18.5838
| Coverage: 0.0032 (173/53847) | Reward: -320.0 | Episode: 892 | Qmax: 18.3873
| Coverage: 0.0052 (281/53847) | Reward: -204.0 | Episode: 893 | Qmax: 18.1943
| Coverage: 0.0026 (141/53847) | Reward: -352.0 | Episode: 894 | Qmax: 18.1307
| Coverage: 0.0040 (216/53847) | Reward: -268.0 | Episode: 895 | Qmax: 17.9954
| Coverage: 0.0045 (242/53847) | Reward: -250.0 | Episode: 896 | Qmax: 17.9082
| Coverage: 0.0044 (239/53847) | Reward: -254.0 | Episode: 897 | Qmax: 17.7025
| Coverage: 0.0017 (90/53847) | Reward: -408.0 | Episode: 898 | Qmax: 17.4979
| Coverage: 0.0025 (137/53847) | Reward: -358.0 | Episode: 899 | Qmax: 17.4066
| Coverage: 0.0017 (91/53847) | Reward: -408.0 | Episode: 900 | Qmax: 17.2969
| Coverage: 0.0042 (224/53847) | Reward: -266.0 | Episode: 901 | Qmax: 17.1737
| Coverage: 0.0014 (76/53847) | Reward: -422.0 | Episode: 902 | Qmax: 17.0128
| Coverage: 0.0025 (134/53847) | Reward: -358.0 | Episode: 903 | Qmax: 16.8746
| Coverage: 0.0029 (158/53847) | Reward: -330.0 | Episode: 904 | Qmax: 16.6927
| Coverage: 0.0036 (193/53847) | Reward: -298.0 | Episode: 905 | Qmax: 16.5848
| Coverage: 0.0013 (70/53847) | Reward: -422.0 | Episode: 906 | Qmax: 16.4760
| Coverage: 0.0026 (139/53847) | Reward: -344.0 | Episode: 907 | Qmax: 16.3928
| Coverage: 0.0041 (222/53847) | Reward: -270.0 | Episode: 908 | Qmax: 16.2562
| Coverage: 0.0032 (172/53847) | Reward: -314.0 | Episode: 909 | Qmax: 16.1308
| Coverage: 0.0035 (186/53847) | Reward: -306.0 | Episode: 910 | Qmax: 15.9883
| Coverage: 0.0043 (232/53847) | Reward: -264.0 | Episode: 911 | Qmax: 15.8171
| Coverage: 0.0029 (154/53847) | Reward: -344.0 | Episode: 912 | Qmax: 15.7354
| Coverage: 0.0039 (210/53847) | Reward: -274.0 | Episode: 913 | Qmax: 15.6157
| Coverage: 0.0040 (216/53847) | Reward: -272.0 | Episode: 914 | Qmax: 15.5491
| Coverage: 0.0063 (339/53847) | Reward: -146.0 | Episode: 915 | Qmax: 15.4231
| Coverage: 0.0036 (196/53847) | Reward: -296.0 | Episode: 916 | Qmax: 15.2792
| Coverage: 0.0043 (233/53847) | Reward: -260.0 | Episode: 917 | Qmax: 15.1433
| Coverage: 0.0025 (134/53847) | Reward: -350.0 | Episode: 918 | Qmax: 15.0322
| Coverage: 0.0039 (211/53847) | Reward: -274.0 | Episode: 919 | Qmax: 14.9125
| Coverage: 0.0022 (117/53847) | Reward: -372.0 | Episode: 920 | Qmax: 14.8107
| Coverage: 0.0018 (95/53847) | Reward: -394.0 | Episode: 921 | Qmax: 14.7283
| Coverage: 0.0038 (206/53847) | Reward: -282.0 | Episode: 922 | Qmax: 14.5474
| Coverage: 0.0025 (134/53847) | Reward: -358.0 | Episode: 923 | Qmax: 14.3993
| Coverage: 0.0032 (174/53847) | Reward: -318.0 | Episode: 924 | Qmax: 14.3560
| Coverage: 0.0029 (157/53847) | Reward: -328.0 | Episode: 925 | Qmax: 14.1876
| Coverage: 0.0018 (97/53847) | Reward: -390.0 | Episode: 926 | Qmax: 14.0286
| Coverage: 0.0028 (150/53847) | Reward: -342.0 | Episode: 927 | Qmax: 13.8652
| Coverage: 0.0044 (235/53847) | Reward: -260.0 | Episode: 928 | Qmax: 13.8193
| Coverage: 0.0043 (233/53847) | Reward: -262.0 | Episode: 929 | Qmax: 13.7398
| Coverage: 0.0031 (168/53847) | Reward: -324.0 | Episode: 930 | Qmax: 13.5289
| Coverage: 0.0039 (210/53847) | Reward: -288.0 | Episode: 931 | Qmax: 13.4572
| Coverage: 0.0019 (103/53847) | Reward: -386.0 | Episode: 932 | Qmax: 13.3861
| Coverage: 0.0044 (238/53847) | Reward: -248.0 | Episode: 933 | Qmax: 13.1733
| Coverage: 0.0038 (203/53847) | Reward: -294.0 | Episode: 934 | Qmax: 13.0601
| Coverage: 0.0005 (26/53847) | Reward: -474.0 | Episode: 935 | Qmax: 12.9550
| Coverage: 0.0024 (130/53847) | Reward: -368.0 | Episode: 936 | Qmax: 12.6952
| Coverage: 0.0018 (97/53847) | Reward: -398.0 | Episode: 937 | Qmax: 12.6020
| Coverage: 0.0021 (112/53847) | Reward: -384.0 | Episode: 938 | Qmax: 12.4907
| Coverage: 0.0039 (212/53847) | Reward: -276.0 | Episode: 939 | Qmax: 12.2986
| Coverage: 0.0045 (245/53847) | Reward: -242.0 | Episode: 940 | Qmax: 12.1293
| Coverage: 0.0005 (26/53847) | Reward: -474.0 | Episode: 941 | Qmax: 12.0731
| Coverage: 0.0028 (149/53847) | Reward: -344.0 | Episode: 942 | Qmax: 11.9192
| Coverage: 0.0020 (106/53847) | Reward: -392.0 | Episode: 943 | Qmax: 11.7550
| Coverage: 0.0005 (26/53847) | Reward: -474.0 | Episode: 944 | Qmax: 11.6683
| Coverage: 0.0029 (158/53847) | Reward: -330.0 | Episode: 945 | Qmax: 11.5962
| Coverage: 0.0041 (223/53847) | Reward: -264.0 | Episode: 946 | Qmax: 11.4715
| Coverage: 0.0048 (260/53847) | Reward: -214.0 | Episode: 947 | Qmax: 11.3906
| Coverage: 0.0002 (10/53847) | Reward: -490.0 | Episode: 948 | Qmax: 11.2104
| Coverage: 0.0037 (199/53847) | Reward: -290.0 | Episode: 949 | Qmax: 11.1362
| Coverage: 0.0029 (155/53847) | Reward: -342.0 | Episode: 950 | Qmax: 10.9375
| Coverage: 0.0034 (183/53847) | Reward: -312.0 | Episode: 951 | Qmax: 10.8445
| Coverage: 0.0013 (70/53847) | Reward: -426.0 | Episode: 952 | Qmax: 10.7764
| Coverage: 0.0041 (222/53847) | Reward: -262.0 | Episode: 953 | Qmax: 10.5318
| Coverage: 0.0031 (167/53847) | Reward: -322.0 | Episode: 954 | Qmax: 10.4360
| Coverage: 0.0029 (154/53847) | Reward: -336.0 | Episode: 955 | Qmax: 10.3150
| Coverage: 0.0035 (191/53847) | Reward: -300.0 | Episode: 956 | Qmax: 10.1627
| Coverage: 0.0029 (157/53847) | Reward: -338.0 | Episode: 957 | Qmax: 10.1049
| Coverage: 0.0014 (76/53847) | Reward: -416.0 | Episode: 958 | Qmax: 9.9520
| Coverage: 0.0035 (190/53847) | Reward: -300.0 | Episode: 959 | Qmax: 9.8815
| Coverage: 0.0036 (193/53847) | Reward: -300.0 | Episode: 960 | Qmax: 9.8344
| Coverage: 0.0035 (189/53847) | Reward: -302.0 | Episode: 961 | Qmax: 9.6489
| Coverage: 0.0032 (171/53847) | Reward: -316.0 | Episode: 962 | Qmax: 9.5885
| Coverage: 0.0039 (211/53847) | Reward: -276.0 | Episode: 963 | Qmax: 9.4448
| Coverage: 0.0023 (123/53847) | Reward: -376.0 | Episode: 964 | Qmax: 9.3384
| Coverage: 0.0032 (172/53847) | Reward: -322.0 | Episode: 965 | Qmax: 9.1770
| Coverage: 0.0017 (92/53847) | Reward: -400.0 | Episode: 966 | Qmax: 9.0837
| Coverage: 0.0027 (143/53847) | Reward: -346.0 | Episode: 967 | Qmax: 8.9445
| Coverage: 0.0035 (191/53847) | Reward: -296.0 | Episode: 968 | Qmax: 8.8300
| Coverage: 0.0045 (242/53847) | Reward: -250.0 | Episode: 969 | Qmax: 8.6603
| Coverage: 0.0033 (176/53847) | Reward: -320.0 | Episode: 970 | Qmax: 8.6026
| Coverage: 0.0034 (185/53847) | Reward: -296.0 | Episode: 971 | Qmax: 8.5086
| Coverage: 0.0032 (173/53847) | Reward: -304.0 | Episode: 972 | Qmax: 8.4166
| Coverage: 0.0005 (28/53847) | Reward: -472.0 | Episode: 973 | Qmax: 8.2960
| Coverage: 0.0021 (112/53847) | Reward: -386.0 | Episode: 974 | Qmax: 8.2086
| Coverage: 0.0051 (276/53847) | Reward: -210.0 | Episode: 975 | Qmax: 8.0951
| Coverage: 0.0026 (142/53847) | Reward: -354.0 | Episode: 976 | Qmax: 7.9855
| Coverage: 0.0031 (167/53847) | Reward: -320.0 | Episode: 977 | Qmax: 7.8483
| Coverage: 0.0043 (231/53847) | Reward: -262.0 | Episode: 978 | Qmax: 7.6848
| Coverage: 0.0033 (177/53847) | Reward: -310.0 | Episode: 979 | Qmax: 7.6026
| Coverage: 0.0045 (241/53847) | Reward: -242.0 | Episode: 980 | Qmax: 7.4325
| Coverage: 0.0032 (173/53847) | Reward: -314.0 | Episode: 981 | Qmax: 7.3247
| Coverage: 0.0049 (264/53847) | Reward: -226.0 | Episode: 982 | Qmax: 7.2651
| Coverage: 0.0035 (190/53847) | Reward: -302.0 | Episode: 983 | Qmax: 7.1602
| Coverage: 0.0024 (129/53847) | Reward: -362.0 | Episode: 984 | Qmax: 7.0585
| Coverage: 0.0047 (251/53847) | Reward: -242.0 | Episode: 985 | Qmax: 6.9267
| Coverage: 0.0045 (242/53847) | Reward: -248.0 | Episode: 986 | Qmax: 6.8861
| Coverage: 0.0031 (166/53847) | Reward: -330.0 | Episode: 987 | Qmax: 6.7542
| Coverage: 0.0023 (125/53847) | Reward: -360.0 | Episode: 988 | Qmax: 6.6540
| Coverage: 0.0044 (237/53847) | Reward: -252.0 | Episode: 989 | Qmax: 6.4840
| Coverage: 0.0033 (176/53847) | Reward: -312.0 | Episode: 990 | Qmax: 6.3890
| Coverage: 0.0043 (232/53847) | Reward: -250.0 | Episode: 991 | Qmax: 6.2531
| Coverage: 0.0057 (306/53847) | Reward: -178.0 | Episode: 992 | Qmax: 6.1556
| Coverage: 0.0038 (204/53847) | Reward: -294.0 | Episode: 993 | Qmax: 6.0228
| Coverage: 0.0048 (260/53847) | Reward: -226.0 | Episode: 994 | Qmax: 5.9830
| Coverage: 0.0035 (189/53847) | Reward: -304.0 | Episode: 995 | Qmax: 5.8798
| Coverage: 0.0034 (181/53847) | Reward: -306.0 | Episode: 996 | Qmax: 5.6974
| Coverage: 0.0039 (208/53847) | Reward: -276.0 | Episode: 997 | Qmax: 5.6042
| Coverage: 0.0031 (165/53847) | Reward: -320.0 | Episode: 998 | Qmax: 5.4564
| Coverage: 0.0028 (153/53847) | Reward: -340.0 | Episode: 999 | Qmax: 5.3999
