0 0.0395
1 0.0061
2 0.0197
3 0.0061
4 0.0843
5 0.0106
6 0.0524
7 0.0228
8 0.0494
9 0.0501
10 0.0046
11 0.0213
12 0.0121
13 0.0152
14 0.0137
15 0.0084
16 0.0213
17 0.0623
18 0.0782
19 0.0486
20 0.0486
21 0.0463
22 0.0061
23 0.0228
24 0.0121
25 0.0091
26 0.0372
27 0.0091
28 0.0137
29 0.0319
30 0.0106
31 0.0084
32 0.0372
33 0.0137
34 0.0091
35 0.0334
36 0.0030
37 0.0349
38 0.0364
39 0.0235
40 0.0402
41 0.0197
42 0.0213
43 0.0106
44 0.0182
45 0.0266
46 0.0653
47 0.0683
48 0.0380
49 0.0471
50 0.0380
51 0.0668
52 0.0121
53 0.0334
54 0.0213
55 0.0152
56 0.0205
57 0.0152
58 0.0137
59 0.0304
60 0.0167
61 0.0326
62 0.0289
63 0.0076
64 0.0228
65 0.0129
66 0.0418
67 0.0676
68 0.0516
69 0.0729
70 0.0266
71 0.0501
72 0.0326
73 0.0501
74 0.0615
75 0.0471
76 0.0516
77 0.0091
78 0.0478
79 0.0342
80 0.0182
81 0.0554
82 0.0182
83 0.0152
84 0.0532
85 0.0516
86 0.0554
87 0.0850
88 0.0858
89 0.0645
90 0.0046
91 0.0820
92 0.0486
93 0.0364
94 0.0516
95 0.0577
96 0.0554
97 0.0676
98 0.0554
99 0.0774
100 0.0121
101 0.0395
102 0.0516
103 0.0706
104 0.0402
105 0.0524
106 0.0752
107 0.0182
108 0.0509
109 0.0494
110 0.0289
111 0.0607
112 0.0782
113 0.0121
114 0.0456
115 0.0418
116 0.0228
117 0.0304
118 0.0600
119 0.0448
120 0.0463
121 0.0706
122 0.0790
123 0.0812
124 0.0850
125 0.0607
126 0.0737
127 0.0562
128 0.0061
129 0.0121
130 0.0167
131 0.0364
132 0.0402
133 0.0501
134 0.0076
135 0.0638
136 0.0790
137 0.0782
138 0.0782
139 0.0782
140 0.0501
141 0.0752
142 0.0471
143 0.0721
144 0.0790
145 0.0607
146 0.0820
147 0.0562
148 0.0456
149 0.0091
150 0.0699
151 0.0319
152 0.0319
153 0.0668
154 0.0744
155 0.0615
156 0.0228
157 0.0691
158 0.0835
159 0.0296
160 0.0744
161 0.0402
162 0.0266
163 0.0266
164 0.0790
165 0.0061
166 0.0562
167 0.0964
168 0.0623
169 0.0607
170 0.0425
171 0.0661
172 0.0934
173 0.0478
174 0.0091
175 0.0402
176 0.0433
177 0.0790
178 0.0820
179 0.0714
180 0.0061
181 0.0873
182 0.0607
183 0.0949
184 0.0554
185 0.0661
186 0.0699
187 0.0866
188 0.0653
189 0.0911
190 0.0592
191 0.0478
192 0.0714
193 0.0691
194 0.0759
195 0.0767
196 0.0091
197 0.0691
198 0.0433
199 0.0790
200 0.0448
201 0.0683
202 0.1025
203 0.0835
204 0.0600
205 0.0721
206 0.0623
207 0.0774
208 0.0509
209 0.0797
210 0.0615
211 0.0790
212 0.0752
213 0.0076
214 0.0805
215 0.0380
216 0.0714
217 0.0721
218 0.0137
219 0.0911
220 0.0782
221 0.0843
222 0.0820
223 0.0706
224 0.0926
225 0.0577
226 0.0577
227 0.0600
228 0.0896
229 0.0744
230 0.0850
231 0.1071
232 0.0182
233 0.0585
234 0.0850
235 0.0888
236 0.1063
237 0.0995
238 0.0661
239 0.0820
240 0.0752
241 0.0615
242 0.0645
243 0.0904
244 0.0197
245 0.0942
246 0.0812
247 0.0577
248 0.0630
249 0.0615
250 0.1010
251 0.0774
252 0.0843
253 0.0896
254 0.0729
255 0.0820
256 0.0509
257 0.0524
258 0.0873
259 0.0774
260 0.0721
261 0.0721
262 0.0630
263 0.0395
264 0.0577
265 0.0957
266 0.0752
267 0.0835
268 0.0850
269 0.0638
270 0.0858
271 0.0896
272 0.0494
273 0.0228
274 0.0121
275 0.0630
276 0.1010
277 0.0820
278 0.0964
279 0.0721
280 0.0881
281 0.0888
282 0.0569
283 0.1093
284 0.0820
285 0.1139
286 0.0706
287 0.0896
288 0.1147
289 0.0501
290 0.1139
291 0.0926
292 0.0919
293 0.0615
294 0.0797
295 0.0843
296 0.0904
297 0.0759
298 0.0782
299 0.1063
300 0.0942
301 0.0691
302 0.0790
303 0.1048
304 0.0699
305 0.0957
306 0.0850
307 0.0957
308 0.0873
309 0.0866
310 0.0828
311 0.0554
312 0.0866
313 0.0668
314 0.0752
315 0.0797
316 0.1033
317 0.0888
318 0.0767
319 0.0524
320 0.0843
321 0.0782
322 0.0767
323 0.0835
324 0.0668
325 0.0767
326 0.0774
327 0.0744
328 0.0752
329 0.0934
330 0.0911
331 0.0152
332 0.0797
333 0.1002
334 0.0630
335 0.0949
336 0.0934
337 0.0729
338 0.0767
339 0.0737
340 0.0873
341 0.0592
342 0.0645
343 0.0835
344 0.1055
345 0.0554
346 0.0767
347 0.0797
348 0.0964
349 0.0866
350 0.0767
351 0.0364
352 0.0607
353 0.0911
354 0.0737
355 0.1071
356 0.0615
357 0.0896
358 0.0820
359 0.0926
360 0.0995
361 0.1040
362 0.1017
363 0.0942
364 0.0888
365 0.1040
366 0.0866
367 0.0721
368 0.0888
369 0.0881
370 0.0615
371 0.0919
372 0.0972
373 0.1124
374 0.1033
375 0.0812
376 0.0828
377 0.1033
378 0.0820
379 0.0949
380 0.1002
381 0.0835
382 0.0729
383 0.1048
384 0.0995
385 0.0706
386 0.0752
387 0.0881
388 0.0888
389 0.1025
390 0.1002
391 0.1002
392 0.0737
393 0.0949
394 0.0683
395 0.1002
396 0.0828
397 0.1291
398 0.0782
399 0.0888
400 0.0843
401 0.0866
402 0.0979
403 0.1086
404 0.1086
405 0.1033
406 0.0888
407 0.0888
408 0.0843
409 0.0866
410 0.0964
411 0.0964
412 0.0805
413 0.0866
414 0.0957
415 0.0737
416 0.1109
417 0.1291
418 0.1116
419 0.1063
420 0.1033
421 0.1093
422 0.1101
423 0.1055
424 0.1101
425 0.1222
426 0.1048
427 0.1245
428 0.1124
429 0.1177
430 0.0896
431 0.0979
432 0.0942
433 0.1017
434 0.0440
435 0.1086
436 0.1336
437 0.0729
438 0.0881
439 0.1291
440 0.0987
441 0.0919
442 0.1101
443 0.1109
444 0.1131
445 0.0919
446 0.1002
447 0.0979
448 0.1139
449 0.0926
450 0.0850
451 0.0896
452 0.1033
453 0.1177
454 0.0805
455 0.1253
456 0.0919
457 0.0904
458 0.1048
459 0.1078
460 0.1063
461 0.0972
462 0.1260
463 0.1002
464 0.1063
465 0.0987
466 0.0942
467 0.0896
468 0.1177
469 0.0972
470 0.1116
471 0.1063
472 0.0638
473 0.0896
474 0.1010
475 0.1033
476 0.0888
477 0.0850
478 0.0858
479 0.1017
480 0.0964
481 0.0805
482 0.1025
483 0.0995
484 0.1177
485 0.0957
486 0.1230
487 0.1101
488 0.1116
489 0.1048
490 0.1207
491 0.0896
492 0.0896
493 0.1154
494 0.0926
495 0.1086
496 0.0843
497 0.1230
498 0.1367
499 0.1291
500 0.1177
501 0.1116
502 0.1207
503 0.0843
504 0.0911
505 0.1071
506 0.1040
507 0.0812
508 0.1025
509 0.0904
510 0.1177
511 0.1101
512 0.1329
513 0.1230
514 0.1260
515 0.0987
516 0.0828
517 0.1078
518 0.0949
519 0.1124
520 0.0797
521 0.1276
522 0.1055
523 0.1147
524 0.1253
525 0.1207
526 0.1010
527 0.1230
528 0.0972
529 0.1040
530 0.1025
531 0.1329
532 0.1192
533 0.1078
534 0.1086
535 0.1253
536 0.1071
537 0.0858
538 0.1245
539 0.1222
540 0.1177
541 0.1382
542 0.1207
543 0.1169
544 0.0744
545 0.0873
546 0.1002
547 0.1093
548 0.1093
549 0.1101
550 0.1033
551 0.0881
552 0.1382
553 0.0790
554 0.1245
555 0.1048
556 0.1025
557 0.1200
558 0.1093
559 0.1017
560 0.1139
561 0.1139
562 0.1587
563 0.1314
564 0.1116
565 0.1109
566 0.1131
567 0.1093
568 0.1291
569 0.1078
570 0.1063
571 0.1222
572 0.1048
573 0.1192
574 0.1230
575 0.1276
576 0.1458
577 0.0919
578 0.0699
579 0.1010
580 0.1200
581 0.0228
582 0.1177
583 0.0942
584 0.0896
585 0.1185
586 0.1177
587 0.0911
588 0.1025
589 0.0957
590 0.1192
591 0.1185
592 0.1276
593 0.1040
594 0.1306
595 0.1245
596 0.1260
597 0.1200
598 0.1002
599 0.1291
600 0.1215
601 0.1063
602 0.1435
603 0.1116
604 0.1207
605 0.0942
606 0.1321
607 0.0926
608 0.1260
609 0.0972
610 0.1177
611 0.1192
612 0.0881
613 0.1169
614 0.1071
615 0.1093
616 0.1078
617 0.1321
618 0.1124
619 0.1306
620 0.1215
621 0.1465
622 0.1321
623 0.1200
624 0.1230
625 0.1412
626 0.0797
627 0.1177
628 0.1033
629 0.1200
630 0.1086
631 0.1329
632 0.1314
633 0.0995
634 0.1260
635 0.1276
636 0.1101
637 0.1124
638 0.0926
639 0.1321
640 0.1078
641 0.0577
642 0.1215
643 0.1344
644 0.1496
645 0.1298
646 0.1245
647 0.1374
648 0.1314
649 0.1336
650 0.1427
651 0.1078
652 0.1238
653 0.1230
654 0.1124
655 0.1048
656 0.1291
657 0.1215
658 0.1336
659 0.1382
660 0.1291
661 0.1177
662 0.1367
663 0.1124
664 0.1010
665 0.1040
666 0.1465
667 0.1283
668 0.1306
669 0.1344
670 0.0061
671 0.1253
672 0.1200
673 0.1238
674 0.1139
675 0.1177
676 0.1458
677 0.1329
678 0.1086
679 0.1390
680 0.1450
681 0.1260
682 0.1276
683 0.1222
684 0.1352
685 0.1336
686 0.1200
687 0.1215
688 0.1435
689 0.1298
690 0.1276
691 0.1260
692 0.1033
693 0.1162
694 0.1314
695 0.1207
696 0.1382
697 0.1230
698 0.1200
699 0.1420
700 0.1131
701 0.1367
702 0.1405
703 0.1405
704 0.1048
705 0.1496
706 0.1473
707 0.1405
708 0.1139
709 0.1420
710 0.1382
711 0.1352
712 0.1397
713 0.1314
714 0.1040
715 0.1367
716 0.1511
717 0.1245
718 0.1435
719 0.1374
720 0.1207
721 0.1352
722 0.1314
723 0.1367
724 0.1420
725 0.1541
726 0.1617
727 0.1458
728 0.1450
729 0.1336
730 0.1260
731 0.1367
732 0.1162
733 0.1306
734 0.1435
735 0.1579
736 0.1503
737 0.1238
738 0.1412
739 0.1435
740 0.1617
741 0.1458
742 0.1116
743 0.1526
744 0.1435
745 0.1374
746 0.1260
747 0.1465
748 0.1557
749 0.1367
750 0.1352
751 0.1632
752 0.1564
753 0.1352
754 0.1534
755 0.1390
756 0.1427
757 0.1435
758 0.1481
759 0.1382
760 0.1352
761 0.1534
762 0.1306
763 0.1519
764 0.1632
765 0.1800
766 0.1443
767 0.1420
768 0.1481
769 0.1147
770 0.1716
771 0.1610
772 0.1192
773 0.1557
774 0.1746
775 0.1367
776 0.1572
777 0.1405
778 0.1238
779 0.1412
780 0.1374
781 0.1579
782 0.1291
783 0.1473
784 0.1405
785 0.1526
786 0.1465
787 0.1640
788 0.1207
789 0.1617
790 0.1572
791 0.1359
792 0.1488
793 0.1488
794 0.1686
795 0.1473
796 0.1405
797 0.1503
798 0.1344
799 0.1412
800 0.1359
801 0.1875
802 0.1420
803 0.1397
804 0.1329
805 0.1276
806 0.1595
807 0.1435
808 0.1443
809 0.1412
810 0.1572
811 0.1374
812 0.1579
813 0.1830
814 0.1222
815 0.1678
816 0.1595
817 0.1724
818 0.1458
819 0.1693
820 0.1359
821 0.1321
822 0.1526
823 0.1595
824 0.1587
825 0.1397
826 0.1625
827 0.1526
828 0.1541
829 0.1534
830 0.1557
831 0.1557
832 0.1648
833 0.1450
834 0.1564
835 0.1701
836 0.1443
837 0.1670
838 0.1617
839 0.1443
840 0.1564
841 0.1503
842 0.1481
843 0.1564
844 0.1374
845 0.1708
846 0.1397
847 0.1450
848 0.1222
849 0.1443
850 0.1321
851 0.1595
852 0.1496
853 0.1875
854 0.1344
855 0.1390
856 0.1443
857 0.1564
858 0.1352
859 0.1519
860 0.1595
861 0.1610
862 0.1602
863 0.1693
864 0.1276
865 0.1526
866 0.1450
867 0.1397
868 0.1488
869 0.1465
870 0.1496
871 0.1632
872 0.1913
873 0.1602
874 0.1686
875 0.1906
876 0.1488
877 0.1572
878 0.1526
879 0.1693
880 0.1777
881 0.1632
882 0.1602
883 0.1541
884 0.1496
885 0.1139
886 0.1769
887 0.1693
888 0.1587
889 0.1670
890 0.1473
891 0.1708
892 0.1640
893 0.1450
894 0.1306
895 0.1405
896 0.1526
897 0.1397
898 0.1625
899 0.1534
900 0.1374
901 0.1511
902 0.1503
903 0.1670
904 0.1670
905 0.1367
906 0.1321
907 0.1595
908 0.1686
909 0.1587
910 0.1367
911 0.1632
912 0.1207
913 0.1458
914 0.1731
915 0.1602
916 0.1458
917 0.1678
918 0.1291
919 0.1222
920 0.1147
921 0.1519
922 0.1511
923 0.1534
924 0.1549
925 0.0949
926 0.1230
927 0.1458
928 0.1321
929 0.1124
930 0.1564
931 0.1458
932 0.1526
933 0.1655
934 0.1177
935 0.1207
936 0.1610
937 0.1443
938 0.1427
939 0.1390
940 0.1276
941 0.1230
942 0.1617
943 0.1336
944 0.1162
945 0.1397
946 0.1238
947 0.1139
948 0.1185
949 0.1086
950 0.1321
951 0.1207
952 0.1397
953 0.1116
954 0.1230
955 0.1602
956 0.1147
957 0.1458
958 0.1116
959 0.1314
960 0.1382
961 0.1602
962 0.1352
963 0.1382
964 0.1412
965 0.1116
966 0.1086
967 0.1086
968 0.1329
969 0.1063
970 0.1033
971 0.1063
972 0.1367
973 0.1443
974 0.1557
975 0.1276
976 0.1154
977 0.1291
978 0.0942
979 0.1511
980 0.1321
981 0.1131
982 0.1617
983 0.1230
984 0.0979
985 0.0979
986 0.0774
987 0.1291
988 0.0995
989 0.1017
990 0.1245
991 0.0691
992 0.1397
993 0.1139
994 0.0911
995 0.0729
996 0.1162
997 0.0638
998 0.0934
999 0.0904
