0 0.0014
1 0.0052
2 0.0040
3 0.0023
4 0.0012
5 0.0025
6 0.0004
7 0.0037
8 0.0030
9 0.0020
10 0.0018
11 0.0043
12 0.0032
13 0.0013
14 0.0018
15 0.0018
16 0.0033
17 0.0045
18 0.0026
19 0.0035
20 0.0026
21 0.0023
22 0.0016
23 0.0001
24 0.0030
25 0.0022
26 0.0017
27 0.0006
28 0.0003
29 0.0017
30 0.0026
31 0.0006
32 0.0003
33 0.0005
34 0.0024
35 0.0028
36 0.0012
37 0.0009
38 0.0002
39 0.0002
40 0.0001
41 0.0006
42 0.0012
43 0.0042
44 0.0032
45 0.0021
46 0.0029
47 0.0052
48 0.0029
49 0.0041
50 0.0032
51 0.0026
52 0.0014
53 0.0017
54 0.0010
55 0.0018
56 0.0039
57 0.0032
58 0.0020
59 0.0006
60 0.0007
61 0.0036
62 0.0000
63 0.0020
64 0.0041
65 0.0045
66 0.0001
67 0.0043
68 0.0005
69 0.0017
70 0.0001
71 0.0035
72 0.0020
73 0.0009
74 0.0005
75 0.0007
76 0.0050
77 0.0016
78 0.0017
79 0.0019
80 0.0023
81 0.0024
82 0.0037
83 0.0038
84 0.0021
85 0.0008
86 0.0030
87 0.0014
88 0.0007
89 0.0022
90 0.0003
91 0.0024
92 0.0039
93 0.0038
94 0.0032
95 0.0007
96 0.0033
97 0.0029
98 0.0007
99 0.0039
100 0.0004
101 0.0013
102 0.0006
103 0.0007
104 0.0023
105 0.0004
106 0.0006
107 0.0024
108 0.0032
109 0.0017
110 0.0001
111 0.0013
112 0.0005
113 0.0036
114 0.0004
115 0.0005
116 0.0015
117 0.0002
118 0.0015
119 0.0003
120 0.0014
121 0.0038
122 0.0030
123 0.0034
124 0.0005
125 0.0032
126 0.0024
127 0.0032
128 0.0021
129 0.0018
130 0.0014
131 0.0036
132 0.0043
133 0.0032
134 0.0012
135 0.0033
136 0.0023
137 0.0016
138 0.0011
139 0.0032
140 0.0010
141 0.0043
142 0.0017
143 0.0021
144 0.0031
145 0.0003
146 0.0025
147 0.0019
148 0.0014
149 0.0017
150 0.0034
151 0.0036
152 0.0041
153 0.0046
154 0.0014
155 0.0030
156 0.0038
157 0.0015
158 0.0011
159 0.0006
160 0.0030
161 0.0011
162 0.0046
163 0.0047
164 0.0008
165 0.0048
166 0.0044
167 0.0032
168 0.0024
169 0.0050
170 0.0037
171 0.0033
172 0.0017
173 0.0001
174 0.0025
175 0.0001
176 0.0036
177 0.0025
178 0.0038
179 0.0021
180 0.0025
181 0.0034
182 0.0038
183 0.0040
184 0.0041
185 0.0022
186 0.0024
187 0.0003
188 0.0038
189 0.0034
190 0.0009
191 0.0018
192 0.0006
193 0.0043
194 0.0047
195 0.0033
196 0.0003
197 0.0019
198 0.0036
199 0.0025
200 0.0031
201 0.0027
202 0.0043
203 0.0031
204 0.0035
205 0.0032
206 0.0040
207 0.0012
208 0.0027
209 0.0027
210 0.0037
211 0.0041
212 0.0036
213 0.0026
214 0.0036
215 0.0024
216 0.0031
217 0.0036
218 0.0031
219 0.0032
220 0.0035
221 0.0029
222 0.0019
223 0.0039
224 0.0043
225 0.0018
226 0.0026
227 0.0040
228 0.0030
229 0.0047
230 0.0027
231 0.0037
232 0.0020
233 0.0020
234 0.0014
235 0.0011
236 0.0033
237 0.0038
238 0.0026
239 0.0031
240 0.0036
241 0.0023
242 0.0025
243 0.0033
244 0.0042
245 0.0036
246 0.0034
247 0.0033
248 0.0040
249 0.0006
250 0.0055
251 0.0046
252 0.0022
253 0.0027
254 0.0039
255 0.0035
256 0.0011
257 0.0030
258 0.0028
259 0.0030
260 0.0022
261 0.0030
262 0.0003
263 0.0014
264 0.0031
265 0.0035
266 0.0017
267 0.0035
268 0.0007
269 0.0035
270 0.0014
271 0.0022
272 0.0028
273 0.0033
274 0.0048
275 0.0019
276 0.0003
277 0.0009
278 0.0019
279 0.0012
280 0.0028
281 0.0014
282 0.0013
283 0.0013
284 0.0025
285 0.0033
286 0.0035
287 0.0014
288 0.0020
289 0.0034
290 0.0030
291 0.0029
292 0.0026
293 0.0001
294 0.0005
295 0.0004
296 0.0015
297 0.0022
298 0.0033
299 0.0034
300 0.0024
301 0.0034
302 0.0012
303 0.0026
304 0.0017
305 0.0029
306 0.0025
307 0.0036
308 0.0038
309 0.0042
310 0.0033
311 0.0028
312 0.0029
313 0.0031
314 0.0046
315 0.0031
316 0.0032
317 0.0013
318 0.0033
319 0.0018
320 0.0042
321 0.0003
322 0.0036
323 0.0030
324 0.0040
325 0.0032
326 0.0038
327 0.0026
328 0.0032
329 0.0003
330 0.0014
331 0.0042
332 0.0035
333 0.0035
334 0.0033
335 0.0014
336 0.0022
337 0.0012
338 0.0024
339 0.0044
340 0.0037
341 0.0028
342 0.0020
343 0.0018
344 0.0021
345 0.0000
346 0.0026
347 0.0035
348 0.0013
349 0.0020
350 0.0016
351 0.0027
352 0.0044
353 0.0031
354 0.0017
355 0.0010
356 0.0027
357 0.0032
358 0.0025
359 0.0032
360 0.0024
361 0.0003
362 0.0026
363 0.0023
364 0.0011
365 0.0034
366 0.0032
367 0.0021
368 0.0010
369 0.0020
370 0.0046
371 0.0043
372 0.0003
373 0.0038
374 0.0034
375 0.0034
376 0.0021
377 0.0013
378 0.0016
379 0.0035
380 0.0023
381 0.0009
382 0.0028
383 0.0009
384 0.0025
385 0.0040
386 0.0044
387 0.0039
388 0.0019
389 0.0026
390 0.0014
391 0.0036
392 0.0044
393 0.0048
394 0.0029
395 0.0014
396 0.0026
397 0.0030
398 0.0019
399 0.0027
400 0.0030
401 0.0040
402 0.0018
403 0.0052
404 0.0028
405 0.0040
406 0.0035
407 0.0022
408 0.0045
409 0.0012
410 0.0025
411 0.0036
412 0.0049
413 0.0039
414 0.0018
415 0.0034
416 0.0014
417 0.0046
418 0.0021
419 0.0021
420 0.0027
421 0.0034
422 0.0032
423 0.0037
424 0.0024
425 0.0017
426 0.0032
427 0.0027
428 0.0036
429 0.0037
430 0.0019
431 0.0034
432 0.0015
433 0.0048
434 0.0012
435 0.0032
436 0.0037
437 0.0024
438 0.0034
439 0.0022
440 0.0011
441 0.0042
442 0.0014
443 0.0036
444 0.0030
445 0.0027
446 0.0025
447 0.0009
448 0.0040
449 0.0015
450 0.0022
451 0.0032
452 0.0012
453 0.0028
454 0.0014
455 0.0010
456 0.0016
457 0.0022
458 0.0039
459 0.0043
460 0.0035
461 0.0033
462 0.0022
463 0.0018
464 0.0014
465 0.0016
466 0.0039
467 0.0028
468 0.0025
469 0.0002
470 0.0024
471 0.0033
472 0.0034
473 0.0020
474 0.0006
475 0.0035
476 0.0041
477 0.0033
478 0.0035
479 0.0032
480 0.0027
481 0.0036
482 0.0019
483 0.0022
484 0.0021
485 0.0017
486 0.0023
487 0.0029
488 0.0032
489 0.0039
490 0.0035
491 0.0023
492 0.0025
493 0.0024
494 0.0023
495 0.0020
496 0.0040
497 0.0040
498 0.0025
499 0.0040
500 0.0045
501 0.0033
502 0.0024
503 0.0009
504 0.0036
505 0.0032
506 0.0029
507 0.0036
508 0.0051
509 0.0029
510 0.0035
511 0.0034
512 0.0020
513 0.0041
514 0.0042
515 0.0036
516 0.0029
517 0.0027
518 0.0029
519 0.0042
520 0.0041
521 0.0041
522 0.0046
523 0.0027
524 0.0036
525 0.0033
526 0.0031
527 0.0045
528 0.0033
529 0.0022
530 0.0035
531 0.0037
532 0.0041
533 0.0035
534 0.0042
535 0.0017
536 0.0008
537 0.0030
538 0.0032
539 0.0026
540 0.0022
541 0.0032
542 0.0023
543 0.0032
544 0.0030
545 0.0007
546 0.0030
547 0.0031
548 0.0010
549 0.0012
550 0.0005
551 0.0025
552 0.0022
553 0.0029
554 0.0032
555 0.0043
556 0.0025
557 0.0006
558 0.0039
559 0.0029
560 0.0033
561 0.0039
562 0.0041
563 0.0035
564 0.0036
565 0.0025
566 0.0033
567 0.0033
568 0.0037
569 0.0035
570 0.0039
571 0.0033
572 0.0034
573 0.0039
574 0.0032
575 0.0031
576 0.0036
577 0.0024
578 0.0042
579 0.0034
580 0.0024
581 0.0027
582 0.0051
583 0.0033
584 0.0022
585 0.0030
586 0.0036
587 0.0032
588 0.0030
589 0.0047
590 0.0020
591 0.0026
592 0.0052
593 0.0037
594 0.0022
595 0.0043
596 0.0038
597 0.0031
598 0.0034
599 0.0040
600 0.0038
601 0.0027
602 0.0040
603 0.0027
604 0.0022
605 0.0040
606 0.0038
607 0.0044
608 0.0047
609 0.0018
610 0.0036
611 0.0044
612 0.0047
613 0.0040
614 0.0025
615 0.0032
616 0.0030
617 0.0027
618 0.0026
619 0.0041
620 0.0007
621 0.0002
622 0.0027
623 0.0028
624 0.0050
625 0.0040
626 0.0049
627 0.0038
628 0.0043
629 0.0026
630 0.0037
631 0.0047
632 0.0048
633 0.0023
634 0.0031
635 0.0035
636 0.0032
637 0.0023
638 0.0034
639 0.0044
640 0.0035
641 0.0045
642 0.0026
643 0.0036
644 0.0036
645 0.0006
646 0.0024
647 0.0024
648 0.0030
649 0.0045
650 0.0039
651 0.0035
652 0.0026
653 0.0041
654 0.0035
655 0.0027
656 0.0048
657 0.0047
658 0.0035
659 0.0035
660 0.0025
661 0.0033
662 0.0043
663 0.0045
664 0.0020
665 0.0027
666 0.0036
667 0.0025
668 0.0033
669 0.0038
670 0.0003
671 0.0032
672 0.0039
673 0.0043
674 0.0030
675 0.0039
676 0.0052
677 0.0039
678 0.0044
679 0.0037
680 0.0036
681 0.0046
682 0.0030
683 0.0045
684 0.0019
685 0.0029
686 0.0044
687 0.0042
688 0.0026
689 0.0042
690 0.0024
691 0.0032
692 0.0040
693 0.0034
694 0.0039
695 0.0039
696 0.0048
697 0.0025
698 0.0035
699 0.0029
700 0.0042
701 0.0034
702 0.0031
703 0.0038
704 0.0025
705 0.0035
706 0.0044
707 0.0020
708 0.0031
709 0.0044
710 0.0038
711 0.0037
712 0.0037
713 0.0032
714 0.0040
715 0.0032
716 0.0038
717 0.0013
718 0.0013
719 0.0025
720 0.0036
721 0.0023
722 0.0025
723 0.0040
724 0.0034
725 0.0039
726 0.0038
727 0.0029
728 0.0013
729 0.0037
730 0.0031
731 0.0040
732 0.0038
733 0.0039
734 0.0013
735 0.0014
736 0.0035
737 0.0009
738 0.0030
739 0.0017
740 0.0031
741 0.0034
742 0.0004
743 0.0027
744 0.0035
745 0.0040
746 0.0050
747 0.0032
748 0.0039
749 0.0042
750 0.0028
751 0.0025
752 0.0026
753 0.0037
754 0.0030
755 0.0040
756 0.0019
757 0.0030
758 0.0020
759 0.0035
760 0.0026
761 0.0012
762 0.0034
763 0.0018
764 0.0035
765 0.0032
766 0.0022
767 0.0035
768 0.0043
769 0.0024
770 0.0027
771 0.0052
772 0.0037
773 0.0041
774 0.0036
775 0.0017
776 0.0028
777 0.0040
778 0.0041
779 0.0011
780 0.0043
781 0.0038
782 0.0037
783 0.0037
784 0.0037
785 0.0032
786 0.0040
787 0.0050
788 0.0040
789 0.0030
790 0.0025
791 0.0045
792 0.0038
793 0.0023
794 0.0034
795 0.0029
796 0.0035
797 0.0032
798 0.0031
799 0.0033
800 0.0038
801 0.0033
802 0.0054
803 0.0031
804 0.0046
805 0.0037
806 0.0035
807 0.0043
808 0.0007
809 0.0019
810 0.0029
811 0.0043
812 0.0017
813 0.0047
814 0.0028
815 0.0020
816 0.0030
817 0.0032
818 0.0039
819 0.0027
820 0.0037
821 0.0051
822 0.0017
823 0.0051
824 0.0040
825 0.0010
826 0.0020
827 0.0025
828 0.0053
829 0.0039
830 0.0034
831 0.0016
832 0.0033
833 0.0022
834 0.0040
835 0.0033
836 0.0033
837 0.0018
838 0.0045
839 0.0027
840 0.0032
841 0.0038
842 0.0029
843 0.0013
844 0.0038
845 0.0027
846 0.0033
847 0.0039
848 0.0044
849 0.0037
850 0.0033
851 0.0043
852 0.0022
853 0.0022
854 0.0031
855 0.0016
856 0.0044
857 0.0036
858 0.0027
859 0.0029
860 0.0028
861 0.0038
862 0.0016
863 0.0028
864 0.0040
865 0.0021
866 0.0018
867 0.0028
868 0.0041
869 0.0040
870 0.0035
871 0.0045
872 0.0034
873 0.0013
874 0.0038
875 0.0036
876 0.0042
877 0.0024
878 0.0031
879 0.0024
880 0.0030
881 0.0046
882 0.0033
883 0.0054
884 0.0037
885 0.0037
886 0.0014
887 0.0027
888 0.0035
889 0.0030
890 0.0015
891 0.0043
892 0.0032
893 0.0052
894 0.0026
895 0.0040
896 0.0045
897 0.0044
898 0.0017
899 0.0025
900 0.0017
901 0.0042
902 0.0014
903 0.0025
904 0.0029
905 0.0036
906 0.0013
907 0.0026
908 0.0041
909 0.0032
910 0.0035
911 0.0043
912 0.0029
913 0.0039
914 0.0040
915 0.0063
916 0.0036
917 0.0043
918 0.0025
919 0.0039
920 0.0022
921 0.0018
922 0.0038
923 0.0025
924 0.0032
925 0.0029
926 0.0018
927 0.0028
928 0.0044
929 0.0043
930 0.0031
931 0.0039
932 0.0019
933 0.0044
934 0.0038
935 0.0005
936 0.0024
937 0.0018
938 0.0021
939 0.0039
940 0.0045
941 0.0005
942 0.0028
943 0.0020
944 0.0005
945 0.0029
946 0.0041
947 0.0048
948 0.0002
949 0.0037
950 0.0029
951 0.0034
952 0.0013
953 0.0041
954 0.0031
955 0.0029
956 0.0035
957 0.0029
958 0.0014
959 0.0035
960 0.0036
961 0.0035
962 0.0032
963 0.0039
964 0.0023
965 0.0032
966 0.0017
967 0.0027
968 0.0035
969 0.0045
970 0.0033
971 0.0034
972 0.0032
973 0.0005
974 0.0021
975 0.0051
976 0.0026
977 0.0031
978 0.0043
979 0.0033
980 0.0045
981 0.0032
982 0.0049
983 0.0035
984 0.0024
985 0.0047
986 0.0045
987 0.0031
988 0.0023
989 0.0044
990 0.0033
991 0.0043
992 0.0057
993 0.0038
994 0.0048
995 0.0035
996 0.0034
997 0.0039
998 0.0031
999 0.0028
