0 73.0
1 29.0
2 5.0
3 13.0
4 8.0
5 -3.0
6 -55.0
7 -23.0
8 161.0
9 219.0
10 59.0
11 155.0
12 271.0
13 2783.0
14 191.0
15 183.0
16 761.0
17 235.0
18 763.0
19 761.0
20 739.0
21 221.0
22 783.0
23 235.0
24 249.0
25 221.0
26 745.0
27 279.0
28 329.0
29 745.0
30 769.0
31 775.0
32 2787.0
33 231.0
34 741.0
35 207.0
36 659.0
37 749.0
38 787.0
39 735.0
40 761.0
41 799.0
42 2785.0
43 2775.0
44 763.0
45 2757.0
46 801.0
47 783.0
48 2727.0
49 751.0
50 241.0
51 799.0
52 2815.0
53 2805.0
54 307.0
55 2821.0
56 825.0
57 771.0
58 781.0
59 755.0
60 771.0
61 757.0
62 777.0
63 2819.0
64 745.0
65 751.0
66 811.0
67 2815.0
68 2789.0
69 803.0
70 303.0
71 845.0
72 2825.0
73 2781.0
74 829.0
75 787.0
76 2805.0
77 809.0
78 843.0
79 301.0
80 285.0
81 261.0
82 831.0
83 827.0
84 241.0
85 289.0
86 833.0
87 765.0
88 861.0
89 803.0
90 325.0
91 839.0
92 2817.0
93 843.0
94 2895.0
95 891.0
96 801.0
97 315.0
98 819.0
99 823.0
100 773.0
101 833.0
102 2891.0
103 865.0
104 2809.0
105 827.0
106 835.0
107 863.0
108 853.0
109 2855.0
110 2865.0
111 2875.0
112 2829.0
113 861.0
114 2863.0
115 789.0
116 2855.0
117 2867.0
118 2867.0
119 2807.0
120 2827.0
121 783.0
122 2781.0
123 2851.0
124 2831.0
125 835.0
126 2885.0
127 827.0
128 2821.0
129 2807.0
130 2857.0
131 2859.0
132 849.0
133 2883.0
134 2837.0
135 2795.0
136 2847.0
137 2851.0
138 2817.0
139 2807.0
140 2835.0
141 5857.0
142 2811.0
143 2837.0
144 2827.0
145 2847.0
146 2871.0
147 2819.0
148 2827.0
149 2847.0
150 851.0
151 2865.0
152 835.0
153 817.0
154 2833.0
155 2877.0
156 2885.0
157 2849.0
158 5871.0
159 2825.0
160 2839.0
161 2839.0
162 837.0
163 845.0
164 2829.0
165 837.0
166 763.0
167 2817.0
168 797.0
169 859.0
170 845.0
171 2843.0
172 2857.0
173 807.0
174 823.0
175 2883.0
176 805.0
177 2833.0
178 2871.0
179 871.0
180 821.0
181 797.0
182 843.0
183 877.0
184 841.0
185 797.0
186 2839.0
187 2877.0
188 2841.0
189 2799.0
190 807.0
191 2883.0
192 857.0
193 2833.0
194 2847.0
195 2827.0
196 813.0
197 2859.0
198 339.0
199 2833.0
200 2841.0
201 829.0
202 2865.0
203 2827.0
204 825.0
205 2833.0
206 831.0
207 2815.0
208 2825.0
209 2833.0
210 2839.0
211 2869.0
212 5831.0
213 2803.0
214 851.0
215 2829.0
216 2847.0
217 851.0
218 2815.0
219 2843.0
220 2867.0
221 2797.0
222 2841.0
223 2845.0
224 2855.0
225 2851.0
226 5887.0
227 2931.0
228 2787.0
229 857.0
230 2827.0
231 2811.0
232 773.0
233 2875.0
234 2815.0
235 2853.0
236 2803.0
237 2765.0
238 2809.0
239 811.0
240 767.0
241 2809.0
242 2841.0
243 829.0
244 853.0
245 2825.0
246 5873.0
247 2825.0
248 2807.0
249 851.0
250 5873.0
251 5845.0
252 2845.0
253 2887.0
254 5873.0
255 2757.0
256 2813.0
257 817.0
258 2787.0
259 5857.0
260 803.0
261 5845.0
262 2857.0
263 5851.0
264 2857.0
265 2895.0
266 2857.0
267 2827.0
268 2889.0
269 2871.0
270 797.0
271 2817.0
272 2793.0
273 2857.0
274 2849.0
275 2815.0
276 2869.0
277 2859.0
278 2829.0
279 2835.0
280 2841.0
281 243.0
282 759.0
283 849.0
284 2877.0
285 2863.0
286 759.0
287 797.0
288 865.0
289 781.0
290 2837.0
291 2765.0
292 2811.0
293 2837.0
294 2857.0
295 2785.0
296 803.0
297 2853.0
298 5839.0
299 2839.0
300 2791.0
301 823.0
302 2827.0
303 2819.0
304 2843.0
305 817.0
306 2863.0
307 2809.0
308 2883.0
309 2889.0
310 803.0
311 2869.0
312 2823.0
313 885.0
314 2897.0
315 2821.0
316 5829.0
317 2819.0
318 2763.0
319 761.0
320 2847.0
321 2835.0
322 5831.0
323 2815.0
324 2799.0
325 789.0
326 789.0
327 829.0
328 837.0
329 789.0
330 781.0
331 2819.0
332 2823.0
333 2791.0
334 2751.0
335 2837.0
336 5829.0
337 2791.0
338 2787.0
339 757.0
340 5855.0
341 2851.0
342 2851.0
343 2817.0
344 2831.0
345 2773.0
346 2853.0
347 2787.0
348 2805.0
349 2837.0
350 5863.0
351 2815.0
352 2865.0
353 2783.0
354 5907.0
355 2821.0
356 2833.0
357 2851.0
358 2843.0
359 2823.0
360 2823.0
361 2811.0
362 2827.0
363 5835.0
364 2813.0
365 827.0
366 2845.0
367 2863.0
368 5859.0
369 2835.0
370 2887.0
371 2837.0
372 791.0
373 2855.0
374 2817.0
375 2849.0
376 2783.0
377 2795.0
378 2813.0
379 2833.0
380 5881.0
381 2803.0
382 2819.0
383 5823.0
384 2841.0
385 5899.0
386 2835.0
387 865.0
388 2807.0
389 5863.0
390 5833.0
391 775.0
392 2881.0
393 2867.0
394 825.0
395 2875.0
396 2819.0
397 819.0
398 2795.0
399 2847.0
400 2787.0
401 5817.0
402 755.0
403 2815.0
404 769.0
405 2823.0
406 2829.0
407 2825.0
408 5843.0
409 2833.0
410 2847.0
411 2757.0
412 2801.0
413 5843.0
414 2801.0
415 2831.0
416 797.0
417 2801.0
418 2855.0
419 2809.0
420 781.0
421 2825.0
422 2829.0
423 817.0
424 811.0
425 813.0
426 2849.0
427 2819.0
428 2891.0
429 2789.0
430 2819.0
431 2863.0
432 807.0
433 2791.0
434 2817.0
435 2843.0
436 5881.0
437 2813.0
438 2839.0
439 2847.0
440 2811.0
441 2881.0
442 809.0
443 813.0
444 5867.0
445 5823.0
446 2829.0
447 2841.0
448 2835.0
449 5825.0
450 2851.0
451 2857.0
452 2817.0
453 2833.0
454 2823.0
455 2843.0
456 811.0
457 811.0
458 2869.0
459 2869.0
460 785.0
461 2839.0
462 815.0
463 2857.0
464 2813.0
465 5867.0
466 2859.0
467 2795.0
468 2777.0
469 2813.0
470 2861.0
471 2827.0
472 2837.0
473 2801.0
474 2807.0
475 2807.0
476 2899.0
477 5875.0
478 791.0
479 2815.0
480 5851.0
481 2867.0
482 2835.0
483 5853.0
484 855.0
485 2809.0
486 2897.0
487 827.0
488 2811.0
489 2813.0
490 801.0
491 2879.0
492 2875.0
493 2809.0
494 2801.0
495 2887.0
496 2879.0
497 855.0
498 2859.0
499 2795.0
500 2847.0
501 2805.0
502 5839.0
503 2845.0
504 5791.0
505 2835.0
506 2847.0
507 2801.0
508 2837.0
509 2821.0
510 5853.0
511 2809.0
512 775.0
513 863.0
514 2837.0
515 2811.0
516 2847.0
517 2867.0
518 2849.0
519 2843.0
520 2839.0
521 2873.0
522 5845.0
523 801.0
524 2873.0
525 2867.0
526 2811.0
527 2817.0
528 821.0
529 2789.0
530 2845.0
531 2813.0
532 5813.0
533 2815.0
534 5859.0
535 2797.0
536 2895.0
537 805.0
538 2819.0
539 2821.0
540 2859.0
541 5791.0
542 2853.0
543 2843.0
544 2853.0
545 2865.0
546 2861.0
547 2835.0
548 839.0
549 2849.0
550 2841.0
551 2859.0
552 2869.0
553 2841.0
554 5873.0
555 811.0
556 2853.0
557 2829.0
558 797.0
559 773.0
560 2863.0
561 2807.0
562 787.0
563 5835.0
564 823.0
565 2833.0
566 753.0
567 2859.0
568 2823.0
569 327.0
570 837.0
571 2847.0
572 2847.0
573 2857.0
574 2857.0
575 803.0
576 2809.0
577 2855.0
578 2819.0
579 2847.0
580 817.0
581 2869.0
582 2865.0
583 827.0
584 841.0
585 839.0
586 837.0
587 2851.0
588 839.0
589 2847.0
590 2877.0
591 2803.0
592 2857.0
593 827.0
594 2843.0
595 335.0
596 2827.0
597 2819.0
598 2831.0
599 847.0
600 837.0
601 2789.0
602 859.0
603 843.0
604 2881.0
605 2835.0
606 851.0
607 2815.0
608 835.0
609 793.0
610 2843.0
611 2825.0
612 2819.0
613 2857.0
614 795.0
615 849.0
616 2791.0
617 2817.0
618 2837.0
619 2837.0
620 2837.0
621 2825.0
622 5837.0
623 2807.0
624 2831.0
625 837.0
626 2801.0
627 2787.0
628 2767.0
629 2831.0
630 811.0
631 863.0
632 853.0
633 839.0
634 2859.0
635 839.0
636 2823.0
637 2849.0
638 2813.0
639 2801.0
640 5859.0
641 813.0
642 2859.0
643 2875.0
644 2845.0
645 2829.0
646 2831.0
647 777.0
648 2809.0
649 2875.0
650 2809.0
651 5861.0
652 2841.0
653 733.0
654 2791.0
655 817.0
656 2795.0
657 2835.0
658 2839.0
659 2799.0
660 833.0
661 2827.0
662 2861.0
663 2877.0
664 2869.0
665 789.0
666 2829.0
667 2821.0
668 2815.0
669 859.0
670 825.0
671 2837.0
672 2831.0
673 809.0
674 2775.0
675 2819.0
676 811.0
677 801.0
678 795.0
679 2835.0
680 2771.0
681 2863.0
682 2835.0
683 2821.0
684 2875.0
685 2829.0
686 2829.0
687 2847.0
688 2849.0
689 2847.0
690 2863.0
691 779.0
692 2837.0
693 329.0
694 2825.0
695 863.0
696 2849.0
697 825.0
698 2813.0
699 2865.0
700 2797.0
701 2807.0
702 5855.0
703 5835.0
704 2805.0
705 2819.0
706 2833.0
707 2831.0
708 2815.0
709 867.0
710 2841.0
711 2853.0
712 2829.0
713 757.0
714 2815.0
715 751.0
716 2839.0
717 2911.0
718 2779.0
719 835.0
720 803.0
721 2841.0
722 891.0
723 2767.0
724 2779.0
725 2849.0
726 2825.0
727 2813.0
728 2817.0
729 2837.0
730 2851.0
731 2839.0
732 829.0
733 2849.0
734 2781.0
735 2839.0
736 2823.0
737 2825.0
738 867.0
739 255.0
740 2825.0
741 753.0
742 797.0
743 789.0
744 2783.0
745 2791.0
746 2793.0
747 767.0
748 791.0
749 827.0
750 2875.0
751 2809.0
752 853.0
753 2835.0
754 2857.0
755 2847.0
756 837.0
757 847.0
758 867.0
759 813.0
760 2873.0
761 2853.0
762 2853.0
763 5879.0
764 5895.0
765 769.0
766 2879.0
767 769.0
768 2805.0
769 2793.0
770 2819.0
771 2897.0
772 2829.0
773 2879.0
774 2867.0
775 861.0
776 2841.0
777 823.0
778 2857.0
779 2869.0
780 2823.0
781 2809.0
782 2819.0
783 755.0
784 2883.0
785 2809.0
786 2875.0
787 2897.0
788 861.0
789 2837.0
790 2785.0
791 2831.0
792 5885.0
793 2785.0
794 2877.0
795 2801.0
796 2883.0
797 2809.0
798 2859.0
799 2825.0
800 2833.0
801 2823.0
802 2861.0
803 2769.0
804 801.0
805 739.0
806 2821.0
807 2847.0
808 823.0
809 2821.0
810 785.0
811 2887.0
812 2821.0
813 2859.0
814 2827.0
815 5841.0
816 2831.0
817 2817.0
818 5835.0
819 877.0
820 2829.0
821 2893.0
822 2841.0
823 2925.0
824 5861.0
825 821.0
826 2837.0
827 2801.0
828 2873.0
829 2847.0
830 2881.0
831 2831.0
832 2871.0
833 5847.0
834 5845.0
835 2853.0
836 2815.0
837 815.0
838 803.0
839 2849.0
840 2849.0
841 2865.0
842 2877.0
843 2797.0
844 2881.0
845 5833.0
846 2833.0
847 2843.0
848 2809.0
849 781.0
850 2891.0
851 2799.0
852 5869.0
853 5869.0
854 2833.0
855 2823.0
856 2859.0
857 2827.0
858 2839.0
859 805.0
860 2811.0
861 2853.0
862 839.0
863 2853.0
864 2835.0
865 771.0
866 2815.0
867 2853.0
868 2853.0
869 2787.0
870 781.0
871 2845.0
872 789.0
873 873.0
874 819.0
875 2849.0
876 2891.0
877 5899.0
878 2851.0
879 841.0
880 2853.0
881 2825.0
882 2833.0
883 2837.0
884 799.0
885 2857.0
886 2869.0
887 797.0
888 801.0
889 2773.0
890 815.0
891 819.0
892 2833.0
893 2883.0
894 2845.0
895 2877.0
896 2923.0
897 2833.0
898 813.0
899 2839.0
900 2829.0
901 2839.0
902 2861.0
903 2863.0
904 911.0
905 853.0
906 791.0
907 2873.0
908 2825.0
909 2809.0
910 2879.0
911 835.0
912 805.0
913 843.0
914 2859.0
915 2887.0
916 2811.0
917 2891.0
918 2875.0
919 2813.0
920 2829.0
921 797.0
922 2799.0
923 813.0
924 819.0
925 849.0
926 293.0
927 2853.0
928 2865.0
929 847.0
930 2863.0
931 2851.0
932 845.0
933 2813.0
934 2823.0
935 5823.0
936 2849.0
937 2881.0
938 2875.0
939 2885.0
940 2837.0
941 2841.0
942 839.0
943 5869.0
944 819.0
945 2807.0
946 2883.0
947 2827.0
948 871.0
949 5859.0
950 2865.0
951 2847.0
952 2835.0
953 2871.0
954 875.0
955 2897.0
956 2797.0
957 2905.0
958 2853.0
959 5855.0
960 2851.0
961 815.0
962 5833.0
963 2869.0
964 2847.0
965 2823.0
966 2855.0
967 2845.0
968 2823.0
969 2865.0
970 2867.0
971 2833.0
972 805.0
973 849.0
974 2789.0
975 2813.0
976 2817.0
977 2839.0
978 827.0
979 711.0
980 2829.0
981 5839.0
982 2859.0
983 2831.0
984 2849.0
985 2851.0
986 783.0
987 783.0
988 2821.0
989 2875.0
990 785.0
991 847.0
992 2811.0
993 5825.0
994 2841.0
995 2805.0
996 2835.0
997 2895.0
998 5919.0
999 5847.0
