0 -410.0
1 -206.0
2 -280.0
3 -374.0
4 -436.0
5 -356.0
6 -478.0
7 -290.0
8 -336.0
9 -384.0
10 -394.0
11 -268.0
12 -316.0
13 -424.0
14 -398.0
15 -394.0
16 -320.0
17 -246.0
18 -358.0
19 -298.0
20 -354.0
21 -370.0
22 -412.0
23 -492.0
24 -332.0
25 -380.0
26 -408.0
27 -466.0
28 -484.0
29 -404.0
30 -356.0
31 -468.0
32 -484.0
33 -472.0
34 -364.0
35 -342.0
36 -432.0
37 -454.0
38 -488.0
39 -490.0
40 -494.0
41 -464.0
42 -436.0
43 -264.0
44 -324.0
45 -382.0
46 -346.0
47 -202.0
48 -334.0
49 -272.0
50 -318.0
51 -360.0
52 -422.0
53 -406.0
54 -448.0
55 -400.0
56 -288.0
57 -312.0
58 -386.0
59 -464.0
60 -462.0
61 -304.0
62 -498.0
63 -392.0
64 -270.0
65 -256.0
66 -494.0
67 -256.0
68 -474.0
69 -410.0
70 -490.0
71 -304.0
72 -390.0
73 -448.0
74 -464.0
75 -464.0
76 -226.0
77 -412.0
78 -406.0
79 -396.0
80 -372.0
81 -368.0
82 -296.0
83 -290.0
84 -388.0
85 -454.0
86 -332.0
87 -424.0
88 -462.0
89 -380.0
90 -484.0
91 -370.0
92 -280.0
93 -290.0
94 -312.0
95 -456.0
96 -314.0
97 -336.0
98 -460.0
99 -284.0
100 -480.0
101 -428.0
102 -466.0
103 -462.0
104 -376.0
105 -478.0
106 -468.0
107 -368.0
108 -328.0
109 -394.0
110 -494.0
111 -430.0
112 -474.0
113 -288.0
114 -476.0
115 -474.0
116 -416.0
117 -490.0
118 -420.0
119 -484.0
120 -422.0
121 -288.0
122 -334.0
123 -316.0
124 -472.0
125 -324.0
126 -368.0
127 -324.0
128 -386.0
129 -396.0
130 -426.0
131 -296.0
132 -256.0
133 -320.0
134 -436.0
135 -322.0
136 -372.0
137 -412.0
138 -436.0
139 -324.0
140 -444.0
141 -268.0
142 -408.0
143 -388.0
144 -326.0
145 -482.0
146 -346.0
147 -390.0
148 -416.0
149 -408.0
150 -316.0
151 -284.0
152 -268.0
153 -244.0
154 -422.0
155 -330.0
156 -288.0
157 -418.0
158 -440.0
159 -470.0
160 -328.0
161 -440.0
162 -242.0
163 -240.0
164 -456.0
165 -230.0
166 -256.0
167 -322.0
168 -364.0
169 -224.0
170 -294.0
171 -314.0
172 -410.0
173 -496.0
174 -354.0
175 -492.0
176 -298.0
177 -364.0
178 -288.0
179 -384.0
180 -362.0
181 -314.0
182 -284.0
183 -278.0
184 -264.0
185 -380.0
186 -372.0
187 -482.0
188 -290.0
189 -308.0
190 -444.0
191 -400.0
192 -468.0
193 -250.0
194 -230.0
195 -318.0
196 -484.0
197 -396.0
198 -300.0
199 -360.0
200 -330.0
201 -348.0
202 -266.0
203 -320.0
204 -304.0
205 -320.0
206 -282.0
207 -436.0
208 -346.0
209 -344.0
210 -290.0
211 -272.0
212 -298.0
213 -356.0
214 -296.0
215 -368.0
216 -330.0
217 -300.0
218 -324.0
219 -320.0
220 -302.0
221 -344.0
222 -390.0
223 -274.0
224 -264.0
225 -382.0
226 -342.0
227 -278.0
228 -334.0
229 -238.0
230 -344.0
231 -290.0
232 -376.0
233 -394.0
234 -426.0
235 -436.0
236 -316.0
237 -288.0
238 -346.0
239 -318.0
240 -300.0
241 -370.0
242 -354.0
243 -318.0
244 -266.0
245 -298.0
246 -302.0
247 -318.0
248 -270.0
249 -470.0
250 -190.0
251 -248.0
252 -376.0
253 -352.0
254 -284.0
255 -306.0
256 -440.0
257 -330.0
258 -344.0
259 -336.0
260 -378.0
261 -324.0
262 -486.0
263 -412.0
264 -328.0
265 -314.0
266 -406.0
267 -312.0
268 -464.0
269 -300.0
270 -420.0
271 -378.0
272 -338.0
273 -312.0
274 -228.0
275 -398.0
276 -478.0
277 -454.0
278 -394.0
279 -434.0
280 -344.0
281 -420.0
282 -430.0
283 -426.0
284 -366.0
285 -316.0
286 -302.0
287 -418.0
288 -390.0
289 -316.0
290 -338.0
291 -338.0
292 -352.0
293 -494.0
294 -472.0
295 -478.0
296 -420.0
297 -374.0
298 -320.0
299 -304.0
300 -372.0
301 -310.0
302 -438.0
303 -354.0
304 -404.0
305 -338.0
306 -358.0
307 -296.0
308 -284.0
309 -264.0
310 -306.0
311 -336.0
312 -332.0
313 -332.0
314 -240.0
315 -322.0
316 -320.0
317 -426.0
318 -314.0
319 -404.0
320 -268.0
321 -484.0
322 -302.0
323 -336.0
324 -270.0
325 -310.0
326 -288.0
327 -350.0
328 -312.0
329 -474.0
330 -422.0
331 -262.0
332 -308.0
333 -310.0
334 -316.0
335 -418.0
336 -378.0
337 -434.0
338 -372.0
339 -258.0
340 -286.0
341 -342.0
342 -386.0
343 -402.0
344 -386.0
345 -498.0
346 -352.0
347 -306.0
348 -424.0
349 -390.0
350 -404.0
351 -352.0
352 -258.0
353 -322.0
354 -398.0
355 -446.0
356 -348.0
357 -318.0
358 -364.0
359 -320.0
360 -370.0
361 -484.0
362 -356.0
363 -376.0
364 -440.0
365 -318.0
366 -316.0
367 -380.0
368 -444.0
369 -390.0
370 -234.0
371 -262.0
372 -484.0
373 -292.0
374 -310.0
375 -316.0
376 -368.0
377 -424.0
378 -410.0
379 -304.0
380 -374.0
381 -436.0
382 -350.0
383 -454.0
384 -352.0
385 -272.0
386 -248.0
387 -284.0
388 -396.0
389 -354.0
390 -422.0
391 -288.0
392 -250.0
393 -230.0
394 -342.0
395 -418.0
396 -356.0
397 -328.0
398 -394.0
399 -342.0
400 -338.0
401 -272.0
402 -402.0
403 -214.0
404 -344.0
405 -272.0
406 -294.0
407 -378.0
408 -248.0
409 -436.0
410 -366.0
411 -302.0
412 -220.0
413 -286.0
414 -396.0
415 -314.0
416 -422.0
417 -248.0
418 -380.0
419 -386.0
420 -346.0
421 -304.0
422 -324.0
423 -290.0
424 -368.0
425 -408.0
426 -322.0
427 -350.0
428 -298.0
429 -298.0
430 -394.0
431 -312.0
432 -418.0
433 -226.0
434 -438.0
435 -318.0
436 -296.0
437 -368.0
438 -310.0
439 -382.0
440 -438.0
441 -264.0
442 -420.0
443 -298.0
444 -338.0
445 -348.0
446 -354.0
447 -450.0
448 -278.0
449 -416.0
450 -370.0
451 -314.0
452 -434.0
453 -340.0
454 -418.0
455 -436.0
456 -408.0
457 -376.0
458 -274.0
459 -256.0
460 -302.0
461 -318.0
462 -380.0
463 -396.0
464 -424.0
465 -410.0
466 -278.0
467 -344.0
468 -358.0
469 -490.0
470 -368.0
471 -318.0
472 -306.0
473 -382.0
474 -470.0
475 -300.0
476 -272.0
477 -310.0
478 -298.0
479 -318.0
480 -350.0
481 -294.0
482 -394.0
483 -380.0
484 -386.0
485 -404.0
486 -376.0
487 -336.0
488 -316.0
489 -278.0
490 -304.0
491 -372.0
492 -358.0
493 -368.0
494 -370.0
495 -388.0
496 -276.0
497 -270.0
498 -362.0
499 -274.0
500 -252.0
501 -314.0
502 -370.0
503 -450.0
504 -300.0
505 -316.0
506 -342.0
507 -304.0
508 -218.0
509 -340.0
510 -298.0
511 -306.0
512 -388.0
513 -274.0
514 -258.0
515 -294.0
516 -340.0
517 -342.0
518 -336.0
519 -268.0
520 -272.0
521 -270.0
522 -244.0
523 -352.0
524 -300.0
525 -312.0
526 -328.0
527 -246.0
528 -318.0
529 -370.0
530 -302.0
531 -294.0
532 -264.0
533 -306.0
534 -266.0
535 -402.0
536 -458.0
537 -328.0
538 -312.0
539 -356.0
540 -376.0
541 -312.0
542 -366.0
543 -318.0
544 -328.0
545 -462.0
546 -332.0
547 -328.0
548 -442.0
549 -428.0
550 -472.0
551 -362.0
552 -380.0
553 -338.0
554 -320.0
555 -250.0
556 -348.0
557 -464.0
558 -286.0
559 -340.0
560 -308.0
561 -286.0
562 -276.0
563 -308.0
564 -294.0
565 -356.0
566 -310.0
567 -316.0
568 -294.0
569 -304.0
570 -272.0
571 -304.0
572 -304.0
573 -282.0
574 -326.0
575 -316.0
576 -300.0
577 -364.0
578 -266.0
579 -314.0
580 -368.0
581 -348.0
582 -214.0
583 -308.0
584 -382.0
585 -332.0
586 -294.0
587 -326.0
588 -330.0
589 -244.0
590 -388.0
591 -354.0
592 -216.0
593 -302.0
594 -374.0
595 -262.0
596 -294.0
597 -320.0
598 -304.0
599 -274.0
600 -284.0
601 -344.0
602 -282.0
603 -356.0
604 -382.0
605 -278.0
606 -286.0
607 -254.0
608 -232.0
609 -386.0
610 -302.0
611 -246.0
612 -232.0
613 -280.0
614 -352.0
615 -326.0
616 -334.0
617 -340.0
618 -348.0
619 -272.0
620 -450.0
621 -488.0
622 -346.0
623 -342.0
624 -222.0
625 -274.0
626 -226.0
627 -282.0
628 -260.0
629 -348.0
630 -298.0
631 -230.0
632 -230.0
633 -372.0
634 -324.0
635 -300.0
636 -324.0
637 -368.0
638 -314.0
639 -260.0
640 -308.0
641 -254.0
642 -340.0
643 -292.0
644 -300.0
645 -466.0
646 -364.0
647 -368.0
648 -336.0
649 -236.0
650 -284.0
651 -312.0
652 -354.0
653 -266.0
654 -310.0
655 -342.0
656 -224.0
657 -242.0
658 -298.0
659 -296.0
660 -362.0
661 -320.0
662 -256.0
663 -244.0
664 -392.0
665 -352.0
666 -300.0
667 -358.0
668 -320.0
669 -292.0
670 -484.0
671 -322.0
672 -282.0
673 -264.0
674 -326.0
675 -280.0
676 -206.0
677 -284.0
678 -252.0
679 -292.0
680 -302.0
681 -238.0
682 -324.0
683 -250.0
684 -394.0
685 -334.0
686 -256.0
687 -258.0
688 -362.0
689 -268.0
690 -372.0
691 -320.0
692 -276.0
693 -300.0
694 -288.0
695 -280.0
696 -230.0
697 -356.0
698 -300.0
699 -336.0
700 -272.0
701 -308.0
702 -328.0
703 -290.0
704 -352.0
705 -298.0
706 -246.0
707 -390.0
708 -328.0
709 -256.0
710 -278.0
711 -296.0
712 -296.0
713 -324.0
714 -278.0
715 -322.0
716 -280.0
717 -426.0
718 -426.0
719 -362.0
720 -296.0
721 -368.0
722 -362.0
723 -264.0
724 -302.0
725 -284.0
726 -288.0
727 -332.0
728 -432.0
729 -298.0
730 -318.0
731 -264.0
732 -286.0
733 -276.0
734 -424.0
735 -418.0
736 -302.0
737 -446.0
738 -324.0
739 -402.0
740 -326.0
741 -302.0
742 -478.0
743 -350.0
744 -302.0
745 -276.0
746 -228.0
747 -322.0
748 -280.0
749 -262.0
750 -340.0
751 -360.0
752 -344.0
753 -296.0
754 -330.0
755 -274.0
756 -398.0
757 -336.0
758 -394.0
759 -300.0
760 -352.0
761 -438.0
762 -310.0
763 -400.0
764 -296.0
765 -322.0
766 -380.0
767 -306.0
768 -258.0
769 -364.0
770 -344.0
771 -208.0
772 -292.0
773 -266.0
774 -298.0
775 -398.0
776 -336.0
777 -280.0
778 -270.0
779 -430.0
780 -260.0
781 -280.0
782 -276.0
783 -292.0
784 -298.0
785 -318.0
786 -272.0
787 -220.0
788 -274.0
789 -336.0
790 -356.0
791 -246.0
792 -288.0
793 -372.0
794 -310.0
795 -338.0
796 -300.0
797 -310.0
798 -330.0
799 -318.0
800 -286.0
801 -310.0
802 -190.0
803 -326.0
804 -240.0
805 -296.0
806 -304.0
807 -248.0
808 -456.0
809 -398.0
810 -332.0
811 -254.0
812 -408.0
813 -236.0
814 -340.0
815 -386.0
816 -336.0
817 -316.0
818 -278.0
819 -348.0
820 -290.0
821 -218.0
822 -406.0
823 -210.0
824 -274.0
825 -444.0
826 -388.0
827 -356.0
828 -204.0
829 -282.0
830 -308.0
831 -412.0
832 -314.0
833 -378.0
834 -264.0
835 -316.0
836 -320.0
837 -404.0
838 -240.0
839 -346.0
840 -318.0
841 -284.0
842 -338.0
843 -424.0
844 -292.0
845 -340.0
846 -304.0
847 -280.0
848 -252.0
849 -288.0
850 -314.0
851 -250.0
852 -378.0
853 -374.0
854 -326.0
855 -398.0
856 -254.0
857 -298.0
858 -344.0
859 -344.0
860 -338.0
861 -286.0
862 -404.0
863 -348.0
864 -268.0
865 -388.0
866 -400.0
867 -344.0
868 -262.0
869 -274.0
870 -304.0
871 -250.0
872 -308.0
873 -422.0
874 -288.0
875 -302.0
876 -244.0
877 -364.0
878 -326.0
879 -368.0
880 -330.0
881 -246.0
882 -306.0
883 -188.0
884 -292.0
885 -288.0
886 -422.0
887 -348.0
888 -304.0
889 -332.0
890 -408.0
891 -260.0
892 -320.0
893 -204.0
894 -352.0
895 -268.0
896 -250.0
897 -254.0
898 -408.0
899 -358.0
900 -408.0
901 -266.0
902 -422.0
903 -358.0
904 -330.0
905 -298.0
906 -422.0
907 -344.0
908 -270.0
909 -314.0
910 -306.0
911 -264.0
912 -344.0
913 -274.0
914 -272.0
915 -146.0
916 -296.0
917 -260.0
918 -350.0
919 -274.0
920 -372.0
921 -394.0
922 -282.0
923 -358.0
924 -318.0
925 -328.0
926 -390.0
927 -342.0
928 -260.0
929 -262.0
930 -324.0
931 -288.0
932 -386.0
933 -248.0
934 -294.0
935 -474.0
936 -368.0
937 -398.0
938 -384.0
939 -276.0
940 -242.0
941 -474.0
942 -344.0
943 -392.0
944 -474.0
945 -330.0
946 -264.0
947 -214.0
948 -490.0
949 -290.0
950 -342.0
951 -312.0
952 -426.0
953 -262.0
954 -322.0
955 -336.0
956 -300.0
957 -338.0
958 -416.0
959 -300.0
960 -300.0
961 -302.0
962 -316.0
963 -276.0
964 -376.0
965 -322.0
966 -400.0
967 -346.0
968 -296.0
969 -250.0
970 -320.0
971 -296.0
972 -304.0
973 -472.0
974 -386.0
975 -210.0
976 -354.0
977 -320.0
978 -262.0
979 -310.0
980 -242.0
981 -314.0
982 -226.0
983 -302.0
984 -362.0
985 -242.0
986 -248.0
987 -330.0
988 -360.0
989 -252.0
990 -312.0
991 -250.0
992 -178.0
993 -294.0
994 -226.0
995 -304.0
996 -306.0
997 -276.0
998 -320.0
999 -340.0
