0 0.7126
1 0.6347
2 0.6228
3 0.5988
4 0.4731
5 0.5150
6 0.5988
7 0.6228
8 0.7006
9 0.7006
10 0.5689
11 0.6587
12 0.7365
13 0.8263
14 0.7485
15 0.7305
16 0.7784
17 0.7365
18 0.7784
19 0.7725
20 0.7665
21 0.7066
22 0.7665
23 0.7305
24 0.7485
25 0.7246
26 0.7904
27 0.7485
28 0.7425
29 0.7665
30 0.7605
31 0.7665
32 0.8024
33 0.7425
34 0.7605
35 0.7485
36 0.7545
37 0.7725
38 0.7964
39 0.7964
40 0.7605
41 0.7784
42 0.8024
43 0.8144
44 0.7964
45 0.8084
46 0.7964
47 0.7665
48 0.8084
49 0.7964
50 0.7425
51 0.7725
52 0.8443
53 0.8084
54 0.7485
55 0.8323
56 0.7904
57 0.7964
58 0.7844
59 0.7665
60 0.7964
61 0.7665
62 0.7545
63 0.8084
64 0.7725
65 0.7844
66 0.7844
67 0.8084
68 0.8323
69 0.7784
70 0.7425
71 0.7725
72 0.8084
73 0.8204
74 0.7545
75 0.7904
76 0.8144
77 0.7904
78 0.7725
79 0.7246
80 0.7365
81 0.7126
82 0.7725
83 0.7725
84 0.7126
85 0.7425
86 0.7605
87 0.7784
88 0.7605
89 0.7665
90 0.7305
91 0.7725
92 0.8024
93 0.7844
94 0.8024
95 0.7605
96 0.7605
97 0.7066
98 0.7725
99 0.7844
100 0.7605
101 0.7964
102 0.8144
103 0.7725
104 0.8084
105 0.7904
106 0.7665
107 0.7964
108 0.7964
109 0.8144
110 0.8263
111 0.8144
112 0.8204
113 0.7964
114 0.8443
115 0.7904
116 0.8263
117 0.8263
118 0.8024
119 0.8263
120 0.8263
121 0.7844
122 0.8443
123 0.8024
124 0.8084
125 0.7844
126 0.8443
127 0.7964
128 0.8323
129 0.8084
130 0.8443
131 0.8383
132 0.7964
133 0.8024
134 0.8263
135 0.8084
136 0.8383
137 0.8144
138 0.8263
139 0.8204
140 0.8024
141 0.8503
142 0.8144
143 0.8323
144 0.8443
145 0.8024
146 0.8144
147 0.8383
148 0.8144
149 0.8204
150 0.7605
151 0.8144
152 0.7904
153 0.7725
154 0.8144
155 0.8024
156 0.8024
157 0.8084
158 0.8563
159 0.8323
160 0.8144
161 0.8024
162 0.7784
163 0.7665
164 0.8084
165 0.7665
166 0.7844
167 0.8263
168 0.7964
169 0.7844
170 0.7784
171 0.8263
172 0.8263
173 0.7545
174 0.7904
175 0.8204
176 0.7904
177 0.8024
178 0.8204
179 0.7844
180 0.7904
181 0.7665
182 0.7665
183 0.7964
184 0.7784
185 0.7784
186 0.8443
187 0.8204
188 0.8263
189 0.8204
190 0.7605
191 0.8383
192 0.7844
193 0.8323
194 0.8084
195 0.8204
196 0.7665
197 0.8084
198 0.7365
199 0.8084
200 0.8084
201 0.7964
202 0.8323
203 0.8263
204 0.7964
205 0.8024
206 0.7964
207 0.8084
208 0.8263
209 0.8204
210 0.8084
211 0.8204
212 0.8563
213 0.8443
214 0.7964
215 0.8144
216 0.8263
217 0.7784
218 0.8084
219 0.8024
220 0.8263
221 0.8323
222 0.8383
223 0.8323
224 0.8204
225 0.8084
226 0.8623
227 0.8144
228 0.8443
229 0.7725
230 0.8024
231 0.8263
232 0.7904
233 0.8383
234 0.8144
235 0.8323
236 0.8383
237 0.8024
238 0.8443
239 0.7844
240 0.7605
241 0.8204
242 0.8383
243 0.7725
244 0.7904
245 0.8204
246 0.8563
247 0.8204
248 0.8263
249 0.7725
250 0.8503
251 0.8623
252 0.8084
253 0.8443
254 0.8623
255 0.8024
256 0.8204
257 0.7545
258 0.8024
259 0.8743
260 0.7844
261 0.8743
262 0.8443
263 0.8503
264 0.8144
265 0.8443
266 0.8263
267 0.8323
268 0.8263
269 0.8263
270 0.7904
271 0.8204
272 0.8263
273 0.8323
274 0.8144
275 0.8024
276 0.8443
277 0.8383
278 0.8024
279 0.8024
280 0.8383
281 0.7485
282 0.7964
283 0.7904
284 0.8144
285 0.8443
286 0.7964
287 0.7904
288 0.7904
289 0.7964
290 0.8024
291 0.8024
292 0.8263
293 0.8323
294 0.8204
295 0.8144
296 0.7964
297 0.8144
298 0.8683
299 0.8323
300 0.8204
301 0.7964
302 0.8443
303 0.8204
304 0.8024
305 0.7904
306 0.8443
307 0.8383
308 0.8323
309 0.8263
310 0.7904
311 0.8383
312 0.8263
313 0.7844
314 0.8443
315 0.8323
316 0.8503
317 0.8084
318 0.8144
319 0.7904
320 0.8383
321 0.8084
322 0.8623
323 0.8263
324 0.8204
325 0.7964
326 0.7904
327 0.7964
328 0.7844
329 0.7964
330 0.7725
331 0.8383
332 0.8204
333 0.8024
334 0.8024
335 0.8204
336 0.8623
337 0.8383
338 0.8383
339 0.7964
340 0.8563
341 0.8204
342 0.8144
343 0.8084
344 0.8263
345 0.8204
346 0.8084
347 0.8204
348 0.8144
349 0.8144
350 0.8503
351 0.8263
352 0.8144
353 0.8204
354 0.8503
355 0.8024
356 0.8263
357 0.8084
358 0.8024
359 0.8263
360 0.8144
361 0.8084
362 0.8144
363 0.8503
364 0.8024
365 0.7784
366 0.8383
367 0.8443
368 0.8683
369 0.8443
370 0.8383
371 0.8323
372 0.7725
373 0.8323
374 0.8204
375 0.8263
376 0.8024
377 0.8204
378 0.8323
379 0.8263
380 0.8503
381 0.8084
382 0.8323
383 0.8563
384 0.8204
385 0.8563
386 0.8443
387 0.7904
388 0.8144
389 0.8503
390 0.8503
391 0.7844
392 0.8084
393 0.8443
394 0.7904
395 0.8323
396 0.8323
397 0.7964
398 0.8144
399 0.8443
400 0.8204
401 0.8503
402 0.7904
403 0.8024
404 0.7904
405 0.8144
406 0.8443
407 0.8084
408 0.8563
409 0.8443
410 0.8443
411 0.8084
412 0.8263
413 0.8503
414 0.8084
415 0.8443
416 0.7964
417 0.8204
418 0.8024
419 0.8263
420 0.7725
421 0.8204
422 0.8383
423 0.7844
424 0.7964
425 0.7844
426 0.8443
427 0.8383
428 0.8204
429 0.8084
430 0.8144
431 0.8323
432 0.7725
433 0.8443
434 0.8383
435 0.8144
436 0.8503
437 0.8263
438 0.8383
439 0.8263
440 0.8383
441 0.8323
442 0.7964
443 0.7784
444 0.8563
445 0.8503
446 0.8084
447 0.8144
448 0.8084
449 0.8623
450 0.8383
451 0.8323
452 0.8263
453 0.8263
454 0.8383
455 0.8204
456 0.7844
457 0.7605
458 0.8204
459 0.8084
460 0.7784
461 0.8024
462 0.7904
463 0.8204
464 0.8024
465 0.8503
466 0.8263
467 0.8204
468 0.8263
469 0.8024
470 0.8204
471 0.8144
472 0.8323
473 0.8443
474 0.8263
475 0.8144
476 0.8383
477 0.8743
478 0.7605
479 0.8024
480 0.8743
481 0.8443
482 0.8443
483 0.8503
484 0.7964
485 0.8263
486 0.8443
487 0.7964
488 0.8443
489 0.8144
490 0.7844
491 0.8383
492 0.8144
493 0.8204
494 0.8263
495 0.8204
496 0.8024
497 0.7904
498 0.8383
499 0.8204
500 0.8024
501 0.8443
502 0.8623
503 0.8323
504 0.8503
505 0.8383
506 0.8323
507 0.8144
508 0.8204
509 0.8383
510 0.8503
511 0.8024
512 0.7904
513 0.7964
514 0.8144
515 0.8024
516 0.8084
517 0.8144
518 0.8084
519 0.8383
520 0.8084
521 0.8383
522 0.8503
523 0.7844
524 0.8323
525 0.8263
526 0.8204
527 0.8263
528 0.7665
529 0.8144
530 0.8443
531 0.8084
532 0.8683
533 0.8263
534 0.8503
535 0.8204
536 0.8084
537 0.7665
538 0.8263
539 0.8084
540 0.8383
541 0.8623
542 0.8084
543 0.8204
544 0.8443
545 0.8443
546 0.8323
547 0.8084
548 0.7665
549 0.8443
550 0.8443
551 0.8323
552 0.8323
553 0.8204
554 0.8623
555 0.7904
556 0.8084
557 0.8263
558 0.7904
559 0.7844
560 0.8383
561 0.8144
562 0.7964
563 0.8503
564 0.7904
565 0.8383
566 0.7784
567 0.8323
568 0.8084
569 0.7365
570 0.7964
571 0.8263
572 0.8144
573 0.8323
574 0.8084
575 0.7964
576 0.8084
577 0.8323
578 0.8204
579 0.8204
580 0.7964
581 0.8024
582 0.8263
583 0.7904
584 0.7784
585 0.7964
586 0.7665
587 0.8323
588 0.7605
589 0.8084
590 0.8084
591 0.8084
592 0.8144
593 0.7844
594 0.8323
595 0.7485
596 0.8024
597 0.8084
598 0.8323
599 0.7784
600 0.7844
601 0.8084
602 0.7964
603 0.7844
604 0.8024
605 0.8144
606 0.7784
607 0.8204
608 0.7964
609 0.7904
610 0.8263
611 0.8084
612 0.8144
613 0.8144
614 0.7844
615 0.7784
616 0.8383
617 0.8084
618 0.8263
619 0.8084
620 0.8383
621 0.8383
622 0.8503
623 0.8144
624 0.8024
625 0.7904
626 0.8084
627 0.8263
628 0.8084
629 0.8144
630 0.7844
631 0.7904
632 0.7904
633 0.7665
634 0.8323
635 0.7964
636 0.8084
637 0.8084
638 0.8323
639 0.8024
640 0.8503
641 0.7844
642 0.8443
643 0.8443
644 0.8084
645 0.8263
646 0.8383
647 0.7964
648 0.8204
649 0.8204
650 0.8263
651 0.8503
652 0.8144
653 0.7545
654 0.8323
655 0.7964
656 0.8144
657 0.8144
658 0.8383
659 0.8204
660 0.7844
661 0.8024
662 0.8144
663 0.8323
664 0.8383
665 0.7964
666 0.8144
667 0.8144
668 0.8084
669 0.7904
670 0.7784
671 0.8204
672 0.8204
673 0.7904
674 0.8204
675 0.8263
676 0.7904
677 0.7904
678 0.7784
679 0.8323
680 0.8084
681 0.8263
682 0.8443
683 0.8144
684 0.8204
685 0.8084
686 0.8263
687 0.8263
688 0.8204
689 0.8443
690 0.8323
691 0.7904
692 0.8323
693 0.7425
694 0.8084
695 0.7964
696 0.8084
697 0.7844
698 0.8204
699 0.8144
700 0.8323
701 0.8084
702 0.8503
703 0.8743
704 0.8263
705 0.8204
706 0.8323
707 0.8443
708 0.8204
709 0.7964
710 0.8263
711 0.8383
712 0.8084
713 0.7844
714 0.8383
715 0.7904
716 0.8144
717 0.8443
718 0.8084
719 0.7665
720 0.7784
721 0.8323
722 0.7904
723 0.8204
724 0.8144
725 0.8024
726 0.8024
727 0.8204
728 0.8024
729 0.8144
730 0.8263
731 0.8204
732 0.7844
733 0.8144
734 0.8263
735 0.8443
736 0.8024
737 0.8263
738 0.7904
739 0.7365
740 0.8263
741 0.7844
742 0.7784
743 0.7904
744 0.8024
745 0.8024
746 0.8443
747 0.7844
748 0.7844
749 0.7844
750 0.8024
751 0.8204
752 0.7964
753 0.8024
754 0.8323
755 0.8263
756 0.7725
757 0.7964
758 0.7964
759 0.7545
760 0.8383
761 0.8443
762 0.8263
763 0.8503
764 0.8563
765 0.7904
766 0.8263
767 0.7964
768 0.8204
769 0.8024
770 0.8204
771 0.8323
772 0.8144
773 0.8383
774 0.8263
775 0.7904
776 0.8323
777 0.7964
778 0.8443
779 0.8383
780 0.8144
781 0.8144
782 0.8204
783 0.7844
784 0.8443
785 0.8263
786 0.8383
787 0.8443
788 0.7964
789 0.8084
790 0.8204
791 0.8323
792 0.8623
793 0.8024
794 0.8443
795 0.8204
796 0.8144
797 0.8144
798 0.8024
799 0.8383
800 0.8024
801 0.8144
802 0.8263
803 0.8204
804 0.7964
805 0.7964
806 0.8024
807 0.8443
808 0.7844
809 0.8323
810 0.7964
811 0.8383
812 0.8204
813 0.8443
814 0.8204
815 0.8563
816 0.8204
817 0.8204
818 0.8623
819 0.7964
820 0.8323
821 0.8204
822 0.8263
823 0.8383
824 0.8563
825 0.7964
826 0.8204
827 0.8144
828 0.8144
829 0.8323
830 0.8084
831 0.8084
832 0.8084
833 0.8503
834 0.8683
835 0.8383
836 0.8084
837 0.7964
838 0.7665
839 0.8263
840 0.8443
841 0.8443
842 0.8263
843 0.8263
844 0.8383
845 0.8623
846 0.8024
847 0.8443
848 0.8204
849 0.7605
850 0.8204
851 0.8084
852 0.8563
853 0.8563
854 0.8323
855 0.8204
856 0.8263
857 0.8084
858 0.8383
859 0.7964
860 0.8144
861 0.8024
862 0.7784
863 0.8443
864 0.8144
865 0.7784
866 0.8024
867 0.8323
868 0.8204
869 0.8204
870 0.7725
871 0.8323
872 0.7784
873 0.7964
874 0.7844
875 0.8204
876 0.8263
877 0.8563
878 0.8323
879 0.7964
880 0.8204
881 0.8263
882 0.8443
883 0.8263
884 0.7904
885 0.8263
886 0.8204
887 0.7725
888 0.7964
889 0.8024
890 0.7784
891 0.7964
892 0.8084
893 0.8204
894 0.8323
895 0.8443
896 0.8323
897 0.8263
898 0.7844
899 0.8323
900 0.8263
901 0.8204
902 0.8263
903 0.8204
904 0.7904
905 0.7964
906 0.7665
907 0.8024
908 0.8144
909 0.8144
910 0.8383
911 0.7964
912 0.7904
913 0.7725
914 0.8144
915 0.8323
916 0.8144
917 0.8144
918 0.8443
919 0.8084
920 0.8204
921 0.7904
922 0.8084
923 0.7964
924 0.7665
925 0.7904
926 0.7485
927 0.8443
928 0.8263
929 0.7904
930 0.8383
931 0.8383
932 0.7904
933 0.8263
934 0.8263
935 0.8503
936 0.8204
937 0.8443
938 0.8443
939 0.8323
940 0.8024
941 0.8323
942 0.7964
943 0.8563
944 0.7904
945 0.8084
946 0.8323
947 0.8323
948 0.7904
949 0.8623
950 0.8443
951 0.8263
952 0.8323
953 0.8443
954 0.7964
955 0.8383
956 0.8204
957 0.8323
958 0.8084
959 0.8563
960 0.8144
961 0.7904
962 0.8563
963 0.8144
964 0.8024
965 0.8323
966 0.8024
967 0.8084
968 0.8084
969 0.8263
970 0.8323
971 0.8204
972 0.7964
973 0.7964
974 0.8204
975 0.8024
976 0.8084
977 0.8383
978 0.7964
979 0.7844
980 0.8204
981 0.8623
982 0.8443
983 0.8204
984 0.8204
985 0.8084
986 0.7964
987 0.7844
988 0.8084
989 0.8204
990 0.7844
991 0.7964
992 0.8383
993 0.8503
994 0.8443
995 0.8204
996 0.8383
997 0.8204
998 0.8563
999 0.8563
