0 -426.0
1 -492.0
2 -470.0
3 -492.0
4 -372.0
5 -486.0
6 -400.0
7 -458.0
8 -428.0
9 -414.0
10 -494.0
11 -472.0
12 -484.0
13 -476.0
14 -478.0
15 -486.0
16 -472.0
17 -380.0
18 -360.0
19 -416.0
20 -406.0
21 -424.0
22 -492.0
23 -462.0
24 -484.0
25 -488.0
26 -442.0
27 -488.0
28 -474.0
29 -450.0
30 -482.0
31 -488.0
32 -438.0
33 -478.0
34 -488.0
35 -448.0
36 -496.0
37 -442.0
38 -452.0
39 -468.0
40 -432.0
41 -470.0
42 -464.0
43 -478.0
44 -468.0
45 -458.0
46 -386.0
47 -392.0
48 -422.0
49 -426.0
50 -430.0
51 -400.0
52 -484.0
53 -454.0
54 -472.0
55 -480.0
56 -472.0
57 -476.0
58 -482.0
59 -452.0
60 -474.0
61 -398.0
62 -458.0
63 -490.0
64 -466.0
65 -478.0
66 -428.0
67 -396.0
68 -412.0
69 -366.0
70 -454.0
71 -418.0
72 -452.0
73 -410.0
74 -400.0
75 -424.0
76 -422.0
77 -488.0
78 -404.0
79 -430.0
80 -468.0
81 -410.0
82 -472.0
83 -476.0
84 -410.0
85 -412.0
86 -412.0
87 -338.0
88 -344.0
89 -382.0
90 -494.0
91 -352.0
92 -400.0
93 -444.0
94 -402.0
95 -400.0
96 -396.0
97 -350.0
98 -404.0
99 -350.0
100 -484.0
101 -436.0
102 -404.0
103 -378.0
104 -432.0
105 -364.0
106 -358.0
107 -476.0
108 -374.0
109 -418.0
110 -458.0
111 -384.0
112 -362.0
113 -476.0
114 -432.0
115 -430.0
116 -470.0
117 -444.0
118 -400.0
119 -426.0
120 -416.0
121 -368.0
122 -354.0
123 -344.0
124 -348.0
125 -380.0
126 -366.0
127 -374.0
128 -492.0
129 -480.0
130 -474.0
131 -428.0
132 -438.0
133 -406.0
134 -490.0
135 -404.0
136 -364.0
137 -340.0
138 -342.0
139 -360.0
140 -392.0
141 -356.0
142 -412.0
143 -364.0
144 -360.0
145 -396.0
146 -360.0
147 -398.0
148 -412.0
149 -488.0
150 -378.0
151 -446.0
152 -442.0
153 -384.0
154 -358.0
155 -392.0
156 -462.0
157 -378.0
158 -350.0
159 -452.0
160 -376.0
161 -426.0
162 -456.0
163 -456.0
164 -340.0
165 -492.0
166 -404.0
167 -320.0
168 -388.0
169 -410.0
170 -422.0
171 -378.0
172 -320.0
173 -418.0
174 -488.0
175 -412.0
176 -400.0
177 -374.0
178 -340.0
179 -380.0
180 -492.0
181 -350.0
182 -398.0
183 -340.0
184 -400.0
185 -388.0
186 -382.0
187 -358.0
188 -390.0
189 -336.0
190 -392.0
191 -414.0
192 -388.0
193 -370.0
194 -374.0
195 -374.0
196 -488.0
197 -398.0
198 -422.0
199 -324.0
200 -414.0
201 -374.0
202 -316.0
203 -358.0
204 -388.0
205 -362.0
206 -370.0
207 -362.0
208 -404.0
209 -324.0
210 -382.0
211 -358.0
212 -358.0
213 -486.0
214 -372.0
215 -438.0
216 -358.0
217 -372.0
218 -478.0
219 -346.0
220 -370.0
221 -366.0
222 -352.0
223 -378.0
224 -322.0
225 -402.0
226 -378.0
227 -378.0
228 -328.0
229 -342.0
230 -354.0
231 -308.0
232 -470.0
233 -406.0
234 -350.0
235 -340.0
236 -312.0
237 -320.0
238 -380.0
239 -346.0
240 -358.0
241 -382.0
242 -378.0
243 -328.0
244 -462.0
245 -312.0
246 -360.0
247 -376.0
248 -400.0
249 -376.0
250 -306.0
251 -352.0
252 -346.0
253 -330.0
254 -374.0
255 -332.0
256 -410.0
257 -410.0
258 -336.0
259 -342.0
260 -356.0
261 -386.0
262 -366.0
263 -428.0
264 -398.0
265 -324.0
266 -354.0
267 -338.0
268 -318.0
269 -376.0
270 -314.0
271 -308.0
272 -368.0
273 -470.0
274 -484.0
275 -378.0
276 -330.0
277 -340.0
278 -344.0
279 -328.0
280 -334.0
281 -352.0
282 -384.0
283 -308.0
284 -338.0
285 -296.0
286 -366.0
287 -332.0
288 -308.0
289 -424.0
290 -278.0
291 -310.0
292 -322.0
293 -356.0
294 -344.0
295 -346.0
296 -320.0
297 -370.0
298 -350.0
299 -288.0
300 -330.0
301 -378.0
302 -334.0
303 -298.0
304 -360.0
305 -308.0
306 -358.0
307 -304.0
308 -346.0
309 -330.0
310 -350.0
311 -410.0
312 -344.0
313 -372.0
314 -368.0
315 -352.0
316 -308.0
317 -318.0
318 -362.0
319 -404.0
320 -342.0
321 -352.0
322 -342.0
323 -322.0
324 -368.0
325 -334.0
326 -342.0
327 -354.0
328 -364.0
329 -356.0
330 -342.0
331 -476.0
332 -352.0
333 -308.0
334 -382.0
335 -330.0
336 -346.0
337 -350.0
338 -364.0
339 -362.0
340 -354.0
341 -382.0
342 -384.0
343 -358.0
344 -318.0
345 -414.0
346 -332.0
347 -340.0
348 -324.0
349 -346.0
350 -348.0
351 -442.0
352 -374.0
353 -340.0
354 -358.0
355 -312.0
356 -386.0
357 -314.0
358 -330.0
359 -300.0
360 -300.0
361 -312.0
362 -300.0
363 -324.0
364 -346.0
365 -306.0
366 -350.0
367 -344.0
368 -340.0
369 -314.0
370 -400.0
371 -338.0
372 -304.0
373 -290.0
374 -282.0
375 -340.0
376 -372.0
377 -310.0
378 -346.0
379 -324.0
380 -296.0
381 -350.0
382 -366.0
383 -312.0
384 -322.0
385 -372.0
386 -354.0
387 -342.0
388 -318.0
389 -312.0
390 -312.0
391 -298.0
392 -368.0
393 -326.0
394 -346.0
395 -310.0
396 -346.0
397 -274.0
398 -358.0
399 -318.0
400 -328.0
401 -316.0
402 -318.0
403 -304.0
404 -312.0
405 -302.0
406 -328.0
407 -332.0
408 -324.0
409 -344.0
410 -324.0
411 -288.0
412 -344.0
413 -310.0
414 -322.0
415 -374.0
416 -286.0
417 -276.0
418 -296.0
419 -280.0
420 -284.0
421 -304.0
422 -308.0
423 -302.0
424 -306.0
425 -278.0
426 -294.0
427 -280.0
428 -292.0
429 -284.0
430 -332.0
431 -322.0
432 -312.0
433 -302.0
434 -414.0
435 -266.0
436 -244.0
437 -354.0
438 -322.0
439 -238.0
440 -318.0
441 -318.0
442 -282.0
443 -286.0
444 -268.0
445 -306.0
446 -320.0
447 -284.0
448 -266.0
449 -310.0
450 -324.0
451 -328.0
452 -290.0
453 -282.0
454 -310.0
455 -278.0
456 -328.0
457 -298.0
458 -288.0
459 -262.0
460 -274.0
461 -334.0
462 -274.0
463 -308.0
464 -288.0
465 -312.0
466 -340.0
467 -346.0
468 -292.0
469 -314.0
470 -306.0
471 -298.0
472 -380.0
473 -298.0
474 -290.0
475 -314.0
476 -330.0
477 -346.0
478 -340.0
479 -306.0
480 -304.0
481 -338.0
482 -302.0
483 -282.0
484 -262.0
485 -322.0
486 -254.0
487 -296.0
488 -274.0
489 -300.0
490 -266.0
491 -344.0
492 -328.0
493 -274.0
494 -326.0
495 -276.0
496 -334.0
497 -226.0
498 -228.0
499 -254.0
500 -276.0
501 -298.0
502 -264.0
503 -352.0
504 -328.0
505 -326.0
506 -300.0
507 -348.0
508 -270.0
509 -330.0
510 -254.0
511 -294.0
512 -244.0
513 -250.0
514 -242.0
515 -294.0
516 -336.0
517 -292.0
518 -328.0
519 -278.0
520 -332.0
521 -280.0
522 -298.0
523 -262.0
524 -246.0
525 -280.0
526 -268.0
527 -272.0
528 -310.0
529 -290.0
530 -306.0
531 -254.0
532 -288.0
533 -308.0
534 -274.0
535 -252.0
536 -278.0
537 -314.0
538 -258.0
539 -256.0
540 -282.0
541 -222.0
542 -256.0
543 -266.0
544 -350.0
545 -322.0
546 -306.0
547 -300.0
548 -302.0
549 -286.0
550 -290.0
551 -328.0
552 -250.0
553 -362.0
554 -222.0
555 -288.0
556 -276.0
557 -274.0
558 -284.0
559 -302.0
560 -246.0
561 -282.0
562 -186.0
563 -254.0
564 -266.0
565 -292.0
566 -282.0
567 -282.0
568 -228.0
569 -276.0
570 -284.0
571 -282.0
572 -300.0
573 -254.0
574 -264.0
575 -248.0
576 -202.0
577 -318.0
578 -370.0
579 -306.0
580 -284.0
581 -458.0
582 -264.0
583 -336.0
584 -314.0
585 -282.0
586 -260.0
587 -354.0
588 -312.0
589 -296.0
590 -300.0
591 -292.0
592 -272.0
593 -294.0
594 -252.0
595 -258.0
596 -252.0
597 -280.0
598 -300.0
599 -266.0
600 -248.0
601 -300.0
602 -218.0
603 -272.0
604 -270.0
605 -348.0
606 -242.0
607 -332.0
608 -262.0
609 -328.0
610 -280.0
611 -272.0
612 -324.0
613 -248.0
614 -288.0
615 -294.0
616 -292.0
617 -242.0
618 -268.0
619 -244.0
620 -292.0
621 -220.0
622 -258.0
623 -250.0
624 -254.0
625 -226.0
626 -356.0
627 -286.0
628 -286.0
629 -266.0
630 -246.0
631 -250.0
632 -240.0
633 -310.0
634 -252.0
635 -260.0
636 -304.0
637 -276.0
638 -312.0
639 -252.0
640 -270.0
641 -414.0
642 -264.0
643 -250.0
644 -190.0
645 -204.0
646 -252.0
647 -216.0
648 -272.0
649 -222.0
650 -246.0
651 -276.0
652 -226.0
653 -214.0
654 -274.0
655 -272.0
656 -222.0
657 -260.0
658 -226.0
659 -218.0
660 -250.0
661 -272.0
662 -206.0
663 -284.0
664 -290.0
665 -270.0
666 -208.0
667 -244.0
668 -200.0
669 -252.0
670 -492.0
671 -228.0
672 -230.0
673 -250.0
674 -306.0
675 -242.0
676 -182.0
677 -244.0
678 -282.0
679 -196.0
680 -246.0
681 -236.0
682 -244.0
683 -216.0
684 -218.0
685 -238.0
686 -272.0
687 -236.0
688 -206.0
689 -228.0
690 -212.0
691 -266.0
692 -274.0
693 -248.0
694 -222.0
695 -250.0
696 -234.0
697 -244.0
698 -244.0
699 -238.0
700 -252.0
701 -226.0
702 -188.0
703 -232.0
704 -248.0
705 -156.0
706 -200.0
707 -230.0
708 -264.0
709 -186.0
710 -210.0
711 -244.0
712 -218.0
713 -214.0
714 -258.0
715 -178.0
716 -182.0
717 -216.0
718 -174.0
719 -222.0
720 -248.0
721 -204.0
722 -200.0
723 -208.0
724 -196.0
725 -200.0
726 -184.0
727 -194.0
728 -230.0
729 -180.0
730 -220.0
731 -216.0
732 -192.0
733 -164.0
734 -198.0
735 -154.0
736 -184.0
737 -222.0
738 -150.0
739 -192.0
740 -132.0
741 -196.0
742 -210.0
743 -162.0
744 -136.0
745 -210.0
746 -220.0
747 -138.0
748 -174.0
749 -216.0
750 -178.0
751 -184.0
752 -170.0
753 -176.0
754 -150.0
755 -176.0
756 -212.0
757 -176.0
758 -214.0
759 -232.0
760 -186.0
761 -206.0
762 -228.0
763 -184.0
764 -116.0
765 -120.0
766 -190.0
767 -184.0
768 -190.0
769 -236.0
770 -154.0
771 -164.0
772 -220.0
773 -140.0
774 -158.0
775 -220.0
776 -140.0
777 -186.0
778 -246.0
779 -214.0
780 -218.0
781 -168.0
782 -234.0
783 -182.0
784 -188.0
785 -198.0
786 -194.0
787 -134.0
788 -214.0
789 -138.0
790 -170.0
791 -178.0
792 -166.0
793 -184.0
794 -136.0
795 -126.0
796 -154.0
797 -132.0
798 -186.0
799 -150.0
800 -172.0
801 -134.0
802 -154.0
803 -220.0
804 -178.0
805 -158.0
806 -130.0
807 -190.0
808 -212.0
809 -178.0
810 -166.0
811 -170.0
812 -160.0
813 -140.0
814 -176.0
815 -108.0
816 -194.0
817 -88.0
818 -180.0
819 -146.0
820 -220.0
821 -134.0
822 -92.0
823 -136.0
824 -150.0
825 -164.0
826 -124.0
827 -162.0
828 -150.0
829 -170.0
830 -142.0
831 -130.0
832 -158.0
833 -188.0
834 -118.0
835 -150.0
836 -92.0
837 -80.0
838 -182.0
839 -196.0
840 -182.0
841 -134.0
842 -84.0
843 -114.0
844 -220.0
845 -122.0
846 -180.0
847 -216.0
848 -218.0
849 -134.0
850 -178.0
851 -170.0
852 -174.0
853 -112.0
854 -180.0
855 -84.0
856 -122.0
857 -152.0
858 -166.0
859 -148.0
860 -162.0
861 -128.0
862 -134.0
863 -116.0
864 -124.0
865 -134.0
866 -104.0
867 -146.0
868 -120.0
869 -124.0
870 -52.0
871 -108.0
872 -16.0
873 -86.0
874 -104.0
875 -62.0
876 -88.0
877 -120.0
878 -90.0
879 -44.0
880 -64.0
881 -20.0
882 -100.0
883 -48.0
884 -82.0
885 -112.0
886 -50.0
887 -46.0
888 -30.0
889 -64.0
890 -94.0
891 -66.0
892 -144.0
893 -130.0
894 -86.0
895 -36.0
896 -98.0
897 -144.0
898 10.0
899 -72.0
900 -70.0
901 -116.0
902 -78.0
903 -74.0
904 20.0
905 -138.0
906 -24.0
907 -8.0
908 -34.0
909 -72.0
910 -56.0
911 -20.0
912 26.0
913 -20.0
914 -14.0
915 -18.0
916 8.0
917 10.0
918 -14.0
919 -24.0
920 -32.0
921 -10.0
922 -12.0
923 8.0
924 8.0
925 16.0
926 34.0
927 50.0
928 106.0
929 60.0
930 14.0
931 68.0
932 22.0
933 44.0
934 88.0
935 70.0
936 8.0
937 32.0
938 110.0
939 92.0
940 94.0
941 -4.0
942 78.0
943 108.0
944 54.0
945 100.0
946 64.0
947 14.0
948 180.0
949 120.0
950 62.0
951 90.0
952 144.0
953 150.0
954 76.0
955 72.0
956 -140.0
957 20.0
958 -32.0
959 144.0
960 130.0
961 150.0
962 58.0
963 150.0
964 174.0
965 36.0
966 36.0
967 212.0
968 152.0
969 144.0
970 162.0
971 102.0
972 232.0
973 118.0
974 118.0
975 168.0
976 116.0
977 148.0
978 196.0
979 118.0
980 182.0
981 210.0
982 116.0
983 214.0
984 196.0
985 212.0
986 190.0
987 188.0
988 180.0
989 148.0
990 144.0
991 202.0
992 234.0
993 270.0
994 206.0
995 298.0
996 278.0
997 278.0
998 210.0
999 202.0
